[0.005s] Invoking command in '/workspace/hsl-player/build/game_controller': AMENT_PREFIX_PATH=/workspace/hsl-player/install/game_controller_interface:${AMENT_PREFIX_PATH} CMAKE_PREFIX_PATH=/workspace/hsl-player/install/game_controller_interface:/opt/ros/humble LD_LIBRARY_PATH=/workspace/hsl-player/install/game_controller_interface/lib:${LD_LIBRARY_PATH} PS1=\[\e]0;\u@\h: \w\a\]${debian_chroot:+($debian_chroot)}\u@\h:\w\$ PYTHONPATH=/workspace/hsl-player/install/game_controller_interface/local/lib/python3.10/dist-packages:${PYTHONPATH} /usr/bin/cmake /workspace/hsl-player/src/game_controller -Drerun_sdk_DIR=/opt/rerun_sdk -DAMENT_CMAKE_SYMLINK_INSTALL=1 -DCMAKE_INSTALL_PREFIX=/workspace/hsl-player/install/game_controller
[0.012s] -- Found ament_cmake: 1.3.14 (/opt/ros/humble/share/ament_cmake/cmake)
[0.073s] -- Override CMake install command with custom implementation using symlinks instead of copying resources
[0.076s] -- Found rclcpp: 16.0.19 (/opt/ros/humble/share/rclcpp/cmake)
[0.089s] -- Found rosidl_generator_c: 3.1.8 (/opt/ros/humble/share/rosidl_generator_c/cmake)
[0.090s] -- Found rosidl_adapter: 3.1.8 (/opt/ros/humble/share/rosidl_adapter/cmake)
[0.093s] -- Found rosidl_generator_cpp: 3.1.8 (/opt/ros/humble/share/rosidl_generator_cpp/cmake)
[0.098s] -- Using all available rosidl_typesupport_c: rosidl_typesupport_fastrtps_c;rosidl_typesupport_introspection_c
[0.104s] -- Using all available rosidl_typesupport_cpp: rosidl_typesupport_fastrtps_cpp;rosidl_typesupport_introspection_cpp
[0.119s] -- Found rmw_implementation_cmake: 6.1.2 (/opt/ros/humble/share/rmw_implementation_cmake/cmake)
[0.120s] -- Found rmw_fastrtps_cpp: 6.2.10 (/opt/ros/humble/share/rmw_fastrtps_cpp/cmake)
[0.183s] -- Using RMW implementation 'rmw_fastrtps_cpp' as default
[0.208s] -- Found game_controller_interface: 1.0.0 (/workspace/hsl-player/install/game_controller_interface/share/game_controller_interface/cmake)
[0.244s] -- Configuring done
[0.248s] -- Generating done
[0.249s] [33mCMake Warning:
[0.249s]   Manually-specified variables were not used by the project:
[0.249s] 
[0.249s]     rerun_sdk_DIR
[0.249s] 
[0.249s] [0m
[0.250s] -- Build files have been written to: /workspace/hsl-player/build/game_controller
[0.258s] Invoked command in '/workspace/hsl-player/build/game_controller' returned '0': AMENT_PREFIX_PATH=/workspace/hsl-player/install/game_controller_interface:${AMENT_PREFIX_PATH} CMAKE_PREFIX_PATH=/workspace/hsl-player/install/game_controller_interface:/opt/ros/humble LD_LIBRARY_PATH=/workspace/hsl-player/install/game_controller_interface/lib:${LD_LIBRARY_PATH} PS1=\[\e]0;\u@\h: \w\a\]${debian_chroot:+($debian_chroot)}\u@\h:\w\$ PYTHONPATH=/workspace/hsl-player/install/game_controller_interface/local/lib/python3.10/dist-packages:${PYTHONPATH} /usr/bin/cmake /workspace/hsl-player/src/game_controller -Drerun_sdk_DIR=/opt/rerun_sdk -DAMENT_CMAKE_SYMLINK_INSTALL=1 -DCMAKE_INSTALL_PREFIX=/workspace/hsl-player/install/game_controller
[0.259s] Invoking command in '/workspace/hsl-player/build/game_controller': AMENT_PREFIX_PATH=/workspace/hsl-player/install/game_controller_interface:${AMENT_PREFIX_PATH} CMAKE_PREFIX_PATH=/workspace/hsl-player/install/game_controller_interface:/opt/ros/humble LD_LIBRARY_PATH=/workspace/hsl-player/install/game_controller_interface/lib:${LD_LIBRARY_PATH} PS1=\[\e]0;\u@\h: \w\a\]${debian_chroot:+($debian_chroot)}\u@\h:\w\$ PYTHONPATH=/workspace/hsl-player/install/game_controller_interface/local/lib/python3.10/dist-packages:${PYTHONPATH} /usr/bin/cmake --build /workspace/hsl-player/build/game_controller -- -j20 -l20
[0.280s] [35m[1mConsolidate compiler generated dependencies of target game_controller_node[0m
[0.290s] [100%] Built target game_controller_node
[0.297s] Invoked command in '/workspace/hsl-player/build/game_controller' returned '0': AMENT_PREFIX_PATH=/workspace/hsl-player/install/game_controller_interface:${AMENT_PREFIX_PATH} CMAKE_PREFIX_PATH=/workspace/hsl-player/install/game_controller_interface:/opt/ros/humble LD_LIBRARY_PATH=/workspace/hsl-player/install/game_controller_interface/lib:${LD_LIBRARY_PATH} PS1=\[\e]0;\u@\h: \w\a\]${debian_chroot:+($debian_chroot)}\u@\h:\w\$ PYTHONPATH=/workspace/hsl-player/install/game_controller_interface/local/lib/python3.10/dist-packages:${PYTHONPATH} /usr/bin/cmake --build /workspace/hsl-player/build/game_controller -- -j20 -l20
[0.297s] Invoking command in '/workspace/hsl-player/build/game_controller': AMENT_PREFIX_PATH=/workspace/hsl-player/install/game_controller_interface:${AMENT_PREFIX_PATH} CMAKE_PREFIX_PATH=/workspace/hsl-player/install/game_controller_interface:/opt/ros/humble LD_LIBRARY_PATH=/workspace/hsl-player/install/game_controller_interface/lib:${LD_LIBRARY_PATH} PS1=\[\e]0;\u@\h: \w\a\]${debian_chroot:+($debian_chroot)}\u@\h:\w\$ PYTHONPATH=/workspace/hsl-player/install/game_controller_interface/local/lib/python3.10/dist-packages:${PYTHONPATH} /usr/bin/cmake --install /workspace/hsl-player/build/game_controller
[0.302s] -- Install configuration: ""
[0.302s] -- Execute custom install script
[0.303s] -- Up-to-date symlink: /workspace/hsl-player/install/game_controller/share/game_controller/launch/launch.py
[0.303s] -- Up-to-date symlink: /workspace/hsl-player/install/game_controller/lib/game_controller/game_controller_node
[0.303s] -- Up-to-date symlink: /workspace/hsl-player/install/game_controller/share/ament_index/resource_index/package_run_dependencies/game_controller
[0.303s] -- Up-to-date symlink: /workspace/hsl-player/install/game_controller/share/ament_index/resource_index/parent_prefix_path/game_controller
[0.303s] -- Up-to-date symlink: /workspace/hsl-player/install/game_controller/share/game_controller/environment/ament_prefix_path.sh
[0.303s] -- Up-to-date symlink: /workspace/hsl-player/install/game_controller/share/game_controller/environment/ament_prefix_path.dsv
[0.303s] -- Up-to-date symlink: /workspace/hsl-player/install/game_controller/share/game_controller/environment/path.sh
[0.304s] -- Up-to-date symlink: /workspace/hsl-player/install/game_controller/share/game_controller/environment/path.dsv
[0.304s] -- Up-to-date symlink: /workspace/hsl-player/install/game_controller/share/game_controller/local_setup.bash
[0.304s] -- Up-to-date symlink: /workspace/hsl-player/install/game_controller/share/game_controller/local_setup.sh
[0.304s] -- Up-to-date symlink: /workspace/hsl-player/install/game_controller/share/game_controller/local_setup.zsh
[0.304s] -- Up-to-date symlink: /workspace/hsl-player/install/game_controller/share/game_controller/local_setup.dsv
[0.304s] -- Symlinking: /workspace/hsl-player/install/game_controller/share/game_controller/package.dsv
[0.308s] -- Up-to-date symlink: /workspace/hsl-player/install/game_controller/share/ament_index/resource_index/packages/game_controller
[0.309s] -- Up-to-date symlink: /workspace/hsl-player/install/game_controller/share/game_controller/cmake/game_controllerConfig.cmake
[0.309s] -- Up-to-date symlink: /workspace/hsl-player/install/game_controller/share/game_controller/cmake/game_controllerConfig-version.cmake
[0.309s] -- Up-to-date symlink: /workspace/hsl-player/install/game_controller/share/game_controller/package.xml
[0.310s] Invoked command in '/workspace/hsl-player/build/game_controller' returned '0': AMENT_PREFIX_PATH=/workspace/hsl-player/install/game_controller_interface:${AMENT_PREFIX_PATH} CMAKE_PREFIX_PATH=/workspace/hsl-player/install/game_controller_interface:/opt/ros/humble LD_LIBRARY_PATH=/workspace/hsl-player/install/game_controller_interface/lib:${LD_LIBRARY_PATH} PS1=\[\e]0;\u@\h: \w\a\]${debian_chroot:+($debian_chroot)}\u@\h:\w\$ PYTHONPATH=/workspace/hsl-player/install/game_controller_interface/local/lib/python3.10/dist-packages:${PYTHONPATH} /usr/bin/cmake --install /workspace/hsl-player/build/game_controller
