[0.012s] Invoking command in '/workspace/hsl-player/build/booster_msgs': CMAKE_PREFIX_PATH=${CMAKE_PREFIX_PATH}:/workspace/hsl-player/install/sound_play:/opt/ros/humble PS1=\[\e]0;\u@\h: \w\a\]${debian_chroot:+($debian_chroot)}\u@\h:\w\$ /usr/bin/cmake --build /workspace/hsl-player/build/booster_msgs -- -j20 -l20
[0.054s] [  2%] Built target booster_msgs__cpp
[0.054s] [  4%] Built target booster_msgs__rs
[0.057s] [ 14%] Built target booster_msgs__rosidl_generator_c
[0.060s] [ 14%] Built target ament_cmake_python_symlink_booster_msgs
[0.074s] [ 25%] Built target booster_msgs__rosidl_typesupport_introspection_cpp
[0.078s] [ 35%] Built target booster_msgs__rosidl_typesupport_cpp
[0.078s] [ 45%] Built target booster_msgs__rosidl_typesupport_c
[0.078s] [ 56%] Built target booster_msgs__rosidl_typesupport_fastrtps_cpp
[0.078s] [ 66%] Built target booster_msgs__rosidl_typesupport_introspection_c
[0.080s] [ 77%] Built target booster_msgs__rosidl_typesupport_fastrtps_c
[0.094s] [ 77%] Built target booster_msgs
[0.106s] [ 79%] Built target booster_msgs__py
[0.122s] [ 87%] Built target booster_msgs__rosidl_generator_py
[0.138s] [ 91%] Built target booster_msgs__rosidl_typesupport_fastrtps_c__pyext
[0.138s] [ 95%] Built target booster_msgs__rosidl_typesupport_introspection_c__pyext
[0.139s] [100%] Built target booster_msgs__rosidl_typesupport_c__pyext
[0.220s] running egg_info
[0.220s] writing booster_msgs.egg-info/PKG-INFO
[0.220s] writing dependency_links to booster_msgs.egg-info/dependency_links.txt
[0.221s] writing top-level names to booster_msgs.egg-info/top_level.txt
[0.221s] reading manifest file 'booster_msgs.egg-info/SOURCES.txt'
[0.222s] writing manifest file 'booster_msgs.egg-info/SOURCES.txt'
[0.239s] [100%] Built target ament_cmake_python_build_booster_msgs_egg
[0.248s] Invoked command in '/workspace/hsl-player/build/booster_msgs' returned '0': CMAKE_PREFIX_PATH=${CMAKE_PREFIX_PATH}:/workspace/hsl-player/install/sound_play:/opt/ros/humble PS1=\[\e]0;\u@\h: \w\a\]${debian_chroot:+($debian_chroot)}\u@\h:\w\$ /usr/bin/cmake --build /workspace/hsl-player/build/booster_msgs -- -j20 -l20
[0.249s] Invoking command in '/workspace/hsl-player/build/booster_msgs': CMAKE_PREFIX_PATH=${CMAKE_PREFIX_PATH}:/workspace/hsl-player/install/sound_play:/opt/ros/humble PS1=\[\e]0;\u@\h: \w\a\]${debian_chroot:+($debian_chroot)}\u@\h:\w\$ /usr/bin/cmake --install /workspace/hsl-player/build/booster_msgs
[0.253s] -- Install configuration: "Release"
[0.253s] -- Execute custom install script
[0.254s] -- Up-to-date symlink: /workspace/hsl-player/install/booster_msgs/share/ament_index/resource_index/rosidl_interfaces/booster_msgs
[0.254s] -- Up-to-date symlink: /workspace/hsl-player/install/booster_msgs/include/booster_msgs/booster_msgs/msg/binary_data.h
[0.254s] -- Up-to-date symlink: /workspace/hsl-player/install/booster_msgs/include/booster_msgs/booster_msgs/msg/detail/binary_data__functions.h
[0.254s] -- Up-to-date symlink: /workspace/hsl-player/install/booster_msgs/include/booster_msgs/booster_msgs/msg/detail/binary_data__struct.h
[0.254s] -- Up-to-date symlink: /workspace/hsl-player/install/booster_msgs/include/booster_msgs/booster_msgs/msg/detail/binary_data__type_support.h
[0.254s] -- Up-to-date symlink: /workspace/hsl-player/install/booster_msgs/include/booster_msgs/booster_msgs/msg/detail/rpc_req_msg__functions.h
[0.254s] -- Up-to-date symlink: /workspace/hsl-player/install/booster_msgs/include/booster_msgs/booster_msgs/msg/detail/rpc_req_msg__struct.h
[0.255s] -- Up-to-date symlink: /workspace/hsl-player/install/booster_msgs/include/booster_msgs/booster_msgs/msg/detail/rpc_req_msg__type_support.h
[0.255s] -- Up-to-date symlink: /workspace/hsl-player/install/booster_msgs/include/booster_msgs/booster_msgs/msg/detail/rpc_resp_msg__functions.h
[0.255s] -- Up-to-date symlink: /workspace/hsl-player/install/booster_msgs/include/booster_msgs/booster_msgs/msg/detail/rpc_resp_msg__struct.h
[0.255s] -- Up-to-date symlink: /workspace/hsl-player/install/booster_msgs/include/booster_msgs/booster_msgs/msg/detail/rpc_resp_msg__type_support.h
[0.255s] -- Up-to-date symlink: /workspace/hsl-player/install/booster_msgs/include/booster_msgs/booster_msgs/msg/rosidl_generator_c__visibility_control.h
[0.255s] -- Up-to-date symlink: /workspace/hsl-player/install/booster_msgs/include/booster_msgs/booster_msgs/msg/rpc_req_msg.h
[0.255s] -- Up-to-date symlink: /workspace/hsl-player/install/booster_msgs/include/booster_msgs/booster_msgs/msg/rpc_resp_msg.h
[0.255s] -- Up-to-date symlink: /workspace/hsl-player/install/booster_msgs/share/booster_msgs/environment/library_path.sh
[0.255s] -- Up-to-date symlink: /workspace/hsl-player/install/booster_msgs/share/booster_msgs/environment/library_path.dsv
[0.256s] -- Up-to-date symlink: /workspace/hsl-player/install/booster_msgs/include/booster_msgs/booster_msgs/msg/detail/binary_data__rosidl_typesupport_fastrtps_c.h
[0.256s] -- Up-to-date symlink: /workspace/hsl-player/install/booster_msgs/include/booster_msgs/booster_msgs/msg/detail/rpc_req_msg__rosidl_typesupport_fastrtps_c.h
[0.256s] -- Up-to-date symlink: /workspace/hsl-player/install/booster_msgs/include/booster_msgs/booster_msgs/msg/detail/rpc_resp_msg__rosidl_typesupport_fastrtps_c.h
[0.256s] -- Up-to-date symlink: /workspace/hsl-player/install/booster_msgs/include/booster_msgs/booster_msgs/msg/rosidl_typesupport_fastrtps_c__visibility_control.h
[0.256s] -- Up-to-date symlink: /workspace/hsl-player/install/booster_msgs/include/booster_msgs/booster_msgs/msg/detail/binary_data__rosidl_typesupport_introspection_c.h
[0.256s] -- Up-to-date symlink: /workspace/hsl-player/install/booster_msgs/include/booster_msgs/booster_msgs/msg/detail/rpc_req_msg__rosidl_typesupport_introspection_c.h
[0.256s] -- Up-to-date symlink: /workspace/hsl-player/install/booster_msgs/include/booster_msgs/booster_msgs/msg/detail/rpc_resp_msg__rosidl_typesupport_introspection_c.h
[0.256s] -- Up-to-date symlink: /workspace/hsl-player/install/booster_msgs/include/booster_msgs/booster_msgs/msg/rosidl_typesupport_introspection_c__visibility_control.h
[0.256s] -- Up-to-date symlink: /workspace/hsl-player/install/booster_msgs/include/booster_msgs/booster_msgs/msg/binary_data.hpp
[0.257s] -- Up-to-date symlink: /workspace/hsl-player/install/booster_msgs/include/booster_msgs/booster_msgs/msg/detail/binary_data__builder.hpp
[0.257s] -- Up-to-date symlink: /workspace/hsl-player/install/booster_msgs/include/booster_msgs/booster_msgs/msg/detail/binary_data__struct.hpp
[0.257s] -- Up-to-date symlink: /workspace/hsl-player/install/booster_msgs/include/booster_msgs/booster_msgs/msg/detail/binary_data__traits.hpp
[0.257s] -- Up-to-date symlink: /workspace/hsl-player/install/booster_msgs/include/booster_msgs/booster_msgs/msg/detail/binary_data__type_support.hpp
[0.257s] -- Up-to-date symlink: /workspace/hsl-player/install/booster_msgs/include/booster_msgs/booster_msgs/msg/detail/rpc_req_msg__builder.hpp
[0.257s] -- Up-to-date symlink: /workspace/hsl-player/install/booster_msgs/include/booster_msgs/booster_msgs/msg/detail/rpc_req_msg__struct.hpp
[0.257s] -- Up-to-date symlink: /workspace/hsl-player/install/booster_msgs/include/booster_msgs/booster_msgs/msg/detail/rpc_req_msg__traits.hpp
[0.257s] -- Up-to-date symlink: /workspace/hsl-player/install/booster_msgs/include/booster_msgs/booster_msgs/msg/detail/rpc_req_msg__type_support.hpp
[0.257s] -- Up-to-date symlink: /workspace/hsl-player/install/booster_msgs/include/booster_msgs/booster_msgs/msg/detail/rpc_resp_msg__builder.hpp
[0.257s] -- Up-to-date symlink: /workspace/hsl-player/install/booster_msgs/include/booster_msgs/booster_msgs/msg/detail/rpc_resp_msg__struct.hpp
[0.257s] -- Up-to-date symlink: /workspace/hsl-player/install/booster_msgs/include/booster_msgs/booster_msgs/msg/detail/rpc_resp_msg__traits.hpp
[0.257s] -- Up-to-date symlink: /workspace/hsl-player/install/booster_msgs/include/booster_msgs/booster_msgs/msg/detail/rpc_resp_msg__type_support.hpp
[0.257s] -- Up-to-date symlink: /workspace/hsl-player/install/booster_msgs/include/booster_msgs/booster_msgs/msg/rosidl_generator_cpp__visibility_control.hpp
[0.257s] -- Up-to-date symlink: /workspace/hsl-player/install/booster_msgs/include/booster_msgs/booster_msgs/msg/rpc_req_msg.hpp
[0.257s] -- Up-to-date symlink: /workspace/hsl-player/install/booster_msgs/include/booster_msgs/booster_msgs/msg/rpc_resp_msg.hpp
[0.258s] -- Up-to-date symlink: /workspace/hsl-player/install/booster_msgs/include/booster_msgs/booster_msgs/msg/detail/binary_data__rosidl_typesupport_fastrtps_cpp.hpp
[0.258s] -- Up-to-date symlink: /workspace/hsl-player/install/booster_msgs/include/booster_msgs/booster_msgs/msg/detail/rpc_req_msg__rosidl_typesupport_fastrtps_cpp.hpp
[0.258s] -- Up-to-date symlink: /workspace/hsl-player/install/booster_msgs/include/booster_msgs/booster_msgs/msg/detail/rpc_resp_msg__rosidl_typesupport_fastrtps_cpp.hpp
[0.258s] -- Up-to-date symlink: /workspace/hsl-player/install/booster_msgs/include/booster_msgs/booster_msgs/msg/rosidl_typesupport_fastrtps_cpp__visibility_control.h
[0.258s] -- Up-to-date symlink: /workspace/hsl-player/install/booster_msgs/include/booster_msgs/booster_msgs/msg/detail/binary_data__rosidl_typesupport_introspection_cpp.hpp
[0.258s] -- Up-to-date symlink: /workspace/hsl-player/install/booster_msgs/include/booster_msgs/booster_msgs/msg/detail/rpc_req_msg__rosidl_typesupport_introspection_cpp.hpp
[0.258s] -- Up-to-date symlink: /workspace/hsl-player/install/booster_msgs/include/booster_msgs/booster_msgs/msg/detail/rpc_resp_msg__rosidl_typesupport_introspection_cpp.hpp
[0.258s] -- Up-to-date symlink: /workspace/hsl-player/install/booster_msgs/share/booster_msgs/environment/pythonpath.sh
[0.258s] -- Up-to-date symlink: /workspace/hsl-player/install/booster_msgs/share/booster_msgs/environment/pythonpath.dsv
[0.258s] -- Up-to-date symlink: /workspace/hsl-player/install/booster_msgs/local/lib/python3.10/dist-packages/booster_msgs-0.0.0-py3.10.egg-info/PKG-INFO
[0.259s] -- Up-to-date symlink: /workspace/hsl-player/install/booster_msgs/local/lib/python3.10/dist-packages/booster_msgs-0.0.0-py3.10.egg-info/SOURCES.txt
[0.259s] -- Up-to-date symlink: /workspace/hsl-player/install/booster_msgs/local/lib/python3.10/dist-packages/booster_msgs-0.0.0-py3.10.egg-info/dependency_links.txt
[0.259s] -- Up-to-date symlink: /workspace/hsl-player/install/booster_msgs/local/lib/python3.10/dist-packages/booster_msgs-0.0.0-py3.10.egg-info/top_level.txt
[0.259s] -- Up-to-date symlink: /workspace/hsl-player/install/booster_msgs/local/lib/python3.10/dist-packages/booster_msgs/__init__.py
[0.259s] -- Up-to-date symlink: /workspace/hsl-player/install/booster_msgs/local/lib/python3.10/dist-packages/booster_msgs/_booster_msgs_s.ep.rosidl_typesupport_c.c
[0.259s] -- Up-to-date symlink: /workspace/hsl-player/install/booster_msgs/local/lib/python3.10/dist-packages/booster_msgs/_booster_msgs_s.ep.rosidl_typesupport_fastrtps_c.c
[0.260s] -- Up-to-date symlink: /workspace/hsl-player/install/booster_msgs/local/lib/python3.10/dist-packages/booster_msgs/_booster_msgs_s.ep.rosidl_typesupport_introspection_c.c
[0.260s] -- Up-to-date symlink: /workspace/hsl-player/install/booster_msgs/local/lib/python3.10/dist-packages/booster_msgs/booster_msgs_s__rosidl_typesupport_c.cpython-310-x86_64-linux-gnu.so
[0.260s] -- Up-to-date symlink: /workspace/hsl-player/install/booster_msgs/local/lib/python3.10/dist-packages/booster_msgs/booster_msgs_s__rosidl_typesupport_fastrtps_c.cpython-310-x86_64-linux-gnu.so
[0.260s] -- Up-to-date symlink: /workspace/hsl-player/install/booster_msgs/local/lib/python3.10/dist-packages/booster_msgs/booster_msgs_s__rosidl_typesupport_introspection_c.cpython-310-x86_64-linux-gnu.so
[0.260s] -- Up-to-date symlink: /workspace/hsl-player/install/booster_msgs/local/lib/python3.10/dist-packages/booster_msgs/libbooster_msgs__rosidl_generator_py.so
[0.260s] -- Up-to-date symlink: /workspace/hsl-player/install/booster_msgs/local/lib/python3.10/dist-packages/booster_msgs/msg/__init__.py
[0.260s] -- Up-to-date symlink: /workspace/hsl-player/install/booster_msgs/local/lib/python3.10/dist-packages/booster_msgs/msg/_binary_data.py
[0.260s] -- Up-to-date symlink: /workspace/hsl-player/install/booster_msgs/local/lib/python3.10/dist-packages/booster_msgs/msg/_binary_data_s.c
[0.261s] -- Up-to-date symlink: /workspace/hsl-player/install/booster_msgs/local/lib/python3.10/dist-packages/booster_msgs/msg/_rpc_req_msg.py
[0.261s] -- Up-to-date symlink: /workspace/hsl-player/install/booster_msgs/local/lib/python3.10/dist-packages/booster_msgs/msg/_rpc_req_msg_s.c
[0.261s] -- Up-to-date symlink: /workspace/hsl-player/install/booster_msgs/local/lib/python3.10/dist-packages/booster_msgs/msg/_rpc_resp_msg.py
[0.261s] -- Up-to-date symlink: /workspace/hsl-player/install/booster_msgs/local/lib/python3.10/dist-packages/booster_msgs/msg/_rpc_resp_msg_s.c
[0.261s] -- Up-to-date symlink: /workspace/hsl-player/install/booster_msgs/local/lib/python3.10/dist-packages/booster_msgs/booster_msgs_s__rosidl_typesupport_fastrtps_c.cpython-310-x86_64-linux-gnu.so
[0.261s] -- Up-to-date symlink: /workspace/hsl-player/install/booster_msgs/local/lib/python3.10/dist-packages/booster_msgs/booster_msgs_s__rosidl_typesupport_introspection_c.cpython-310-x86_64-linux-gnu.so
[0.261s] -- Up-to-date symlink: /workspace/hsl-player/install/booster_msgs/local/lib/python3.10/dist-packages/booster_msgs/booster_msgs_s__rosidl_typesupport_c.cpython-310-x86_64-linux-gnu.so
[0.261s] -- Up-to-date symlink: /workspace/hsl-player/install/booster_msgs/share/ament_index/resource_index/rust_packages/booster_msgs
[0.262s] -- Up-to-date symlink: /workspace/hsl-player/install/booster_msgs/share/booster_msgs/rust/Cargo.toml
[0.262s] -- Up-to-date symlink: /workspace/hsl-player/install/booster_msgs/share/booster_msgs/rust/build.rs
[0.262s] -- Up-to-date symlink: /workspace/hsl-player/install/booster_msgs/share/booster_msgs/rust/src/lib.rs
[0.262s] -- Up-to-date symlink: /workspace/hsl-player/install/booster_msgs/share/booster_msgs/rust/src/msg.rs
[0.262s] -- Up-to-date symlink: /workspace/hsl-player/install/booster_msgs/share/booster_msgs/rust/src/msg/rmw.rs
[0.262s] -- Up-to-date symlink: /workspace/hsl-player/install/booster_msgs/share/booster_msgs/msg/BinaryData.idl
[0.262s] -- Up-to-date symlink: /workspace/hsl-player/install/booster_msgs/share/booster_msgs/msg/RpcReqMsg.idl
[0.262s] -- Up-to-date symlink: /workspace/hsl-player/install/booster_msgs/share/booster_msgs/msg/RpcRespMsg.idl
[0.262s] -- Up-to-date symlink: /workspace/hsl-player/install/booster_msgs/share/booster_msgs/msg/BinaryData.msg
[0.262s] -- Up-to-date symlink: /workspace/hsl-player/install/booster_msgs/share/booster_msgs/msg/RpcReqMsg.msg
[0.262s] -- Up-to-date symlink: /workspace/hsl-player/install/booster_msgs/share/booster_msgs/msg/RpcRespMsg.msg
[0.262s] -- Up-to-date symlink: /workspace/hsl-player/install/booster_msgs/share/ament_index/resource_index/package_run_dependencies/booster_msgs
[0.262s] -- Up-to-date symlink: /workspace/hsl-player/install/booster_msgs/share/ament_index/resource_index/parent_prefix_path/booster_msgs
[0.263s] -- Up-to-date symlink: /workspace/hsl-player/install/booster_msgs/share/booster_msgs/environment/ament_prefix_path.sh
[0.263s] -- Up-to-date symlink: /workspace/hsl-player/install/booster_msgs/share/booster_msgs/environment/ament_prefix_path.dsv
[0.263s] -- Up-to-date symlink: /workspace/hsl-player/install/booster_msgs/share/booster_msgs/environment/path.sh
[0.263s] -- Up-to-date symlink: /workspace/hsl-player/install/booster_msgs/share/booster_msgs/environment/path.dsv
[0.263s] -- Up-to-date symlink: /workspace/hsl-player/install/booster_msgs/share/booster_msgs/local_setup.bash
[0.263s] -- Up-to-date symlink: /workspace/hsl-player/install/booster_msgs/share/booster_msgs/local_setup.sh
[0.263s] -- Up-to-date symlink: /workspace/hsl-player/install/booster_msgs/share/booster_msgs/local_setup.zsh
[0.264s] -- Up-to-date symlink: /workspace/hsl-player/install/booster_msgs/share/booster_msgs/local_setup.dsv
[0.264s] -- Symlinking: /workspace/hsl-player/install/booster_msgs/share/booster_msgs/package.dsv
[0.267s] -- Up-to-date symlink: /workspace/hsl-player/install/booster_msgs/share/ament_index/resource_index/packages/booster_msgs
[0.268s] -- Up-to-date symlink: /workspace/hsl-player/install/booster_msgs/share/booster_msgs/cmake/rosidl_cmake-extras.cmake
[0.268s] -- Up-to-date symlink: /workspace/hsl-player/install/booster_msgs/share/booster_msgs/cmake/ament_cmake_export_include_directories-extras.cmake
[0.268s] -- Up-to-date symlink: /workspace/hsl-player/install/booster_msgs/share/booster_msgs/cmake/ament_cmake_export_libraries-extras.cmake
[0.268s] -- Up-to-date symlink: /workspace/hsl-player/install/booster_msgs/share/booster_msgs/cmake/ament_cmake_export_targets-extras.cmake
[0.268s] -- Up-to-date symlink: /workspace/hsl-player/install/booster_msgs/share/booster_msgs/cmake/rosidl_cmake_export_typesupport_targets-extras.cmake
[0.269s] -- Up-to-date symlink: /workspace/hsl-player/install/booster_msgs/share/booster_msgs/cmake/ament_cmake_export_dependencies-extras.cmake
[0.269s] -- Up-to-date symlink: /workspace/hsl-player/install/booster_msgs/share/booster_msgs/cmake/rosidl_cmake_export_typesupport_libraries-extras.cmake
[0.269s] -- Up-to-date symlink: /workspace/hsl-player/install/booster_msgs/share/booster_msgs/cmake/booster_msgsConfig.cmake
[0.269s] -- Up-to-date symlink: /workspace/hsl-player/install/booster_msgs/share/booster_msgs/cmake/booster_msgsConfig-version.cmake
[0.269s] -- Up-to-date symlink: /workspace/hsl-player/install/booster_msgs/share/booster_msgs/package.xml
[0.269s] -- Up-to-date: /workspace/hsl-player/install/booster_msgs/lib/libbooster_msgs__rosidl_generator_c.so
[0.269s] -- Up-to-date: /workspace/hsl-player/install/booster_msgs/lib/libbooster_msgs__rosidl_typesupport_fastrtps_c.so
[0.270s] -- Up-to-date: /workspace/hsl-player/install/booster_msgs/lib/libbooster_msgs__rosidl_typesupport_introspection_c.so
[0.270s] -- Up-to-date: /workspace/hsl-player/install/booster_msgs/lib/libbooster_msgs__rosidl_typesupport_c.so
[0.270s] -- Up-to-date: /workspace/hsl-player/install/booster_msgs/lib/libbooster_msgs__rosidl_typesupport_fastrtps_cpp.so
[0.271s] -- Up-to-date: /workspace/hsl-player/install/booster_msgs/lib/libbooster_msgs__rosidl_typesupport_introspection_cpp.so
[0.271s] -- Up-to-date: /workspace/hsl-player/install/booster_msgs/lib/libbooster_msgs__rosidl_typesupport_cpp.so
[0.288s] Listing '/workspace/hsl-player/install/booster_msgs/local/lib/python3.10/dist-packages/booster_msgs'...
[0.288s] Listing '/workspace/hsl-player/install/booster_msgs/local/lib/python3.10/dist-packages/booster_msgs/msg'...
[0.291s] -- Up-to-date: /workspace/hsl-player/install/booster_msgs/lib/libbooster_msgs__rosidl_generator_py.so
[0.291s] -- Up-to-date: /workspace/hsl-player/install/booster_msgs/share/booster_msgs/cmake/export_booster_msgs__rosidl_generator_cExport.cmake
[0.291s] -- Up-to-date: /workspace/hsl-player/install/booster_msgs/share/booster_msgs/cmake/export_booster_msgs__rosidl_generator_cExport-release.cmake
[0.291s] -- Up-to-date: /workspace/hsl-player/install/booster_msgs/share/booster_msgs/cmake/export_booster_msgs__rosidl_typesupport_fastrtps_cExport.cmake
[0.291s] -- Up-to-date: /workspace/hsl-player/install/booster_msgs/share/booster_msgs/cmake/export_booster_msgs__rosidl_typesupport_fastrtps_cExport-release.cmake
[0.292s] -- Up-to-date: /workspace/hsl-player/install/booster_msgs/share/booster_msgs/cmake/booster_msgs__rosidl_typesupport_introspection_cExport.cmake
[0.292s] -- Up-to-date: /workspace/hsl-player/install/booster_msgs/share/booster_msgs/cmake/booster_msgs__rosidl_typesupport_introspection_cExport-release.cmake
[0.292s] -- Up-to-date: /workspace/hsl-player/install/booster_msgs/share/booster_msgs/cmake/booster_msgs__rosidl_typesupport_cExport.cmake
[0.292s] -- Up-to-date: /workspace/hsl-player/install/booster_msgs/share/booster_msgs/cmake/booster_msgs__rosidl_typesupport_cExport-release.cmake
[0.293s] -- Up-to-date: /workspace/hsl-player/install/booster_msgs/share/booster_msgs/cmake/export_booster_msgs__rosidl_generator_cppExport.cmake
[0.293s] -- Up-to-date: /workspace/hsl-player/install/booster_msgs/share/booster_msgs/cmake/export_booster_msgs__rosidl_typesupport_fastrtps_cppExport.cmake
[0.293s] -- Up-to-date: /workspace/hsl-player/install/booster_msgs/share/booster_msgs/cmake/export_booster_msgs__rosidl_typesupport_fastrtps_cppExport-release.cmake
[0.294s] -- Up-to-date: /workspace/hsl-player/install/booster_msgs/share/booster_msgs/cmake/booster_msgs__rosidl_typesupport_introspection_cppExport.cmake
[0.294s] -- Up-to-date: /workspace/hsl-player/install/booster_msgs/share/booster_msgs/cmake/booster_msgs__rosidl_typesupport_introspection_cppExport-release.cmake
[0.294s] -- Up-to-date: /workspace/hsl-player/install/booster_msgs/share/booster_msgs/cmake/booster_msgs__rosidl_typesupport_cppExport.cmake
[0.294s] -- Up-to-date: /workspace/hsl-player/install/booster_msgs/share/booster_msgs/cmake/booster_msgs__rosidl_typesupport_cppExport-release.cmake
[0.294s] -- Up-to-date: /workspace/hsl-player/install/booster_msgs/share/booster_msgs/cmake/export_booster_msgs__rosidl_generator_pyExport.cmake
[0.294s] -- Up-to-date: /workspace/hsl-player/install/booster_msgs/share/booster_msgs/cmake/export_booster_msgs__rosidl_generator_pyExport-release.cmake
[0.321s] Invoked command in '/workspace/hsl-player/build/booster_msgs' returned '0': CMAKE_PREFIX_PATH=${CMAKE_PREFIX_PATH}:/workspace/hsl-player/install/sound_play:/opt/ros/humble PS1=\[\e]0;\u@\h: \w\a\]${debian_chroot:+($debian_chroot)}\u@\h:\w\$ /usr/bin/cmake --install /workspace/hsl-player/build/booster_msgs
