[0.017s] Invoking command in '/workspace/hsl-player/build/vision_interface': CMAKE_PREFIX_PATH=/opt/ros/humble PS1=\[\e]0;\u@\h: \w\a\]${debian_chroot:+($debian_chroot)}\u@\h:\w\$ /usr/bin/cmake --build /workspace/hsl-player/build/vision_interface -- -j20 -l20
[0.042s] [35m[1mConsolidate compiler generated dependencies of target vision_interface__rosidl_generator_c[0m
[0.044s] [  1%] Built target vision_interface__rs
[0.044s] [  1%] Built target vision_interface__cpp
[0.052s] [35m[1mConsolidate compiler generated dependencies of target vision_interface__rosidl_typesupport_cpp[0m
[0.054s] [  1%] Built target ament_cmake_python_symlink_vision_interface
[0.058s] [35m[1mConsolidate compiler generated dependencies of target vision_interface__rosidl_typesupport_introspection_cpp[0m
[0.058s] [ 13%] Built target vision_interface__rosidl_generator_c
[0.059s] [35m[1mConsolidate compiler generated dependencies of target vision_interface__rosidl_typesupport_fastrtps_cpp[0m
[0.067s] [35m[1mConsolidate compiler generated dependencies of target vision_interface__rosidl_typesupport_introspection_c[0m
[0.071s] [ 25%] Built target vision_interface__rosidl_typesupport_cpp
[0.073s] [35m[1mConsolidate compiler generated dependencies of target vision_interface__rosidl_typesupport_fastrtps_c[0m
[0.075s] [35m[1mConsolidate compiler generated dependencies of target vision_interface__rosidl_typesupport_c[0m
[0.077s] [ 37%] Built target vision_interface__rosidl_typesupport_introspection_cpp
[0.079s] [ 49%] Built target vision_interface__rosidl_typesupport_fastrtps_cpp
[0.079s] [ 60%] Built target vision_interface__rosidl_typesupport_introspection_c
[0.085s] [ 82%] Built target vision_interface__rosidl_typesupport_fastrtps_c
[0.085s] [ 82%] Built target vision_interface__rosidl_typesupport_c
[0.098s] [ 82%] Built target vision_interface
[0.113s] [ 83%] Built target vision_interface__py
[0.122s] [35m[1mConsolidate compiler generated dependencies of target vision_interface__rosidl_generator_py[0m
[0.134s] [ 94%] Built target vision_interface__rosidl_generator_py
[0.138s] [35m[1mConsolidate compiler generated dependencies of target vision_interface__rosidl_typesupport_introspection_c__pyext[0m
[0.140s] [35m[1mConsolidate compiler generated dependencies of target vision_interface__rosidl_typesupport_c__pyext[0m
[0.141s] [35m[1mConsolidate compiler generated dependencies of target vision_interface__rosidl_typesupport_fastrtps_c__pyext[0m
[0.144s] [ 96%] Built target vision_interface__rosidl_typesupport_introspection_c__pyext
[0.147s] [ 98%] Built target vision_interface__rosidl_typesupport_c__pyext
[0.151s] [100%] Built target vision_interface__rosidl_typesupport_fastrtps_c__pyext
[0.254s] running egg_info
[0.255s] writing vision_interface.egg-info/PKG-INFO
[0.255s] writing dependency_links to vision_interface.egg-info/dependency_links.txt
[0.256s] writing top-level names to vision_interface.egg-info/top_level.txt
[0.257s] reading manifest file 'vision_interface.egg-info/SOURCES.txt'
[0.258s] writing manifest file 'vision_interface.egg-info/SOURCES.txt'
[0.269s] [100%] Built target ament_cmake_python_build_vision_interface_egg
[0.270s] Invoked command in '/workspace/hsl-player/build/vision_interface' returned '0': CMAKE_PREFIX_PATH=/opt/ros/humble PS1=\[\e]0;\u@\h: \w\a\]${debian_chroot:+($debian_chroot)}\u@\h:\w\$ /usr/bin/cmake --build /workspace/hsl-player/build/vision_interface -- -j20 -l20
[0.271s] Invoking command in '/workspace/hsl-player/build/vision_interface': CMAKE_PREFIX_PATH=/opt/ros/humble PS1=\[\e]0;\u@\h: \w\a\]${debian_chroot:+($debian_chroot)}\u@\h:\w\$ /usr/bin/cmake --install /workspace/hsl-player/build/vision_interface
[0.274s] -- Install configuration: ""
[0.275s] -- Execute custom install script
[0.275s] -- Up-to-date symlink: /workspace/hsl-player/install/vision_interface/share/ament_index/resource_index/rosidl_interfaces/vision_interface
[0.275s] -- Up-to-date symlink: /workspace/hsl-player/install/vision_interface/include/vision_interface/vision_interface/msg/ball.h
[0.275s] -- Up-to-date symlink: /workspace/hsl-player/install/vision_interface/include/vision_interface/vision_interface/msg/cal_param.h
[0.275s] -- Up-to-date symlink: /workspace/hsl-player/install/vision_interface/include/vision_interface/vision_interface/msg/detail/ball__functions.h
[0.275s] -- Up-to-date symlink: /workspace/hsl-player/install/vision_interface/include/vision_interface/vision_interface/msg/detail/ball__struct.h
[0.275s] -- Up-to-date symlink: /workspace/hsl-player/install/vision_interface/include/vision_interface/vision_interface/msg/detail/ball__type_support.h
[0.275s] -- Up-to-date symlink: /workspace/hsl-player/install/vision_interface/include/vision_interface/vision_interface/msg/detail/cal_param__functions.h
[0.276s] -- Up-to-date symlink: /workspace/hsl-player/install/vision_interface/include/vision_interface/vision_interface/msg/detail/cal_param__struct.h
[0.276s] -- Up-to-date symlink: /workspace/hsl-player/install/vision_interface/include/vision_interface/vision_interface/msg/detail/cal_param__type_support.h
[0.276s] -- Up-to-date symlink: /workspace/hsl-player/install/vision_interface/include/vision_interface/vision_interface/msg/detail/detected_object__functions.h
[0.276s] -- Up-to-date symlink: /workspace/hsl-player/install/vision_interface/include/vision_interface/vision_interface/msg/detail/detected_object__struct.h
[0.276s] -- Up-to-date symlink: /workspace/hsl-player/install/vision_interface/include/vision_interface/vision_interface/msg/detail/detected_object__type_support.h
[0.276s] -- Up-to-date symlink: /workspace/hsl-player/install/vision_interface/include/vision_interface/vision_interface/msg/detail/detections__functions.h
[0.276s] -- Up-to-date symlink: /workspace/hsl-player/install/vision_interface/include/vision_interface/vision_interface/msg/detail/detections__struct.h
[0.276s] -- Up-to-date symlink: /workspace/hsl-player/install/vision_interface/include/vision_interface/vision_interface/msg/detail/detections__type_support.h
[0.276s] -- Up-to-date symlink: /workspace/hsl-player/install/vision_interface/include/vision_interface/vision_interface/msg/detail/detections_track__functions.h
[0.276s] -- Up-to-date symlink: /workspace/hsl-player/install/vision_interface/include/vision_interface/vision_interface/msg/detail/detections_track__struct.h
[0.276s] -- Up-to-date symlink: /workspace/hsl-player/install/vision_interface/include/vision_interface/vision_interface/msg/detail/detections_track__type_support.h
[0.276s] -- Up-to-date symlink: /workspace/hsl-player/install/vision_interface/include/vision_interface/vision_interface/msg/detail/image_head_position__functions.h
[0.276s] -- Up-to-date symlink: /workspace/hsl-player/install/vision_interface/include/vision_interface/vision_interface/msg/detail/image_head_position__struct.h
[0.276s] -- Up-to-date symlink: /workspace/hsl-player/install/vision_interface/include/vision_interface/vision_interface/msg/detail/image_head_position__type_support.h
[0.277s] -- Up-to-date symlink: /workspace/hsl-player/install/vision_interface/include/vision_interface/vision_interface/msg/detail/line_segments__functions.h
[0.277s] -- Up-to-date symlink: /workspace/hsl-player/install/vision_interface/include/vision_interface/vision_interface/msg/detail/line_segments__struct.h
[0.277s] -- Up-to-date symlink: /workspace/hsl-player/install/vision_interface/include/vision_interface/vision_interface/msg/detail/line_segments__type_support.h
[0.277s] -- Up-to-date symlink: /workspace/hsl-player/install/vision_interface/include/vision_interface/vision_interface/msg/detail/segmentation_line__functions.h
[0.277s] -- Up-to-date symlink: /workspace/hsl-player/install/vision_interface/include/vision_interface/vision_interface/msg/detail/segmentation_line__struct.h
[0.277s] -- Up-to-date symlink: /workspace/hsl-player/install/vision_interface/include/vision_interface/vision_interface/msg/detail/segmentation_line__type_support.h
[0.277s] -- Up-to-date symlink: /workspace/hsl-player/install/vision_interface/include/vision_interface/vision_interface/msg/detail/segmentation_point__functions.h
[0.277s] -- Up-to-date symlink: /workspace/hsl-player/install/vision_interface/include/vision_interface/vision_interface/msg/detail/segmentation_point__struct.h
[0.277s] -- Up-to-date symlink: /workspace/hsl-player/install/vision_interface/include/vision_interface/vision_interface/msg/detail/segmentation_point__type_support.h
[0.277s] -- Up-to-date symlink: /workspace/hsl-player/install/vision_interface/include/vision_interface/vision_interface/msg/detail/segmentation_result__functions.h
[0.277s] -- Up-to-date symlink: /workspace/hsl-player/install/vision_interface/include/vision_interface/vision_interface/msg/detail/segmentation_result__struct.h
[0.277s] -- Up-to-date symlink: /workspace/hsl-player/install/vision_interface/include/vision_interface/vision_interface/msg/detail/segmentation_result__type_support.h
[0.277s] -- Up-to-date symlink: /workspace/hsl-player/install/vision_interface/include/vision_interface/vision_interface/msg/detected_object.h
[0.277s] -- Up-to-date symlink: /workspace/hsl-player/install/vision_interface/include/vision_interface/vision_interface/msg/detections.h
[0.277s] -- Up-to-date symlink: /workspace/hsl-player/install/vision_interface/include/vision_interface/vision_interface/msg/detections_track.h
[0.277s] -- Up-to-date symlink: /workspace/hsl-player/install/vision_interface/include/vision_interface/vision_interface/msg/image_head_position.h
[0.278s] -- Up-to-date symlink: /workspace/hsl-player/install/vision_interface/include/vision_interface/vision_interface/msg/line_segments.h
[0.278s] -- Up-to-date symlink: /workspace/hsl-player/install/vision_interface/include/vision_interface/vision_interface/msg/rosidl_generator_c__visibility_control.h
[0.278s] -- Up-to-date symlink: /workspace/hsl-player/install/vision_interface/include/vision_interface/vision_interface/msg/segmentation_line.h
[0.278s] -- Up-to-date symlink: /workspace/hsl-player/install/vision_interface/include/vision_interface/vision_interface/msg/segmentation_point.h
[0.278s] -- Up-to-date symlink: /workspace/hsl-player/install/vision_interface/include/vision_interface/vision_interface/msg/segmentation_result.h
[0.278s] -- Up-to-date symlink: /workspace/hsl-player/install/vision_interface/share/vision_interface/environment/library_path.sh
[0.278s] -- Up-to-date symlink: /workspace/hsl-player/install/vision_interface/share/vision_interface/environment/library_path.dsv
[0.278s] -- Up-to-date symlink: /workspace/hsl-player/install/vision_interface/include/vision_interface/vision_interface/msg/detail/ball__rosidl_typesupport_fastrtps_c.h
[0.278s] -- Up-to-date symlink: /workspace/hsl-player/install/vision_interface/include/vision_interface/vision_interface/msg/detail/cal_param__rosidl_typesupport_fastrtps_c.h
[0.278s] -- Up-to-date symlink: /workspace/hsl-player/install/vision_interface/include/vision_interface/vision_interface/msg/detail/detected_object__rosidl_typesupport_fastrtps_c.h
[0.278s] -- Up-to-date symlink: /workspace/hsl-player/install/vision_interface/include/vision_interface/vision_interface/msg/detail/detections__rosidl_typesupport_fastrtps_c.h
[0.278s] -- Up-to-date symlink: /workspace/hsl-player/install/vision_interface/include/vision_interface/vision_interface/msg/detail/detections_track__rosidl_typesupport_fastrtps_c.h
[0.278s] -- Up-to-date symlink: /workspace/hsl-player/install/vision_interface/include/vision_interface/vision_interface/msg/detail/image_head_position__rosidl_typesupport_fastrtps_c.h
[0.278s] -- Up-to-date symlink: /workspace/hsl-player/install/vision_interface/include/vision_interface/vision_interface/msg/detail/line_segments__rosidl_typesupport_fastrtps_c.h
[0.278s] -- Up-to-date symlink: /workspace/hsl-player/install/vision_interface/include/vision_interface/vision_interface/msg/detail/segmentation_line__rosidl_typesupport_fastrtps_c.h
[0.279s] -- Up-to-date symlink: /workspace/hsl-player/install/vision_interface/include/vision_interface/vision_interface/msg/detail/segmentation_point__rosidl_typesupport_fastrtps_c.h
[0.279s] -- Up-to-date symlink: /workspace/hsl-player/install/vision_interface/include/vision_interface/vision_interface/msg/detail/segmentation_result__rosidl_typesupport_fastrtps_c.h
[0.279s] -- Up-to-date symlink: /workspace/hsl-player/install/vision_interface/include/vision_interface/vision_interface/msg/rosidl_typesupport_fastrtps_c__visibility_control.h
[0.279s] -- Up-to-date symlink: /workspace/hsl-player/install/vision_interface/include/vision_interface/vision_interface/msg/ball.hpp
[0.279s] -- Up-to-date symlink: /workspace/hsl-player/install/vision_interface/include/vision_interface/vision_interface/msg/cal_param.hpp
[0.279s] -- Up-to-date symlink: /workspace/hsl-player/install/vision_interface/include/vision_interface/vision_interface/msg/detail/ball__builder.hpp
[0.279s] -- Up-to-date symlink: /workspace/hsl-player/install/vision_interface/include/vision_interface/vision_interface/msg/detail/ball__struct.hpp
[0.279s] -- Up-to-date symlink: /workspace/hsl-player/install/vision_interface/include/vision_interface/vision_interface/msg/detail/ball__traits.hpp
[0.279s] -- Up-to-date symlink: /workspace/hsl-player/install/vision_interface/include/vision_interface/vision_interface/msg/detail/ball__type_support.hpp
[0.279s] -- Up-to-date symlink: /workspace/hsl-player/install/vision_interface/include/vision_interface/vision_interface/msg/detail/cal_param__builder.hpp
[0.279s] -- Up-to-date symlink: /workspace/hsl-player/install/vision_interface/include/vision_interface/vision_interface/msg/detail/cal_param__struct.hpp
[0.279s] -- Up-to-date symlink: /workspace/hsl-player/install/vision_interface/include/vision_interface/vision_interface/msg/detail/cal_param__traits.hpp
[0.279s] -- Up-to-date symlink: /workspace/hsl-player/install/vision_interface/include/vision_interface/vision_interface/msg/detail/cal_param__type_support.hpp
[0.280s] -- Up-to-date symlink: /workspace/hsl-player/install/vision_interface/include/vision_interface/vision_interface/msg/detail/detected_object__builder.hpp
[0.280s] -- Up-to-date symlink: /workspace/hsl-player/install/vision_interface/include/vision_interface/vision_interface/msg/detail/detected_object__struct.hpp
[0.280s] -- Up-to-date symlink: /workspace/hsl-player/install/vision_interface/include/vision_interface/vision_interface/msg/detail/detected_object__traits.hpp
[0.280s] -- Up-to-date symlink: /workspace/hsl-player/install/vision_interface/include/vision_interface/vision_interface/msg/detail/detected_object__type_support.hpp
[0.280s] -- Up-to-date symlink: /workspace/hsl-player/install/vision_interface/include/vision_interface/vision_interface/msg/detail/detections__builder.hpp
[0.280s] -- Up-to-date symlink: /workspace/hsl-player/install/vision_interface/include/vision_interface/vision_interface/msg/detail/detections__struct.hpp
[0.280s] -- Up-to-date symlink: /workspace/hsl-player/install/vision_interface/include/vision_interface/vision_interface/msg/detail/detections__traits.hpp
[0.280s] -- Up-to-date symlink: /workspace/hsl-player/install/vision_interface/include/vision_interface/vision_interface/msg/detail/detections__type_support.hpp
[0.280s] -- Up-to-date symlink: /workspace/hsl-player/install/vision_interface/include/vision_interface/vision_interface/msg/detail/detections_track__builder.hpp
[0.280s] -- Up-to-date symlink: /workspace/hsl-player/install/vision_interface/include/vision_interface/vision_interface/msg/detail/detections_track__struct.hpp
[0.280s] -- Up-to-date symlink: /workspace/hsl-player/install/vision_interface/include/vision_interface/vision_interface/msg/detail/detections_track__traits.hpp
[0.280s] -- Up-to-date symlink: /workspace/hsl-player/install/vision_interface/include/vision_interface/vision_interface/msg/detail/detections_track__type_support.hpp
[0.280s] -- Up-to-date symlink: /workspace/hsl-player/install/vision_interface/include/vision_interface/vision_interface/msg/detail/image_head_position__builder.hpp
[0.280s] -- Up-to-date symlink: /workspace/hsl-player/install/vision_interface/include/vision_interface/vision_interface/msg/detail/image_head_position__struct.hpp
[0.280s] -- Up-to-date symlink: /workspace/hsl-player/install/vision_interface/include/vision_interface/vision_interface/msg/detail/image_head_position__traits.hpp
[0.280s] -- Up-to-date symlink: /workspace/hsl-player/install/vision_interface/include/vision_interface/vision_interface/msg/detail/image_head_position__type_support.hpp
[0.280s] -- Up-to-date symlink: /workspace/hsl-player/install/vision_interface/include/vision_interface/vision_interface/msg/detail/line_segments__builder.hpp
[0.280s] -- Up-to-date symlink: /workspace/hsl-player/install/vision_interface/include/vision_interface/vision_interface/msg/detail/line_segments__struct.hpp
[0.280s] -- Up-to-date symlink: /workspace/hsl-player/install/vision_interface/include/vision_interface/vision_interface/msg/detail/line_segments__traits.hpp
[0.280s] -- Up-to-date symlink: /workspace/hsl-player/install/vision_interface/include/vision_interface/vision_interface/msg/detail/line_segments__type_support.hpp
[0.280s] -- Up-to-date symlink: /workspace/hsl-player/install/vision_interface/include/vision_interface/vision_interface/msg/detail/segmentation_line__builder.hpp
[0.280s] -- Up-to-date symlink: /workspace/hsl-player/install/vision_interface/include/vision_interface/vision_interface/msg/detail/segmentation_line__struct.hpp
[0.280s] -- Up-to-date symlink: /workspace/hsl-player/install/vision_interface/include/vision_interface/vision_interface/msg/detail/segmentation_line__traits.hpp
[0.280s] -- Up-to-date symlink: /workspace/hsl-player/install/vision_interface/include/vision_interface/vision_interface/msg/detail/segmentation_line__type_support.hpp
[0.280s] -- Up-to-date symlink: /workspace/hsl-player/install/vision_interface/include/vision_interface/vision_interface/msg/detail/segmentation_point__builder.hpp
[0.280s] -- Up-to-date symlink: /workspace/hsl-player/install/vision_interface/include/vision_interface/vision_interface/msg/detail/segmentation_point__struct.hpp
[0.280s] -- Up-to-date symlink: /workspace/hsl-player/install/vision_interface/include/vision_interface/vision_interface/msg/detail/segmentation_point__traits.hpp
[0.280s] -- Up-to-date symlink: /workspace/hsl-player/install/vision_interface/include/vision_interface/vision_interface/msg/detail/segmentation_point__type_support.hpp
[0.281s] -- Up-to-date symlink: /workspace/hsl-player/install/vision_interface/include/vision_interface/vision_interface/msg/detail/segmentation_result__builder.hpp
[0.281s] -- Up-to-date symlink: /workspace/hsl-player/install/vision_interface/include/vision_interface/vision_interface/msg/detail/segmentation_result__struct.hpp
[0.281s] -- Up-to-date symlink: /workspace/hsl-player/install/vision_interface/include/vision_interface/vision_interface/msg/detail/segmentation_result__traits.hpp
[0.281s] -- Up-to-date symlink: /workspace/hsl-player/install/vision_interface/include/vision_interface/vision_interface/msg/detail/segmentation_result__type_support.hpp
[0.281s] -- Up-to-date symlink: /workspace/hsl-player/install/vision_interface/include/vision_interface/vision_interface/msg/detected_object.hpp
[0.281s] -- Up-to-date symlink: /workspace/hsl-player/install/vision_interface/include/vision_interface/vision_interface/msg/detections.hpp
[0.281s] -- Up-to-date symlink: /workspace/hsl-player/install/vision_interface/include/vision_interface/vision_interface/msg/detections_track.hpp
[0.281s] -- Up-to-date symlink: /workspace/hsl-player/install/vision_interface/include/vision_interface/vision_interface/msg/image_head_position.hpp
[0.281s] -- Up-to-date symlink: /workspace/hsl-player/install/vision_interface/include/vision_interface/vision_interface/msg/line_segments.hpp
[0.281s] -- Up-to-date symlink: /workspace/hsl-player/install/vision_interface/include/vision_interface/vision_interface/msg/rosidl_generator_cpp__visibility_control.hpp
[0.281s] -- Up-to-date symlink: /workspace/hsl-player/install/vision_interface/include/vision_interface/vision_interface/msg/segmentation_line.hpp
[0.281s] -- Up-to-date symlink: /workspace/hsl-player/install/vision_interface/include/vision_interface/vision_interface/msg/segmentation_point.hpp
[0.281s] -- Up-to-date symlink: /workspace/hsl-player/install/vision_interface/include/vision_interface/vision_interface/msg/segmentation_result.hpp
[0.281s] -- Up-to-date symlink: /workspace/hsl-player/install/vision_interface/include/vision_interface/vision_interface/msg/detail/ball__rosidl_typesupport_fastrtps_cpp.hpp
[0.281s] -- Up-to-date symlink: /workspace/hsl-player/install/vision_interface/include/vision_interface/vision_interface/msg/detail/cal_param__rosidl_typesupport_fastrtps_cpp.hpp
[0.281s] -- Up-to-date symlink: /workspace/hsl-player/install/vision_interface/include/vision_interface/vision_interface/msg/detail/detected_object__rosidl_typesupport_fastrtps_cpp.hpp
[0.281s] -- Up-to-date symlink: /workspace/hsl-player/install/vision_interface/include/vision_interface/vision_interface/msg/detail/detections__rosidl_typesupport_fastrtps_cpp.hpp
[0.281s] -- Up-to-date symlink: /workspace/hsl-player/install/vision_interface/include/vision_interface/vision_interface/msg/detail/detections_track__rosidl_typesupport_fastrtps_cpp.hpp
[0.281s] -- Up-to-date symlink: /workspace/hsl-player/install/vision_interface/include/vision_interface/vision_interface/msg/detail/image_head_position__rosidl_typesupport_fastrtps_cpp.hpp
[0.281s] -- Up-to-date symlink: /workspace/hsl-player/install/vision_interface/include/vision_interface/vision_interface/msg/detail/line_segments__rosidl_typesupport_fastrtps_cpp.hpp
[0.281s] -- Up-to-date symlink: /workspace/hsl-player/install/vision_interface/include/vision_interface/vision_interface/msg/detail/segmentation_line__rosidl_typesupport_fastrtps_cpp.hpp
[0.281s] -- Up-to-date symlink: /workspace/hsl-player/install/vision_interface/include/vision_interface/vision_interface/msg/detail/segmentation_point__rosidl_typesupport_fastrtps_cpp.hpp
[0.281s] -- Up-to-date symlink: /workspace/hsl-player/install/vision_interface/include/vision_interface/vision_interface/msg/detail/segmentation_result__rosidl_typesupport_fastrtps_cpp.hpp
[0.282s] -- Up-to-date symlink: /workspace/hsl-player/install/vision_interface/include/vision_interface/vision_interface/msg/rosidl_typesupport_fastrtps_cpp__visibility_control.h
[0.282s] -- Up-to-date symlink: /workspace/hsl-player/install/vision_interface/include/vision_interface/vision_interface/msg/detail/ball__rosidl_typesupport_introspection_c.h
[0.282s] -- Up-to-date symlink: /workspace/hsl-player/install/vision_interface/include/vision_interface/vision_interface/msg/detail/cal_param__rosidl_typesupport_introspection_c.h
[0.282s] -- Up-to-date symlink: /workspace/hsl-player/install/vision_interface/include/vision_interface/vision_interface/msg/detail/detected_object__rosidl_typesupport_introspection_c.h
[0.282s] -- Up-to-date symlink: /workspace/hsl-player/install/vision_interface/include/vision_interface/vision_interface/msg/detail/detections__rosidl_typesupport_introspection_c.h
[0.282s] -- Up-to-date symlink: /workspace/hsl-player/install/vision_interface/include/vision_interface/vision_interface/msg/detail/detections_track__rosidl_typesupport_introspection_c.h
[0.282s] -- Up-to-date symlink: /workspace/hsl-player/install/vision_interface/include/vision_interface/vision_interface/msg/detail/image_head_position__rosidl_typesupport_introspection_c.h
[0.282s] -- Up-to-date symlink: /workspace/hsl-player/install/vision_interface/include/vision_interface/vision_interface/msg/detail/line_segments__rosidl_typesupport_introspection_c.h
[0.282s] -- Up-to-date symlink: /workspace/hsl-player/install/vision_interface/include/vision_interface/vision_interface/msg/detail/segmentation_line__rosidl_typesupport_introspection_c.h
[0.282s] -- Up-to-date symlink: /workspace/hsl-player/install/vision_interface/include/vision_interface/vision_interface/msg/detail/segmentation_point__rosidl_typesupport_introspection_c.h
[0.282s] -- Up-to-date symlink: /workspace/hsl-player/install/vision_interface/include/vision_interface/vision_interface/msg/detail/segmentation_result__rosidl_typesupport_introspection_c.h
[0.282s] -- Up-to-date symlink: /workspace/hsl-player/install/vision_interface/include/vision_interface/vision_interface/msg/rosidl_typesupport_introspection_c__visibility_control.h
[0.282s] -- Up-to-date symlink: /workspace/hsl-player/install/vision_interface/include/vision_interface/vision_interface/msg/detail/ball__rosidl_typesupport_introspection_cpp.hpp
[0.283s] -- Up-to-date symlink: /workspace/hsl-player/install/vision_interface/include/vision_interface/vision_interface/msg/detail/cal_param__rosidl_typesupport_introspection_cpp.hpp
[0.283s] -- Up-to-date symlink: /workspace/hsl-player/install/vision_interface/include/vision_interface/vision_interface/msg/detail/detected_object__rosidl_typesupport_introspection_cpp.hpp
[0.283s] -- Up-to-date symlink: /workspace/hsl-player/install/vision_interface/include/vision_interface/vision_interface/msg/detail/detections__rosidl_typesupport_introspection_cpp.hpp
[0.283s] -- Up-to-date symlink: /workspace/hsl-player/install/vision_interface/include/vision_interface/vision_interface/msg/detail/detections_track__rosidl_typesupport_introspection_cpp.hpp
[0.283s] -- Up-to-date symlink: /workspace/hsl-player/install/vision_interface/include/vision_interface/vision_interface/msg/detail/image_head_position__rosidl_typesupport_introspection_cpp.hpp
[0.283s] -- Up-to-date symlink: /workspace/hsl-player/install/vision_interface/include/vision_interface/vision_interface/msg/detail/line_segments__rosidl_typesupport_introspection_cpp.hpp
[0.283s] -- Up-to-date symlink: /workspace/hsl-player/install/vision_interface/include/vision_interface/vision_interface/msg/detail/segmentation_line__rosidl_typesupport_introspection_cpp.hpp
[0.283s] -- Up-to-date symlink: /workspace/hsl-player/install/vision_interface/include/vision_interface/vision_interface/msg/detail/segmentation_point__rosidl_typesupport_introspection_cpp.hpp
[0.283s] -- Up-to-date symlink: /workspace/hsl-player/install/vision_interface/include/vision_interface/vision_interface/msg/detail/segmentation_result__rosidl_typesupport_introspection_cpp.hpp
[0.283s] -- Up-to-date symlink: /workspace/hsl-player/install/vision_interface/share/vision_interface/environment/pythonpath.sh
[0.283s] -- Up-to-date symlink: /workspace/hsl-player/install/vision_interface/share/vision_interface/environment/pythonpath.dsv
[0.283s] -- Up-to-date symlink: /workspace/hsl-player/install/vision_interface/local/lib/python3.10/dist-packages/vision_interface-1.0.0-py3.10.egg-info/PKG-INFO
[0.283s] -- Up-to-date symlink: /workspace/hsl-player/install/vision_interface/local/lib/python3.10/dist-packages/vision_interface-1.0.0-py3.10.egg-info/SOURCES.txt
[0.283s] -- Up-to-date symlink: /workspace/hsl-player/install/vision_interface/local/lib/python3.10/dist-packages/vision_interface-1.0.0-py3.10.egg-info/dependency_links.txt
[0.283s] -- Up-to-date symlink: /workspace/hsl-player/install/vision_interface/local/lib/python3.10/dist-packages/vision_interface-1.0.0-py3.10.egg-info/top_level.txt
[0.283s] -- Up-to-date symlink: /workspace/hsl-player/install/vision_interface/local/lib/python3.10/dist-packages/vision_interface/__init__.py
[0.283s] -- Up-to-date symlink: /workspace/hsl-player/install/vision_interface/local/lib/python3.10/dist-packages/vision_interface/_vision_interface_s.ep.rosidl_typesupport_c.c
[0.283s] -- Up-to-date symlink: /workspace/hsl-player/install/vision_interface/local/lib/python3.10/dist-packages/vision_interface/_vision_interface_s.ep.rosidl_typesupport_fastrtps_c.c
[0.283s] -- Up-to-date symlink: /workspace/hsl-player/install/vision_interface/local/lib/python3.10/dist-packages/vision_interface/_vision_interface_s.ep.rosidl_typesupport_introspection_c.c
[0.283s] -- Up-to-date symlink: /workspace/hsl-player/install/vision_interface/local/lib/python3.10/dist-packages/vision_interface/libvision_interface__rosidl_generator_py.so
[0.283s] -- Up-to-date symlink: /workspace/hsl-player/install/vision_interface/local/lib/python3.10/dist-packages/vision_interface/msg/__init__.py
[0.283s] -- Up-to-date symlink: /workspace/hsl-player/install/vision_interface/local/lib/python3.10/dist-packages/vision_interface/msg/_ball.py
[0.283s] -- Up-to-date symlink: /workspace/hsl-player/install/vision_interface/local/lib/python3.10/dist-packages/vision_interface/msg/_ball_s.c
[0.283s] -- Up-to-date symlink: /workspace/hsl-player/install/vision_interface/local/lib/python3.10/dist-packages/vision_interface/msg/_cal_param.py
[0.283s] -- Up-to-date symlink: /workspace/hsl-player/install/vision_interface/local/lib/python3.10/dist-packages/vision_interface/msg/_cal_param_s.c
[0.283s] -- Up-to-date symlink: /workspace/hsl-player/install/vision_interface/local/lib/python3.10/dist-packages/vision_interface/msg/_detected_object.py
[0.283s] -- Up-to-date symlink: /workspace/hsl-player/install/vision_interface/local/lib/python3.10/dist-packages/vision_interface/msg/_detected_object_s.c
[0.283s] -- Up-to-date symlink: /workspace/hsl-player/install/vision_interface/local/lib/python3.10/dist-packages/vision_interface/msg/_detections.py
[0.283s] -- Up-to-date symlink: /workspace/hsl-player/install/vision_interface/local/lib/python3.10/dist-packages/vision_interface/msg/_detections_s.c
[0.283s] -- Up-to-date symlink: /workspace/hsl-player/install/vision_interface/local/lib/python3.10/dist-packages/vision_interface/msg/_detections_track.py
[0.283s] -- Up-to-date symlink: /workspace/hsl-player/install/vision_interface/local/lib/python3.10/dist-packages/vision_interface/msg/_detections_track_s.c
[0.284s] -- Up-to-date symlink: /workspace/hsl-player/install/vision_interface/local/lib/python3.10/dist-packages/vision_interface/msg/_image_head_position.py
[0.284s] -- Up-to-date symlink: /workspace/hsl-player/install/vision_interface/local/lib/python3.10/dist-packages/vision_interface/msg/_image_head_position_s.c
[0.284s] -- Up-to-date symlink: /workspace/hsl-player/install/vision_interface/local/lib/python3.10/dist-packages/vision_interface/msg/_line_segments.py
[0.284s] -- Up-to-date symlink: /workspace/hsl-player/install/vision_interface/local/lib/python3.10/dist-packages/vision_interface/msg/_line_segments_s.c
[0.284s] -- Up-to-date symlink: /workspace/hsl-player/install/vision_interface/local/lib/python3.10/dist-packages/vision_interface/msg/_segmentation_line.py
[0.284s] -- Up-to-date symlink: /workspace/hsl-player/install/vision_interface/local/lib/python3.10/dist-packages/vision_interface/msg/_segmentation_line_s.c
[0.284s] -- Up-to-date symlink: /workspace/hsl-player/install/vision_interface/local/lib/python3.10/dist-packages/vision_interface/msg/_segmentation_point.py
[0.284s] -- Up-to-date symlink: /workspace/hsl-player/install/vision_interface/local/lib/python3.10/dist-packages/vision_interface/msg/_segmentation_point_s.c
[0.284s] -- Up-to-date symlink: /workspace/hsl-player/install/vision_interface/local/lib/python3.10/dist-packages/vision_interface/msg/_segmentation_result.py
[0.284s] -- Up-to-date symlink: /workspace/hsl-player/install/vision_interface/local/lib/python3.10/dist-packages/vision_interface/msg/_segmentation_result_s.c
[0.284s] -- Up-to-date symlink: /workspace/hsl-player/install/vision_interface/local/lib/python3.10/dist-packages/vision_interface/vision_interface_s__rosidl_typesupport_c.cpython-310-x86_64-linux-gnu.so
[0.284s] -- Up-to-date symlink: /workspace/hsl-player/install/vision_interface/local/lib/python3.10/dist-packages/vision_interface/vision_interface_s__rosidl_typesupport_fastrtps_c.cpython-310-x86_64-linux-gnu.so
[0.284s] -- Up-to-date symlink: /workspace/hsl-player/install/vision_interface/local/lib/python3.10/dist-packages/vision_interface/vision_interface_s__rosidl_typesupport_introspection_c.cpython-310-x86_64-linux-gnu.so
[0.284s] -- Up-to-date symlink: /workspace/hsl-player/install/vision_interface/local/lib/python3.10/dist-packages/vision_interface/vision_interface_s__rosidl_typesupport_fastrtps_c.cpython-310-x86_64-linux-gnu.so
[0.285s] -- Up-to-date symlink: /workspace/hsl-player/install/vision_interface/local/lib/python3.10/dist-packages/vision_interface/vision_interface_s__rosidl_typesupport_introspection_c.cpython-310-x86_64-linux-gnu.so
[0.285s] -- Up-to-date symlink: /workspace/hsl-player/install/vision_interface/local/lib/python3.10/dist-packages/vision_interface/vision_interface_s__rosidl_typesupport_c.cpython-310-x86_64-linux-gnu.so
[0.285s] -- Up-to-date symlink: /workspace/hsl-player/install/vision_interface/share/ament_index/resource_index/rust_packages/vision_interface
[0.285s] -- Up-to-date symlink: /workspace/hsl-player/install/vision_interface/share/vision_interface/rust/Cargo.toml
[0.285s] -- Up-to-date symlink: /workspace/hsl-player/install/vision_interface/share/vision_interface/rust/build.rs
[0.285s] -- Up-to-date symlink: /workspace/hsl-player/install/vision_interface/share/vision_interface/rust/src/lib.rs
[0.285s] -- Up-to-date symlink: /workspace/hsl-player/install/vision_interface/share/vision_interface/rust/src/msg.rs
[0.285s] -- Up-to-date symlink: /workspace/hsl-player/install/vision_interface/share/vision_interface/rust/src/msg/rmw.rs
[0.285s] -- Up-to-date symlink: /workspace/hsl-player/install/vision_interface/share/vision_interface/msg/DetectedObject.idl
[0.285s] -- Up-to-date symlink: /workspace/hsl-player/install/vision_interface/share/vision_interface/msg/Detections.idl
[0.285s] -- Up-to-date symlink: /workspace/hsl-player/install/vision_interface/share/vision_interface/msg/LineSegments.idl
[0.285s] -- Up-to-date symlink: /workspace/hsl-player/install/vision_interface/share/vision_interface/msg/CalParam.idl
[0.285s] -- Up-to-date symlink: /workspace/hsl-player/install/vision_interface/share/vision_interface/msg/DetectionsTrack.idl
[0.285s] -- Up-to-date symlink: /workspace/hsl-player/install/vision_interface/share/vision_interface/msg/SegmentationPoint.idl
[0.285s] -- Up-to-date symlink: /workspace/hsl-player/install/vision_interface/share/vision_interface/msg/SegmentationLine.idl
[0.285s] -- Up-to-date symlink: /workspace/hsl-player/install/vision_interface/share/vision_interface/msg/SegmentationResult.idl
[0.285s] -- Up-to-date symlink: /workspace/hsl-player/install/vision_interface/share/vision_interface/msg/ImageHeadPosition.idl
[0.285s] -- Up-to-date symlink: /workspace/hsl-player/install/vision_interface/share/vision_interface/msg/Ball.idl
[0.285s] -- Up-to-date symlink: /workspace/hsl-player/install/vision_interface/share/vision_interface/msg/DetectedObject.msg
[0.285s] -- Up-to-date symlink: /workspace/hsl-player/install/vision_interface/share/vision_interface/msg/Detections.msg
[0.285s] -- Up-to-date symlink: /workspace/hsl-player/install/vision_interface/share/vision_interface/msg/LineSegments.msg
[0.285s] -- Up-to-date symlink: /workspace/hsl-player/install/vision_interface/share/vision_interface/msg/CalParam.msg
[0.285s] -- Up-to-date symlink: /workspace/hsl-player/install/vision_interface/share/vision_interface/msg/DetectionsTrack.msg
[0.285s] -- Up-to-date symlink: /workspace/hsl-player/install/vision_interface/share/vision_interface/msg/SegmentationPoint.msg
[0.285s] -- Up-to-date symlink: /workspace/hsl-player/install/vision_interface/share/vision_interface/msg/SegmentationLine.msg
[0.285s] -- Up-to-date symlink: /workspace/hsl-player/install/vision_interface/share/vision_interface/msg/SegmentationResult.msg
[0.285s] -- Up-to-date symlink: /workspace/hsl-player/install/vision_interface/share/vision_interface/msg/ImageHeadPosition.msg
[0.285s] -- Up-to-date symlink: /workspace/hsl-player/install/vision_interface/share/vision_interface/msg/Ball.msg
[0.285s] -- Up-to-date symlink: /workspace/hsl-player/install/vision_interface/share/ament_index/resource_index/package_run_dependencies/vision_interface
[0.285s] -- Up-to-date symlink: /workspace/hsl-player/install/vision_interface/share/ament_index/resource_index/parent_prefix_path/vision_interface
[0.285s] -- Up-to-date symlink: /workspace/hsl-player/install/vision_interface/share/vision_interface/environment/ament_prefix_path.sh
[0.286s] -- Up-to-date symlink: /workspace/hsl-player/install/vision_interface/share/vision_interface/environment/ament_prefix_path.dsv
[0.286s] -- Up-to-date symlink: /workspace/hsl-player/install/vision_interface/share/vision_interface/environment/path.sh
[0.286s] -- Up-to-date symlink: /workspace/hsl-player/install/vision_interface/share/vision_interface/environment/path.dsv
[0.286s] -- Up-to-date symlink: /workspace/hsl-player/install/vision_interface/share/vision_interface/local_setup.bash
[0.286s] -- Up-to-date symlink: /workspace/hsl-player/install/vision_interface/share/vision_interface/local_setup.sh
[0.286s] -- Up-to-date symlink: /workspace/hsl-player/install/vision_interface/share/vision_interface/local_setup.zsh
[0.286s] -- Up-to-date symlink: /workspace/hsl-player/install/vision_interface/share/vision_interface/local_setup.dsv
[0.286s] -- Symlinking: /workspace/hsl-player/install/vision_interface/share/vision_interface/package.dsv
[0.291s] -- Up-to-date symlink: /workspace/hsl-player/install/vision_interface/share/ament_index/resource_index/packages/vision_interface
[0.291s] -- Up-to-date symlink: /workspace/hsl-player/install/vision_interface/share/vision_interface/cmake/rosidl_cmake-extras.cmake
[0.291s] -- Up-to-date symlink: /workspace/hsl-player/install/vision_interface/share/vision_interface/cmake/ament_cmake_export_dependencies-extras.cmake
[0.291s] -- Up-to-date symlink: /workspace/hsl-player/install/vision_interface/share/vision_interface/cmake/ament_cmake_export_include_directories-extras.cmake
[0.291s] -- Up-to-date symlink: /workspace/hsl-player/install/vision_interface/share/vision_interface/cmake/ament_cmake_export_libraries-extras.cmake
[0.291s] -- Up-to-date symlink: /workspace/hsl-player/install/vision_interface/share/vision_interface/cmake/ament_cmake_export_targets-extras.cmake
[0.291s] -- Up-to-date symlink: /workspace/hsl-player/install/vision_interface/share/vision_interface/cmake/rosidl_cmake_export_typesupport_targets-extras.cmake
[0.291s] -- Up-to-date symlink: /workspace/hsl-player/install/vision_interface/share/vision_interface/cmake/rosidl_cmake_export_typesupport_libraries-extras.cmake
[0.291s] -- Up-to-date symlink: /workspace/hsl-player/install/vision_interface/share/vision_interface/cmake/vision_interfaceConfig.cmake
[0.292s] -- Up-to-date symlink: /workspace/hsl-player/install/vision_interface/share/vision_interface/cmake/vision_interfaceConfig-version.cmake
[0.292s] -- Up-to-date symlink: /workspace/hsl-player/install/vision_interface/share/vision_interface/package.xml
[0.292s] -- Up-to-date: /workspace/hsl-player/install/vision_interface/lib/libvision_interface__rosidl_generator_c.so
[0.292s] -- Up-to-date: /workspace/hsl-player/install/vision_interface/lib/libvision_interface__rosidl_typesupport_fastrtps_c.so
[0.292s] -- Up-to-date: /workspace/hsl-player/install/vision_interface/lib/libvision_interface__rosidl_typesupport_fastrtps_cpp.so
[0.292s] -- Up-to-date: /workspace/hsl-player/install/vision_interface/lib/libvision_interface__rosidl_typesupport_introspection_c.so
[0.292s] -- Up-to-date: /workspace/hsl-player/install/vision_interface/lib/libvision_interface__rosidl_typesupport_c.so
[0.292s] -- Up-to-date: /workspace/hsl-player/install/vision_interface/lib/libvision_interface__rosidl_typesupport_introspection_cpp.so
[0.292s] -- Up-to-date: /workspace/hsl-player/install/vision_interface/lib/libvision_interface__rosidl_typesupport_cpp.so
[0.310s] Listing '/workspace/hsl-player/install/vision_interface/local/lib/python3.10/dist-packages/vision_interface'...
[0.310s] Listing '/workspace/hsl-player/install/vision_interface/local/lib/python3.10/dist-packages/vision_interface/msg'...
[0.312s] -- Up-to-date: /workspace/hsl-player/install/vision_interface/lib/libvision_interface__rosidl_generator_py.so
[0.313s] -- Up-to-date: /workspace/hsl-player/install/vision_interface/share/vision_interface/cmake/export_vision_interface__rosidl_generator_cExport.cmake
[0.313s] -- Up-to-date: /workspace/hsl-player/install/vision_interface/share/vision_interface/cmake/export_vision_interface__rosidl_generator_cExport-noconfig.cmake
[0.313s] -- Up-to-date: /workspace/hsl-player/install/vision_interface/share/vision_interface/cmake/export_vision_interface__rosidl_typesupport_fastrtps_cExport.cmake
[0.313s] -- Up-to-date: /workspace/hsl-player/install/vision_interface/share/vision_interface/cmake/export_vision_interface__rosidl_typesupport_fastrtps_cExport-noconfig.cmake
[0.313s] -- Up-to-date: /workspace/hsl-player/install/vision_interface/share/vision_interface/cmake/export_vision_interface__rosidl_generator_cppExport.cmake
[0.313s] -- Up-to-date: /workspace/hsl-player/install/vision_interface/share/vision_interface/cmake/export_vision_interface__rosidl_typesupport_fastrtps_cppExport.cmake
[0.314s] -- Up-to-date: /workspace/hsl-player/install/vision_interface/share/vision_interface/cmake/export_vision_interface__rosidl_typesupport_fastrtps_cppExport-noconfig.cmake
[0.314s] -- Up-to-date: /workspace/hsl-player/install/vision_interface/share/vision_interface/cmake/vision_interface__rosidl_typesupport_introspection_cExport.cmake
[0.314s] -- Up-to-date: /workspace/hsl-player/install/vision_interface/share/vision_interface/cmake/vision_interface__rosidl_typesupport_introspection_cExport-noconfig.cmake
[0.314s] -- Up-to-date: /workspace/hsl-player/install/vision_interface/share/vision_interface/cmake/vision_interface__rosidl_typesupport_cExport.cmake
[0.314s] -- Up-to-date: /workspace/hsl-player/install/vision_interface/share/vision_interface/cmake/vision_interface__rosidl_typesupport_cExport-noconfig.cmake
[0.314s] -- Up-to-date: /workspace/hsl-player/install/vision_interface/share/vision_interface/cmake/vision_interface__rosidl_typesupport_introspection_cppExport.cmake
[0.314s] -- Up-to-date: /workspace/hsl-player/install/vision_interface/share/vision_interface/cmake/vision_interface__rosidl_typesupport_introspection_cppExport-noconfig.cmake
[0.314s] -- Up-to-date: /workspace/hsl-player/install/vision_interface/share/vision_interface/cmake/vision_interface__rosidl_typesupport_cppExport.cmake
[0.314s] -- Up-to-date: /workspace/hsl-player/install/vision_interface/share/vision_interface/cmake/vision_interface__rosidl_typesupport_cppExport-noconfig.cmake
[0.314s] -- Up-to-date: /workspace/hsl-player/install/vision_interface/share/vision_interface/cmake/export_vision_interface__rosidl_generator_pyExport.cmake
[0.314s] -- Up-to-date: /workspace/hsl-player/install/vision_interface/share/vision_interface/cmake/export_vision_interface__rosidl_generator_pyExport-noconfig.cmake
[0.317s] Invoked command in '/workspace/hsl-player/build/vision_interface' returned '0': CMAKE_PREFIX_PATH=/opt/ros/humble PS1=\[\e]0;\u@\h: \w\a\]${debian_chroot:+($debian_chroot)}\u@\h:\w\$ /usr/bin/cmake --install /workspace/hsl-player/build/vision_interface
