-- Found ament_cmake: 1.3.14 (/opt/ros/humble/share/ament_cmake/cmake)
-- Override CMake install command with custom implementation using symlinks instead of copying resources
-- Found rclcpp: 16.0.19 (/opt/ros/humble/share/rclcpp/cmake)
-- Found rosidl_generator_c: 3.1.8 (/opt/ros/humble/share/rosidl_generator_c/cmake)
-- Found rosidl_adapter: 3.1.8 (/opt/ros/humble/share/rosidl_adapter/cmake)
-- Found rosidl_generator_cpp: 3.1.8 (/opt/ros/humble/share/rosidl_generator_cpp/cmake)
-- Using all available rosidl_typesupport_c: rosidl_typesupport_fastrtps_c;rosidl_typesupport_introspection_c
-- Using all available rosidl_typesupport_cpp: rosidl_typesupport_fastrtps_cpp;rosidl_typesupport_introspection_cpp
-- Found rmw_implementation_cmake: 6.1.2 (/opt/ros/humble/share/rmw_implementation_cmake/cmake)
-- Found rmw_fastrtps_cpp: 6.2.10 (/opt/ros/humble/share/rmw_fastrtps_cpp/cmake)
-- Using RMW implementation 'rmw_fastrtps_cpp' as default
-- Found rosidl_default_generators: 1.2.1 (/opt/ros/humble/share/rosidl_default_generators/cmake)
-- Found ament_cmake_ros: 0.10.0 (/opt/ros/humble/share/ament_cmake_ros/cmake)
-- Using all available rosidl_typesupport_c: rosidl_typesupport_fastrtps_c;rosidl_typesupport_introspection_c
-- Using all available rosidl_typesupport_cpp: rosidl_typesupport_fastrtps_cpp;rosidl_typesupport_introspection_cpp
-- Found python_cmake_module: 0.10.0 (/opt/ros/humble/share/python_cmake_module/cmake)
-- Using PYTHON_EXECUTABLE: /usr/bin/python3
-- Using PYTHON_INCLUDE_DIRS: /usr/include/python3.10
-- Using PYTHON_LIBRARIES: /usr/lib/x86_64-linux-gnu/libpython3.10.so
-- Configuring done
-- Generating done
-- Build files have been written to: /workspace/hsl-player/build/booster_interface
[35m[1mConsolidate compiler generated dependencies of target booster_interface__rosidl_generator_c[0m
[  1%] Built target booster_interface__rs
[  1%] Built target booster_interface__cpp
[  1%] Built target ament_cmake_python_symlink_booster_interface
[  1%] [32mBuilding C object CMakeFiles/booster_interface__rosidl_generator_c.dir/rosidl_generator_c/booster_interface/msg/detail/booster_api_resp_msg__functions.c.o[0m
[  2%] [32mBuilding C object CMakeFiles/booster_interface__rosidl_generator_c.dir/rosidl_generator_c/booster_interface/msg/detail/button_event_msg__functions.c.o[0m
[  3%] [32mBuilding C object CMakeFiles/booster_interface__rosidl_generator_c.dir/rosidl_generator_c/booster_interface/msg/detail/booster_api_req_msg__functions.c.o[0m
[  4%] [32mBuilding C object CMakeFiles/booster_interface__rosidl_generator_c.dir/rosidl_generator_c/booster_interface/msg/detail/motor_state__functions.c.o[0m
[  5%] [32mBuilding C object CMakeFiles/booster_interface__rosidl_generator_c.dir/rosidl_generator_c/booster_interface/msg/detail/low_cmd__functions.c.o[0m
[  5%] [32mBuilding C object CMakeFiles/booster_interface__rosidl_generator_c.dir/rosidl_generator_c/booster_interface/msg/detail/motor_cmd__functions.c.o[0m
[  6%] [32mBuilding C object CMakeFiles/booster_interface__rosidl_generator_c.dir/rosidl_generator_c/booster_interface/msg/detail/raw_bytes_msg__functions.c.o[0m
[  7%] [32mBuilding C object CMakeFiles/booster_interface__rosidl_generator_c.dir/rosidl_generator_c/booster_interface/msg/detail/low_state__functions.c.o[0m
[35m[1mConsolidate compiler generated dependencies of target booster_interface__rosidl_typesupport_cpp[0m
[  7%] [32mBuilding C object CMakeFiles/booster_interface__rosidl_generator_c.dir/rosidl_generator_c/booster_interface/msg/detail/imu_state__functions.c.o[0m
[35m[1mConsolidate compiler generated dependencies of target booster_interface__rosidl_typesupport_fastrtps_cpp[0m
[  7%] [32mBuilding C object CMakeFiles/booster_interface__rosidl_generator_c.dir/rosidl_generator_c/booster_interface/msg/detail/raw_bytes_stamped__functions.c.o[0m
[35m[1mConsolidate compiler generated dependencies of target booster_interface__rosidl_typesupport_introspection_cpp[0m
[  8%] [32mBuilding C object CMakeFiles/booster_interface__rosidl_generator_c.dir/rosidl_generator_c/booster_interface/msg/detail/odometer__functions.c.o[0m
[  8%] [32mBuilding C object CMakeFiles/booster_interface__rosidl_generator_c.dir/rosidl_generator_c/booster_interface/msg/detail/hand_dds_msg__functions.c.o[0m
[  9%] [32mBuilding C object CMakeFiles/booster_interface__rosidl_generator_c.dir/rosidl_generator_c/booster_interface/msg/detail/hand_command__functions.c.o[0m
[ 10%] [32mBuilding C object CMakeFiles/booster_interface__rosidl_generator_c.dir/rosidl_generator_c/booster_interface/msg/detail/remote_controller_state__functions.c.o[0m
[ 10%] [32mBuilding C object CMakeFiles/booster_interface__rosidl_generator_c.dir/rosidl_generator_c/booster_interface/msg/detail/fall_down_state__functions.c.o[0m
[ 10%] [32mBuilding CXX object CMakeFiles/booster_interface__rosidl_typesupport_cpp.dir/rosidl_typesupport_cpp/booster_interface/msg/booster_api_req_msg__type_support.cpp.o[0m
[ 11%] [32mBuilding C object CMakeFiles/booster_interface__rosidl_generator_c.dir/rosidl_generator_c/booster_interface/msg/detail/hand_param__functions.c.o[0m
[ 11%] [32mBuilding CXX object CMakeFiles/booster_interface__rosidl_typesupport_fastrtps_cpp.dir/rosidl_typesupport_fastrtps_cpp/booster_interface/msg/detail/dds_fastrtps/booster_api_req_msg__type_support.cpp.o[0m
[ 11%] [32mBuilding CXX object CMakeFiles/booster_interface__rosidl_typesupport_introspection_cpp.dir/rosidl_typesupport_introspection_cpp/booster_interface/msg/detail/booster_api_req_msg__type_support.cpp.o[0m
[ 12%] [32mBuilding CXX object CMakeFiles/booster_interface__rosidl_typesupport_introspection_cpp.dir/rosidl_typesupport_introspection_cpp/booster_interface/msg/detail/booster_api_resp_msg__type_support.cpp.o[0m
[ 12%] [32mBuilding CXX object CMakeFiles/booster_interface__rosidl_typesupport_introspection_cpp.dir/rosidl_typesupport_introspection_cpp/booster_interface/msg/detail/button_event_msg__type_support.cpp.o[0m
[ 13%] [32mBuilding CXX object CMakeFiles/booster_interface__rosidl_typesupport_introspection_cpp.dir/rosidl_typesupport_introspection_cpp/booster_interface/msg/detail/motor_state__type_support.cpp.o[0m
[ 13%] [32mBuilding C object CMakeFiles/booster_interface__rosidl_generator_c.dir/rosidl_generator_c/booster_interface/srv/detail/rpc_service__functions.c.o[0m
[ 14%] [32mBuilding C object CMakeFiles/booster_interface__rosidl_generator_c.dir/rosidl_generator_c/booster_interface/srv/detail/agent_service__functions.c.o[0m
[ 14%] [32mBuilding CXX object CMakeFiles/booster_interface__rosidl_typesupport_fastrtps_cpp.dir/rosidl_typesupport_fastrtps_cpp/booster_interface/msg/detail/dds_fastrtps/button_event_msg__type_support.cpp.o[0m
[ 15%] [32mBuilding CXX object CMakeFiles/booster_interface__rosidl_typesupport_fastrtps_cpp.dir/rosidl_typesupport_fastrtps_cpp/booster_interface/msg/detail/dds_fastrtps/booster_api_resp_msg__type_support.cpp.o[0m
[ 16%] [32mBuilding CXX object CMakeFiles/booster_interface__rosidl_typesupport_introspection_cpp.dir/rosidl_typesupport_introspection_cpp/booster_interface/msg/detail/motor_cmd__type_support.cpp.o[0m
[ 17%] [32mBuilding CXX object CMakeFiles/booster_interface__rosidl_typesupport_fastrtps_cpp.dir/rosidl_typesupport_fastrtps_cpp/booster_interface/msg/detail/dds_fastrtps/motor_state__type_support.cpp.o[0m
[ 17%] [32mBuilding CXX object CMakeFiles/booster_interface__rosidl_typesupport_cpp.dir/rosidl_typesupport_cpp/booster_interface/msg/button_event_msg__type_support.cpp.o[0m
[ 18%] [32mBuilding CXX object CMakeFiles/booster_interface__rosidl_typesupport_cpp.dir/rosidl_typesupport_cpp/booster_interface/msg/booster_api_resp_msg__type_support.cpp.o[0m
[ 19%] [32mBuilding CXX object CMakeFiles/booster_interface__rosidl_typesupport_introspection_cpp.dir/rosidl_typesupport_introspection_cpp/booster_interface/msg/detail/low_cmd__type_support.cpp.o[0m
[ 20%] [32mBuilding CXX object CMakeFiles/booster_interface__rosidl_typesupport_fastrtps_cpp.dir/rosidl_typesupport_fastrtps_cpp/booster_interface/msg/detail/dds_fastrtps/motor_cmd__type_support.cpp.o[0m
[ 20%] [32mBuilding CXX object CMakeFiles/booster_interface__rosidl_typesupport_cpp.dir/rosidl_typesupport_cpp/booster_interface/msg/motor_state__type_support.cpp.o[0m
[ 21%] [32mBuilding CXX object CMakeFiles/booster_interface__rosidl_typesupport_introspection_cpp.dir/rosidl_typesupport_introspection_cpp/booster_interface/msg/detail/imu_state__type_support.cpp.o[0m
[ 22%] [32mBuilding CXX object CMakeFiles/booster_interface__rosidl_typesupport_cpp.dir/rosidl_typesupport_cpp/booster_interface/msg/motor_cmd__type_support.cpp.o[0m
[ 22%] [32mBuilding CXX object CMakeFiles/booster_interface__rosidl_typesupport_introspection_cpp.dir/rosidl_typesupport_introspection_cpp/booster_interface/msg/detail/low_state__type_support.cpp.o[0m
[ 23%] [32m[1mLinking C shared library libbooster_interface__rosidl_generator_c.so[0m
running egg_info
writing booster_interface.egg-info/PKG-INFO
writing dependency_links to booster_interface.egg-info/dependency_links.txt
writing top-level names to booster_interface.egg-info/top_level.txt
reading manifest file 'booster_interface.egg-info/SOURCES.txt'
writing manifest file 'booster_interface.egg-info/SOURCES.txt'
[ 23%] Built target booster_interface__rosidl_generator_c
[ 23%] [32mBuilding CXX object CMakeFiles/booster_interface__rosidl_typesupport_cpp.dir/rosidl_typesupport_cpp/booster_interface/msg/low_cmd__type_support.cpp.o[0m
[ 23%] Built target ament_cmake_python_build_booster_interface_egg
[ 23%] [32mBuilding CXX object CMakeFiles/booster_interface__rosidl_typesupport_fastrtps_cpp.dir/rosidl_typesupport_fastrtps_cpp/booster_interface/msg/detail/dds_fastrtps/low_cmd__type_support.cpp.o[0m
[ 25%] [32mBuilding CXX object CMakeFiles/booster_interface__rosidl_typesupport_fastrtps_cpp.dir/rosidl_typesupport_fastrtps_cpp/booster_interface/msg/detail/dds_fastrtps/imu_state__type_support.cpp.o[0m
[ 25%] [32mBuilding CXX object CMakeFiles/booster_interface__rosidl_typesupport_cpp.dir/rosidl_typesupport_cpp/booster_interface/msg/imu_state__type_support.cpp.o[0m
[ 25%] [32mBuilding CXX object CMakeFiles/booster_interface__rosidl_typesupport_fastrtps_cpp.dir/rosidl_typesupport_fastrtps_cpp/booster_interface/msg/detail/dds_fastrtps/low_state__type_support.cpp.o[0m
[ 26%] [32mBuilding CXX object CMakeFiles/booster_interface__rosidl_typesupport_introspection_cpp.dir/rosidl_typesupport_introspection_cpp/booster_interface/msg/detail/raw_bytes_msg__type_support.cpp.o[0m
[ 27%] [32mBuilding CXX object CMakeFiles/booster_interface__rosidl_typesupport_fastrtps_cpp.dir/rosidl_typesupport_fastrtps_cpp/booster_interface/msg/detail/dds_fastrtps/raw_bytes_msg__type_support.cpp.o[0m
[35m[1mConsolidate compiler generated dependencies of target booster_interface__rosidl_typesupport_fastrtps_c[0m
[ 27%] [32mBuilding CXX object CMakeFiles/booster_interface__rosidl_typesupport_cpp.dir/rosidl_typesupport_cpp/booster_interface/msg/low_state__type_support.cpp.o[0m
[ 27%] [32mBuilding CXX object CMakeFiles/booster_interface__rosidl_typesupport_fastrtps_c.dir/rosidl_typesupport_fastrtps_c/booster_interface/msg/detail/booster_api_req_msg__type_support_c.cpp.o[0m
[ 28%] [32mBuilding CXX object CMakeFiles/booster_interface__rosidl_typesupport_introspection_cpp.dir/rosidl_typesupport_introspection_cpp/booster_interface/msg/detail/raw_bytes_stamped__type_support.cpp.o[0m
[ 29%] [32mBuilding CXX object CMakeFiles/booster_interface__rosidl_typesupport_fastrtps_c.dir/rosidl_typesupport_fastrtps_c/booster_interface/msg/detail/booster_api_resp_msg__type_support_c.cpp.o[0m
[ 29%] [32mBuilding CXX object CMakeFiles/booster_interface__rosidl_typesupport_fastrtps_c.dir/rosidl_typesupport_fastrtps_c/booster_interface/msg/detail/button_event_msg__type_support_c.cpp.o[0m
[ 29%] [32mBuilding CXX object CMakeFiles/booster_interface__rosidl_typesupport_introspection_cpp.dir/rosidl_typesupport_introspection_cpp/booster_interface/msg/detail/odometer__type_support.cpp.o[0m
[35m[1mConsolidate compiler generated dependencies of target booster_interface__rosidl_typesupport_introspection_c[0m
[ 29%] [32mBuilding C object CMakeFiles/booster_interface__rosidl_typesupport_introspection_c.dir/rosidl_typesupport_introspection_c/booster_interface/msg/detail/booster_api_req_msg__type_support.c.o[0m
[ 30%] [32mBuilding CXX object CMakeFiles/booster_interface__rosidl_typesupport_cpp.dir/rosidl_typesupport_cpp/booster_interface/msg/raw_bytes_msg__type_support.cpp.o[0m
[ 31%] [32mBuilding C object CMakeFiles/booster_interface__rosidl_typesupport_introspection_c.dir/rosidl_typesupport_introspection_c/booster_interface/msg/detail/booster_api_resp_msg__type_support.c.o[0m
[ 31%] [32mBuilding C object CMakeFiles/booster_interface__rosidl_typesupport_introspection_c.dir/rosidl_typesupport_introspection_c/booster_interface/msg/detail/button_event_msg__type_support.c.o[0m
[ 32%] [32mBuilding C object CMakeFiles/booster_interface__rosidl_typesupport_introspection_c.dir/rosidl_typesupport_introspection_c/booster_interface/msg/detail/motor_state__type_support.c.o[0m
[ 32%] [32mBuilding CXX object CMakeFiles/booster_interface__rosidl_typesupport_fastrtps_c.dir/rosidl_typesupport_fastrtps_c/booster_interface/msg/detail/motor_cmd__type_support_c.cpp.o[0m
[ 33%] [32mBuilding CXX object CMakeFiles/booster_interface__rosidl_typesupport_fastrtps_c.dir/rosidl_typesupport_fastrtps_c/booster_interface/msg/detail/motor_state__type_support_c.cpp.o[0m
[35m[1mConsolidate compiler generated dependencies of target booster_interface__rosidl_typesupport_c[0m
[ 34%] [32mBuilding C object CMakeFiles/booster_interface__rosidl_typesupport_introspection_c.dir/rosidl_typesupport_introspection_c/booster_interface/msg/detail/low_cmd__type_support.c.o[0m
[ 34%] [32mBuilding C object CMakeFiles/booster_interface__rosidl_typesupport_introspection_c.dir/rosidl_typesupport_introspection_c/booster_interface/msg/detail/motor_cmd__type_support.c.o[0m
[ 35%] [32mBuilding CXX object CMakeFiles/booster_interface__rosidl_typesupport_introspection_cpp.dir/rosidl_typesupport_introspection_cpp/booster_interface/msg/detail/fall_down_state__type_support.cpp.o[0m
[ 36%] [32mBuilding CXX object CMakeFiles/booster_interface__rosidl_typesupport_fastrtps_c.dir/rosidl_typesupport_fastrtps_c/booster_interface/msg/detail/low_cmd__type_support_c.cpp.o[0m
[ 36%] [32mBuilding CXX object CMakeFiles/booster_interface__rosidl_typesupport_c.dir/rosidl_typesupport_c/booster_interface/msg/booster_api_req_msg__type_support.cpp.o[0m
[ 37%] [32mBuilding CXX object CMakeFiles/booster_interface__rosidl_typesupport_c.dir/rosidl_typesupport_c/booster_interface/msg/booster_api_resp_msg__type_support.cpp.o[0m
[ 37%] [32mBuilding CXX object CMakeFiles/booster_interface__rosidl_typesupport_c.dir/rosidl_typesupport_c/booster_interface/msg/button_event_msg__type_support.cpp.o[0m
[ 38%] [32mBuilding CXX object CMakeFiles/booster_interface__rosidl_typesupport_fastrtps_c.dir/rosidl_typesupport_fastrtps_c/booster_interface/msg/detail/imu_state__type_support_c.cpp.o[0m
[ 39%] [32mBuilding CXX object CMakeFiles/booster_interface__rosidl_typesupport_c.dir/rosidl_typesupport_c/booster_interface/msg/motor_state__type_support.cpp.o[0m
[ 39%] [32mBuilding CXX object CMakeFiles/booster_interface__rosidl_typesupport_c.dir/rosidl_typesupport_c/booster_interface/msg/motor_cmd__type_support.cpp.o[0m
[ 40%] [32mBuilding CXX object CMakeFiles/booster_interface__rosidl_typesupport_fastrtps_cpp.dir/rosidl_typesupport_fastrtps_cpp/booster_interface/msg/detail/dds_fastrtps/raw_bytes_stamped__type_support.cpp.o[0m
[ 41%] [32mBuilding C object CMakeFiles/booster_interface__rosidl_typesupport_introspection_c.dir/rosidl_typesupport_introspection_c/booster_interface/msg/detail/imu_state__type_support.c.o[0m
[ 42%] [32mBuilding CXX object CMakeFiles/booster_interface__rosidl_typesupport_cpp.dir/rosidl_typesupport_cpp/booster_interface/msg/raw_bytes_stamped__type_support.cpp.o[0m
[ 42%] [32mBuilding C object CMakeFiles/booster_interface__rosidl_typesupport_introspection_c.dir/rosidl_typesupport_introspection_c/booster_interface/msg/detail/low_state__type_support.c.o[0m
[ 42%] [32mBuilding CXX object CMakeFiles/booster_interface__rosidl_typesupport_fastrtps_c.dir/rosidl_typesupport_fastrtps_c/booster_interface/msg/detail/low_state__type_support_c.cpp.o[0m
[ 43%] [32mBuilding C object CMakeFiles/booster_interface__rosidl_typesupport_introspection_c.dir/rosidl_typesupport_introspection_c/booster_interface/msg/detail/raw_bytes_msg__type_support.c.o[0m
[ 44%] [32mBuilding CXX object CMakeFiles/booster_interface__rosidl_typesupport_c.dir/rosidl_typesupport_c/booster_interface/msg/low_cmd__type_support.cpp.o[0m
[ 45%] [32mBuilding CXX object CMakeFiles/booster_interface__rosidl_typesupport_fastrtps_c.dir/rosidl_typesupport_fastrtps_c/booster_interface/msg/detail/raw_bytes_msg__type_support_c.cpp.o[0m
[ 45%] [32mBuilding CXX object CMakeFiles/booster_interface__rosidl_typesupport_cpp.dir/rosidl_typesupport_cpp/booster_interface/msg/odometer__type_support.cpp.o[0m
[ 45%] [32mBuilding CXX object CMakeFiles/booster_interface__rosidl_typesupport_introspection_cpp.dir/rosidl_typesupport_introspection_cpp/booster_interface/msg/detail/remote_controller_state__type_support.cpp.o[0m
[ 45%] [32mBuilding CXX object CMakeFiles/booster_interface__rosidl_typesupport_fastrtps_c.dir/rosidl_typesupport_fastrtps_c/booster_interface/msg/detail/raw_bytes_stamped__type_support_c.cpp.o[0m
[ 46%] [32mBuilding CXX object CMakeFiles/booster_interface__rosidl_typesupport_c.dir/rosidl_typesupport_c/booster_interface/msg/imu_state__type_support.cpp.o[0m
[ 46%] [32mBuilding CXX object CMakeFiles/booster_interface__rosidl_typesupport_fastrtps_cpp.dir/rosidl_typesupport_fastrtps_cpp/booster_interface/msg/detail/dds_fastrtps/odometer__type_support.cpp.o[0m
[ 46%] [32mBuilding C object CMakeFiles/booster_interface__rosidl_typesupport_introspection_c.dir/rosidl_typesupport_introspection_c/booster_interface/msg/detail/raw_bytes_stamped__type_support.c.o[0m
[ 46%] [32mBuilding CXX object CMakeFiles/booster_interface__rosidl_typesupport_c.dir/rosidl_typesupport_c/booster_interface/msg/low_state__type_support.cpp.o[0m
[ 47%] [32mBuilding CXX object CMakeFiles/booster_interface__rosidl_typesupport_fastrtps_cpp.dir/rosidl_typesupport_fastrtps_cpp/booster_interface/msg/detail/dds_fastrtps/fall_down_state__type_support.cpp.o[0m
[ 48%] [32mBuilding CXX object CMakeFiles/booster_interface__rosidl_typesupport_c.dir/rosidl_typesupport_c/booster_interface/msg/raw_bytes_msg__type_support.cpp.o[0m
[ 48%] [32mBuilding CXX object CMakeFiles/booster_interface__rosidl_typesupport_c.dir/rosidl_typesupport_c/booster_interface/msg/raw_bytes_stamped__type_support.cpp.o[0m
[ 49%] [32mBuilding C object CMakeFiles/booster_interface__rosidl_typesupport_introspection_c.dir/rosidl_typesupport_introspection_c/booster_interface/msg/detail/odometer__type_support.c.o[0m
[ 50%] [32mBuilding CXX object CMakeFiles/booster_interface__rosidl_typesupport_c.dir/rosidl_typesupport_c/booster_interface/msg/odometer__type_support.cpp.o[0m
[ 51%] [32mBuilding CXX object CMakeFiles/booster_interface__rosidl_typesupport_introspection_cpp.dir/rosidl_typesupport_introspection_cpp/booster_interface/msg/detail/hand_command__type_support.cpp.o[0m
[ 52%] [32mBuilding CXX object CMakeFiles/booster_interface__rosidl_typesupport_cpp.dir/rosidl_typesupport_cpp/booster_interface/msg/fall_down_state__type_support.cpp.o[0m
[ 53%] [32mBuilding C object CMakeFiles/booster_interface__rosidl_typesupport_introspection_c.dir/rosidl_typesupport_introspection_c/booster_interface/msg/detail/fall_down_state__type_support.c.o[0m
[ 54%] [32mBuilding CXX object CMakeFiles/booster_interface__rosidl_typesupport_c.dir/rosidl_typesupport_c/booster_interface/msg/fall_down_state__type_support.cpp.o[0m
[ 54%] [32mBuilding C object CMakeFiles/booster_interface__rosidl_typesupport_introspection_c.dir/rosidl_typesupport_introspection_c/booster_interface/msg/detail/remote_controller_state__type_support.c.o[0m
[ 54%] [32mBuilding CXX object CMakeFiles/booster_interface__rosidl_typesupport_c.dir/rosidl_typesupport_c/booster_interface/msg/remote_controller_state__type_support.cpp.o[0m
[ 55%] [32mBuilding CXX object CMakeFiles/booster_interface__rosidl_typesupport_c.dir/rosidl_typesupport_c/booster_interface/msg/hand_command__type_support.cpp.o[0m
[ 55%] [32mBuilding CXX object CMakeFiles/booster_interface__rosidl_typesupport_c.dir/rosidl_typesupport_c/booster_interface/msg/hand_dds_msg__type_support.cpp.o[0m
[ 56%] [32mBuilding C object CMakeFiles/booster_interface__rosidl_typesupport_introspection_c.dir/rosidl_typesupport_introspection_c/booster_interface/msg/detail/hand_command__type_support.c.o[0m
[ 57%] [32mBuilding CXX object CMakeFiles/booster_interface__rosidl_typesupport_introspection_cpp.dir/rosidl_typesupport_introspection_cpp/booster_interface/msg/detail/hand_dds_msg__type_support.cpp.o[0m
[ 57%] [32mBuilding CXX object CMakeFiles/booster_interface__rosidl_typesupport_fastrtps_cpp.dir/rosidl_typesupport_fastrtps_cpp/booster_interface/msg/detail/dds_fastrtps/remote_controller_state__type_support.cpp.o[0m
[ 58%] [32mBuilding CXX object CMakeFiles/booster_interface__rosidl_typesupport_c.dir/rosidl_typesupport_c/booster_interface/msg/hand_param__type_support.cpp.o[0m
[ 59%] [32mBuilding CXX object CMakeFiles/booster_interface__rosidl_typesupport_introspection_cpp.dir/rosidl_typesupport_introspection_cpp/booster_interface/srv/detail/rpc_service__type_support.cpp.o[0m
[ 59%] [32mBuilding CXX object CMakeFiles/booster_interface__rosidl_typesupport_introspection_cpp.dir/rosidl_typesupport_introspection_cpp/booster_interface/msg/detail/hand_param__type_support.cpp.o[0m
[ 60%] [32mBuilding CXX object CMakeFiles/booster_interface__rosidl_typesupport_fastrtps_cpp.dir/rosidl_typesupport_fastrtps_cpp/booster_interface/msg/detail/dds_fastrtps/hand_command__type_support.cpp.o[0m
[ 60%] [32mBuilding C object CMakeFiles/booster_interface__rosidl_typesupport_introspection_c.dir/rosidl_typesupport_introspection_c/booster_interface/msg/detail/hand_dds_msg__type_support.c.o[0m
[ 61%] [32mBuilding CXX object CMakeFiles/booster_interface__rosidl_typesupport_c.dir/rosidl_typesupport_c/booster_interface/srv/rpc_service__type_support.cpp.o[0m
[ 62%] [32mBuilding CXX object CMakeFiles/booster_interface__rosidl_typesupport_fastrtps_cpp.dir/rosidl_typesupport_fastrtps_cpp/booster_interface/msg/detail/dds_fastrtps/hand_dds_msg__type_support.cpp.o[0m
[ 62%] [32mBuilding CXX object CMakeFiles/booster_interface__rosidl_typesupport_c.dir/rosidl_typesupport_c/booster_interface/srv/agent_service__type_support.cpp.o[0m
[ 63%] [32mBuilding C object CMakeFiles/booster_interface__rosidl_typesupport_introspection_c.dir/rosidl_typesupport_introspection_c/booster_interface/msg/detail/hand_param__type_support.c.o[0m
[ 63%] [32mBuilding CXX object CMakeFiles/booster_interface__rosidl_typesupport_introspection_cpp.dir/rosidl_typesupport_introspection_cpp/booster_interface/srv/detail/agent_service__type_support.cpp.o[0m
[ 64%] [32mBuilding CXX object CMakeFiles/booster_interface__rosidl_typesupport_fastrtps_c.dir/rosidl_typesupport_fastrtps_c/booster_interface/msg/detail/odometer__type_support_c.cpp.o[0m
[ 64%] [32mBuilding CXX object CMakeFiles/booster_interface__rosidl_typesupport_cpp.dir/rosidl_typesupport_cpp/booster_interface/msg/remote_controller_state__type_support.cpp.o[0m
[ 65%] [32mBuilding CXX object CMakeFiles/booster_interface__rosidl_typesupport_cpp.dir/rosidl_typesupport_cpp/booster_interface/msg/hand_command__type_support.cpp.o[0m
[ 66%] [32m[1mLinking CXX shared library libbooster_interface__rosidl_typesupport_c.so[0m
[ 67%] [32mBuilding C object CMakeFiles/booster_interface__rosidl_typesupport_introspection_c.dir/rosidl_typesupport_introspection_c/booster_interface/srv/detail/rpc_service__type_support.c.o[0m
[ 68%] [32mBuilding CXX object CMakeFiles/booster_interface__rosidl_typesupport_fastrtps_c.dir/rosidl_typesupport_fastrtps_c/booster_interface/msg/detail/fall_down_state__type_support_c.cpp.o[0m
[ 69%] Built target booster_interface__rosidl_typesupport_c
[ 69%] [32mBuilding CXX object CMakeFiles/booster_interface__rosidl_typesupport_fastrtps_c.dir/rosidl_typesupport_fastrtps_c/booster_interface/msg/detail/remote_controller_state__type_support_c.cpp.o[0m
[ 70%] [32mBuilding CXX object CMakeFiles/booster_interface__rosidl_typesupport_fastrtps_c.dir/rosidl_typesupport_fastrtps_c/booster_interface/msg/detail/hand_command__type_support_c.cpp.o[0m
[ 70%] [32mBuilding C object CMakeFiles/booster_interface__rosidl_typesupport_introspection_c.dir/rosidl_typesupport_introspection_c/booster_interface/srv/detail/agent_service__type_support.c.o[0m
[ 71%] [32mBuilding CXX object CMakeFiles/booster_interface__rosidl_typesupport_cpp.dir/rosidl_typesupport_cpp/booster_interface/msg/hand_dds_msg__type_support.cpp.o[0m
[ 71%] [32mBuilding CXX object CMakeFiles/booster_interface__rosidl_typesupport_fastrtps_cpp.dir/rosidl_typesupport_fastrtps_cpp/booster_interface/msg/detail/dds_fastrtps/hand_param__type_support.cpp.o[0m
[ 71%] [32mBuilding CXX object CMakeFiles/booster_interface__rosidl_typesupport_cpp.dir/rosidl_typesupport_cpp/booster_interface/msg/hand_param__type_support.cpp.o[0m
[ 72%] [32mBuilding CXX object CMakeFiles/booster_interface__rosidl_typesupport_fastrtps_cpp.dir/rosidl_typesupport_fastrtps_cpp/booster_interface/srv/detail/dds_fastrtps/rpc_service__type_support.cpp.o[0m
[ 73%] [32m[1mLinking C shared library libbooster_interface__rosidl_typesupport_introspection_c.so[0m
[ 74%] [32mBuilding CXX object CMakeFiles/booster_interface__rosidl_typesupport_cpp.dir/rosidl_typesupport_cpp/booster_interface/srv/rpc_service__type_support.cpp.o[0m
[ 74%] [32mBuilding CXX object CMakeFiles/booster_interface__rosidl_typesupport_fastrtps_c.dir/rosidl_typesupport_fastrtps_c/booster_interface/msg/detail/hand_dds_msg__type_support_c.cpp.o[0m
[ 75%] Built target booster_interface__rosidl_typesupport_introspection_c
[ 75%] [32mBuilding CXX object CMakeFiles/booster_interface__rosidl_typesupport_cpp.dir/rosidl_typesupport_cpp/booster_interface/srv/agent_service__type_support.cpp.o[0m
[ 76%] [32mBuilding CXX object CMakeFiles/booster_interface__rosidl_typesupport_fastrtps_c.dir/rosidl_typesupport_fastrtps_c/booster_interface/msg/detail/hand_param__type_support_c.cpp.o[0m
[ 77%] [32mBuilding CXX object CMakeFiles/booster_interface__rosidl_typesupport_fastrtps_c.dir/rosidl_typesupport_fastrtps_c/booster_interface/srv/detail/rpc_service__type_support_c.cpp.o[0m
[ 77%] [32mBuilding CXX object CMakeFiles/booster_interface__rosidl_typesupport_fastrtps_cpp.dir/rosidl_typesupport_fastrtps_cpp/booster_interface/srv/detail/dds_fastrtps/agent_service__type_support.cpp.o[0m
[ 77%] [32mBuilding CXX object CMakeFiles/booster_interface__rosidl_typesupport_fastrtps_c.dir/rosidl_typesupport_fastrtps_c/booster_interface/srv/detail/agent_service__type_support_c.cpp.o[0m
[ 78%] [32m[1mLinking CXX shared library libbooster_interface__rosidl_typesupport_introspection_cpp.so[0m
[ 79%] Built target booster_interface__rosidl_typesupport_introspection_cpp
[ 80%] [32m[1mLinking CXX shared library libbooster_interface__rosidl_typesupport_cpp.so[0m
[ 81%] Built target booster_interface__rosidl_typesupport_cpp
[ 82%] [32m[1mLinking CXX shared library libbooster_interface__rosidl_typesupport_fastrtps_c.so[0m
[ 83%] Built target booster_interface__rosidl_typesupport_fastrtps_c
[ 84%] [32m[1mLinking CXX shared library libbooster_interface__rosidl_typesupport_fastrtps_cpp.so[0m
[ 85%] Built target booster_interface__rosidl_typesupport_fastrtps_cpp
[ 85%] Built target booster_interface
[ 86%] Built target booster_interface__py
[35m[1mConsolidate compiler generated dependencies of target booster_interface__rosidl_generator_py[0m
[ 87%] [32mBuilding C object CMakeFiles/booster_interface__rosidl_generator_py.dir/rosidl_generator_py/booster_interface/msg/_motor_cmd_s.c.o[0m
[ 87%] [32mBuilding C object CMakeFiles/booster_interface__rosidl_generator_py.dir/rosidl_generator_py/booster_interface/msg/_button_event_msg_s.c.o[0m
[ 87%] [32mBuilding C object CMakeFiles/booster_interface__rosidl_generator_py.dir/rosidl_generator_py/booster_interface/msg/_booster_api_req_msg_s.c.o[0m
[ 87%] [32mBuilding C object CMakeFiles/booster_interface__rosidl_generator_py.dir/rosidl_generator_py/booster_interface/msg/_low_state_s.c.o[0m
[ 88%] [32mBuilding C object CMakeFiles/booster_interface__rosidl_generator_py.dir/rosidl_generator_py/booster_interface/msg/_motor_state_s.c.o[0m
[ 89%] [32mBuilding C object CMakeFiles/booster_interface__rosidl_generator_py.dir/rosidl_generator_py/booster_interface/msg/_raw_bytes_msg_s.c.o[0m
[ 90%] [32mBuilding C object CMakeFiles/booster_interface__rosidl_generator_py.dir/rosidl_generator_py/booster_interface/msg/_raw_bytes_stamped_s.c.o[0m
[ 90%] [32mBuilding C object CMakeFiles/booster_interface__rosidl_generator_py.dir/rosidl_generator_py/booster_interface/msg/_low_cmd_s.c.o[0m
[ 92%] [32mBuilding C object CMakeFiles/booster_interface__rosidl_generator_py.dir/rosidl_generator_py/booster_interface/msg/_booster_api_resp_msg_s.c.o[0m
[ 92%] [32mBuilding C object CMakeFiles/booster_interface__rosidl_generator_py.dir/rosidl_generator_py/booster_interface/msg/_fall_down_state_s.c.o[0m
[ 93%] [32mBuilding C object CMakeFiles/booster_interface__rosidl_generator_py.dir/rosidl_generator_py/booster_interface/msg/_hand_command_s.c.o[0m
[ 94%] [32mBuilding C object CMakeFiles/booster_interface__rosidl_generator_py.dir/rosidl_generator_py/booster_interface/msg/_hand_dds_msg_s.c.o[0m
[ 94%] [32mBuilding C object CMakeFiles/booster_interface__rosidl_generator_py.dir/rosidl_generator_py/booster_interface/msg/_odometer_s.c.o[0m
[ 94%] [32mBuilding C object CMakeFiles/booster_interface__rosidl_generator_py.dir/rosidl_generator_py/booster_interface/msg/_remote_controller_state_s.c.o[0m
[ 95%] [32mBuilding C object CMakeFiles/booster_interface__rosidl_generator_py.dir/rosidl_generator_py/booster_interface/msg/_imu_state_s.c.o[0m
[ 96%] [32mBuilding C object CMakeFiles/booster_interface__rosidl_generator_py.dir/rosidl_generator_py/booster_interface/srv/_rpc_service_s.c.o[0m
[ 96%] [32mBuilding C object CMakeFiles/booster_interface__rosidl_generator_py.dir/rosidl_generator_py/booster_interface/msg/_hand_param_s.c.o[0m
[ 96%] [32mBuilding C object CMakeFiles/booster_interface__rosidl_generator_py.dir/rosidl_generator_py/booster_interface/srv/_agent_service_s.c.o[0m
[ 97%] [32m[1mLinking C shared library rosidl_generator_py/booster_interface/libbooster_interface__rosidl_generator_py.so[0m
[ 97%] Built target booster_interface__rosidl_generator_py
[35m[1mConsolidate compiler generated dependencies of target booster_interface__rosidl_typesupport_c__pyext[0m
[35m[1mConsolidate compiler generated dependencies of target booster_interface__rosidl_typesupport_introspection_c__pyext[0m
[35m[1mConsolidate compiler generated dependencies of target booster_interface__rosidl_typesupport_fastrtps_c__pyext[0m
[ 97%] [32mBuilding C object CMakeFiles/booster_interface__rosidl_typesupport_fastrtps_c__pyext.dir/rosidl_generator_py/booster_interface/_booster_interface_s.ep.rosidl_typesupport_fastrtps_c.c.o[0m
[ 97%] [32mBuilding C object CMakeFiles/booster_interface__rosidl_typesupport_introspection_c__pyext.dir/rosidl_generator_py/booster_interface/_booster_interface_s.ep.rosidl_typesupport_introspection_c.c.o[0m
[ 97%] [32mBuilding C object CMakeFiles/booster_interface__rosidl_typesupport_c__pyext.dir/rosidl_generator_py/booster_interface/_booster_interface_s.ep.rosidl_typesupport_c.c.o[0m
[ 99%] [32m[1mLinking C shared library rosidl_generator_py/booster_interface/booster_interface_s__rosidl_typesupport_c.cpython-310-x86_64-linux-gnu.so[0m
[ 99%] [32m[1mLinking C shared library rosidl_generator_py/booster_interface/booster_interface_s__rosidl_typesupport_fastrtps_c.cpython-310-x86_64-linux-gnu.so[0m
[100%] [32m[1mLinking C shared library rosidl_generator_py/booster_interface/booster_interface_s__rosidl_typesupport_introspection_c.cpython-310-x86_64-linux-gnu.so[0m
[100%] Built target booster_interface__rosidl_typesupport_fastrtps_c__pyext
[100%] Built target booster_interface__rosidl_typesupport_introspection_c__pyext
[100%] Built target booster_interface__rosidl_typesupport_c__pyext
-- Install configuration: "Release"
-- Execute custom install script
-- Up-to-date symlink: /workspace/hsl-player/install/booster_interface/share/ament_index/resource_index/rosidl_interfaces/booster_interface
-- Up-to-date symlink: /workspace/hsl-player/install/booster_interface/include/booster_interface/booster_interface/msg/booster_api_req_msg.h
-- Up-to-date symlink: /workspace/hsl-player/install/booster_interface/include/booster_interface/booster_interface/msg/booster_api_resp_msg.h
-- Up-to-date symlink: /workspace/hsl-player/install/booster_interface/include/booster_interface/booster_interface/msg/button_event_msg.h
-- Up-to-date symlink: /workspace/hsl-player/install/booster_interface/include/booster_interface/booster_interface/msg/detail/booster_api_req_msg__functions.h
-- Up-to-date symlink: /workspace/hsl-player/install/booster_interface/include/booster_interface/booster_interface/msg/detail/booster_api_req_msg__struct.h
-- Up-to-date symlink: /workspace/hsl-player/install/booster_interface/include/booster_interface/booster_interface/msg/detail/booster_api_req_msg__type_support.h
-- Up-to-date symlink: /workspace/hsl-player/install/booster_interface/include/booster_interface/booster_interface/msg/detail/booster_api_resp_msg__functions.h
-- Up-to-date symlink: /workspace/hsl-player/install/booster_interface/include/booster_interface/booster_interface/msg/detail/booster_api_resp_msg__struct.h
-- Up-to-date symlink: /workspace/hsl-player/install/booster_interface/include/booster_interface/booster_interface/msg/detail/booster_api_resp_msg__type_support.h
-- Up-to-date symlink: /workspace/hsl-player/install/booster_interface/include/booster_interface/booster_interface/msg/detail/button_event_msg__functions.h
-- Up-to-date symlink: /workspace/hsl-player/install/booster_interface/include/booster_interface/booster_interface/msg/detail/button_event_msg__struct.h
-- Up-to-date symlink: /workspace/hsl-player/install/booster_interface/include/booster_interface/booster_interface/msg/detail/button_event_msg__type_support.h
-- Up-to-date symlink: /workspace/hsl-player/install/booster_interface/include/booster_interface/booster_interface/msg/detail/fall_down_state__functions.h
-- Up-to-date symlink: /workspace/hsl-player/install/booster_interface/include/booster_interface/booster_interface/msg/detail/fall_down_state__struct.h
-- Up-to-date symlink: /workspace/hsl-player/install/booster_interface/include/booster_interface/booster_interface/msg/detail/fall_down_state__type_support.h
-- Up-to-date symlink: /workspace/hsl-player/install/booster_interface/include/booster_interface/booster_interface/msg/detail/hand_command__functions.h
-- Up-to-date symlink: /workspace/hsl-player/install/booster_interface/include/booster_interface/booster_interface/msg/detail/hand_command__struct.h
-- Up-to-date symlink: /workspace/hsl-player/install/booster_interface/include/booster_interface/booster_interface/msg/detail/hand_command__type_support.h
-- Up-to-date symlink: /workspace/hsl-player/install/booster_interface/include/booster_interface/booster_interface/msg/detail/hand_dds_msg__functions.h
-- Up-to-date symlink: /workspace/hsl-player/install/booster_interface/include/booster_interface/booster_interface/msg/detail/hand_dds_msg__struct.h
-- Up-to-date symlink: /workspace/hsl-player/install/booster_interface/include/booster_interface/booster_interface/msg/detail/hand_dds_msg__type_support.h
-- Up-to-date symlink: /workspace/hsl-player/install/booster_interface/include/booster_interface/booster_interface/msg/detail/hand_param__functions.h
-- Up-to-date symlink: /workspace/hsl-player/install/booster_interface/include/booster_interface/booster_interface/msg/detail/hand_param__struct.h
-- Up-to-date symlink: /workspace/hsl-player/install/booster_interface/include/booster_interface/booster_interface/msg/detail/hand_param__type_support.h
-- Up-to-date symlink: /workspace/hsl-player/install/booster_interface/include/booster_interface/booster_interface/msg/detail/imu_state__functions.h
-- Up-to-date symlink: /workspace/hsl-player/install/booster_interface/include/booster_interface/booster_interface/msg/detail/imu_state__struct.h
-- Up-to-date symlink: /workspace/hsl-player/install/booster_interface/include/booster_interface/booster_interface/msg/detail/imu_state__type_support.h
-- Up-to-date symlink: /workspace/hsl-player/install/booster_interface/include/booster_interface/booster_interface/msg/detail/low_cmd__functions.h
-- Up-to-date symlink: /workspace/hsl-player/install/booster_interface/include/booster_interface/booster_interface/msg/detail/low_cmd__struct.h
-- Up-to-date symlink: /workspace/hsl-player/install/booster_interface/include/booster_interface/booster_interface/msg/detail/low_cmd__type_support.h
-- Up-to-date symlink: /workspace/hsl-player/install/booster_interface/include/booster_interface/booster_interface/msg/detail/low_state__functions.h
-- Up-to-date symlink: /workspace/hsl-player/install/booster_interface/include/booster_interface/booster_interface/msg/detail/low_state__struct.h
-- Up-to-date symlink: /workspace/hsl-player/install/booster_interface/include/booster_interface/booster_interface/msg/detail/low_state__type_support.h
-- Up-to-date symlink: /workspace/hsl-player/install/booster_interface/include/booster_interface/booster_interface/msg/detail/motor_cmd__functions.h
-- Up-to-date symlink: /workspace/hsl-player/install/booster_interface/include/booster_interface/booster_interface/msg/detail/motor_cmd__struct.h
-- Up-to-date symlink: /workspace/hsl-player/install/booster_interface/include/booster_interface/booster_interface/msg/detail/motor_cmd__type_support.h
-- Up-to-date symlink: /workspace/hsl-player/install/booster_interface/include/booster_interface/booster_interface/msg/detail/motor_state__functions.h
-- Up-to-date symlink: /workspace/hsl-player/install/booster_interface/include/booster_interface/booster_interface/msg/detail/motor_state__struct.h
-- Up-to-date symlink: /workspace/hsl-player/install/booster_interface/include/booster_interface/booster_interface/msg/detail/motor_state__type_support.h
-- Up-to-date symlink: /workspace/hsl-player/install/booster_interface/include/booster_interface/booster_interface/msg/detail/odometer__functions.h
-- Up-to-date symlink: /workspace/hsl-player/install/booster_interface/include/booster_interface/booster_interface/msg/detail/odometer__struct.h
-- Up-to-date symlink: /workspace/hsl-player/install/booster_interface/include/booster_interface/booster_interface/msg/detail/odometer__type_support.h
-- Up-to-date symlink: /workspace/hsl-player/install/booster_interface/include/booster_interface/booster_interface/msg/detail/raw_bytes_msg__functions.h
-- Up-to-date symlink: /workspace/hsl-player/install/booster_interface/include/booster_interface/booster_interface/msg/detail/raw_bytes_msg__struct.h
-- Up-to-date symlink: /workspace/hsl-player/install/booster_interface/include/booster_interface/booster_interface/msg/detail/raw_bytes_msg__type_support.h
-- Up-to-date symlink: /workspace/hsl-player/install/booster_interface/include/booster_interface/booster_interface/msg/detail/raw_bytes_stamped__functions.h
-- Up-to-date symlink: /workspace/hsl-player/install/booster_interface/include/booster_interface/booster_interface/msg/detail/raw_bytes_stamped__struct.h
-- Up-to-date symlink: /workspace/hsl-player/install/booster_interface/include/booster_interface/booster_interface/msg/detail/raw_bytes_stamped__type_support.h
-- Up-to-date symlink: /workspace/hsl-player/install/booster_interface/include/booster_interface/booster_interface/msg/detail/remote_controller_state__functions.h
-- Up-to-date symlink: /workspace/hsl-player/install/booster_interface/include/booster_interface/booster_interface/msg/detail/remote_controller_state__struct.h
-- Up-to-date symlink: /workspace/hsl-player/install/booster_interface/include/booster_interface/booster_interface/msg/detail/remote_controller_state__type_support.h
-- Up-to-date symlink: /workspace/hsl-player/install/booster_interface/include/booster_interface/booster_interface/msg/fall_down_state.h
-- Up-to-date symlink: /workspace/hsl-player/install/booster_interface/include/booster_interface/booster_interface/msg/hand_command.h
-- Up-to-date symlink: /workspace/hsl-player/install/booster_interface/include/booster_interface/booster_interface/msg/hand_dds_msg.h
-- Up-to-date symlink: /workspace/hsl-player/install/booster_interface/include/booster_interface/booster_interface/msg/hand_param.h
-- Up-to-date symlink: /workspace/hsl-player/install/booster_interface/include/booster_interface/booster_interface/msg/imu_state.h
-- Up-to-date symlink: /workspace/hsl-player/install/booster_interface/include/booster_interface/booster_interface/msg/low_cmd.h
-- Up-to-date symlink: /workspace/hsl-player/install/booster_interface/include/booster_interface/booster_interface/msg/low_state.h
-- Up-to-date symlink: /workspace/hsl-player/install/booster_interface/include/booster_interface/booster_interface/msg/motor_cmd.h
-- Up-to-date symlink: /workspace/hsl-player/install/booster_interface/include/booster_interface/booster_interface/msg/motor_state.h
-- Up-to-date symlink: /workspace/hsl-player/install/booster_interface/include/booster_interface/booster_interface/msg/odometer.h
-- Up-to-date symlink: /workspace/hsl-player/install/booster_interface/include/booster_interface/booster_interface/msg/raw_bytes_msg.h
-- Up-to-date symlink: /workspace/hsl-player/install/booster_interface/include/booster_interface/booster_interface/msg/raw_bytes_stamped.h
-- Up-to-date symlink: /workspace/hsl-player/install/booster_interface/include/booster_interface/booster_interface/msg/remote_controller_state.h
-- Up-to-date symlink: /workspace/hsl-player/install/booster_interface/include/booster_interface/booster_interface/msg/rosidl_generator_c__visibility_control.h
-- Up-to-date symlink: /workspace/hsl-player/install/booster_interface/include/booster_interface/booster_interface/srv/agent_service.h
-- Up-to-date symlink: /workspace/hsl-player/install/booster_interface/include/booster_interface/booster_interface/srv/detail/agent_service__functions.h
-- Up-to-date symlink: /workspace/hsl-player/install/booster_interface/include/booster_interface/booster_interface/srv/detail/agent_service__struct.h
-- Up-to-date symlink: /workspace/hsl-player/install/booster_interface/include/booster_interface/booster_interface/srv/detail/agent_service__type_support.h
-- Up-to-date symlink: /workspace/hsl-player/install/booster_interface/include/booster_interface/booster_interface/srv/detail/rpc_service__functions.h
-- Up-to-date symlink: /workspace/hsl-player/install/booster_interface/include/booster_interface/booster_interface/srv/detail/rpc_service__struct.h
-- Up-to-date symlink: /workspace/hsl-player/install/booster_interface/include/booster_interface/booster_interface/srv/detail/rpc_service__type_support.h
-- Up-to-date symlink: /workspace/hsl-player/install/booster_interface/include/booster_interface/booster_interface/srv/rpc_service.h
-- Up-to-date symlink: /workspace/hsl-player/install/booster_interface/share/booster_interface/environment/library_path.sh
-- Up-to-date symlink: /workspace/hsl-player/install/booster_interface/share/booster_interface/environment/library_path.dsv
-- Up-to-date symlink: /workspace/hsl-player/install/booster_interface/include/booster_interface/booster_interface/msg/detail/booster_api_req_msg__rosidl_typesupport_fastrtps_c.h
-- Up-to-date symlink: /workspace/hsl-player/install/booster_interface/include/booster_interface/booster_interface/msg/detail/booster_api_resp_msg__rosidl_typesupport_fastrtps_c.h
-- Up-to-date symlink: /workspace/hsl-player/install/booster_interface/include/booster_interface/booster_interface/msg/detail/button_event_msg__rosidl_typesupport_fastrtps_c.h
-- Up-to-date symlink: /workspace/hsl-player/install/booster_interface/include/booster_interface/booster_interface/msg/detail/fall_down_state__rosidl_typesupport_fastrtps_c.h
-- Up-to-date symlink: /workspace/hsl-player/install/booster_interface/include/booster_interface/booster_interface/msg/detail/hand_command__rosidl_typesupport_fastrtps_c.h
-- Up-to-date symlink: /workspace/hsl-player/install/booster_interface/include/booster_interface/booster_interface/msg/detail/hand_dds_msg__rosidl_typesupport_fastrtps_c.h
-- Up-to-date symlink: /workspace/hsl-player/install/booster_interface/include/booster_interface/booster_interface/msg/detail/hand_param__rosidl_typesupport_fastrtps_c.h
-- Up-to-date symlink: /workspace/hsl-player/install/booster_interface/include/booster_interface/booster_interface/msg/detail/imu_state__rosidl_typesupport_fastrtps_c.h
-- Up-to-date symlink: /workspace/hsl-player/install/booster_interface/include/booster_interface/booster_interface/msg/detail/low_cmd__rosidl_typesupport_fastrtps_c.h
-- Up-to-date symlink: /workspace/hsl-player/install/booster_interface/include/booster_interface/booster_interface/msg/detail/low_state__rosidl_typesupport_fastrtps_c.h
-- Up-to-date symlink: /workspace/hsl-player/install/booster_interface/include/booster_interface/booster_interface/msg/detail/motor_cmd__rosidl_typesupport_fastrtps_c.h
-- Up-to-date symlink: /workspace/hsl-player/install/booster_interface/include/booster_interface/booster_interface/msg/detail/motor_state__rosidl_typesupport_fastrtps_c.h
-- Up-to-date symlink: /workspace/hsl-player/install/booster_interface/include/booster_interface/booster_interface/msg/detail/odometer__rosidl_typesupport_fastrtps_c.h
-- Up-to-date symlink: /workspace/hsl-player/install/booster_interface/include/booster_interface/booster_interface/msg/detail/raw_bytes_msg__rosidl_typesupport_fastrtps_c.h
-- Up-to-date symlink: /workspace/hsl-player/install/booster_interface/include/booster_interface/booster_interface/msg/detail/raw_bytes_stamped__rosidl_typesupport_fastrtps_c.h
-- Up-to-date symlink: /workspace/hsl-player/install/booster_interface/include/booster_interface/booster_interface/msg/detail/remote_controller_state__rosidl_typesupport_fastrtps_c.h
-- Up-to-date symlink: /workspace/hsl-player/install/booster_interface/include/booster_interface/booster_interface/msg/rosidl_typesupport_fastrtps_c__visibility_control.h
-- Up-to-date symlink: /workspace/hsl-player/install/booster_interface/include/booster_interface/booster_interface/srv/detail/agent_service__rosidl_typesupport_fastrtps_c.h
-- Up-to-date symlink: /workspace/hsl-player/install/booster_interface/include/booster_interface/booster_interface/srv/detail/rpc_service__rosidl_typesupport_fastrtps_c.h
-- Up-to-date symlink: /workspace/hsl-player/install/booster_interface/include/booster_interface/booster_interface/msg/booster_api_req_msg.hpp
-- Up-to-date symlink: /workspace/hsl-player/install/booster_interface/include/booster_interface/booster_interface/msg/booster_api_resp_msg.hpp
-- Up-to-date symlink: /workspace/hsl-player/install/booster_interface/include/booster_interface/booster_interface/msg/button_event_msg.hpp
-- Up-to-date symlink: /workspace/hsl-player/install/booster_interface/include/booster_interface/booster_interface/msg/detail/booster_api_req_msg__builder.hpp
-- Up-to-date symlink: /workspace/hsl-player/install/booster_interface/include/booster_interface/booster_interface/msg/detail/booster_api_req_msg__struct.hpp
-- Up-to-date symlink: /workspace/hsl-player/install/booster_interface/include/booster_interface/booster_interface/msg/detail/booster_api_req_msg__traits.hpp
-- Up-to-date symlink: /workspace/hsl-player/install/booster_interface/include/booster_interface/booster_interface/msg/detail/booster_api_req_msg__type_support.hpp
-- Up-to-date symlink: /workspace/hsl-player/install/booster_interface/include/booster_interface/booster_interface/msg/detail/booster_api_resp_msg__builder.hpp
-- Up-to-date symlink: /workspace/hsl-player/install/booster_interface/include/booster_interface/booster_interface/msg/detail/booster_api_resp_msg__struct.hpp
-- Up-to-date symlink: /workspace/hsl-player/install/booster_interface/include/booster_interface/booster_interface/msg/detail/booster_api_resp_msg__traits.hpp
-- Up-to-date symlink: /workspace/hsl-player/install/booster_interface/include/booster_interface/booster_interface/msg/detail/booster_api_resp_msg__type_support.hpp
-- Up-to-date symlink: /workspace/hsl-player/install/booster_interface/include/booster_interface/booster_interface/msg/detail/button_event_msg__builder.hpp
-- Up-to-date symlink: /workspace/hsl-player/install/booster_interface/include/booster_interface/booster_interface/msg/detail/button_event_msg__struct.hpp
-- Up-to-date symlink: /workspace/hsl-player/install/booster_interface/include/booster_interface/booster_interface/msg/detail/button_event_msg__traits.hpp
-- Up-to-date symlink: /workspace/hsl-player/install/booster_interface/include/booster_interface/booster_interface/msg/detail/button_event_msg__type_support.hpp
-- Up-to-date symlink: /workspace/hsl-player/install/booster_interface/include/booster_interface/booster_interface/msg/detail/fall_down_state__builder.hpp
-- Up-to-date symlink: /workspace/hsl-player/install/booster_interface/include/booster_interface/booster_interface/msg/detail/fall_down_state__struct.hpp
-- Up-to-date symlink: /workspace/hsl-player/install/booster_interface/include/booster_interface/booster_interface/msg/detail/fall_down_state__traits.hpp
-- Up-to-date symlink: /workspace/hsl-player/install/booster_interface/include/booster_interface/booster_interface/msg/detail/fall_down_state__type_support.hpp
-- Up-to-date symlink: /workspace/hsl-player/install/booster_interface/include/booster_interface/booster_interface/msg/detail/hand_command__builder.hpp
-- Up-to-date symlink: /workspace/hsl-player/install/booster_interface/include/booster_interface/booster_interface/msg/detail/hand_command__struct.hpp
-- Up-to-date symlink: /workspace/hsl-player/install/booster_interface/include/booster_interface/booster_interface/msg/detail/hand_command__traits.hpp
-- Up-to-date symlink: /workspace/hsl-player/install/booster_interface/include/booster_interface/booster_interface/msg/detail/hand_command__type_support.hpp
-- Up-to-date symlink: /workspace/hsl-player/install/booster_interface/include/booster_interface/booster_interface/msg/detail/hand_dds_msg__builder.hpp
-- Up-to-date symlink: /workspace/hsl-player/install/booster_interface/include/booster_interface/booster_interface/msg/detail/hand_dds_msg__struct.hpp
-- Up-to-date symlink: /workspace/hsl-player/install/booster_interface/include/booster_interface/booster_interface/msg/detail/hand_dds_msg__traits.hpp
-- Up-to-date symlink: /workspace/hsl-player/install/booster_interface/include/booster_interface/booster_interface/msg/detail/hand_dds_msg__type_support.hpp
-- Up-to-date symlink: /workspace/hsl-player/install/booster_interface/include/booster_interface/booster_interface/msg/detail/hand_param__builder.hpp
-- Up-to-date symlink: /workspace/hsl-player/install/booster_interface/include/booster_interface/booster_interface/msg/detail/hand_param__struct.hpp
-- Up-to-date symlink: /workspace/hsl-player/install/booster_interface/include/booster_interface/booster_interface/msg/detail/hand_param__traits.hpp
-- Up-to-date symlink: /workspace/hsl-player/install/booster_interface/include/booster_interface/booster_interface/msg/detail/hand_param__type_support.hpp
-- Up-to-date symlink: /workspace/hsl-player/install/booster_interface/include/booster_interface/booster_interface/msg/detail/imu_state__builder.hpp
-- Up-to-date symlink: /workspace/hsl-player/install/booster_interface/include/booster_interface/booster_interface/msg/detail/imu_state__struct.hpp
-- Up-to-date symlink: /workspace/hsl-player/install/booster_interface/include/booster_interface/booster_interface/msg/detail/imu_state__traits.hpp
-- Up-to-date symlink: /workspace/hsl-player/install/booster_interface/include/booster_interface/booster_interface/msg/detail/imu_state__type_support.hpp
-- Up-to-date symlink: /workspace/hsl-player/install/booster_interface/include/booster_interface/booster_interface/msg/detail/low_cmd__builder.hpp
-- Up-to-date symlink: /workspace/hsl-player/install/booster_interface/include/booster_interface/booster_interface/msg/detail/low_cmd__struct.hpp
-- Up-to-date symlink: /workspace/hsl-player/install/booster_interface/include/booster_interface/booster_interface/msg/detail/low_cmd__traits.hpp
-- Up-to-date symlink: /workspace/hsl-player/install/booster_interface/include/booster_interface/booster_interface/msg/detail/low_cmd__type_support.hpp
-- Up-to-date symlink: /workspace/hsl-player/install/booster_interface/include/booster_interface/booster_interface/msg/detail/low_state__builder.hpp
-- Up-to-date symlink: /workspace/hsl-player/install/booster_interface/include/booster_interface/booster_interface/msg/detail/low_state__struct.hpp
-- Up-to-date symlink: /workspace/hsl-player/install/booster_interface/include/booster_interface/booster_interface/msg/detail/low_state__traits.hpp
-- Up-to-date symlink: /workspace/hsl-player/install/booster_interface/include/booster_interface/booster_interface/msg/detail/low_state__type_support.hpp
-- Up-to-date symlink: /workspace/hsl-player/install/booster_interface/include/booster_interface/booster_interface/msg/detail/motor_cmd__builder.hpp
-- Up-to-date symlink: /workspace/hsl-player/install/booster_interface/include/booster_interface/booster_interface/msg/detail/motor_cmd__struct.hpp
-- Up-to-date symlink: /workspace/hsl-player/install/booster_interface/include/booster_interface/booster_interface/msg/detail/motor_cmd__traits.hpp
-- Up-to-date symlink: /workspace/hsl-player/install/booster_interface/include/booster_interface/booster_interface/msg/detail/motor_cmd__type_support.hpp
-- Up-to-date symlink: /workspace/hsl-player/install/booster_interface/include/booster_interface/booster_interface/msg/detail/motor_state__builder.hpp
-- Up-to-date symlink: /workspace/hsl-player/install/booster_interface/include/booster_interface/booster_interface/msg/detail/motor_state__struct.hpp
-- Up-to-date symlink: /workspace/hsl-player/install/booster_interface/include/booster_interface/booster_interface/msg/detail/motor_state__traits.hpp
-- Up-to-date symlink: /workspace/hsl-player/install/booster_interface/include/booster_interface/booster_interface/msg/detail/motor_state__type_support.hpp
-- Up-to-date symlink: /workspace/hsl-player/install/booster_interface/include/booster_interface/booster_interface/msg/detail/odometer__builder.hpp
-- Up-to-date symlink: /workspace/hsl-player/install/booster_interface/include/booster_interface/booster_interface/msg/detail/odometer__struct.hpp
-- Up-to-date symlink: /workspace/hsl-player/install/booster_interface/include/booster_interface/booster_interface/msg/detail/odometer__traits.hpp
-- Up-to-date symlink: /workspace/hsl-player/install/booster_interface/include/booster_interface/booster_interface/msg/detail/odometer__type_support.hpp
-- Up-to-date symlink: /workspace/hsl-player/install/booster_interface/include/booster_interface/booster_interface/msg/detail/raw_bytes_msg__builder.hpp
-- Up-to-date symlink: /workspace/hsl-player/install/booster_interface/include/booster_interface/booster_interface/msg/detail/raw_bytes_msg__struct.hpp
-- Up-to-date symlink: /workspace/hsl-player/install/booster_interface/include/booster_interface/booster_interface/msg/detail/raw_bytes_msg__traits.hpp
-- Up-to-date symlink: /workspace/hsl-player/install/booster_interface/include/booster_interface/booster_interface/msg/detail/raw_bytes_msg__type_support.hpp
-- Up-to-date symlink: /workspace/hsl-player/install/booster_interface/include/booster_interface/booster_interface/msg/detail/raw_bytes_stamped__builder.hpp
-- Up-to-date symlink: /workspace/hsl-player/install/booster_interface/include/booster_interface/booster_interface/msg/detail/raw_bytes_stamped__struct.hpp
-- Up-to-date symlink: /workspace/hsl-player/install/booster_interface/include/booster_interface/booster_interface/msg/detail/raw_bytes_stamped__traits.hpp
-- Up-to-date symlink: /workspace/hsl-player/install/booster_interface/include/booster_interface/booster_interface/msg/detail/raw_bytes_stamped__type_support.hpp
-- Up-to-date symlink: /workspace/hsl-player/install/booster_interface/include/booster_interface/booster_interface/msg/detail/remote_controller_state__builder.hpp
-- Up-to-date symlink: /workspace/hsl-player/install/booster_interface/include/booster_interface/booster_interface/msg/detail/remote_controller_state__struct.hpp
-- Up-to-date symlink: /workspace/hsl-player/install/booster_interface/include/booster_interface/booster_interface/msg/detail/remote_controller_state__traits.hpp
-- Up-to-date symlink: /workspace/hsl-player/install/booster_interface/include/booster_interface/booster_interface/msg/detail/remote_controller_state__type_support.hpp
-- Up-to-date symlink: /workspace/hsl-player/install/booster_interface/include/booster_interface/booster_interface/msg/fall_down_state.hpp
-- Up-to-date symlink: /workspace/hsl-player/install/booster_interface/include/booster_interface/booster_interface/msg/hand_command.hpp
-- Up-to-date symlink: /workspace/hsl-player/install/booster_interface/include/booster_interface/booster_interface/msg/hand_dds_msg.hpp
-- Up-to-date symlink: /workspace/hsl-player/install/booster_interface/include/booster_interface/booster_interface/msg/hand_param.hpp
-- Up-to-date symlink: /workspace/hsl-player/install/booster_interface/include/booster_interface/booster_interface/msg/imu_state.hpp
-- Up-to-date symlink: /workspace/hsl-player/install/booster_interface/include/booster_interface/booster_interface/msg/low_cmd.hpp
-- Up-to-date symlink: /workspace/hsl-player/install/booster_interface/include/booster_interface/booster_interface/msg/low_state.hpp
-- Up-to-date symlink: /workspace/hsl-player/install/booster_interface/include/booster_interface/booster_interface/msg/motor_cmd.hpp
-- Up-to-date symlink: /workspace/hsl-player/install/booster_interface/include/booster_interface/booster_interface/msg/motor_state.hpp
-- Up-to-date symlink: /workspace/hsl-player/install/booster_interface/include/booster_interface/booster_interface/msg/odometer.hpp
-- Up-to-date symlink: /workspace/hsl-player/install/booster_interface/include/booster_interface/booster_interface/msg/raw_bytes_msg.hpp
-- Up-to-date symlink: /workspace/hsl-player/install/booster_interface/include/booster_interface/booster_interface/msg/raw_bytes_stamped.hpp
-- Up-to-date symlink: /workspace/hsl-player/install/booster_interface/include/booster_interface/booster_interface/msg/remote_controller_state.hpp
-- Up-to-date symlink: /workspace/hsl-player/install/booster_interface/include/booster_interface/booster_interface/msg/rosidl_generator_cpp__visibility_control.hpp
-- Up-to-date symlink: /workspace/hsl-player/install/booster_interface/include/booster_interface/booster_interface/srv/agent_service.hpp
-- Up-to-date symlink: /workspace/hsl-player/install/booster_interface/include/booster_interface/booster_interface/srv/detail/agent_service__builder.hpp
-- Up-to-date symlink: /workspace/hsl-player/install/booster_interface/include/booster_interface/booster_interface/srv/detail/agent_service__struct.hpp
-- Up-to-date symlink: /workspace/hsl-player/install/booster_interface/include/booster_interface/booster_interface/srv/detail/agent_service__traits.hpp
-- Up-to-date symlink: /workspace/hsl-player/install/booster_interface/include/booster_interface/booster_interface/srv/detail/agent_service__type_support.hpp
-- Up-to-date symlink: /workspace/hsl-player/install/booster_interface/include/booster_interface/booster_interface/srv/detail/rpc_service__builder.hpp
-- Up-to-date symlink: /workspace/hsl-player/install/booster_interface/include/booster_interface/booster_interface/srv/detail/rpc_service__struct.hpp
-- Up-to-date symlink: /workspace/hsl-player/install/booster_interface/include/booster_interface/booster_interface/srv/detail/rpc_service__traits.hpp
-- Up-to-date symlink: /workspace/hsl-player/install/booster_interface/include/booster_interface/booster_interface/srv/detail/rpc_service__type_support.hpp
-- Up-to-date symlink: /workspace/hsl-player/install/booster_interface/include/booster_interface/booster_interface/srv/rpc_service.hpp
-- Up-to-date symlink: /workspace/hsl-player/install/booster_interface/include/booster_interface/booster_interface/msg/detail/booster_api_req_msg__rosidl_typesupport_fastrtps_cpp.hpp
-- Up-to-date symlink: /workspace/hsl-player/install/booster_interface/include/booster_interface/booster_interface/msg/detail/booster_api_resp_msg__rosidl_typesupport_fastrtps_cpp.hpp
-- Up-to-date symlink: /workspace/hsl-player/install/booster_interface/include/booster_interface/booster_interface/msg/detail/button_event_msg__rosidl_typesupport_fastrtps_cpp.hpp
-- Up-to-date symlink: /workspace/hsl-player/install/booster_interface/include/booster_interface/booster_interface/msg/detail/fall_down_state__rosidl_typesupport_fastrtps_cpp.hpp
-- Up-to-date symlink: /workspace/hsl-player/install/booster_interface/include/booster_interface/booster_interface/msg/detail/hand_command__rosidl_typesupport_fastrtps_cpp.hpp
-- Up-to-date symlink: /workspace/hsl-player/install/booster_interface/include/booster_interface/booster_interface/msg/detail/hand_dds_msg__rosidl_typesupport_fastrtps_cpp.hpp
-- Up-to-date symlink: /workspace/hsl-player/install/booster_interface/include/booster_interface/booster_interface/msg/detail/hand_param__rosidl_typesupport_fastrtps_cpp.hpp
-- Up-to-date symlink: /workspace/hsl-player/install/booster_interface/include/booster_interface/booster_interface/msg/detail/imu_state__rosidl_typesupport_fastrtps_cpp.hpp
-- Up-to-date symlink: /workspace/hsl-player/install/booster_interface/include/booster_interface/booster_interface/msg/detail/low_cmd__rosidl_typesupport_fastrtps_cpp.hpp
-- Up-to-date symlink: /workspace/hsl-player/install/booster_interface/include/booster_interface/booster_interface/msg/detail/low_state__rosidl_typesupport_fastrtps_cpp.hpp
-- Up-to-date symlink: /workspace/hsl-player/install/booster_interface/include/booster_interface/booster_interface/msg/detail/motor_cmd__rosidl_typesupport_fastrtps_cpp.hpp
-- Up-to-date symlink: /workspace/hsl-player/install/booster_interface/include/booster_interface/booster_interface/msg/detail/motor_state__rosidl_typesupport_fastrtps_cpp.hpp
-- Up-to-date symlink: /workspace/hsl-player/install/booster_interface/include/booster_interface/booster_interface/msg/detail/odometer__rosidl_typesupport_fastrtps_cpp.hpp
-- Up-to-date symlink: /workspace/hsl-player/install/booster_interface/include/booster_interface/booster_interface/msg/detail/raw_bytes_msg__rosidl_typesupport_fastrtps_cpp.hpp
-- Up-to-date symlink: /workspace/hsl-player/install/booster_interface/include/booster_interface/booster_interface/msg/detail/raw_bytes_stamped__rosidl_typesupport_fastrtps_cpp.hpp
-- Up-to-date symlink: /workspace/hsl-player/install/booster_interface/include/booster_interface/booster_interface/msg/detail/remote_controller_state__rosidl_typesupport_fastrtps_cpp.hpp
-- Up-to-date symlink: /workspace/hsl-player/install/booster_interface/include/booster_interface/booster_interface/msg/rosidl_typesupport_fastrtps_cpp__visibility_control.h
-- Up-to-date symlink: /workspace/hsl-player/install/booster_interface/include/booster_interface/booster_interface/srv/detail/agent_service__rosidl_typesupport_fastrtps_cpp.hpp
-- Up-to-date symlink: /workspace/hsl-player/install/booster_interface/include/booster_interface/booster_interface/srv/detail/rpc_service__rosidl_typesupport_fastrtps_cpp.hpp
-- Up-to-date symlink: /workspace/hsl-player/install/booster_interface/include/booster_interface/booster_interface/msg/detail/booster_api_req_msg__rosidl_typesupport_introspection_c.h
-- Up-to-date symlink: /workspace/hsl-player/install/booster_interface/include/booster_interface/booster_interface/msg/detail/booster_api_resp_msg__rosidl_typesupport_introspection_c.h
-- Up-to-date symlink: /workspace/hsl-player/install/booster_interface/include/booster_interface/booster_interface/msg/detail/button_event_msg__rosidl_typesupport_introspection_c.h
-- Up-to-date symlink: /workspace/hsl-player/install/booster_interface/include/booster_interface/booster_interface/msg/detail/fall_down_state__rosidl_typesupport_introspection_c.h
-- Up-to-date symlink: /workspace/hsl-player/install/booster_interface/include/booster_interface/booster_interface/msg/detail/hand_command__rosidl_typesupport_introspection_c.h
-- Up-to-date symlink: /workspace/hsl-player/install/booster_interface/include/booster_interface/booster_interface/msg/detail/hand_dds_msg__rosidl_typesupport_introspection_c.h
-- Up-to-date symlink: /workspace/hsl-player/install/booster_interface/include/booster_interface/booster_interface/msg/detail/hand_param__rosidl_typesupport_introspection_c.h
-- Up-to-date symlink: /workspace/hsl-player/install/booster_interface/include/booster_interface/booster_interface/msg/detail/imu_state__rosidl_typesupport_introspection_c.h
-- Up-to-date symlink: /workspace/hsl-player/install/booster_interface/include/booster_interface/booster_interface/msg/detail/low_cmd__rosidl_typesupport_introspection_c.h
-- Up-to-date symlink: /workspace/hsl-player/install/booster_interface/include/booster_interface/booster_interface/msg/detail/low_state__rosidl_typesupport_introspection_c.h
-- Up-to-date symlink: /workspace/hsl-player/install/booster_interface/include/booster_interface/booster_interface/msg/detail/motor_cmd__rosidl_typesupport_introspection_c.h
-- Up-to-date symlink: /workspace/hsl-player/install/booster_interface/include/booster_interface/booster_interface/msg/detail/motor_state__rosidl_typesupport_introspection_c.h
-- Up-to-date symlink: /workspace/hsl-player/install/booster_interface/include/booster_interface/booster_interface/msg/detail/odometer__rosidl_typesupport_introspection_c.h
-- Up-to-date symlink: /workspace/hsl-player/install/booster_interface/include/booster_interface/booster_interface/msg/detail/raw_bytes_msg__rosidl_typesupport_introspection_c.h
-- Up-to-date symlink: /workspace/hsl-player/install/booster_interface/include/booster_interface/booster_interface/msg/detail/raw_bytes_stamped__rosidl_typesupport_introspection_c.h
-- Up-to-date symlink: /workspace/hsl-player/install/booster_interface/include/booster_interface/booster_interface/msg/detail/remote_controller_state__rosidl_typesupport_introspection_c.h
-- Up-to-date symlink: /workspace/hsl-player/install/booster_interface/include/booster_interface/booster_interface/msg/rosidl_typesupport_introspection_c__visibility_control.h
-- Up-to-date symlink: /workspace/hsl-player/install/booster_interface/include/booster_interface/booster_interface/srv/detail/agent_service__rosidl_typesupport_introspection_c.h
-- Up-to-date symlink: /workspace/hsl-player/install/booster_interface/include/booster_interface/booster_interface/srv/detail/rpc_service__rosidl_typesupport_introspection_c.h
-- Up-to-date symlink: /workspace/hsl-player/install/booster_interface/include/booster_interface/booster_interface/msg/detail/booster_api_req_msg__rosidl_typesupport_introspection_cpp.hpp
-- Up-to-date symlink: /workspace/hsl-player/install/booster_interface/include/booster_interface/booster_interface/msg/detail/booster_api_resp_msg__rosidl_typesupport_introspection_cpp.hpp
-- Up-to-date symlink: /workspace/hsl-player/install/booster_interface/include/booster_interface/booster_interface/msg/detail/button_event_msg__rosidl_typesupport_introspection_cpp.hpp
-- Up-to-date symlink: /workspace/hsl-player/install/booster_interface/include/booster_interface/booster_interface/msg/detail/fall_down_state__rosidl_typesupport_introspection_cpp.hpp
-- Up-to-date symlink: /workspace/hsl-player/install/booster_interface/include/booster_interface/booster_interface/msg/detail/hand_command__rosidl_typesupport_introspection_cpp.hpp
-- Up-to-date symlink: /workspace/hsl-player/install/booster_interface/include/booster_interface/booster_interface/msg/detail/hand_dds_msg__rosidl_typesupport_introspection_cpp.hpp
-- Up-to-date symlink: /workspace/hsl-player/install/booster_interface/include/booster_interface/booster_interface/msg/detail/hand_param__rosidl_typesupport_introspection_cpp.hpp
-- Up-to-date symlink: /workspace/hsl-player/install/booster_interface/include/booster_interface/booster_interface/msg/detail/imu_state__rosidl_typesupport_introspection_cpp.hpp
-- Up-to-date symlink: /workspace/hsl-player/install/booster_interface/include/booster_interface/booster_interface/msg/detail/low_cmd__rosidl_typesupport_introspection_cpp.hpp
-- Up-to-date symlink: /workspace/hsl-player/install/booster_interface/include/booster_interface/booster_interface/msg/detail/low_state__rosidl_typesupport_introspection_cpp.hpp
-- Up-to-date symlink: /workspace/hsl-player/install/booster_interface/include/booster_interface/booster_interface/msg/detail/motor_cmd__rosidl_typesupport_introspection_cpp.hpp
-- Up-to-date symlink: /workspace/hsl-player/install/booster_interface/include/booster_interface/booster_interface/msg/detail/motor_state__rosidl_typesupport_introspection_cpp.hpp
-- Up-to-date symlink: /workspace/hsl-player/install/booster_interface/include/booster_interface/booster_interface/msg/detail/odometer__rosidl_typesupport_introspection_cpp.hpp
-- Up-to-date symlink: /workspace/hsl-player/install/booster_interface/include/booster_interface/booster_interface/msg/detail/raw_bytes_msg__rosidl_typesupport_introspection_cpp.hpp
-- Up-to-date symlink: /workspace/hsl-player/install/booster_interface/include/booster_interface/booster_interface/msg/detail/raw_bytes_stamped__rosidl_typesupport_introspection_cpp.hpp
-- Up-to-date symlink: /workspace/hsl-player/install/booster_interface/include/booster_interface/booster_interface/msg/detail/remote_controller_state__rosidl_typesupport_introspection_cpp.hpp
-- Up-to-date symlink: /workspace/hsl-player/install/booster_interface/include/booster_interface/booster_interface/srv/detail/agent_service__rosidl_typesupport_introspection_cpp.hpp
-- Up-to-date symlink: /workspace/hsl-player/install/booster_interface/include/booster_interface/booster_interface/srv/detail/rpc_service__rosidl_typesupport_introspection_cpp.hpp
-- Up-to-date symlink: /workspace/hsl-player/install/booster_interface/share/booster_interface/environment/pythonpath.sh
-- Up-to-date symlink: /workspace/hsl-player/install/booster_interface/share/booster_interface/environment/pythonpath.dsv
-- Up-to-date symlink: /workspace/hsl-player/install/booster_interface/local/lib/python3.10/dist-packages/booster_interface-0.0.0-py3.10.egg-info/PKG-INFO
-- Up-to-date symlink: /workspace/hsl-player/install/booster_interface/local/lib/python3.10/dist-packages/booster_interface-0.0.0-py3.10.egg-info/SOURCES.txt
-- Up-to-date symlink: /workspace/hsl-player/install/booster_interface/local/lib/python3.10/dist-packages/booster_interface-0.0.0-py3.10.egg-info/dependency_links.txt
-- Up-to-date symlink: /workspace/hsl-player/install/booster_interface/local/lib/python3.10/dist-packages/booster_interface-0.0.0-py3.10.egg-info/top_level.txt
-- Up-to-date symlink: /workspace/hsl-player/install/booster_interface/local/lib/python3.10/dist-packages/booster_interface/__init__.py
-- Up-to-date symlink: /workspace/hsl-player/install/booster_interface/local/lib/python3.10/dist-packages/booster_interface/_booster_interface_s.ep.rosidl_typesupport_c.c
-- Up-to-date symlink: /workspace/hsl-player/install/booster_interface/local/lib/python3.10/dist-packages/booster_interface/_booster_interface_s.ep.rosidl_typesupport_fastrtps_c.c
-- Up-to-date symlink: /workspace/hsl-player/install/booster_interface/local/lib/python3.10/dist-packages/booster_interface/_booster_interface_s.ep.rosidl_typesupport_introspection_c.c
-- Up-to-date symlink: /workspace/hsl-player/install/booster_interface/local/lib/python3.10/dist-packages/booster_interface/booster_interface_s__rosidl_typesupport_c.cpython-310-x86_64-linux-gnu.so
-- Up-to-date symlink: /workspace/hsl-player/install/booster_interface/local/lib/python3.10/dist-packages/booster_interface/booster_interface_s__rosidl_typesupport_fastrtps_c.cpython-310-x86_64-linux-gnu.so
-- Up-to-date symlink: /workspace/hsl-player/install/booster_interface/local/lib/python3.10/dist-packages/booster_interface/booster_interface_s__rosidl_typesupport_introspection_c.cpython-310-x86_64-linux-gnu.so
-- Up-to-date symlink: /workspace/hsl-player/install/booster_interface/local/lib/python3.10/dist-packages/booster_interface/libbooster_interface__rosidl_generator_py.so
-- Up-to-date symlink: /workspace/hsl-player/install/booster_interface/local/lib/python3.10/dist-packages/booster_interface/msg/__init__.py
-- Up-to-date symlink: /workspace/hsl-player/install/booster_interface/local/lib/python3.10/dist-packages/booster_interface/msg/_booster_api_req_msg.py
-- Up-to-date symlink: /workspace/hsl-player/install/booster_interface/local/lib/python3.10/dist-packages/booster_interface/msg/_booster_api_req_msg_s.c
-- Up-to-date symlink: /workspace/hsl-player/install/booster_interface/local/lib/python3.10/dist-packages/booster_interface/msg/_booster_api_resp_msg.py
-- Up-to-date symlink: /workspace/hsl-player/install/booster_interface/local/lib/python3.10/dist-packages/booster_interface/msg/_booster_api_resp_msg_s.c
-- Up-to-date symlink: /workspace/hsl-player/install/booster_interface/local/lib/python3.10/dist-packages/booster_interface/msg/_button_event_msg.py
-- Up-to-date symlink: /workspace/hsl-player/install/booster_interface/local/lib/python3.10/dist-packages/booster_interface/msg/_button_event_msg_s.c
-- Up-to-date symlink: /workspace/hsl-player/install/booster_interface/local/lib/python3.10/dist-packages/booster_interface/msg/_fall_down_state.py
-- Up-to-date symlink: /workspace/hsl-player/install/booster_interface/local/lib/python3.10/dist-packages/booster_interface/msg/_fall_down_state_s.c
-- Up-to-date symlink: /workspace/hsl-player/install/booster_interface/local/lib/python3.10/dist-packages/booster_interface/msg/_hand_command.py
-- Up-to-date symlink: /workspace/hsl-player/install/booster_interface/local/lib/python3.10/dist-packages/booster_interface/msg/_hand_command_s.c
-- Up-to-date symlink: /workspace/hsl-player/install/booster_interface/local/lib/python3.10/dist-packages/booster_interface/msg/_hand_dds_msg.py
-- Up-to-date symlink: /workspace/hsl-player/install/booster_interface/local/lib/python3.10/dist-packages/booster_interface/msg/_hand_dds_msg_s.c
-- Up-to-date symlink: /workspace/hsl-player/install/booster_interface/local/lib/python3.10/dist-packages/booster_interface/msg/_hand_param.py
-- Up-to-date symlink: /workspace/hsl-player/install/booster_interface/local/lib/python3.10/dist-packages/booster_interface/msg/_hand_param_s.c
-- Up-to-date symlink: /workspace/hsl-player/install/booster_interface/local/lib/python3.10/dist-packages/booster_interface/msg/_imu_state.py
-- Up-to-date symlink: /workspace/hsl-player/install/booster_interface/local/lib/python3.10/dist-packages/booster_interface/msg/_imu_state_s.c
-- Up-to-date symlink: /workspace/hsl-player/install/booster_interface/local/lib/python3.10/dist-packages/booster_interface/msg/_low_cmd.py
-- Up-to-date symlink: /workspace/hsl-player/install/booster_interface/local/lib/python3.10/dist-packages/booster_interface/msg/_low_cmd_s.c
-- Up-to-date symlink: /workspace/hsl-player/install/booster_interface/local/lib/python3.10/dist-packages/booster_interface/msg/_low_state.py
-- Up-to-date symlink: /workspace/hsl-player/install/booster_interface/local/lib/python3.10/dist-packages/booster_interface/msg/_low_state_s.c
-- Up-to-date symlink: /workspace/hsl-player/install/booster_interface/local/lib/python3.10/dist-packages/booster_interface/msg/_motor_cmd.py
-- Up-to-date symlink: /workspace/hsl-player/install/booster_interface/local/lib/python3.10/dist-packages/booster_interface/msg/_motor_cmd_s.c
-- Up-to-date symlink: /workspace/hsl-player/install/booster_interface/local/lib/python3.10/dist-packages/booster_interface/msg/_motor_state.py
-- Up-to-date symlink: /workspace/hsl-player/install/booster_interface/local/lib/python3.10/dist-packages/booster_interface/msg/_motor_state_s.c
-- Up-to-date symlink: /workspace/hsl-player/install/booster_interface/local/lib/python3.10/dist-packages/booster_interface/msg/_odometer.py
-- Up-to-date symlink: /workspace/hsl-player/install/booster_interface/local/lib/python3.10/dist-packages/booster_interface/msg/_odometer_s.c
-- Up-to-date symlink: /workspace/hsl-player/install/booster_interface/local/lib/python3.10/dist-packages/booster_interface/msg/_raw_bytes_msg.py
-- Up-to-date symlink: /workspace/hsl-player/install/booster_interface/local/lib/python3.10/dist-packages/booster_interface/msg/_raw_bytes_msg_s.c
-- Up-to-date symlink: /workspace/hsl-player/install/booster_interface/local/lib/python3.10/dist-packages/booster_interface/msg/_raw_bytes_stamped.py
-- Up-to-date symlink: /workspace/hsl-player/install/booster_interface/local/lib/python3.10/dist-packages/booster_interface/msg/_raw_bytes_stamped_s.c
-- Up-to-date symlink: /workspace/hsl-player/install/booster_interface/local/lib/python3.10/dist-packages/booster_interface/msg/_remote_controller_state.py
-- Up-to-date symlink: /workspace/hsl-player/install/booster_interface/local/lib/python3.10/dist-packages/booster_interface/msg/_remote_controller_state_s.c
-- Up-to-date symlink: /workspace/hsl-player/install/booster_interface/local/lib/python3.10/dist-packages/booster_interface/srv/__init__.py
-- Up-to-date symlink: /workspace/hsl-player/install/booster_interface/local/lib/python3.10/dist-packages/booster_interface/srv/_agent_service.py
-- Up-to-date symlink: /workspace/hsl-player/install/booster_interface/local/lib/python3.10/dist-packages/booster_interface/srv/_agent_service_s.c
-- Up-to-date symlink: /workspace/hsl-player/install/booster_interface/local/lib/python3.10/dist-packages/booster_interface/srv/_rpc_service.py
-- Up-to-date symlink: /workspace/hsl-player/install/booster_interface/local/lib/python3.10/dist-packages/booster_interface/srv/_rpc_service_s.c
-- Up-to-date symlink: /workspace/hsl-player/install/booster_interface/local/lib/python3.10/dist-packages/booster_interface/booster_interface_s__rosidl_typesupport_fastrtps_c.cpython-310-x86_64-linux-gnu.so
-- Up-to-date symlink: /workspace/hsl-player/install/booster_interface/local/lib/python3.10/dist-packages/booster_interface/booster_interface_s__rosidl_typesupport_introspection_c.cpython-310-x86_64-linux-gnu.so
-- Up-to-date symlink: /workspace/hsl-player/install/booster_interface/local/lib/python3.10/dist-packages/booster_interface/booster_interface_s__rosidl_typesupport_c.cpython-310-x86_64-linux-gnu.so
-- Up-to-date symlink: /workspace/hsl-player/install/booster_interface/share/ament_index/resource_index/rust_packages/booster_interface
-- Up-to-date symlink: /workspace/hsl-player/install/booster_interface/share/booster_interface/rust/Cargo.toml
-- Up-to-date symlink: /workspace/hsl-player/install/booster_interface/share/booster_interface/rust/build.rs
-- Up-to-date symlink: /workspace/hsl-player/install/booster_interface/share/booster_interface/rust/src/lib.rs
-- Up-to-date symlink: /workspace/hsl-player/install/booster_interface/share/booster_interface/rust/src/msg.rs
-- Up-to-date symlink: /workspace/hsl-player/install/booster_interface/share/booster_interface/rust/src/msg/rmw.rs
-- Up-to-date symlink: /workspace/hsl-player/install/booster_interface/share/booster_interface/rust/src/srv.rs
-- Up-to-date symlink: /workspace/hsl-player/install/booster_interface/share/booster_interface/rust/src/srv/rmw.rs
-- Up-to-date symlink: /workspace/hsl-player/install/booster_interface/share/booster_interface/msg/BoosterApiReqMsg.idl
-- Up-to-date symlink: /workspace/hsl-player/install/booster_interface/share/booster_interface/msg/BoosterApiRespMsg.idl
-- Up-to-date symlink: /workspace/hsl-player/install/booster_interface/share/booster_interface/msg/ButtonEventMsg.idl
-- Up-to-date symlink: /workspace/hsl-player/install/booster_interface/share/booster_interface/msg/MotorState.idl
-- Up-to-date symlink: /workspace/hsl-player/install/booster_interface/share/booster_interface/msg/MotorCmd.idl
-- Up-to-date symlink: /workspace/hsl-player/install/booster_interface/share/booster_interface/msg/LowCmd.idl
-- Up-to-date symlink: /workspace/hsl-player/install/booster_interface/share/booster_interface/msg/ImuState.idl
-- Up-to-date symlink: /workspace/hsl-player/install/booster_interface/share/booster_interface/msg/LowState.idl
-- Up-to-date symlink: /workspace/hsl-player/install/booster_interface/share/booster_interface/msg/RawBytesMsg.idl
-- Up-to-date symlink: /workspace/hsl-player/install/booster_interface/share/booster_interface/msg/RawBytesStamped.idl
-- Up-to-date symlink: /workspace/hsl-player/install/booster_interface/share/booster_interface/msg/Odometer.idl
-- Up-to-date symlink: /workspace/hsl-player/install/booster_interface/share/booster_interface/msg/FallDownState.idl
-- Up-to-date symlink: /workspace/hsl-player/install/booster_interface/share/booster_interface/msg/RemoteControllerState.idl
-- Up-to-date symlink: /workspace/hsl-player/install/booster_interface/share/booster_interface/msg/HandCommand.idl
-- Up-to-date symlink: /workspace/hsl-player/install/booster_interface/share/booster_interface/msg/HandDdsMsg.idl
-- Up-to-date symlink: /workspace/hsl-player/install/booster_interface/share/booster_interface/msg/HandParam.idl
-- Up-to-date symlink: /workspace/hsl-player/install/booster_interface/share/booster_interface/srv/RpcService.idl
-- Up-to-date symlink: /workspace/hsl-player/install/booster_interface/share/booster_interface/srv/AgentService.idl
-- Up-to-date symlink: /workspace/hsl-player/install/booster_interface/share/booster_interface/msg/BoosterApiReqMsg.msg
-- Up-to-date symlink: /workspace/hsl-player/install/booster_interface/share/booster_interface/msg/BoosterApiRespMsg.msg
-- Up-to-date symlink: /workspace/hsl-player/install/booster_interface/share/booster_interface/msg/ButtonEventMsg.msg
-- Up-to-date symlink: /workspace/hsl-player/install/booster_interface/share/booster_interface/msg/MotorState.msg
-- Up-to-date symlink: /workspace/hsl-player/install/booster_interface/share/booster_interface/msg/MotorCmd.msg
-- Up-to-date symlink: /workspace/hsl-player/install/booster_interface/share/booster_interface/msg/LowCmd.msg
-- Up-to-date symlink: /workspace/hsl-player/install/booster_interface/share/booster_interface/msg/ImuState.msg
-- Up-to-date symlink: /workspace/hsl-player/install/booster_interface/share/booster_interface/msg/LowState.msg
-- Up-to-date symlink: /workspace/hsl-player/install/booster_interface/share/booster_interface/msg/RawBytesMsg.msg
-- Up-to-date symlink: /workspace/hsl-player/install/booster_interface/share/booster_interface/msg/RawBytesStamped.msg
-- Up-to-date symlink: /workspace/hsl-player/install/booster_interface/share/booster_interface/msg/Odometer.msg
-- Up-to-date symlink: /workspace/hsl-player/install/booster_interface/share/booster_interface/msg/FallDownState.msg
-- Up-to-date symlink: /workspace/hsl-player/install/booster_interface/share/booster_interface/msg/RemoteControllerState.msg
-- Up-to-date symlink: /workspace/hsl-player/install/booster_interface/share/booster_interface/msg/HandCommand.msg
-- Up-to-date symlink: /workspace/hsl-player/install/booster_interface/share/booster_interface/msg/HandDdsMsg.msg
-- Up-to-date symlink: /workspace/hsl-player/install/booster_interface/share/booster_interface/msg/HandParam.msg
-- Up-to-date symlink: /workspace/hsl-player/install/booster_interface/share/booster_interface/srv/RpcService.srv
-- Up-to-date symlink: /workspace/hsl-player/install/booster_interface/share/booster_interface/srv/RpcService_Request.msg
-- Up-to-date symlink: /workspace/hsl-player/install/booster_interface/share/booster_interface/srv/RpcService_Response.msg
-- Up-to-date symlink: /workspace/hsl-player/install/booster_interface/share/booster_interface/srv/AgentService.srv
-- Up-to-date symlink: /workspace/hsl-player/install/booster_interface/share/booster_interface/srv/AgentService_Request.msg
-- Up-to-date symlink: /workspace/hsl-player/install/booster_interface/share/booster_interface/srv/AgentService_Response.msg
-- Up-to-date symlink: /workspace/hsl-player/install/booster_interface/include//booster_interface/booster_interface/message_utils.hpp
-- Up-to-date symlink: /workspace/hsl-player/install/booster_interface/include//booster_interface/booster_interface/third_party/nlohmann_json/json.hpp
-- Up-to-date symlink: /workspace/hsl-player/install/booster_interface/share/ament_index/resource_index/package_run_dependencies/booster_interface
-- Up-to-date symlink: /workspace/hsl-player/install/booster_interface/share/ament_index/resource_index/parent_prefix_path/booster_interface
-- Up-to-date symlink: /workspace/hsl-player/install/booster_interface/share/booster_interface/environment/ament_prefix_path.sh
-- Up-to-date symlink: /workspace/hsl-player/install/booster_interface/share/booster_interface/environment/ament_prefix_path.dsv
-- Up-to-date symlink: /workspace/hsl-player/install/booster_interface/share/booster_interface/environment/path.sh
-- Up-to-date symlink: /workspace/hsl-player/install/booster_interface/share/booster_interface/environment/path.dsv
-- Up-to-date symlink: /workspace/hsl-player/install/booster_interface/share/booster_interface/local_setup.bash
-- Up-to-date symlink: /workspace/hsl-player/install/booster_interface/share/booster_interface/local_setup.sh
-- Up-to-date symlink: /workspace/hsl-player/install/booster_interface/share/booster_interface/local_setup.zsh
-- Up-to-date symlink: /workspace/hsl-player/install/booster_interface/share/booster_interface/local_setup.dsv
-- Symlinking: /workspace/hsl-player/install/booster_interface/share/booster_interface/package.dsv
-- Up-to-date symlink: /workspace/hsl-player/install/booster_interface/share/ament_index/resource_index/packages/booster_interface
-- Up-to-date symlink: /workspace/hsl-player/install/booster_interface/share/booster_interface/cmake/rosidl_cmake-extras.cmake
-- Up-to-date symlink: /workspace/hsl-player/install/booster_interface/share/booster_interface/cmake/ament_cmake_export_dependencies-extras.cmake
-- Up-to-date symlink: /workspace/hsl-player/install/booster_interface/share/booster_interface/cmake/ament_cmake_export_include_directories-extras.cmake
-- Up-to-date symlink: /workspace/hsl-player/install/booster_interface/share/booster_interface/cmake/ament_cmake_export_libraries-extras.cmake
-- Up-to-date symlink: /workspace/hsl-player/install/booster_interface/share/booster_interface/cmake/ament_cmake_export_targets-extras.cmake
-- Up-to-date symlink: /workspace/hsl-player/install/booster_interface/share/booster_interface/cmake/rosidl_cmake_export_typesupport_targets-extras.cmake
-- Up-to-date symlink: /workspace/hsl-player/install/booster_interface/share/booster_interface/cmake/rosidl_cmake_export_typesupport_libraries-extras.cmake
-- Up-to-date symlink: /workspace/hsl-player/install/booster_interface/share/booster_interface/cmake/booster_interfaceConfig.cmake
-- Up-to-date symlink: /workspace/hsl-player/install/booster_interface/share/booster_interface/cmake/booster_interfaceConfig-version.cmake
-- Up-to-date symlink: /workspace/hsl-player/install/booster_interface/share/booster_interface/package.xml
-- Installing: /workspace/hsl-player/install/booster_interface/lib/libbooster_interface__rosidl_generator_c.so
-- Set runtime path of "/workspace/hsl-player/install/booster_interface/lib/libbooster_interface__rosidl_generator_c.so" to ""
-- Installing: /workspace/hsl-player/install/booster_interface/lib/libbooster_interface__rosidl_typesupport_fastrtps_c.so
-- Set runtime path of "/workspace/hsl-player/install/booster_interface/lib/libbooster_interface__rosidl_typesupport_fastrtps_c.so" to ""
-- Installing: /workspace/hsl-player/install/booster_interface/lib/libbooster_interface__rosidl_typesupport_fastrtps_cpp.so
-- Set runtime path of "/workspace/hsl-player/install/booster_interface/lib/libbooster_interface__rosidl_typesupport_fastrtps_cpp.so" to ""
-- Installing: /workspace/hsl-player/install/booster_interface/lib/libbooster_interface__rosidl_typesupport_introspection_c.so
-- Set runtime path of "/workspace/hsl-player/install/booster_interface/lib/libbooster_interface__rosidl_typesupport_introspection_c.so" to ""
-- Installing: /workspace/hsl-player/install/booster_interface/lib/libbooster_interface__rosidl_typesupport_c.so
-- Set runtime path of "/workspace/hsl-player/install/booster_interface/lib/libbooster_interface__rosidl_typesupport_c.so" to ""
-- Installing: /workspace/hsl-player/install/booster_interface/lib/libbooster_interface__rosidl_typesupport_introspection_cpp.so
-- Set runtime path of "/workspace/hsl-player/install/booster_interface/lib/libbooster_interface__rosidl_typesupport_introspection_cpp.so" to ""
-- Installing: /workspace/hsl-player/install/booster_interface/lib/libbooster_interface__rosidl_typesupport_cpp.so
-- Set runtime path of "/workspace/hsl-player/install/booster_interface/lib/libbooster_interface__rosidl_typesupport_cpp.so" to ""
Listing '/workspace/hsl-player/install/booster_interface/local/lib/python3.10/dist-packages/booster_interface'...
Compiling '/workspace/hsl-player/install/booster_interface/local/lib/python3.10/dist-packages/booster_interface/__init__.py'...
Listing '/workspace/hsl-player/install/booster_interface/local/lib/python3.10/dist-packages/booster_interface/msg'...
Listing '/workspace/hsl-player/install/booster_interface/local/lib/python3.10/dist-packages/booster_interface/srv'...
-- Installing: /workspace/hsl-player/install/booster_interface/lib/libbooster_interface__rosidl_generator_py.so
-- Set runtime path of "/workspace/hsl-player/install/booster_interface/lib/libbooster_interface__rosidl_generator_py.so" to ""
-- Up-to-date: /workspace/hsl-player/install/booster_interface/share/booster_interface/cmake/export_booster_interface__rosidl_generator_cExport.cmake
-- Installing: /workspace/hsl-player/install/booster_interface/share/booster_interface/cmake/export_booster_interface__rosidl_generator_cExport-release.cmake
-- Up-to-date: /workspace/hsl-player/install/booster_interface/share/booster_interface/cmake/export_booster_interface__rosidl_typesupport_fastrtps_cExport.cmake
-- Installing: /workspace/hsl-player/install/booster_interface/share/booster_interface/cmake/export_booster_interface__rosidl_typesupport_fastrtps_cExport-release.cmake
-- Up-to-date: /workspace/hsl-player/install/booster_interface/share/booster_interface/cmake/export_booster_interface__rosidl_generator_cppExport.cmake
-- Up-to-date: /workspace/hsl-player/install/booster_interface/share/booster_interface/cmake/export_booster_interface__rosidl_typesupport_fastrtps_cppExport.cmake
-- Installing: /workspace/hsl-player/install/booster_interface/share/booster_interface/cmake/export_booster_interface__rosidl_typesupport_fastrtps_cppExport-release.cmake
-- Up-to-date: /workspace/hsl-player/install/booster_interface/share/booster_interface/cmake/booster_interface__rosidl_typesupport_introspection_cExport.cmake
-- Installing: /workspace/hsl-player/install/booster_interface/share/booster_interface/cmake/booster_interface__rosidl_typesupport_introspection_cExport-release.cmake
-- Up-to-date: /workspace/hsl-player/install/booster_interface/share/booster_interface/cmake/booster_interface__rosidl_typesupport_cExport.cmake
-- Installing: /workspace/hsl-player/install/booster_interface/share/booster_interface/cmake/booster_interface__rosidl_typesupport_cExport-release.cmake
-- Up-to-date: /workspace/hsl-player/install/booster_interface/share/booster_interface/cmake/booster_interface__rosidl_typesupport_introspection_cppExport.cmake
-- Installing: /workspace/hsl-player/install/booster_interface/share/booster_interface/cmake/booster_interface__rosidl_typesupport_introspection_cppExport-release.cmake
-- Up-to-date: /workspace/hsl-player/install/booster_interface/share/booster_interface/cmake/booster_interface__rosidl_typesupport_cppExport.cmake
-- Installing: /workspace/hsl-player/install/booster_interface/share/booster_interface/cmake/booster_interface__rosidl_typesupport_cppExport-release.cmake
-- Up-to-date: /workspace/hsl-player/install/booster_interface/share/booster_interface/cmake/export_booster_interface__rosidl_generator_pyExport.cmake
-- Installing: /workspace/hsl-player/install/booster_interface/share/booster_interface/cmake/export_booster_interface__rosidl_generator_pyExport-release.cmake
