[01m[K/workspace/hsl-player/src/brain/src/brain.cpp:[m[K In member function ‘[01m[Kvoid Brain::joystickCallback(const RemoteControllerState&)[m[K’:
[01m[K/workspace/hsl-player/src/brain/src/brain.cpp:1134:10:[m[K [01;35m[Kwarning: [m[Kvariable ‘[01m[Klog_[m[K’ set but not used [[01;35m[K-Wunused-but-set-variable[m[K]
 1134 |     auto [01;35m[Klog_[m[K = [=](string msg) {
      |          [01;35m[K^~~~[m[K
[01m[K/workspace/hsl-player/src/brain/src/brain_tree.cpp:[m[K In member function ‘[01m[Kvirtual BT::NodeStatus Adjust::onRunning()[m[K’:
[01m[K/workspace/hsl-player/src/brain/src/brain_tree.cpp:875:11:[m[K [01;35m[Kwarning: [m[Kvariable ‘[01m[KleftPost[m[K’ set but not used [[01;35m[K-Wunused-but-set-variable[m[K]
  875 |   Point2D [01;35m[KleftPost[m[K, rightPost;
      |           [01;35m[K^~~~~~~~[m[K
[01m[K/workspace/hsl-player/src/brain/src/brain_tree.cpp:875:21:[m[K [01;35m[Kwarning: [m[Kvariable ‘[01m[KrightPost[m[K’ set but not used [[01;35m[K-Wunused-but-set-variable[m[K]
  875 |   Point2D leftPost, [01;35m[KrightPost[m[K;
      |                     [01;35m[K^~~~~~~~~[m[K
[01m[K/workspace/hsl-player/src/brain/src/brain_communication.cpp:[m[K In member function ‘[01m[Kvoid BrainCommunication::unicastCommunication()[m[K’:
[01m[K/workspace/hsl-player/src/brain/src/brain_communication.cpp:362:31:[m[K [01;35m[Kwarning: [m[K‘[01m[Kvalue[m[K’ may be used uninitialized in this function [[01;35m[K-Wmaybe-uninitialized[m[K]
  362 |         [01;35m[Kmsg.ballLocationKnown = brain->tree->getEntry<bool>("ball_location_known")[m[K;
      |         [01;35m[K~~~~~~~~~~~~~~~~~~~~~~^~~~~~~~~~~~~~~~~~~~~~~~~~~~~~~~~~~~~~~~~~~~~~~~~~~~[m[K
In file included from [01m[K/workspace/hsl-player/src/brain/src/brain_tree.cpp:1[m[K:
[01m[K/workspace/hsl-player/src/brain/include/brain_tree.h:[m[K In member function ‘[01m[KT BrainTree::getEntry(const string&) [with T = bool][m[K’:
[01m[K/workspace/hsl-player/src/brain/include/brain_tree.h:30:16:[m[K [01;35m[Kwarning: [m[K‘[01m[Kvalue[m[K’ may be used uninitialized in this function [[01;35m[K-Wmaybe-uninitialized[m[K]
   30 |         return [01;35m[Kvalue[m[K;
      |                [01;35m[K^~~~~[m[K
In file included from [01m[K/workspace/hsl-player/src/brain/include/brain_config.h:7[m[K,
                 from [01m[K/workspace/hsl-player/src/brain/include/brain.h:35[m[K,
                 from [01m[K/workspace/hsl-player/src/brain/src/robot_client.cpp:3[m[K:
[01m[K/workspace/hsl-player/src/brain/include/utils/math.h:[m[K In member function ‘[01m[Kint RobotClient::moveToPoseOnField(double, double, double, double, double, double, double, double, double, double, double, bool)[m[K’:
[01m[K/workspace/hsl-player/src/brain/include/utils/math.h:40:27:[m[K [01;35m[Kwarning: [m[K‘[01m[Kvy[m[K’ may be used uninitialized in this function [[01;35m[K-Wmaybe-uninitialized[m[K]
   40 |     return sqrt(x * x + [01;35m[Ky * y[m[K);
      |                         [01;35m[K~~^~~[m[K
[01m[K/workspace/hsl-player/src/brain/src/robot_client.cpp:281:16:[m[K [01;36m[Knote: [m[K‘[01m[Kvy[m[K’ was declared here
  281 |     double vx, [01;36m[Kvy[m[K, vtheta;
      |                [01;36m[K^~[m[K
In file included from [01m[K/workspace/hsl-player/src/brain/include/brain_config.h:7[m[K,
                 from [01m[K/workspace/hsl-player/src/brain/include/brain.h:35[m[K,
                 from [01m[K/workspace/hsl-player/src/brain/src/robot_client.cpp:3[m[K:
[01m[K/workspace/hsl-player/src/brain/include/utils/math.h:40:19:[m[K [01;35m[Kwarning: [m[K‘[01m[Kvx[m[K’ may be used uninitialized in this function [[01;35m[K-Wmaybe-uninitialized[m[K]
   40 |     return sqrt([01;35m[Kx * x[m[K + y * y);
      |                 [01;35m[K~~^~~[m[K
[01m[K/workspace/hsl-player/src/brain/src/robot_client.cpp:281:12:[m[K [01;36m[Knote: [m[K‘[01m[Kvx[m[K’ was declared here
  281 |     double [01;36m[Kvx[m[K, vy, vtheta;
      |            [01;36m[K^~[m[K
[01m[K/workspace/hsl-player/src/brain/src/locator.cpp:[m[K In member function ‘[01m[Kvirtual BT::NodeStatus SelfLocate::tick()[m[K’:
[01m[K/workspace/hsl-player/src/brain/src/locator.cpp:386:46:[m[K [01;35m[Kwarning: [m[K‘[01m[KthetaMax[m[K’ may be used uninitialized in this function [[01;35m[K-Wmaybe-uninitialized[m[K]
  386 |     double xMin, xMax, yMin, yMax, thetaMin, [01;35m[KthetaMax[m[K;
      |                                              [01;35m[K^~~~~~~~[m[K
[01m[K/workspace/hsl-player/src/brain/src/locator.cpp:386:36:[m[K [01;35m[Kwarning: [m[K‘[01m[KthetaMin[m[K’ may be used uninitialized in this function [[01;35m[K-Wmaybe-uninitialized[m[K]
  386 |     double xMin, xMax, yMin, yMax, [01;35m[KthetaMin[m[K, thetaMax;
      |                                    [01;35m[K^~~~~~~~[m[K
[01m[K/workspace/hsl-player/src/brain/src/locator.cpp:386:30:[m[K [01;35m[Kwarning: [m[K‘[01m[KyMax[m[K’ may be used uninitialized in this function [[01;35m[K-Wmaybe-uninitialized[m[K]
  386 |     double xMin, xMax, yMin, [01;35m[KyMax[m[K, thetaMin, thetaMax;
      |                              [01;35m[K^~~~[m[K
[01m[K/workspace/hsl-player/src/brain/src/locator.cpp:386:24:[m[K [01;35m[Kwarning: [m[K‘[01m[KyMin[m[K’ may be used uninitialized in this function [[01;35m[K-Wmaybe-uninitialized[m[K]
  386 |     double xMin, xMax, [01;35m[KyMin[m[K, yMax, thetaMin, thetaMax;
      |                        [01;35m[K^~~~[m[K
[01m[K/workspace/hsl-player/src/brain/src/locator.cpp:386:18:[m[K [01;35m[Kwarning: [m[K‘[01m[KxMax[m[K’ may be used uninitialized in this function [[01;35m[K-Wmaybe-uninitialized[m[K]
  386 |     double xMin, [01;35m[KxMax[m[K, yMin, yMax, thetaMin, thetaMax;
      |                  [01;35m[K^~~~[m[K
[01m[K/workspace/hsl-player/src/brain/src/locator.cpp:386:12:[m[K [01;35m[Kwarning: [m[K‘[01m[KxMin[m[K’ may be used uninitialized in this function [[01;35m[K-Wmaybe-uninitialized[m[K]
  386 |     double [01;35m[KxMin[m[K, xMax, yMin, yMax, thetaMin, thetaMax;
      |            [01;35m[K^~~~[m[K
In file included from [01m[K/workspace/hsl-player/src/brain/include/brain.h:38[m[K,
                 from [01m[K/workspace/hsl-player/src/brain/src/brain.cpp:6[m[K:
[01m[K/workspace/hsl-player/src/brain/include/brain_tree.h:[m[K In member function ‘[01m[KT BrainTree::getEntry(const string&) [with T = bool][m[K’:
[01m[K/workspace/hsl-player/src/brain/include/brain_tree.h:30:16:[m[K [01;35m[Kwarning: [m[K‘[01m[Kvalue[m[K’ may be used uninitialized in this function [[01;35m[K-Wmaybe-uninitialized[m[K]
   30 |         return [01;35m[Kvalue[m[K;
      |                [01;35m[K^~~~~[m[K
[01m[K/workspace/hsl-player/src/brain/src/brain.cpp:[m[K In member function ‘[01m[Kvoid Brain::logStatusToConsole()[m[K’:
[01m[K/workspace/hsl-player/src/brain/src/brain.cpp:3184:22:[m[K [01;35m[Kwarning: [m[K‘[01m[Kvalue[m[K’ may be used uninitialized in this function [[01;35m[K-Wmaybe-uninitialized[m[K]
 3184 |         msg += [01;35m[Kformat([m[K
      |                [01;35m[K~~~~~~^[m[K
 3185 | [01;35m[K            "DEBUG:\n\tcom: %s\tlogFile: %s\tlogTCP: %s\n\tvxFactor: %.2f\tyawOffset: %.2f\n\tControlState: %d\n\tTickTime: %.0fms",[m[K
      |             [01;35m[K~~~~~~~~~~~~~~~~~~~~~~~~~~~~~~~~~~~~~~~~~~~~~~~~~~~~~~~~~~~~~~~~~~~~~~~~~~~~~~~~~~~~~~~~~~~~~~~~~~~~~~~~~~~~~~~~~~~~~~~~[m[K
 3186 | [01;35m[K            config->enableCom ? "YES" : "NO",[m[K
      |             [01;35m[K~~~~~~~~~~~~~~~~~~~~~~~~~~~~~~~~~[m[K
 3187 | [01;35m[K            config->rerunLogEnableFile ? "YES" : "NO",[m[K
      |             [01;35m[K~~~~~~~~~~~~~~~~~~~~~~~~~~~~~~~~~~~~~~~~~~[m[K
 3188 | [01;35m[K            config->rerunLogEnableTCP ? "YES" : "NO",[m[K
      |             [01;35m[K~~~~~~~~~~~~~~~~~~~~~~~~~~~~~~~~~~~~~~~~~[m[K
 3189 | [01;35m[K            config->vxFactor,[m[K
      |             [01;35m[K~~~~~~~~~~~~~~~~~[m[K
 3190 | [01;35m[K            config->yawOffset,[m[K
      |             [01;35m[K~~~~~~~~~~~~~~~~~~[m[K
 3191 | [01;35m[K            tree->getEntry<int>("control_state"),[m[K
      |             [01;35m[K~~~~~~~~~~~~~~~~~~~~~~~~~~~~~~~~~~~~~[m[K
 3192 | [01;35m[K            msecsSince(data->lastTick)[m[K
      |             [01;35m[K~~~~~~~~~~~~~~~~~~~~~~~~~~[m[K
 3193 | [01;35m[K        )[m[K;
      |         [01;35m[K~[m[K             
