[0.009s] Invoking command in '/workspace/hsl-player/build/booster_interface': CMAKE_PREFIX_PATH=/opt/ros/humble PS1=\[\e]0;\u@\h: \w\a\]${debian_chroot:+($debian_chroot)}\u@\h:\w\$ /usr/bin/cmake --build /workspace/hsl-player/build/booster_interface -- -j20 -l20
[0.051s] [  1%] Built target booster_interface__rs
[0.055s] [  1%] Built target booster_interface__cpp
[0.058s] [  1%] Built target ament_cmake_python_symlink_booster_interface
[0.067s] [ 13%] Built target booster_interface__rosidl_generator_c
[0.073s] [ 25%] Built target booster_interface__rosidl_typesupport_cpp
[0.075s] [ 37%] Built target booster_interface__rosidl_typesupport_introspection_cpp
[0.077s] [ 49%] Built target booster_interface__rosidl_typesupport_fastrtps_cpp
[0.082s] [ 61%] Built target booster_interface__rosidl_typesupport_c
[0.085s] [ 73%] Built target booster_interface__rosidl_typesupport_introspection_c
[0.089s] [ 85%] Built target booster_interface__rosidl_typesupport_fastrtps_c
[0.101s] [ 85%] Built target booster_interface
[0.116s] [ 86%] Built target booster_interface__py
[0.137s] [ 97%] Built target booster_interface__rosidl_generator_py
[0.150s] [ 98%] Built target booster_interface__rosidl_typesupport_c__pyext
[0.150s] [ 99%] Built target booster_interface__rosidl_typesupport_fastrtps_c__pyext
[0.153s] [100%] Built target booster_interface__rosidl_typesupport_introspection_c__pyext
[0.207s] running egg_info
[0.207s] writing booster_interface.egg-info/PKG-INFO
[0.208s] writing dependency_links to booster_interface.egg-info/dependency_links.txt
[0.208s] writing top-level names to booster_interface.egg-info/top_level.txt
[0.209s] reading manifest file 'booster_interface.egg-info/SOURCES.txt'
[0.209s] writing manifest file 'booster_interface.egg-info/SOURCES.txt'
[0.229s] [100%] Built target ament_cmake_python_build_booster_interface_egg
[0.243s] Invoked command in '/workspace/hsl-player/build/booster_interface' returned '0': CMAKE_PREFIX_PATH=/opt/ros/humble PS1=\[\e]0;\u@\h: \w\a\]${debian_chroot:+($debian_chroot)}\u@\h:\w\$ /usr/bin/cmake --build /workspace/hsl-player/build/booster_interface -- -j20 -l20
[0.243s] Invoking command in '/workspace/hsl-player/build/booster_interface': CMAKE_PREFIX_PATH=/opt/ros/humble PS1=\[\e]0;\u@\h: \w\a\]${debian_chroot:+($debian_chroot)}\u@\h:\w\$ /usr/bin/cmake --install /workspace/hsl-player/build/booster_interface
[0.249s] -- Install configuration: ""
[0.249s] -- Execute custom install script
[0.249s] -- Up-to-date symlink: /workspace/hsl-player/install/booster_interface/share/ament_index/resource_index/rosidl_interfaces/booster_interface
[0.253s] -- Up-to-date symlink: /workspace/hsl-player/install/booster_interface/include/booster_interface/booster_interface/msg/booster_api_req_msg.h
[0.253s] -- Up-to-date symlink: /workspace/hsl-player/install/booster_interface/include/booster_interface/booster_interface/msg/booster_api_resp_msg.h
[0.253s] -- Up-to-date symlink: /workspace/hsl-player/install/booster_interface/include/booster_interface/booster_interface/msg/button_event_msg.h
[0.254s] -- Up-to-date symlink: /workspace/hsl-player/install/booster_interface/include/booster_interface/booster_interface/msg/detail/booster_api_req_msg__functions.h
[0.254s] -- Up-to-date symlink: /workspace/hsl-player/install/booster_interface/include/booster_interface/booster_interface/msg/detail/booster_api_req_msg__struct.h
[0.254s] -- Up-to-date symlink: /workspace/hsl-player/install/booster_interface/include/booster_interface/booster_interface/msg/detail/booster_api_req_msg__type_support.h
[0.254s] -- Up-to-date symlink: /workspace/hsl-player/install/booster_interface/include/booster_interface/booster_interface/msg/detail/booster_api_resp_msg__functions.h
[0.255s] -- Up-to-date symlink: /workspace/hsl-player/install/booster_interface/include/booster_interface/booster_interface/msg/detail/booster_api_resp_msg__struct.h
[0.255s] -- Up-to-date symlink: /workspace/hsl-player/install/booster_interface/include/booster_interface/booster_interface/msg/detail/booster_api_resp_msg__type_support.h
[0.255s] -- Up-to-date symlink: /workspace/hsl-player/install/booster_interface/include/booster_interface/booster_interface/msg/detail/button_event_msg__functions.h
[0.255s] -- Up-to-date symlink: /workspace/hsl-player/install/booster_interface/include/booster_interface/booster_interface/msg/detail/button_event_msg__struct.h
[0.255s] -- Up-to-date symlink: /workspace/hsl-player/install/booster_interface/include/booster_interface/booster_interface/msg/detail/button_event_msg__type_support.h
[0.255s] -- Up-to-date symlink: /workspace/hsl-player/install/booster_interface/include/booster_interface/booster_interface/msg/detail/fall_down_state__functions.h
[0.255s] -- Up-to-date symlink: /workspace/hsl-player/install/booster_interface/include/booster_interface/booster_interface/msg/detail/fall_down_state__struct.h
[0.255s] -- Up-to-date symlink: /workspace/hsl-player/install/booster_interface/include/booster_interface/booster_interface/msg/detail/fall_down_state__type_support.h
[0.255s] -- Up-to-date symlink: /workspace/hsl-player/install/booster_interface/include/booster_interface/booster_interface/msg/detail/hand_command__functions.h
[0.256s] -- Up-to-date symlink: /workspace/hsl-player/install/booster_interface/include/booster_interface/booster_interface/msg/detail/hand_command__struct.h
[0.256s] -- Up-to-date symlink: /workspace/hsl-player/install/booster_interface/include/booster_interface/booster_interface/msg/detail/hand_command__type_support.h
[0.256s] -- Up-to-date symlink: /workspace/hsl-player/install/booster_interface/include/booster_interface/booster_interface/msg/detail/hand_dds_msg__functions.h
[0.256s] -- Up-to-date symlink: /workspace/hsl-player/install/booster_interface/include/booster_interface/booster_interface/msg/detail/hand_dds_msg__struct.h
[0.256s] -- Up-to-date symlink: /workspace/hsl-player/install/booster_interface/include/booster_interface/booster_interface/msg/detail/hand_dds_msg__type_support.h
[0.256s] -- Up-to-date symlink: /workspace/hsl-player/install/booster_interface/include/booster_interface/booster_interface/msg/detail/hand_param__functions.h
[0.256s] -- Up-to-date symlink: /workspace/hsl-player/install/booster_interface/include/booster_interface/booster_interface/msg/detail/hand_param__struct.h
[0.256s] -- Up-to-date symlink: /workspace/hsl-player/install/booster_interface/include/booster_interface/booster_interface/msg/detail/hand_param__type_support.h
[0.256s] -- Up-to-date symlink: /workspace/hsl-player/install/booster_interface/include/booster_interface/booster_interface/msg/detail/imu_state__functions.h
[0.256s] -- Up-to-date symlink: /workspace/hsl-player/install/booster_interface/include/booster_interface/booster_interface/msg/detail/imu_state__struct.h
[0.256s] -- Up-to-date symlink: /workspace/hsl-player/install/booster_interface/include/booster_interface/booster_interface/msg/detail/imu_state__type_support.h
[0.256s] -- Up-to-date symlink: /workspace/hsl-player/install/booster_interface/include/booster_interface/booster_interface/msg/detail/low_cmd__functions.h
[0.256s] -- Up-to-date symlink: /workspace/hsl-player/install/booster_interface/include/booster_interface/booster_interface/msg/detail/low_cmd__struct.h
[0.256s] -- Up-to-date symlink: /workspace/hsl-player/install/booster_interface/include/booster_interface/booster_interface/msg/detail/low_cmd__type_support.h
[0.256s] -- Up-to-date symlink: /workspace/hsl-player/install/booster_interface/include/booster_interface/booster_interface/msg/detail/low_state__functions.h
[0.256s] -- Up-to-date symlink: /workspace/hsl-player/install/booster_interface/include/booster_interface/booster_interface/msg/detail/low_state__struct.h
[0.256s] -- Up-to-date symlink: /workspace/hsl-player/install/booster_interface/include/booster_interface/booster_interface/msg/detail/low_state__type_support.h
[0.257s] -- Up-to-date symlink: /workspace/hsl-player/install/booster_interface/include/booster_interface/booster_interface/msg/detail/motor_cmd__functions.h
[0.257s] -- Up-to-date symlink: /workspace/hsl-player/install/booster_interface/include/booster_interface/booster_interface/msg/detail/motor_cmd__struct.h
[0.257s] -- Up-to-date symlink: /workspace/hsl-player/install/booster_interface/include/booster_interface/booster_interface/msg/detail/motor_cmd__type_support.h
[0.257s] -- Up-to-date symlink: /workspace/hsl-player/install/booster_interface/include/booster_interface/booster_interface/msg/detail/motor_state__functions.h
[0.257s] -- Up-to-date symlink: /workspace/hsl-player/install/booster_interface/include/booster_interface/booster_interface/msg/detail/motor_state__struct.h
[0.257s] -- Up-to-date symlink: /workspace/hsl-player/install/booster_interface/include/booster_interface/booster_interface/msg/detail/motor_state__type_support.h
[0.257s] -- Up-to-date symlink: /workspace/hsl-player/install/booster_interface/include/booster_interface/booster_interface/msg/detail/odometer__functions.h
[0.257s] -- Up-to-date symlink: /workspace/hsl-player/install/booster_interface/include/booster_interface/booster_interface/msg/detail/odometer__struct.h
[0.257s] -- Up-to-date symlink: /workspace/hsl-player/install/booster_interface/include/booster_interface/booster_interface/msg/detail/odometer__type_support.h
[0.257s] -- Up-to-date symlink: /workspace/hsl-player/install/booster_interface/include/booster_interface/booster_interface/msg/detail/raw_bytes_msg__functions.h
[0.257s] -- Up-to-date symlink: /workspace/hsl-player/install/booster_interface/include/booster_interface/booster_interface/msg/detail/raw_bytes_msg__struct.h
[0.257s] -- Up-to-date symlink: /workspace/hsl-player/install/booster_interface/include/booster_interface/booster_interface/msg/detail/raw_bytes_msg__type_support.h
[0.257s] -- Up-to-date symlink: /workspace/hsl-player/install/booster_interface/include/booster_interface/booster_interface/msg/detail/raw_bytes_stamped__functions.h
[0.257s] -- Up-to-date symlink: /workspace/hsl-player/install/booster_interface/include/booster_interface/booster_interface/msg/detail/raw_bytes_stamped__struct.h
[0.257s] -- Up-to-date symlink: /workspace/hsl-player/install/booster_interface/include/booster_interface/booster_interface/msg/detail/raw_bytes_stamped__type_support.h
[0.257s] -- Up-to-date symlink: /workspace/hsl-player/install/booster_interface/include/booster_interface/booster_interface/msg/detail/remote_controller_state__functions.h
[0.257s] -- Up-to-date symlink: /workspace/hsl-player/install/booster_interface/include/booster_interface/booster_interface/msg/detail/remote_controller_state__struct.h
[0.257s] -- Up-to-date symlink: /workspace/hsl-player/install/booster_interface/include/booster_interface/booster_interface/msg/detail/remote_controller_state__type_support.h
[0.257s] -- Up-to-date symlink: /workspace/hsl-player/install/booster_interface/include/booster_interface/booster_interface/msg/fall_down_state.h
[0.257s] -- Up-to-date symlink: /workspace/hsl-player/install/booster_interface/include/booster_interface/booster_interface/msg/hand_command.h
[0.257s] -- Up-to-date symlink: /workspace/hsl-player/install/booster_interface/include/booster_interface/booster_interface/msg/hand_dds_msg.h
[0.258s] -- Up-to-date symlink: /workspace/hsl-player/install/booster_interface/include/booster_interface/booster_interface/msg/hand_param.h
[0.258s] -- Up-to-date symlink: /workspace/hsl-player/install/booster_interface/include/booster_interface/booster_interface/msg/imu_state.h
[0.258s] -- Up-to-date symlink: /workspace/hsl-player/install/booster_interface/include/booster_interface/booster_interface/msg/low_cmd.h
[0.258s] -- Up-to-date symlink: /workspace/hsl-player/install/booster_interface/include/booster_interface/booster_interface/msg/low_state.h
[0.258s] -- Up-to-date symlink: /workspace/hsl-player/install/booster_interface/include/booster_interface/booster_interface/msg/motor_cmd.h
[0.258s] -- Up-to-date symlink: /workspace/hsl-player/install/booster_interface/include/booster_interface/booster_interface/msg/motor_state.h
[0.258s] -- Up-to-date symlink: /workspace/hsl-player/install/booster_interface/include/booster_interface/booster_interface/msg/odometer.h
[0.258s] -- Up-to-date symlink: /workspace/hsl-player/install/booster_interface/include/booster_interface/booster_interface/msg/raw_bytes_msg.h
[0.258s] -- Up-to-date symlink: /workspace/hsl-player/install/booster_interface/include/booster_interface/booster_interface/msg/raw_bytes_stamped.h
[0.258s] -- Up-to-date symlink: /workspace/hsl-player/install/booster_interface/include/booster_interface/booster_interface/msg/remote_controller_state.h
[0.258s] -- Up-to-date symlink: /workspace/hsl-player/install/booster_interface/include/booster_interface/booster_interface/msg/rosidl_generator_c__visibility_control.h
[0.258s] -- Up-to-date symlink: /workspace/hsl-player/install/booster_interface/include/booster_interface/booster_interface/srv/agent_service.h
[0.258s] -- Up-to-date symlink: /workspace/hsl-player/install/booster_interface/include/booster_interface/booster_interface/srv/detail/agent_service__functions.h
[0.258s] -- Up-to-date symlink: /workspace/hsl-player/install/booster_interface/include/booster_interface/booster_interface/srv/detail/agent_service__struct.h
[0.258s] -- Up-to-date symlink: /workspace/hsl-player/install/booster_interface/include/booster_interface/booster_interface/srv/detail/agent_service__type_support.h
[0.258s] -- Up-to-date symlink: /workspace/hsl-player/install/booster_interface/include/booster_interface/booster_interface/srv/detail/rpc_service__functions.h
[0.258s] -- Up-to-date symlink: /workspace/hsl-player/install/booster_interface/include/booster_interface/booster_interface/srv/detail/rpc_service__struct.h
[0.258s] -- Up-to-date symlink: /workspace/hsl-player/install/booster_interface/include/booster_interface/booster_interface/srv/detail/rpc_service__type_support.h
[0.258s] -- Up-to-date symlink: /workspace/hsl-player/install/booster_interface/include/booster_interface/booster_interface/srv/rpc_service.h
[0.259s] -- Up-to-date symlink: /workspace/hsl-player/install/booster_interface/share/booster_interface/environment/library_path.sh
[0.259s] -- Up-to-date symlink: /workspace/hsl-player/install/booster_interface/share/booster_interface/environment/library_path.dsv
[0.259s] -- Up-to-date symlink: /workspace/hsl-player/install/booster_interface/include/booster_interface/booster_interface/msg/detail/booster_api_req_msg__rosidl_typesupport_fastrtps_c.h
[0.259s] -- Up-to-date symlink: /workspace/hsl-player/install/booster_interface/include/booster_interface/booster_interface/msg/detail/booster_api_resp_msg__rosidl_typesupport_fastrtps_c.h
[0.259s] -- Up-to-date symlink: /workspace/hsl-player/install/booster_interface/include/booster_interface/booster_interface/msg/detail/button_event_msg__rosidl_typesupport_fastrtps_c.h
[0.259s] -- Up-to-date symlink: /workspace/hsl-player/install/booster_interface/include/booster_interface/booster_interface/msg/detail/fall_down_state__rosidl_typesupport_fastrtps_c.h
[0.259s] -- Up-to-date symlink: /workspace/hsl-player/install/booster_interface/include/booster_interface/booster_interface/msg/detail/hand_command__rosidl_typesupport_fastrtps_c.h
[0.259s] -- Up-to-date symlink: /workspace/hsl-player/install/booster_interface/include/booster_interface/booster_interface/msg/detail/hand_dds_msg__rosidl_typesupport_fastrtps_c.h
[0.259s] -- Up-to-date symlink: /workspace/hsl-player/install/booster_interface/include/booster_interface/booster_interface/msg/detail/hand_param__rosidl_typesupport_fastrtps_c.h
[0.259s] -- Up-to-date symlink: /workspace/hsl-player/install/booster_interface/include/booster_interface/booster_interface/msg/detail/imu_state__rosidl_typesupport_fastrtps_c.h
[0.260s] -- Up-to-date symlink: /workspace/hsl-player/install/booster_interface/include/booster_interface/booster_interface/msg/detail/low_cmd__rosidl_typesupport_fastrtps_c.h
[0.260s] -- Up-to-date symlink: /workspace/hsl-player/install/booster_interface/include/booster_interface/booster_interface/msg/detail/low_state__rosidl_typesupport_fastrtps_c.h
[0.260s] -- Up-to-date symlink: /workspace/hsl-player/install/booster_interface/include/booster_interface/booster_interface/msg/detail/motor_cmd__rosidl_typesupport_fastrtps_c.h
[0.260s] -- Up-to-date symlink: /workspace/hsl-player/install/booster_interface/include/booster_interface/booster_interface/msg/detail/motor_state__rosidl_typesupport_fastrtps_c.h
[0.260s] -- Up-to-date symlink: /workspace/hsl-player/install/booster_interface/include/booster_interface/booster_interface/msg/detail/odometer__rosidl_typesupport_fastrtps_c.h
[0.260s] -- Up-to-date symlink: /workspace/hsl-player/install/booster_interface/include/booster_interface/booster_interface/msg/detail/raw_bytes_msg__rosidl_typesupport_fastrtps_c.h
[0.260s] -- Up-to-date symlink: /workspace/hsl-player/install/booster_interface/include/booster_interface/booster_interface/msg/detail/raw_bytes_stamped__rosidl_typesupport_fastrtps_c.h
[0.260s] -- Up-to-date symlink: /workspace/hsl-player/install/booster_interface/include/booster_interface/booster_interface/msg/detail/remote_controller_state__rosidl_typesupport_fastrtps_c.h
[0.260s] -- Up-to-date symlink: /workspace/hsl-player/install/booster_interface/include/booster_interface/booster_interface/msg/rosidl_typesupport_fastrtps_c__visibility_control.h
[0.260s] -- Up-to-date symlink: /workspace/hsl-player/install/booster_interface/include/booster_interface/booster_interface/srv/detail/agent_service__rosidl_typesupport_fastrtps_c.h
[0.260s] -- Up-to-date symlink: /workspace/hsl-player/install/booster_interface/include/booster_interface/booster_interface/srv/detail/rpc_service__rosidl_typesupport_fastrtps_c.h
[0.260s] -- Up-to-date symlink: /workspace/hsl-player/install/booster_interface/include/booster_interface/booster_interface/msg/booster_api_req_msg.hpp
[0.260s] -- Up-to-date symlink: /workspace/hsl-player/install/booster_interface/include/booster_interface/booster_interface/msg/booster_api_resp_msg.hpp
[0.261s] -- Up-to-date symlink: /workspace/hsl-player/install/booster_interface/include/booster_interface/booster_interface/msg/button_event_msg.hpp
[0.261s] -- Up-to-date symlink: /workspace/hsl-player/install/booster_interface/include/booster_interface/booster_interface/msg/detail/booster_api_req_msg__builder.hpp
[0.261s] -- Up-to-date symlink: /workspace/hsl-player/install/booster_interface/include/booster_interface/booster_interface/msg/detail/booster_api_req_msg__struct.hpp
[0.261s] -- Up-to-date symlink: /workspace/hsl-player/install/booster_interface/include/booster_interface/booster_interface/msg/detail/booster_api_req_msg__traits.hpp
[0.261s] -- Up-to-date symlink: /workspace/hsl-player/install/booster_interface/include/booster_interface/booster_interface/msg/detail/booster_api_req_msg__type_support.hpp
[0.261s] -- Up-to-date symlink: /workspace/hsl-player/install/booster_interface/include/booster_interface/booster_interface/msg/detail/booster_api_resp_msg__builder.hpp
[0.261s] -- Up-to-date symlink: /workspace/hsl-player/install/booster_interface/include/booster_interface/booster_interface/msg/detail/booster_api_resp_msg__struct.hpp
[0.261s] -- Up-to-date symlink: /workspace/hsl-player/install/booster_interface/include/booster_interface/booster_interface/msg/detail/booster_api_resp_msg__traits.hpp
[0.261s] -- Up-to-date symlink: /workspace/hsl-player/install/booster_interface/include/booster_interface/booster_interface/msg/detail/booster_api_resp_msg__type_support.hpp
[0.261s] -- Up-to-date symlink: /workspace/hsl-player/install/booster_interface/include/booster_interface/booster_interface/msg/detail/button_event_msg__builder.hpp
[0.261s] -- Up-to-date symlink: /workspace/hsl-player/install/booster_interface/include/booster_interface/booster_interface/msg/detail/button_event_msg__struct.hpp
[0.261s] -- Up-to-date symlink: /workspace/hsl-player/install/booster_interface/include/booster_interface/booster_interface/msg/detail/button_event_msg__traits.hpp
[0.261s] -- Up-to-date symlink: /workspace/hsl-player/install/booster_interface/include/booster_interface/booster_interface/msg/detail/button_event_msg__type_support.hpp
[0.261s] -- Up-to-date symlink: /workspace/hsl-player/install/booster_interface/include/booster_interface/booster_interface/msg/detail/fall_down_state__builder.hpp
[0.261s] -- Up-to-date symlink: /workspace/hsl-player/install/booster_interface/include/booster_interface/booster_interface/msg/detail/fall_down_state__struct.hpp
[0.261s] -- Up-to-date symlink: /workspace/hsl-player/install/booster_interface/include/booster_interface/booster_interface/msg/detail/fall_down_state__traits.hpp
[0.261s] -- Up-to-date symlink: /workspace/hsl-player/install/booster_interface/include/booster_interface/booster_interface/msg/detail/fall_down_state__type_support.hpp
[0.261s] -- Up-to-date symlink: /workspace/hsl-player/install/booster_interface/include/booster_interface/booster_interface/msg/detail/hand_command__builder.hpp
[0.261s] -- Up-to-date symlink: /workspace/hsl-player/install/booster_interface/include/booster_interface/booster_interface/msg/detail/hand_command__struct.hpp
[0.261s] -- Up-to-date symlink: /workspace/hsl-player/install/booster_interface/include/booster_interface/booster_interface/msg/detail/hand_command__traits.hpp
[0.262s] -- Up-to-date symlink: /workspace/hsl-player/install/booster_interface/include/booster_interface/booster_interface/msg/detail/hand_command__type_support.hpp
[0.262s] -- Up-to-date symlink: /workspace/hsl-player/install/booster_interface/include/booster_interface/booster_interface/msg/detail/hand_dds_msg__builder.hpp
[0.262s] -- Up-to-date symlink: /workspace/hsl-player/install/booster_interface/include/booster_interface/booster_interface/msg/detail/hand_dds_msg__struct.hpp
[0.262s] -- Up-to-date symlink: /workspace/hsl-player/install/booster_interface/include/booster_interface/booster_interface/msg/detail/hand_dds_msg__traits.hpp
[0.262s] -- Up-to-date symlink: /workspace/hsl-player/install/booster_interface/include/booster_interface/booster_interface/msg/detail/hand_dds_msg__type_support.hpp
[0.262s] -- Up-to-date symlink: /workspace/hsl-player/install/booster_interface/include/booster_interface/booster_interface/msg/detail/hand_param__builder.hpp
[0.262s] -- Up-to-date symlink: /workspace/hsl-player/install/booster_interface/include/booster_interface/booster_interface/msg/detail/hand_param__struct.hpp
[0.262s] -- Up-to-date symlink: /workspace/hsl-player/install/booster_interface/include/booster_interface/booster_interface/msg/detail/hand_param__traits.hpp
[0.262s] -- Up-to-date symlink: /workspace/hsl-player/install/booster_interface/include/booster_interface/booster_interface/msg/detail/hand_param__type_support.hpp
[0.262s] -- Up-to-date symlink: /workspace/hsl-player/install/booster_interface/include/booster_interface/booster_interface/msg/detail/imu_state__builder.hpp
[0.262s] -- Up-to-date symlink: /workspace/hsl-player/install/booster_interface/include/booster_interface/booster_interface/msg/detail/imu_state__struct.hpp
[0.262s] -- Up-to-date symlink: /workspace/hsl-player/install/booster_interface/include/booster_interface/booster_interface/msg/detail/imu_state__traits.hpp
[0.262s] -- Up-to-date symlink: /workspace/hsl-player/install/booster_interface/include/booster_interface/booster_interface/msg/detail/imu_state__type_support.hpp
[0.262s] -- Up-to-date symlink: /workspace/hsl-player/install/booster_interface/include/booster_interface/booster_interface/msg/detail/low_cmd__builder.hpp
[0.262s] -- Up-to-date symlink: /workspace/hsl-player/install/booster_interface/include/booster_interface/booster_interface/msg/detail/low_cmd__struct.hpp
[0.262s] -- Up-to-date symlink: /workspace/hsl-player/install/booster_interface/include/booster_interface/booster_interface/msg/detail/low_cmd__traits.hpp
[0.262s] -- Up-to-date symlink: /workspace/hsl-player/install/booster_interface/include/booster_interface/booster_interface/msg/detail/low_cmd__type_support.hpp
[0.262s] -- Up-to-date symlink: /workspace/hsl-player/install/booster_interface/include/booster_interface/booster_interface/msg/detail/low_state__builder.hpp
[0.262s] -- Up-to-date symlink: /workspace/hsl-player/install/booster_interface/include/booster_interface/booster_interface/msg/detail/low_state__struct.hpp
[0.262s] -- Up-to-date symlink: /workspace/hsl-player/install/booster_interface/include/booster_interface/booster_interface/msg/detail/low_state__traits.hpp
[0.263s] -- Up-to-date symlink: /workspace/hsl-player/install/booster_interface/include/booster_interface/booster_interface/msg/detail/low_state__type_support.hpp
[0.263s] -- Up-to-date symlink: /workspace/hsl-player/install/booster_interface/include/booster_interface/booster_interface/msg/detail/motor_cmd__builder.hpp
[0.263s] -- Up-to-date symlink: /workspace/hsl-player/install/booster_interface/include/booster_interface/booster_interface/msg/detail/motor_cmd__struct.hpp
[0.263s] -- Up-to-date symlink: /workspace/hsl-player/install/booster_interface/include/booster_interface/booster_interface/msg/detail/motor_cmd__traits.hpp
[0.263s] -- Up-to-date symlink: /workspace/hsl-player/install/booster_interface/include/booster_interface/booster_interface/msg/detail/motor_cmd__type_support.hpp
[0.263s] -- Up-to-date symlink: /workspace/hsl-player/install/booster_interface/include/booster_interface/booster_interface/msg/detail/motor_state__builder.hpp
[0.263s] -- Up-to-date symlink: /workspace/hsl-player/install/booster_interface/include/booster_interface/booster_interface/msg/detail/motor_state__struct.hpp
[0.263s] -- Up-to-date symlink: /workspace/hsl-player/install/booster_interface/include/booster_interface/booster_interface/msg/detail/motor_state__traits.hpp
[0.263s] -- Up-to-date symlink: /workspace/hsl-player/install/booster_interface/include/booster_interface/booster_interface/msg/detail/motor_state__type_support.hpp
[0.263s] -- Up-to-date symlink: /workspace/hsl-player/install/booster_interface/include/booster_interface/booster_interface/msg/detail/odometer__builder.hpp
[0.263s] -- Up-to-date symlink: /workspace/hsl-player/install/booster_interface/include/booster_interface/booster_interface/msg/detail/odometer__struct.hpp
[0.263s] -- Up-to-date symlink: /workspace/hsl-player/install/booster_interface/include/booster_interface/booster_interface/msg/detail/odometer__traits.hpp
[0.263s] -- Up-to-date symlink: /workspace/hsl-player/install/booster_interface/include/booster_interface/booster_interface/msg/detail/odometer__type_support.hpp
[0.263s] -- Up-to-date symlink: /workspace/hsl-player/install/booster_interface/include/booster_interface/booster_interface/msg/detail/raw_bytes_msg__builder.hpp
[0.264s] -- Up-to-date symlink: /workspace/hsl-player/install/booster_interface/include/booster_interface/booster_interface/msg/detail/raw_bytes_msg__struct.hpp
[0.264s] -- Up-to-date symlink: /workspace/hsl-player/install/booster_interface/include/booster_interface/booster_interface/msg/detail/raw_bytes_msg__traits.hpp
[0.264s] -- Up-to-date symlink: /workspace/hsl-player/install/booster_interface/include/booster_interface/booster_interface/msg/detail/raw_bytes_msg__type_support.hpp
[0.264s] -- Up-to-date symlink: /workspace/hsl-player/install/booster_interface/include/booster_interface/booster_interface/msg/detail/raw_bytes_stamped__builder.hpp
[0.266s] -- Up-to-date symlink: /workspace/hsl-player/install/booster_interface/include/booster_interface/booster_interface/msg/detail/raw_bytes_stamped__struct.hpp
[0.266s] -- Up-to-date symlink: /workspace/hsl-player/install/booster_interface/include/booster_interface/booster_interface/msg/detail/raw_bytes_stamped__traits.hpp
[0.266s] -- Up-to-date symlink: /workspace/hsl-player/install/booster_interface/include/booster_interface/booster_interface/msg/detail/raw_bytes_stamped__type_support.hpp
[0.266s] -- Up-to-date symlink: /workspace/hsl-player/install/booster_interface/include/booster_interface/booster_interface/msg/detail/remote_controller_state__builder.hpp
[0.266s] -- Up-to-date symlink: /workspace/hsl-player/install/booster_interface/include/booster_interface/booster_interface/msg/detail/remote_controller_state__struct.hpp
[0.266s] -- Up-to-date symlink: /workspace/hsl-player/install/booster_interface/include/booster_interface/booster_interface/msg/detail/remote_controller_state__traits.hpp
[0.267s] -- Up-to-date symlink: /workspace/hsl-player/install/booster_interface/include/booster_interface/booster_interface/msg/detail/remote_controller_state__type_support.hpp
[0.267s] -- Up-to-date symlink: /workspace/hsl-player/install/booster_interface/include/booster_interface/booster_interface/msg/fall_down_state.hpp
[0.267s] -- Up-to-date symlink: /workspace/hsl-player/install/booster_interface/include/booster_interface/booster_interface/msg/hand_command.hpp
[0.267s] -- Up-to-date symlink: /workspace/hsl-player/install/booster_interface/include/booster_interface/booster_interface/msg/hand_dds_msg.hpp
[0.268s] -- Up-to-date symlink: /workspace/hsl-player/install/booster_interface/include/booster_interface/booster_interface/msg/hand_param.hpp
[0.269s] -- Up-to-date symlink: /workspace/hsl-player/install/booster_interface/include/booster_interface/booster_interface/msg/imu_state.hpp
[0.269s] -- Up-to-date symlink: /workspace/hsl-player/install/booster_interface/include/booster_interface/booster_interface/msg/low_cmd.hpp
[0.269s] -- Up-to-date symlink: /workspace/hsl-player/install/booster_interface/include/booster_interface/booster_interface/msg/low_state.hpp
[0.269s] -- Up-to-date symlink: /workspace/hsl-player/install/booster_interface/include/booster_interface/booster_interface/msg/motor_cmd.hpp
[0.269s] -- Up-to-date symlink: /workspace/hsl-player/install/booster_interface/include/booster_interface/booster_interface/msg/motor_state.hpp
[0.269s] -- Up-to-date symlink: /workspace/hsl-player/install/booster_interface/include/booster_interface/booster_interface/msg/odometer.hpp
[0.269s] -- Up-to-date symlink: /workspace/hsl-player/install/booster_interface/include/booster_interface/booster_interface/msg/raw_bytes_msg.hpp
[0.269s] -- Up-to-date symlink: /workspace/hsl-player/install/booster_interface/include/booster_interface/booster_interface/msg/raw_bytes_stamped.hpp
[0.270s] -- Up-to-date symlink: /workspace/hsl-player/install/booster_interface/include/booster_interface/booster_interface/msg/remote_controller_state.hpp
[0.270s] -- Up-to-date symlink: /workspace/hsl-player/install/booster_interface/include/booster_interface/booster_interface/msg/rosidl_generator_cpp__visibility_control.hpp
[0.270s] -- Up-to-date symlink: /workspace/hsl-player/install/booster_interface/include/booster_interface/booster_interface/srv/agent_service.hpp
[0.270s] -- Up-to-date symlink: /workspace/hsl-player/install/booster_interface/include/booster_interface/booster_interface/srv/detail/agent_service__builder.hpp
[0.270s] -- Up-to-date symlink: /workspace/hsl-player/install/booster_interface/include/booster_interface/booster_interface/srv/detail/agent_service__struct.hpp
[0.270s] -- Up-to-date symlink: /workspace/hsl-player/install/booster_interface/include/booster_interface/booster_interface/srv/detail/agent_service__traits.hpp
[0.270s] -- Up-to-date symlink: /workspace/hsl-player/install/booster_interface/include/booster_interface/booster_interface/srv/detail/agent_service__type_support.hpp
[0.270s] -- Up-to-date symlink: /workspace/hsl-player/install/booster_interface/include/booster_interface/booster_interface/srv/detail/rpc_service__builder.hpp
[0.270s] -- Up-to-date symlink: /workspace/hsl-player/install/booster_interface/include/booster_interface/booster_interface/srv/detail/rpc_service__struct.hpp
[0.270s] -- Up-to-date symlink: /workspace/hsl-player/install/booster_interface/include/booster_interface/booster_interface/srv/detail/rpc_service__traits.hpp
[0.270s] -- Up-to-date symlink: /workspace/hsl-player/install/booster_interface/include/booster_interface/booster_interface/srv/detail/rpc_service__type_support.hpp
[0.271s] -- Up-to-date symlink: /workspace/hsl-player/install/booster_interface/include/booster_interface/booster_interface/srv/rpc_service.hpp
[0.271s] -- Up-to-date symlink: /workspace/hsl-player/install/booster_interface/include/booster_interface/booster_interface/msg/detail/booster_api_req_msg__rosidl_typesupport_fastrtps_cpp.hpp
[0.271s] -- Up-to-date symlink: /workspace/hsl-player/install/booster_interface/include/booster_interface/booster_interface/msg/detail/booster_api_resp_msg__rosidl_typesupport_fastrtps_cpp.hpp
[0.271s] -- Up-to-date symlink: /workspace/hsl-player/install/booster_interface/include/booster_interface/booster_interface/msg/detail/button_event_msg__rosidl_typesupport_fastrtps_cpp.hpp
[0.271s] -- Up-to-date symlink: /workspace/hsl-player/install/booster_interface/include/booster_interface/booster_interface/msg/detail/fall_down_state__rosidl_typesupport_fastrtps_cpp.hpp
[0.271s] -- Up-to-date symlink: /workspace/hsl-player/install/booster_interface/include/booster_interface/booster_interface/msg/detail/hand_command__rosidl_typesupport_fastrtps_cpp.hpp
[0.271s] -- Up-to-date symlink: /workspace/hsl-player/install/booster_interface/include/booster_interface/booster_interface/msg/detail/hand_dds_msg__rosidl_typesupport_fastrtps_cpp.hpp
[0.271s] -- Up-to-date symlink: /workspace/hsl-player/install/booster_interface/include/booster_interface/booster_interface/msg/detail/hand_param__rosidl_typesupport_fastrtps_cpp.hpp
[0.272s] -- Up-to-date symlink: /workspace/hsl-player/install/booster_interface/include/booster_interface/booster_interface/msg/detail/imu_state__rosidl_typesupport_fastrtps_cpp.hpp
[0.272s] -- Up-to-date symlink: /workspace/hsl-player/install/booster_interface/include/booster_interface/booster_interface/msg/detail/low_cmd__rosidl_typesupport_fastrtps_cpp.hpp
[0.272s] -- Up-to-date symlink: /workspace/hsl-player/install/booster_interface/include/booster_interface/booster_interface/msg/detail/low_state__rosidl_typesupport_fastrtps_cpp.hpp
[0.272s] -- Up-to-date symlink: /workspace/hsl-player/install/booster_interface/include/booster_interface/booster_interface/msg/detail/motor_cmd__rosidl_typesupport_fastrtps_cpp.hpp
[0.272s] -- Up-to-date symlink: /workspace/hsl-player/install/booster_interface/include/booster_interface/booster_interface/msg/detail/motor_state__rosidl_typesupport_fastrtps_cpp.hpp
[0.272s] -- Up-to-date symlink: /workspace/hsl-player/install/booster_interface/include/booster_interface/booster_interface/msg/detail/odometer__rosidl_typesupport_fastrtps_cpp.hpp
[0.272s] -- Up-to-date symlink: /workspace/hsl-player/install/booster_interface/include/booster_interface/booster_interface/msg/detail/raw_bytes_msg__rosidl_typesupport_fastrtps_cpp.hpp
[0.273s] -- Up-to-date symlink: /workspace/hsl-player/install/booster_interface/include/booster_interface/booster_interface/msg/detail/raw_bytes_stamped__rosidl_typesupport_fastrtps_cpp.hpp
[0.273s] -- Up-to-date symlink: /workspace/hsl-player/install/booster_interface/include/booster_interface/booster_interface/msg/detail/remote_controller_state__rosidl_typesupport_fastrtps_cpp.hpp
[0.273s] -- Up-to-date symlink: /workspace/hsl-player/install/booster_interface/include/booster_interface/booster_interface/msg/rosidl_typesupport_fastrtps_cpp__visibility_control.h
[0.273s] -- Up-to-date symlink: /workspace/hsl-player/install/booster_interface/include/booster_interface/booster_interface/srv/detail/agent_service__rosidl_typesupport_fastrtps_cpp.hpp
[0.273s] -- Up-to-date symlink: /workspace/hsl-player/install/booster_interface/include/booster_interface/booster_interface/srv/detail/rpc_service__rosidl_typesupport_fastrtps_cpp.hpp
[0.273s] -- Up-to-date symlink: /workspace/hsl-player/install/booster_interface/include/booster_interface/booster_interface/msg/detail/booster_api_req_msg__rosidl_typesupport_introspection_c.h
[0.273s] -- Up-to-date symlink: /workspace/hsl-player/install/booster_interface/include/booster_interface/booster_interface/msg/detail/booster_api_resp_msg__rosidl_typesupport_introspection_c.h
[0.274s] -- Up-to-date symlink: /workspace/hsl-player/install/booster_interface/include/booster_interface/booster_interface/msg/detail/button_event_msg__rosidl_typesupport_introspection_c.h
[0.274s] -- Up-to-date symlink: /workspace/hsl-player/install/booster_interface/include/booster_interface/booster_interface/msg/detail/fall_down_state__rosidl_typesupport_introspection_c.h
[0.274s] -- Up-to-date symlink: /workspace/hsl-player/install/booster_interface/include/booster_interface/booster_interface/msg/detail/hand_command__rosidl_typesupport_introspection_c.h
[0.274s] -- Up-to-date symlink: /workspace/hsl-player/install/booster_interface/include/booster_interface/booster_interface/msg/detail/hand_dds_msg__rosidl_typesupport_introspection_c.h
[0.274s] -- Up-to-date symlink: /workspace/hsl-player/install/booster_interface/include/booster_interface/booster_interface/msg/detail/hand_param__rosidl_typesupport_introspection_c.h
[0.274s] -- Up-to-date symlink: /workspace/hsl-player/install/booster_interface/include/booster_interface/booster_interface/msg/detail/imu_state__rosidl_typesupport_introspection_c.h
[0.274s] -- Up-to-date symlink: /workspace/hsl-player/install/booster_interface/include/booster_interface/booster_interface/msg/detail/low_cmd__rosidl_typesupport_introspection_c.h
[0.274s] -- Up-to-date symlink: /workspace/hsl-player/install/booster_interface/include/booster_interface/booster_interface/msg/detail/low_state__rosidl_typesupport_introspection_c.h
[0.274s] -- Up-to-date symlink: /workspace/hsl-player/install/booster_interface/include/booster_interface/booster_interface/msg/detail/motor_cmd__rosidl_typesupport_introspection_c.h
[0.274s] -- Up-to-date symlink: /workspace/hsl-player/install/booster_interface/include/booster_interface/booster_interface/msg/detail/motor_state__rosidl_typesupport_introspection_c.h
[0.274s] -- Up-to-date symlink: /workspace/hsl-player/install/booster_interface/include/booster_interface/booster_interface/msg/detail/odometer__rosidl_typesupport_introspection_c.h
[0.274s] -- Up-to-date symlink: /workspace/hsl-player/install/booster_interface/include/booster_interface/booster_interface/msg/detail/raw_bytes_msg__rosidl_typesupport_introspection_c.h
[0.274s] -- Up-to-date symlink: /workspace/hsl-player/install/booster_interface/include/booster_interface/booster_interface/msg/detail/raw_bytes_stamped__rosidl_typesupport_introspection_c.h
[0.275s] -- Up-to-date symlink: /workspace/hsl-player/install/booster_interface/include/booster_interface/booster_interface/msg/detail/remote_controller_state__rosidl_typesupport_introspection_c.h
[0.275s] -- Up-to-date symlink: /workspace/hsl-player/install/booster_interface/include/booster_interface/booster_interface/msg/rosidl_typesupport_introspection_c__visibility_control.h
[0.275s] -- Up-to-date symlink: /workspace/hsl-player/install/booster_interface/include/booster_interface/booster_interface/srv/detail/agent_service__rosidl_typesupport_introspection_c.h
[0.275s] -- Up-to-date symlink: /workspace/hsl-player/install/booster_interface/include/booster_interface/booster_interface/srv/detail/rpc_service__rosidl_typesupport_introspection_c.h
[0.275s] -- Up-to-date symlink: /workspace/hsl-player/install/booster_interface/include/booster_interface/booster_interface/msg/detail/booster_api_req_msg__rosidl_typesupport_introspection_cpp.hpp
[0.275s] -- Up-to-date symlink: /workspace/hsl-player/install/booster_interface/include/booster_interface/booster_interface/msg/detail/booster_api_resp_msg__rosidl_typesupport_introspection_cpp.hpp
[0.275s] -- Up-to-date symlink: /workspace/hsl-player/install/booster_interface/include/booster_interface/booster_interface/msg/detail/button_event_msg__rosidl_typesupport_introspection_cpp.hpp
[0.275s] -- Up-to-date symlink: /workspace/hsl-player/install/booster_interface/include/booster_interface/booster_interface/msg/detail/fall_down_state__rosidl_typesupport_introspection_cpp.hpp
[0.275s] -- Up-to-date symlink: /workspace/hsl-player/install/booster_interface/include/booster_interface/booster_interface/msg/detail/hand_command__rosidl_typesupport_introspection_cpp.hpp
[0.275s] -- Up-to-date symlink: /workspace/hsl-player/install/booster_interface/include/booster_interface/booster_interface/msg/detail/hand_dds_msg__rosidl_typesupport_introspection_cpp.hpp
[0.275s] -- Up-to-date symlink: /workspace/hsl-player/install/booster_interface/include/booster_interface/booster_interface/msg/detail/hand_param__rosidl_typesupport_introspection_cpp.hpp
[0.275s] -- Up-to-date symlink: /workspace/hsl-player/install/booster_interface/include/booster_interface/booster_interface/msg/detail/imu_state__rosidl_typesupport_introspection_cpp.hpp
[0.275s] -- Up-to-date symlink: /workspace/hsl-player/install/booster_interface/include/booster_interface/booster_interface/msg/detail/low_cmd__rosidl_typesupport_introspection_cpp.hpp
[0.275s] -- Up-to-date symlink: /workspace/hsl-player/install/booster_interface/include/booster_interface/booster_interface/msg/detail/low_state__rosidl_typesupport_introspection_cpp.hpp
[0.275s] -- Up-to-date symlink: /workspace/hsl-player/install/booster_interface/include/booster_interface/booster_interface/msg/detail/motor_cmd__rosidl_typesupport_introspection_cpp.hpp
[0.275s] -- Up-to-date symlink: /workspace/hsl-player/install/booster_interface/include/booster_interface/booster_interface/msg/detail/motor_state__rosidl_typesupport_introspection_cpp.hpp
[0.276s] -- Up-to-date symlink: /workspace/hsl-player/install/booster_interface/include/booster_interface/booster_interface/msg/detail/odometer__rosidl_typesupport_introspection_cpp.hpp
[0.276s] -- Up-to-date symlink: /workspace/hsl-player/install/booster_interface/include/booster_interface/booster_interface/msg/detail/raw_bytes_msg__rosidl_typesupport_introspection_cpp.hpp
[0.276s] -- Up-to-date symlink: /workspace/hsl-player/install/booster_interface/include/booster_interface/booster_interface/msg/detail/raw_bytes_stamped__rosidl_typesupport_introspection_cpp.hpp
[0.276s] -- Up-to-date symlink: /workspace/hsl-player/install/booster_interface/include/booster_interface/booster_interface/msg/detail/remote_controller_state__rosidl_typesupport_introspection_cpp.hpp
[0.276s] -- Up-to-date symlink: /workspace/hsl-player/install/booster_interface/include/booster_interface/booster_interface/srv/detail/agent_service__rosidl_typesupport_introspection_cpp.hpp
[0.276s] -- Up-to-date symlink: /workspace/hsl-player/install/booster_interface/include/booster_interface/booster_interface/srv/detail/rpc_service__rosidl_typesupport_introspection_cpp.hpp
[0.276s] -- Up-to-date symlink: /workspace/hsl-player/install/booster_interface/share/booster_interface/environment/pythonpath.sh
[0.276s] -- Up-to-date symlink: /workspace/hsl-player/install/booster_interface/share/booster_interface/environment/pythonpath.dsv
[0.276s] -- Up-to-date symlink: /workspace/hsl-player/install/booster_interface/local/lib/python3.10/dist-packages/booster_interface-0.0.0-py3.10.egg-info/PKG-INFO
[0.276s] -- Up-to-date symlink: /workspace/hsl-player/install/booster_interface/local/lib/python3.10/dist-packages/booster_interface-0.0.0-py3.10.egg-info/SOURCES.txt
[0.276s] -- Up-to-date symlink: /workspace/hsl-player/install/booster_interface/local/lib/python3.10/dist-packages/booster_interface-0.0.0-py3.10.egg-info/dependency_links.txt
[0.276s] -- Up-to-date symlink: /workspace/hsl-player/install/booster_interface/local/lib/python3.10/dist-packages/booster_interface-0.0.0-py3.10.egg-info/top_level.txt
[0.276s] -- Up-to-date symlink: /workspace/hsl-player/install/booster_interface/local/lib/python3.10/dist-packages/booster_interface/__init__.py
[0.276s] -- Up-to-date symlink: /workspace/hsl-player/install/booster_interface/local/lib/python3.10/dist-packages/booster_interface/_booster_interface_s.ep.rosidl_typesupport_c.c
[0.276s] -- Up-to-date symlink: /workspace/hsl-player/install/booster_interface/local/lib/python3.10/dist-packages/booster_interface/_booster_interface_s.ep.rosidl_typesupport_fastrtps_c.c
[0.276s] -- Up-to-date symlink: /workspace/hsl-player/install/booster_interface/local/lib/python3.10/dist-packages/booster_interface/_booster_interface_s.ep.rosidl_typesupport_introspection_c.c
[0.276s] -- Up-to-date symlink: /workspace/hsl-player/install/booster_interface/local/lib/python3.10/dist-packages/booster_interface/booster_interface_s__rosidl_typesupport_c.cpython-310-x86_64-linux-gnu.so
[0.276s] -- Up-to-date symlink: /workspace/hsl-player/install/booster_interface/local/lib/python3.10/dist-packages/booster_interface/booster_interface_s__rosidl_typesupport_fastrtps_c.cpython-310-x86_64-linux-gnu.so
[0.276s] -- Up-to-date symlink: /workspace/hsl-player/install/booster_interface/local/lib/python3.10/dist-packages/booster_interface/booster_interface_s__rosidl_typesupport_introspection_c.cpython-310-x86_64-linux-gnu.so
[0.276s] -- Up-to-date symlink: /workspace/hsl-player/install/booster_interface/local/lib/python3.10/dist-packages/booster_interface/libbooster_interface__rosidl_generator_py.so
[0.277s] -- Up-to-date symlink: /workspace/hsl-player/install/booster_interface/local/lib/python3.10/dist-packages/booster_interface/msg/__init__.py
[0.277s] -- Up-to-date symlink: /workspace/hsl-player/install/booster_interface/local/lib/python3.10/dist-packages/booster_interface/msg/_booster_api_req_msg.py
[0.277s] -- Up-to-date symlink: /workspace/hsl-player/install/booster_interface/local/lib/python3.10/dist-packages/booster_interface/msg/_booster_api_req_msg_s.c
[0.277s] -- Up-to-date symlink: /workspace/hsl-player/install/booster_interface/local/lib/python3.10/dist-packages/booster_interface/msg/_booster_api_resp_msg.py
[0.277s] -- Up-to-date symlink: /workspace/hsl-player/install/booster_interface/local/lib/python3.10/dist-packages/booster_interface/msg/_booster_api_resp_msg_s.c
[0.277s] -- Up-to-date symlink: /workspace/hsl-player/install/booster_interface/local/lib/python3.10/dist-packages/booster_interface/msg/_button_event_msg.py
[0.277s] -- Up-to-date symlink: /workspace/hsl-player/install/booster_interface/local/lib/python3.10/dist-packages/booster_interface/msg/_button_event_msg_s.c
[0.277s] -- Up-to-date symlink: /workspace/hsl-player/install/booster_interface/local/lib/python3.10/dist-packages/booster_interface/msg/_fall_down_state.py
[0.277s] -- Up-to-date symlink: /workspace/hsl-player/install/booster_interface/local/lib/python3.10/dist-packages/booster_interface/msg/_fall_down_state_s.c
[0.277s] -- Up-to-date symlink: /workspace/hsl-player/install/booster_interface/local/lib/python3.10/dist-packages/booster_interface/msg/_hand_command.py
[0.277s] -- Up-to-date symlink: /workspace/hsl-player/install/booster_interface/local/lib/python3.10/dist-packages/booster_interface/msg/_hand_command_s.c
[0.277s] -- Up-to-date symlink: /workspace/hsl-player/install/booster_interface/local/lib/python3.10/dist-packages/booster_interface/msg/_hand_dds_msg.py
[0.277s] -- Up-to-date symlink: /workspace/hsl-player/install/booster_interface/local/lib/python3.10/dist-packages/booster_interface/msg/_hand_dds_msg_s.c
[0.277s] -- Up-to-date symlink: /workspace/hsl-player/install/booster_interface/local/lib/python3.10/dist-packages/booster_interface/msg/_hand_param.py
[0.277s] -- Up-to-date symlink: /workspace/hsl-player/install/booster_interface/local/lib/python3.10/dist-packages/booster_interface/msg/_hand_param_s.c
[0.277s] -- Up-to-date symlink: /workspace/hsl-player/install/booster_interface/local/lib/python3.10/dist-packages/booster_interface/msg/_imu_state.py
[0.277s] -- Up-to-date symlink: /workspace/hsl-player/install/booster_interface/local/lib/python3.10/dist-packages/booster_interface/msg/_imu_state_s.c
[0.278s] -- Up-to-date symlink: /workspace/hsl-player/install/booster_interface/local/lib/python3.10/dist-packages/booster_interface/msg/_low_cmd.py
[0.278s] -- Up-to-date symlink: /workspace/hsl-player/install/booster_interface/local/lib/python3.10/dist-packages/booster_interface/msg/_low_cmd_s.c
[0.278s] -- Up-to-date symlink: /workspace/hsl-player/install/booster_interface/local/lib/python3.10/dist-packages/booster_interface/msg/_low_state.py
[0.278s] -- Up-to-date symlink: /workspace/hsl-player/install/booster_interface/local/lib/python3.10/dist-packages/booster_interface/msg/_low_state_s.c
[0.278s] -- Up-to-date symlink: /workspace/hsl-player/install/booster_interface/local/lib/python3.10/dist-packages/booster_interface/msg/_motor_cmd.py
[0.278s] -- Up-to-date symlink: /workspace/hsl-player/install/booster_interface/local/lib/python3.10/dist-packages/booster_interface/msg/_motor_cmd_s.c
[0.278s] -- Up-to-date symlink: /workspace/hsl-player/install/booster_interface/local/lib/python3.10/dist-packages/booster_interface/msg/_motor_state.py
[0.278s] -- Up-to-date symlink: /workspace/hsl-player/install/booster_interface/local/lib/python3.10/dist-packages/booster_interface/msg/_motor_state_s.c
[0.278s] -- Up-to-date symlink: /workspace/hsl-player/install/booster_interface/local/lib/python3.10/dist-packages/booster_interface/msg/_odometer.py
[0.278s] -- Up-to-date symlink: /workspace/hsl-player/install/booster_interface/local/lib/python3.10/dist-packages/booster_interface/msg/_odometer_s.c
[0.278s] -- Up-to-date symlink: /workspace/hsl-player/install/booster_interface/local/lib/python3.10/dist-packages/booster_interface/msg/_raw_bytes_msg.py
[0.279s] -- Up-to-date symlink: /workspace/hsl-player/install/booster_interface/local/lib/python3.10/dist-packages/booster_interface/msg/_raw_bytes_msg_s.c
[0.279s] -- Up-to-date symlink: /workspace/hsl-player/install/booster_interface/local/lib/python3.10/dist-packages/booster_interface/msg/_raw_bytes_stamped.py
[0.279s] -- Up-to-date symlink: /workspace/hsl-player/install/booster_interface/local/lib/python3.10/dist-packages/booster_interface/msg/_raw_bytes_stamped_s.c
[0.279s] -- Up-to-date symlink: /workspace/hsl-player/install/booster_interface/local/lib/python3.10/dist-packages/booster_interface/msg/_remote_controller_state.py
[0.279s] -- Up-to-date symlink: /workspace/hsl-player/install/booster_interface/local/lib/python3.10/dist-packages/booster_interface/msg/_remote_controller_state_s.c
[0.279s] -- Up-to-date symlink: /workspace/hsl-player/install/booster_interface/local/lib/python3.10/dist-packages/booster_interface/srv/__init__.py
[0.279s] -- Up-to-date symlink: /workspace/hsl-player/install/booster_interface/local/lib/python3.10/dist-packages/booster_interface/srv/_agent_service.py
[0.279s] -- Up-to-date symlink: /workspace/hsl-player/install/booster_interface/local/lib/python3.10/dist-packages/booster_interface/srv/_agent_service_s.c
[0.280s] -- Up-to-date symlink: /workspace/hsl-player/install/booster_interface/local/lib/python3.10/dist-packages/booster_interface/srv/_rpc_service.py
[0.280s] -- Up-to-date symlink: /workspace/hsl-player/install/booster_interface/local/lib/python3.10/dist-packages/booster_interface/srv/_rpc_service_s.c
[0.280s] -- Up-to-date symlink: /workspace/hsl-player/install/booster_interface/local/lib/python3.10/dist-packages/booster_interface/booster_interface_s__rosidl_typesupport_fastrtps_c.cpython-310-x86_64-linux-gnu.so
[0.280s] -- Up-to-date symlink: /workspace/hsl-player/install/booster_interface/local/lib/python3.10/dist-packages/booster_interface/booster_interface_s__rosidl_typesupport_introspection_c.cpython-310-x86_64-linux-gnu.so
[0.280s] -- Up-to-date symlink: /workspace/hsl-player/install/booster_interface/local/lib/python3.10/dist-packages/booster_interface/booster_interface_s__rosidl_typesupport_c.cpython-310-x86_64-linux-gnu.so
[0.280s] -- Up-to-date symlink: /workspace/hsl-player/install/booster_interface/share/ament_index/resource_index/rust_packages/booster_interface
[0.280s] -- Up-to-date symlink: /workspace/hsl-player/install/booster_interface/share/booster_interface/rust/Cargo.toml
[0.281s] -- Up-to-date symlink: /workspace/hsl-player/install/booster_interface/share/booster_interface/rust/build.rs
[0.281s] -- Up-to-date symlink: /workspace/hsl-player/install/booster_interface/share/booster_interface/rust/src/lib.rs
[0.281s] -- Up-to-date symlink: /workspace/hsl-player/install/booster_interface/share/booster_interface/rust/src/msg.rs
[0.281s] -- Up-to-date symlink: /workspace/hsl-player/install/booster_interface/share/booster_interface/rust/src/msg/rmw.rs
[0.281s] -- Up-to-date symlink: /workspace/hsl-player/install/booster_interface/share/booster_interface/rust/src/srv.rs
[0.281s] -- Up-to-date symlink: /workspace/hsl-player/install/booster_interface/share/booster_interface/rust/src/srv/rmw.rs
[0.281s] -- Up-to-date symlink: /workspace/hsl-player/install/booster_interface/share/booster_interface/msg/BoosterApiReqMsg.idl
[0.281s] -- Up-to-date symlink: /workspace/hsl-player/install/booster_interface/share/booster_interface/msg/BoosterApiRespMsg.idl
[0.281s] -- Up-to-date symlink: /workspace/hsl-player/install/booster_interface/share/booster_interface/msg/ButtonEventMsg.idl
[0.282s] -- Up-to-date symlink: /workspace/hsl-player/install/booster_interface/share/booster_interface/msg/MotorState.idl
[0.282s] -- Up-to-date symlink: /workspace/hsl-player/install/booster_interface/share/booster_interface/msg/MotorCmd.idl
[0.282s] -- Up-to-date symlink: /workspace/hsl-player/install/booster_interface/share/booster_interface/msg/LowCmd.idl
[0.282s] -- Up-to-date symlink: /workspace/hsl-player/install/booster_interface/share/booster_interface/msg/ImuState.idl
[0.282s] -- Up-to-date symlink: /workspace/hsl-player/install/booster_interface/share/booster_interface/msg/LowState.idl
[0.282s] -- Up-to-date symlink: /workspace/hsl-player/install/booster_interface/share/booster_interface/msg/RawBytesMsg.idl
[0.282s] -- Up-to-date symlink: /workspace/hsl-player/install/booster_interface/share/booster_interface/msg/RawBytesStamped.idl
[0.282s] -- Up-to-date symlink: /workspace/hsl-player/install/booster_interface/share/booster_interface/msg/Odometer.idl
[0.282s] -- Up-to-date symlink: /workspace/hsl-player/install/booster_interface/share/booster_interface/msg/FallDownState.idl
[0.282s] -- Up-to-date symlink: /workspace/hsl-player/install/booster_interface/share/booster_interface/msg/RemoteControllerState.idl
[0.282s] -- Up-to-date symlink: /workspace/hsl-player/install/booster_interface/share/booster_interface/msg/HandCommand.idl
[0.282s] -- Up-to-date symlink: /workspace/hsl-player/install/booster_interface/share/booster_interface/msg/HandDdsMsg.idl
[0.283s] -- Up-to-date symlink: /workspace/hsl-player/install/booster_interface/share/booster_interface/msg/HandParam.idl
[0.283s] -- Up-to-date symlink: /workspace/hsl-player/install/booster_interface/share/booster_interface/srv/RpcService.idl
[0.283s] -- Up-to-date symlink: /workspace/hsl-player/install/booster_interface/share/booster_interface/srv/AgentService.idl
[0.283s] -- Up-to-date symlink: /workspace/hsl-player/install/booster_interface/share/booster_interface/msg/BoosterApiReqMsg.msg
[0.283s] -- Up-to-date symlink: /workspace/hsl-player/install/booster_interface/share/booster_interface/msg/BoosterApiRespMsg.msg
[0.283s] -- Up-to-date symlink: /workspace/hsl-player/install/booster_interface/share/booster_interface/msg/ButtonEventMsg.msg
[0.283s] -- Up-to-date symlink: /workspace/hsl-player/install/booster_interface/share/booster_interface/msg/MotorState.msg
[0.283s] -- Up-to-date symlink: /workspace/hsl-player/install/booster_interface/share/booster_interface/msg/MotorCmd.msg
[0.283s] -- Up-to-date symlink: /workspace/hsl-player/install/booster_interface/share/booster_interface/msg/LowCmd.msg
[0.283s] -- Up-to-date symlink: /workspace/hsl-player/install/booster_interface/share/booster_interface/msg/ImuState.msg
[0.283s] -- Up-to-date symlink: /workspace/hsl-player/install/booster_interface/share/booster_interface/msg/LowState.msg
[0.283s] -- Up-to-date symlink: /workspace/hsl-player/install/booster_interface/share/booster_interface/msg/RawBytesMsg.msg
[0.283s] -- Up-to-date symlink: /workspace/hsl-player/install/booster_interface/share/booster_interface/msg/RawBytesStamped.msg
[0.284s] -- Up-to-date symlink: /workspace/hsl-player/install/booster_interface/share/booster_interface/msg/Odometer.msg
[0.284s] -- Up-to-date symlink: /workspace/hsl-player/install/booster_interface/share/booster_interface/msg/FallDownState.msg
[0.284s] -- Up-to-date symlink: /workspace/hsl-player/install/booster_interface/share/booster_interface/msg/RemoteControllerState.msg
[0.284s] -- Up-to-date symlink: /workspace/hsl-player/install/booster_interface/share/booster_interface/msg/HandCommand.msg
[0.284s] -- Up-to-date symlink: /workspace/hsl-player/install/booster_interface/share/booster_interface/msg/HandDdsMsg.msg
[0.285s] -- Up-to-date symlink: /workspace/hsl-player/install/booster_interface/share/booster_interface/msg/HandParam.msg
[0.285s] -- Up-to-date symlink: /workspace/hsl-player/install/booster_interface/share/booster_interface/srv/RpcService.srv
[0.285s] -- Up-to-date symlink: /workspace/hsl-player/install/booster_interface/share/booster_interface/srv/RpcService_Request.msg
[0.285s] -- Up-to-date symlink: /workspace/hsl-player/install/booster_interface/share/booster_interface/srv/RpcService_Response.msg
[0.285s] -- Up-to-date symlink: /workspace/hsl-player/install/booster_interface/share/booster_interface/srv/AgentService.srv
[0.285s] -- Up-to-date symlink: /workspace/hsl-player/install/booster_interface/share/booster_interface/srv/AgentService_Request.msg
[0.285s] -- Up-to-date symlink: /workspace/hsl-player/install/booster_interface/share/booster_interface/srv/AgentService_Response.msg
[0.286s] -- Up-to-date symlink: /workspace/hsl-player/install/booster_interface/include//booster_interface/booster_interface/message_utils.hpp
[0.286s] -- Up-to-date symlink: /workspace/hsl-player/install/booster_interface/include//booster_interface/booster_interface/third_party/nlohmann_json/json.hpp
[0.286s] -- Up-to-date symlink: /workspace/hsl-player/install/booster_interface/share/ament_index/resource_index/package_run_dependencies/booster_interface
[0.286s] -- Up-to-date symlink: /workspace/hsl-player/install/booster_interface/share/ament_index/resource_index/parent_prefix_path/booster_interface
[0.286s] -- Up-to-date symlink: /workspace/hsl-player/install/booster_interface/share/booster_interface/environment/ament_prefix_path.sh
[0.286s] -- Up-to-date symlink: /workspace/hsl-player/install/booster_interface/share/booster_interface/environment/ament_prefix_path.dsv
[0.286s] -- Up-to-date symlink: /workspace/hsl-player/install/booster_interface/share/booster_interface/environment/path.sh
[0.286s] -- Up-to-date symlink: /workspace/hsl-player/install/booster_interface/share/booster_interface/environment/path.dsv
[0.287s] -- Up-to-date symlink: /workspace/hsl-player/install/booster_interface/share/booster_interface/local_setup.bash
[0.287s] -- Up-to-date symlink: /workspace/hsl-player/install/booster_interface/share/booster_interface/local_setup.sh
[0.287s] -- Up-to-date symlink: /workspace/hsl-player/install/booster_interface/share/booster_interface/local_setup.zsh
[0.287s] -- Up-to-date symlink: /workspace/hsl-player/install/booster_interface/share/booster_interface/local_setup.dsv
[0.287s] -- Symlinking: /workspace/hsl-player/install/booster_interface/share/booster_interface/package.dsv
[0.288s] -- Up-to-date symlink: /workspace/hsl-player/install/booster_interface/share/ament_index/resource_index/packages/booster_interface
[0.288s] -- Up-to-date symlink: /workspace/hsl-player/install/booster_interface/share/booster_interface/cmake/rosidl_cmake-extras.cmake
[0.288s] -- Up-to-date symlink: /workspace/hsl-player/install/booster_interface/share/booster_interface/cmake/ament_cmake_export_dependencies-extras.cmake
[0.288s] -- Up-to-date symlink: /workspace/hsl-player/install/booster_interface/share/booster_interface/cmake/ament_cmake_export_include_directories-extras.cmake
[0.288s] -- Up-to-date symlink: /workspace/hsl-player/install/booster_interface/share/booster_interface/cmake/ament_cmake_export_libraries-extras.cmake
[0.288s] -- Up-to-date symlink: /workspace/hsl-player/install/booster_interface/share/booster_interface/cmake/ament_cmake_export_targets-extras.cmake
[0.288s] -- Up-to-date symlink: /workspace/hsl-player/install/booster_interface/share/booster_interface/cmake/rosidl_cmake_export_typesupport_targets-extras.cmake
[0.288s] -- Up-to-date symlink: /workspace/hsl-player/install/booster_interface/share/booster_interface/cmake/rosidl_cmake_export_typesupport_libraries-extras.cmake
[0.289s] -- Up-to-date symlink: /workspace/hsl-player/install/booster_interface/share/booster_interface/cmake/booster_interfaceConfig.cmake
[0.289s] -- Up-to-date symlink: /workspace/hsl-player/install/booster_interface/share/booster_interface/cmake/booster_interfaceConfig-version.cmake
[0.289s] -- Up-to-date symlink: /workspace/hsl-player/install/booster_interface/share/booster_interface/package.xml
[0.289s] -- Up-to-date: /workspace/hsl-player/install/booster_interface/lib/libbooster_interface__rosidl_generator_c.so
[0.289s] -- Up-to-date: /workspace/hsl-player/install/booster_interface/lib/libbooster_interface__rosidl_typesupport_fastrtps_c.so
[0.289s] -- Up-to-date: /workspace/hsl-player/install/booster_interface/lib/libbooster_interface__rosidl_typesupport_fastrtps_cpp.so
[0.289s] -- Up-to-date: /workspace/hsl-player/install/booster_interface/lib/libbooster_interface__rosidl_typesupport_introspection_c.so
[0.289s] -- Up-to-date: /workspace/hsl-player/install/booster_interface/lib/libbooster_interface__rosidl_typesupport_c.so
[0.289s] -- Up-to-date: /workspace/hsl-player/install/booster_interface/lib/libbooster_interface__rosidl_typesupport_introspection_cpp.so
[0.289s] -- Up-to-date: /workspace/hsl-player/install/booster_interface/lib/libbooster_interface__rosidl_typesupport_cpp.so
[0.292s] Listing '/workspace/hsl-player/install/booster_interface/local/lib/python3.10/dist-packages/booster_interface'...
[0.292s] Listing '/workspace/hsl-player/install/booster_interface/local/lib/python3.10/dist-packages/booster_interface/msg'...
[0.292s] Listing '/workspace/hsl-player/install/booster_interface/local/lib/python3.10/dist-packages/booster_interface/srv'...
[0.292s] -- Up-to-date: /workspace/hsl-player/install/booster_interface/lib/libbooster_interface__rosidl_generator_py.so
[0.293s] -- Up-to-date: /workspace/hsl-player/install/booster_interface/share/booster_interface/cmake/export_booster_interface__rosidl_generator_cExport.cmake
[0.293s] -- Up-to-date: /workspace/hsl-player/install/booster_interface/share/booster_interface/cmake/export_booster_interface__rosidl_generator_cExport-noconfig.cmake
[0.293s] -- Up-to-date: /workspace/hsl-player/install/booster_interface/share/booster_interface/cmake/export_booster_interface__rosidl_typesupport_fastrtps_cExport.cmake
[0.293s] -- Up-to-date: /workspace/hsl-player/install/booster_interface/share/booster_interface/cmake/export_booster_interface__rosidl_typesupport_fastrtps_cExport-noconfig.cmake
[0.293s] -- Up-to-date: /workspace/hsl-player/install/booster_interface/share/booster_interface/cmake/export_booster_interface__rosidl_generator_cppExport.cmake
[0.293s] -- Up-to-date: /workspace/hsl-player/install/booster_interface/share/booster_interface/cmake/export_booster_interface__rosidl_typesupport_fastrtps_cppExport.cmake
[0.293s] -- Up-to-date: /workspace/hsl-player/install/booster_interface/share/booster_interface/cmake/export_booster_interface__rosidl_typesupport_fastrtps_cppExport-noconfig.cmake
[0.293s] -- Up-to-date: /workspace/hsl-player/install/booster_interface/share/booster_interface/cmake/booster_interface__rosidl_typesupport_introspection_cExport.cmake
[0.293s] -- Up-to-date: /workspace/hsl-player/install/booster_interface/share/booster_interface/cmake/booster_interface__rosidl_typesupport_introspection_cExport-noconfig.cmake
[0.293s] -- Up-to-date: /workspace/hsl-player/install/booster_interface/share/booster_interface/cmake/booster_interface__rosidl_typesupport_cExport.cmake
[0.293s] -- Up-to-date: /workspace/hsl-player/install/booster_interface/share/booster_interface/cmake/booster_interface__rosidl_typesupport_cExport-noconfig.cmake
[0.293s] -- Up-to-date: /workspace/hsl-player/install/booster_interface/share/booster_interface/cmake/booster_interface__rosidl_typesupport_introspection_cppExport.cmake
[0.293s] -- Up-to-date: /workspace/hsl-player/install/booster_interface/share/booster_interface/cmake/booster_interface__rosidl_typesupport_introspection_cppExport-noconfig.cmake
[0.293s] -- Up-to-date: /workspace/hsl-player/install/booster_interface/share/booster_interface/cmake/booster_interface__rosidl_typesupport_cppExport.cmake
[0.293s] -- Up-to-date: /workspace/hsl-player/install/booster_interface/share/booster_interface/cmake/booster_interface__rosidl_typesupport_cppExport-noconfig.cmake
[0.293s] -- Up-to-date: /workspace/hsl-player/install/booster_interface/share/booster_interface/cmake/export_booster_interface__rosidl_generator_pyExport.cmake
[0.293s] -- Up-to-date: /workspace/hsl-player/install/booster_interface/share/booster_interface/cmake/export_booster_interface__rosidl_generator_pyExport-noconfig.cmake
[0.302s] Invoked command in '/workspace/hsl-player/build/booster_interface' returned '0': CMAKE_PREFIX_PATH=/opt/ros/humble PS1=\[\e]0;\u@\h: \w\a\]${debian_chroot:+($debian_chroot)}\u@\h:\w\$ /usr/bin/cmake --install /workspace/hsl-player/build/booster_interface
