-- Found ament_cmake: 1.3.14 (/opt/ros/humble/share/ament_cmake/cmake)
-- Override CMake install command with custom implementation using symlinks instead of copying resources
-- Found rclcpp: 16.0.19 (/opt/ros/humble/share/rclcpp/cmake)
-- Found rosidl_generator_c: 3.1.8 (/opt/ros/humble/share/rosidl_generator_c/cmake)
-- Found rosidl_adapter: 3.1.8 (/opt/ros/humble/share/rosidl_adapter/cmake)
-- Found rosidl_generator_cpp: 3.1.8 (/opt/ros/humble/share/rosidl_generator_cpp/cmake)
-- Using all available rosidl_typesupport_c: rosidl_typesupport_fastrtps_c;rosidl_typesupport_introspection_c
-- Using all available rosidl_typesupport_cpp: rosidl_typesupport_fastrtps_cpp;rosidl_typesupport_introspection_cpp
-- Found rmw_implementation_cmake: 6.1.2 (/opt/ros/humble/share/rmw_implementation_cmake/cmake)
-- Found rmw_fastrtps_cpp: 6.2.10 (/opt/ros/humble/share/rmw_fastrtps_cpp/cmake)
-- Using RMW implementation 'rmw_fastrtps_cpp' as default
-- Found sensor_msgs: 4.9.1 (/opt/ros/humble/share/sensor_msgs/cmake)
-- Found behaviortree_cpp: 4.9.0 (/opt/ros/humble/share/behaviortree_cpp/cmake)
-- Rerun is using bundled arrow library.
-- Found booster_interface: 0.0.0 (/workspace/hsl-player/install/booster_interface/share/booster_interface/cmake)
-- Found game_controller_interface: 1.0.0 (/workspace/hsl-player/install/game_controller_interface/share/game_controller_interface/cmake)
-- Found vision_interface: 1.0.0 (/workspace/hsl-player/install/vision_interface/share/vision_interface/cmake)
-- Found booster_msgs: 0.0.0 (/workspace/hsl-player/install/booster_msgs/share/booster_msgs/cmake)
-- Found rosidl_default_generators: 1.2.1 (/opt/ros/humble/share/rosidl_default_generators/cmake)
-- Found OpenCV: /usr (found version "4.5.4") 
-- Found tf2: 0.25.20 (/opt/ros/humble/share/tf2/cmake)
-- Found tf2_ros: 0.25.20 (/opt/ros/humble/share/tf2_ros/cmake)
-- Found tf2_geometry_msgs: 0.25.20 (/opt/ros/humble/share/tf2_geometry_msgs/cmake)
-- Found eigen3_cmake_module: 0.1.1 (/opt/ros/humble/share/eigen3_cmake_module/cmake)
-- Found Eigen3: TRUE (found version "3.4.0") 
-- Ensuring Eigen3 include directory is part of orocos-kdl CMake target
-- Found ament_cmake_ros: 0.10.0 (/opt/ros/humble/share/ament_cmake_ros/cmake)
-- Using all available rosidl_typesupport_c: rosidl_typesupport_fastrtps_c;rosidl_typesupport_introspection_c
-- Using all available rosidl_typesupport_cpp: rosidl_typesupport_fastrtps_cpp;rosidl_typesupport_introspection_cpp
-- Found PythonInterp: /usr/bin/python3 (found suitable version "3.10.12", minimum required is "3.6") 
-- Found python_cmake_module: 0.10.0 (/opt/ros/humble/share/python_cmake_module/cmake)
-- Found PythonLibs: /usr/lib/x86_64-linux-gnu/libpython3.10.so (found suitable version "3.10.12", minimum required is "3.5") 
-- Using PYTHON_EXECUTABLE: /usr/bin/python3
-- Using PYTHON_INCLUDE_DIRS: /usr/include/python3.10
-- Using PYTHON_LIBRARIES: /usr/lib/x86_64-linux-gnu/libpython3.10.so
-- Found PythonExtra: .so  
-- Found ament_lint_auto: 0.12.15 (/opt/ros/humble/share/ament_lint_auto/cmake)
-- Added test 'cppcheck' to perform static code analysis on C / C++ code
-- Configured cppcheck include dirs: $<BUILD_INTERFACE:/workspace/hsl-player/src/brain/include>
-- Configured cppcheck exclude dirs and/or files: 
-- Added test 'flake8' to check Python code syntax and style conventions
-- Added test 'lint_cmake' to check CMake code style
-- Added test 'pep257' to check Python code against some of the docstring style conventions in PEP 257
-- Added test 'uncrustify' to check C / C++ code style
-- Configured uncrustify additional arguments: 
-- Added test 'xmllint' to check XML markup files
-- Configuring done
-- Generating done
-- Build files have been written to: /workspace/hsl-player/build/brain
[  2%] [34m[1mGenerating C code for ROS interfaces[0m
[  4%] [34m[1mGenerating Rust code for ROS interfaces[0m
[  7%] [34m[1mGenerating C++ code for ROS interfaces[0m
[  7%] Built target ament_cmake_python_symlink_brain
[  7%] Built target brain__rs
[  9%] [32mBuilding C object CMakeFiles/brain__rosidl_generator_c.dir/rosidl_generator_c/brain/msg/detail/kick__functions.c.o[0m
[  9%] Built target brain__cpp
running egg_info
creating brain.egg-info
writing brain.egg-info/PKG-INFO
writing dependency_links to brain.egg-info/dependency_links.txt
writing top-level names to brain.egg-info/top_level.txt
writing manifest file 'brain.egg-info/SOURCES.txt'
reading manifest file 'brain.egg-info/SOURCES.txt'
writing manifest file 'brain.egg-info/SOURCES.txt'
[ 16%] [34m[1mGenerating C++ introspection for ROS interfaces[0m
[ 16%] [34m[1mGenerating C++ type support dispatch for ROS interfaces[0m
[ 16%] [34m[1mGenerating C++ type support for eProsima Fast-RTPS[0m
[ 16%] Built target ament_cmake_python_build_brain_egg
[ 19%] [32m[1mLinking C shared library libbrain__rosidl_generator_c.so[0m
[ 19%] Built target brain__rosidl_generator_c
[ 26%] [34m[1mGenerating C type support dispatch for ROS interfaces[0m
[ 26%] [34m[1mGenerating C introspection for ROS interfaces[0m
[ 26%] [34m[1mGenerating C type support for eProsima Fast-RTPS[0m
[ 28%] [32mBuilding CXX object CMakeFiles/brain__rosidl_typesupport_cpp.dir/rosidl_typesupport_cpp/brain/msg/kick__type_support.cpp.o[0m
[ 30%] [32mBuilding CXX object CMakeFiles/brain__rosidl_typesupport_fastrtps_cpp.dir/rosidl_typesupport_fastrtps_cpp/brain/msg/detail/dds_fastrtps/kick__type_support.cpp.o[0m
[ 33%] [32mBuilding CXX object CMakeFiles/brain__rosidl_typesupport_introspection_cpp.dir/rosidl_typesupport_introspection_cpp/brain/msg/detail/kick__type_support.cpp.o[0m
[ 35%] [32mBuilding CXX object CMakeFiles/brain__rosidl_typesupport_fastrtps_c.dir/rosidl_typesupport_fastrtps_c/brain/msg/detail/kick__type_support_c.cpp.o[0m
[ 38%] [32mBuilding C object CMakeFiles/brain__rosidl_typesupport_introspection_c.dir/rosidl_typesupport_introspection_c/brain/msg/detail/kick__type_support.c.o[0m
[ 40%] [32m[1mLinking C shared library libbrain__rosidl_typesupport_introspection_c.so[0m
[ 42%] [32m[1mLinking CXX shared library libbrain__rosidl_typesupport_cpp.so[0m
[ 42%] Built target brain__rosidl_typesupport_introspection_c
[ 45%] [32mBuilding CXX object CMakeFiles/brain__rosidl_typesupport_c.dir/rosidl_typesupport_c/brain/msg/kick__type_support.cpp.o[0m
[ 45%] Built target brain__rosidl_typesupport_cpp
[ 47%] [32mBuilding CXX object CMakeFiles/brain_node.dir/src/locator.cpp.o[0m
[ 50%] [32mBuilding CXX object CMakeFiles/brain_node.dir/src/robot_client.cpp.o[0m
[ 61%] [32mBuilding CXX object CMakeFiles/brain_node.dir/src/brain.cpp.o[0m
[ 61%] [32mBuilding CXX object CMakeFiles/brain_node.dir/src/brain_log.cpp.o[0m
[ 61%] [32mBuilding CXX object CMakeFiles/brain_node.dir/src/brain_data.cpp.o[0m
[ 61%] [32mBuilding CXX object CMakeFiles/brain_node.dir/src/brain_communication.cpp.o[0m
[ 61%] [32mBuilding CXX object CMakeFiles/brain_node.dir/src/brain_config.cpp.o[0m
[ 64%] [32mBuilding CXX object CMakeFiles/brain_node.dir/src/brain_tree.cpp.o[0m
[ 66%] [32mBuilding CXX object CMakeFiles/brain_node.dir/src/main.cpp.o[0m
[ 69%] [32m[1mLinking CXX shared library libbrain__rosidl_typesupport_c.so[0m
[ 69%] Built target brain__rosidl_typesupport_c
[01m[K/workspace/hsl-player/src/brain/src/robot_client.cpp:2:10:[m[K [01;31m[Kfatal error: [m[Kbooster_internal/robot/b1/b1_loco_internal_api.hpp: No such file or directory
    2 | #include [01;31m[K<booster_internal/robot/b1/b1_loco_internal_api.hpp>[m[K
      |          [01;31m[K^~~~~~~~~~~~~~~~~~~~~~~~~~~~~~~~~~~~~~~~~~~~~~~~~~~~[m[K
compilation terminated.
gmake[2]: *** [CMakeFiles/brain_node.dir/build.make:188: CMakeFiles/brain_node.dir/src/robot_client.cpp.o] Error 1
gmake[2]: *** Waiting for unfinished jobs....
[ 71%] [32m[1mLinking CXX shared library libbrain__rosidl_typesupport_fastrtps_cpp.so[0m
[ 73%] [32m[1mLinking CXX shared library libbrain__rosidl_typesupport_fastrtps_c.so[0m
[ 76%] [32m[1mLinking CXX shared library libbrain__rosidl_typesupport_introspection_cpp.so[0m
[ 76%] Built target brain__rosidl_typesupport_fastrtps_cpp
[ 76%] Built target brain__rosidl_typesupport_fastrtps_c
[ 76%] Built target brain__rosidl_typesupport_introspection_cpp
[ 76%] Built target brain
[ 78%] [34m[1mGenerating Python code for ROS interfaces[0m
In file included from [01m[K/workspace/hsl-player/src/brain/include/brain.h:41[m[K,
                 from [01m[K/workspace/hsl-player/src/brain/src/main.cpp:6[m[K:
[01m[K/workspace/hsl-player/src/brain/include/robot_client.h:10:10:[m[K [01;31m[Kfatal error: [m[Kbooster_internal/robot/b1/b1_loco_internal_api.hpp: No such file or directory
   10 | #include [01;31m[K"booster_internal/robot/b1/b1_loco_internal_api.hpp"[m[K
      |          [01;31m[K^~~~~~~~~~~~~~~~~~~~~~~~~~~~~~~~~~~~~~~~~~~~~~~~~~~~[m[K
compilation terminated.
gmake[2]: *** [CMakeFiles/brain_node.dir/build.make:174: CMakeFiles/brain_node.dir/src/main.cpp.o] Error 1
[ 78%] Built target brain__py
In file included from [01m[K/workspace/hsl-player/src/brain/include/brain.h:41[m[K,
                 from [01m[K/workspace/hsl-player/src/brain/src/locator.cpp:4[m[K:
[01m[K/workspace/hsl-player/src/brain/include/robot_client.h:10:10:[m[K [01;31m[Kfatal error: [m[Kbooster_internal/robot/b1/b1_loco_internal_api.hpp: No such file or directory
   10 | #include [01;31m[K"booster_internal/robot/b1/b1_loco_internal_api.hpp"[m[K
      |          [01;31m[K^~~~~~~~~~~~~~~~~~~~~~~~~~~~~~~~~~~~~~~~~~~~~~~~~~~~[m[K
compilation terminated.
gmake[2]: *** [CMakeFiles/brain_node.dir/build.make:160: CMakeFiles/brain_node.dir/src/locator.cpp.o] Error 1
In file included from [01m[K/workspace/hsl-player/src/brain/include/brain.h:41[m[K,
                 from [01m[K/workspace/hsl-player/src/brain/src/brain_log.cpp:2[m[K:
[01m[K/workspace/hsl-player/src/brain/include/robot_client.h:10:10:[m[K [01;31m[Kfatal error: [m[Kbooster_internal/robot/b1/b1_loco_internal_api.hpp: No such file or directory
   10 | #include [01;31m[K"booster_internal/robot/b1/b1_loco_internal_api.hpp"[m[K
      |          [01;31m[K^~~~~~~~~~~~~~~~~~~~~~~~~~~~~~~~~~~~~~~~~~~~~~~~~~~~[m[K
compilation terminated.
gmake[2]: *** [CMakeFiles/brain_node.dir/build.make:132: CMakeFiles/brain_node.dir/src/brain_log.cpp.o] Error 1
[ 80%] [32mBuilding C object CMakeFiles/brain__rosidl_generator_py.dir/rosidl_generator_py/brain/msg/_kick_s.c.o[0m
[ 83%] [32m[1mLinking C shared library rosidl_generator_py/brain/libbrain__rosidl_generator_py.so[0m
[ 83%] Built target brain__rosidl_generator_py
In file included from [01m[K/workspace/hsl-player/src/brain/include/brain.h:41[m[K,
                 from [01m[K/workspace/hsl-player/src/brain/src/brain_tree.cpp:2[m[K:
[01m[K/workspace/hsl-player/src/brain/include/robot_client.h:10:10:[m[K [01;31m[Kfatal error: [m[Kbooster_internal/robot/b1/b1_loco_internal_api.hpp: No such file or directory
   10 | #include [01;31m[K"booster_internal/robot/b1/b1_loco_internal_api.hpp"[m[K
      |          [01;31m[K^~~~~~~~~~~~~~~~~~~~~~~~~~~~~~~~~~~~~~~~~~~~~~~~~~~~[m[K
compilation terminated.
gmake[2]: *** [CMakeFiles/brain_node.dir/build.make:146: CMakeFiles/brain_node.dir/src/brain_tree.cpp.o] Error 1
[ 85%] [32mBuilding C object CMakeFiles/brain__rosidl_typesupport_c__pyext.dir/rosidl_generator_py/brain/_brain_s.ep.rosidl_typesupport_c.c.o[0m
[ 90%] [32mBuilding C object CMakeFiles/brain__rosidl_typesupport_fastrtps_c__pyext.dir/rosidl_generator_py/brain/_brain_s.ep.rosidl_typesupport_fastrtps_c.c.o[0m
[ 90%] [32mBuilding C object CMakeFiles/brain__rosidl_typesupport_introspection_c__pyext.dir/rosidl_generator_py/brain/_brain_s.ep.rosidl_typesupport_introspection_c.c.o[0m
In file included from [01m[K/workspace/hsl-player/src/brain/include/brain.h:41[m[K,
                 from [01m[K/workspace/hsl-player/src/brain/src/brain.cpp:6[m[K:
[01m[K/workspace/hsl-player/src/brain/include/robot_client.h:10:10:[m[K [01;31m[Kfatal error: [m[Kbooster_internal/robot/b1/b1_loco_internal_api.hpp: No such file or directory
   10 | #include [01;31m[K"booster_internal/robot/b1/b1_loco_internal_api.hpp"[m[K
      |          [01;31m[K^~~~~~~~~~~~~~~~~~~~~~~~~~~~~~~~~~~~~~~~~~~~~~~~~~~~[m[K
compilation terminated.
gmake[2]: *** [CMakeFiles/brain_node.dir/build.make:76: CMakeFiles/brain_node.dir/src/brain.cpp.o] Error 1
In file included from [01m[K/workspace/hsl-player/src/brain/include/brain.h:41[m[K,
                 from [01m[K/workspace/hsl-player/src/brain/src/brain_communication.cpp:1[m[K:
[01m[K/workspace/hsl-player/src/brain/include/robot_client.h:10:10:[m[K [01;31m[Kfatal error: [m[Kbooster_internal/robot/b1/b1_loco_internal_api.hpp: No such file or directory
   10 | #include [01;31m[K"booster_internal/robot/b1/b1_loco_internal_api.hpp"[m[K
      |          [01;31m[K^~~~~~~~~~~~~~~~~~~~~~~~~~~~~~~~~~~~~~~~~~~~~~~~~~~~[m[K
compilation terminated.
gmake[2]: *** [CMakeFiles/brain_node.dir/build.make:90: CMakeFiles/brain_node.dir/src/brain_communication.cpp.o] Error 1
[ 92%] [32m[1mLinking C shared library rosidl_generator_py/brain/brain_s__rosidl_typesupport_fastrtps_c.cpython-310-x86_64-linux-gnu.so[0m
[ 95%] [32m[1mLinking C shared library rosidl_generator_py/brain/brain_s__rosidl_typesupport_introspection_c.cpython-310-x86_64-linux-gnu.so[0m
[ 97%] [32m[1mLinking C shared library rosidl_generator_py/brain/brain_s__rosidl_typesupport_c.cpython-310-x86_64-linux-gnu.so[0m
[ 97%] Built target brain__rosidl_typesupport_fastrtps_c__pyext
[ 97%] Built target brain__rosidl_typesupport_introspection_c__pyext
[ 97%] Built target brain__rosidl_typesupport_c__pyext
[01m[K/workspace/hsl-player/src/brain/src/brain_data.cpp:[m[K In member function ‘[01m[Kstd::vector<FieldMarker> BrainData::getMarkersForLocator()[m[K’:
[01m[K/workspace/hsl-player/src/brain/src/brain_data.cpp:44:23:[m[K [01;35m[Kwarning: [m[K‘[01m[KmarkerType[m[K’ may be used uninitialized in this function [[01;35m[K-Wmaybe-uninitialized[m[K]
   44 |         res.push_back([01;35m[KFieldMarker{markerType, x, y, confidence}[m[K);
      |                       [01;35m[K^~~~~~~~~~~~~~~~~~~~~~~~~~~~~~~~~~~~~~~~~[m[K
gmake[1]: *** [CMakeFiles/Makefile2:612: CMakeFiles/brain_node.dir/all] Error 2
gmake: *** [Makefile:146: all] Error 2
