[0.065s] DEBUG:colcon:Command line arguments: ['/usr/bin/colcon', 'build', '--symlink-install', '--packages-skip', 'vision', '--cmake-args', '-DCMAKE_BUILD_TYPE=Release', '--parallel-workers', '20']
[0.065s] DEBUG:colcon:Parsed command line arguments: Namespace(log_base=None, log_level=None, verb_name='build', build_base='build', install_base='install', merge_install=False, symlink_install=True, test_result_base=None, continue_on_error=False, executor='parallel', parallel_workers=20, event_handlers=None, ignore_user_meta=False, metas=['./colcon.meta'], base_paths=['.'], packages_ignore=None, packages_ignore_regex=None, paths=None, packages_up_to=None, packages_up_to_regex=None, packages_above=None, packages_above_and_dependencies=None, packages_above_depth=None, packages_select_by_dep=None, packages_skip_by_dep=None, packages_skip_up_to=None, packages_select_build_failed=False, packages_skip_build_finished=False, packages_select_test_failures=False, packages_skip_test_passed=False, packages_select=None, packages_skip=['vision'], packages_select_regex=None, packages_skip_regex=None, packages_start=None, packages_end=None, cmake_args=['-DCMAKE_BUILD_TYPE=Release'], cmake_target=None, cmake_target_skip_unavailable=False, cmake_clean_cache=False, cmake_clean_first=False, cmake_force_configure=False, ament_cmake_args=None, catkin_cmake_args=None, catkin_skip_building_tests=False, mixin_files=None, mixin=None, verb_parser=<colcon_mixin.mixin.mixin_argument.MixinArgumentDecorator object at 0x70764775d390>, verb_extension=<colcon_core.verb.build.BuildVerb object at 0x707647951f00>, main=<bound method BuildVerb.main of <colcon_core.verb.build.BuildVerb object at 0x707647951f00>>, mixin_verb=('build',))
[0.129s] Level 1:colcon.colcon_core.package_discovery:discover_packages(colcon_meta) check parameters
[0.129s] INFO:colcon.colcon_metadata.package_discovery.colcon_meta:Using configuration from '/root/.colcon/metadata/default/Gazebo.meta'
[0.129s] INFO:colcon.colcon_metadata.package_discovery.colcon_meta:Using configuration from '/root/.colcon/metadata/default/fastdds.meta'
[0.130s] INFO:colcon.colcon_metadata.package_discovery.colcon_meta:Using configuration from '/root/.colcon/metadata/default/fastrtps.meta'
[0.130s] Level 1:colcon.colcon_core.package_discovery:discover_packages(recursive) check parameters
[0.130s] Level 1:colcon.colcon_core.package_discovery:discover_packages(ignore) check parameters
[0.130s] Level 1:colcon.colcon_core.package_discovery:discover_packages(path) check parameters
[0.130s] Level 1:colcon.colcon_core.package_discovery:discover_packages(colcon_meta) discover
[0.130s] Level 1:colcon.colcon_core.package_discovery:discover_packages(recursive) discover
[0.130s] INFO:colcon.colcon_core.package_discovery:Crawling recursively for packages in '/workspace/hsl-player'
[0.130s] Level 1:colcon.colcon_core.package_identification:_identify(.) by extensions ['ignore', 'ignore_ament_install']
[0.130s] Level 1:colcon.colcon_core.package_identification:_identify(.) by extension 'ignore'
[0.130s] Level 1:colcon.colcon_core.package_identification:_identify(.) by extension 'ignore_ament_install'
[0.130s] Level 1:colcon.colcon_core.package_identification:_identify(.) by extensions ['colcon_pkg']
[0.130s] Level 1:colcon.colcon_core.package_identification:_identify(.) by extension 'colcon_pkg'
[0.130s] Level 1:colcon.colcon_core.package_identification:_identify(.) by extensions ['colcon_meta']
[0.130s] Level 1:colcon.colcon_core.package_identification:_identify(.) by extension 'colcon_meta'
[0.130s] Level 1:colcon.colcon_core.package_identification:_identify(.) by extensions ['ros']
[0.130s] Level 1:colcon.colcon_core.package_identification:_identify(.) by extension 'ros'
[0.135s] Level 1:colcon.colcon_core.package_identification:_identify(.) by extensions ['cmake', 'python']
[0.135s] Level 1:colcon.colcon_core.package_identification:_identify(.) by extension 'cmake'
[0.135s] Level 1:colcon.colcon_core.package_identification:_identify(.) by extension 'python'
[0.135s] Level 1:colcon.colcon_core.package_identification:_identify(.) by extensions ['python_setup_py']
[0.135s] Level 1:colcon.colcon_core.package_identification:_identify(.) by extension 'python_setup_py'
[0.135s] Level 1:colcon.colcon_core.package_identification:_identify(build) by extensions ['ignore', 'ignore_ament_install']
[0.135s] Level 1:colcon.colcon_core.package_identification:_identify(build) by extension 'ignore'
[0.135s] Level 1:colcon.colcon_core.package_identification:_identify(build) ignored
[0.136s] Level 1:colcon.colcon_core.package_identification:_identify(configs) by extensions ['ignore', 'ignore_ament_install']
[0.136s] Level 1:colcon.colcon_core.package_identification:_identify(configs) by extension 'ignore'
[0.136s] Level 1:colcon.colcon_core.package_identification:_identify(configs) by extension 'ignore_ament_install'
[0.136s] Level 1:colcon.colcon_core.package_identification:_identify(configs) by extensions ['colcon_pkg']
[0.136s] Level 1:colcon.colcon_core.package_identification:_identify(configs) by extension 'colcon_pkg'
[0.136s] Level 1:colcon.colcon_core.package_identification:_identify(configs) by extensions ['colcon_meta']
[0.136s] Level 1:colcon.colcon_core.package_identification:_identify(configs) by extension 'colcon_meta'
[0.136s] Level 1:colcon.colcon_core.package_identification:_identify(configs) by extensions ['ros']
[0.136s] Level 1:colcon.colcon_core.package_identification:_identify(configs) by extension 'ros'
[0.136s] Level 1:colcon.colcon_core.package_identification:_identify(configs) by extensions ['cmake', 'python']
[0.136s] Level 1:colcon.colcon_core.package_identification:_identify(configs) by extension 'cmake'
[0.136s] Level 1:colcon.colcon_core.package_identification:_identify(configs) by extension 'python'
[0.136s] Level 1:colcon.colcon_core.package_identification:_identify(configs) by extensions ['python_setup_py']
[0.136s] Level 1:colcon.colcon_core.package_identification:_identify(configs) by extension 'python_setup_py'
[0.136s] Level 1:colcon.colcon_core.package_identification:_identify(distribution) by extensions ['ignore', 'ignore_ament_install']
[0.136s] Level 1:colcon.colcon_core.package_identification:_identify(distribution) by extension 'ignore'
[0.136s] Level 1:colcon.colcon_core.package_identification:_identify(distribution) by extension 'ignore_ament_install'
[0.136s] Level 1:colcon.colcon_core.package_identification:_identify(distribution) by extensions ['colcon_pkg']
[0.136s] Level 1:colcon.colcon_core.package_identification:_identify(distribution) by extension 'colcon_pkg'
[0.136s] Level 1:colcon.colcon_core.package_identification:_identify(distribution) by extensions ['colcon_meta']
[0.136s] Level 1:colcon.colcon_core.package_identification:_identify(distribution) by extension 'colcon_meta'
[0.136s] Level 1:colcon.colcon_core.package_identification:_identify(distribution) by extensions ['ros']
[0.136s] Level 1:colcon.colcon_core.package_identification:_identify(distribution) by extension 'ros'
[0.136s] Level 1:colcon.colcon_core.package_identification:_identify(distribution) by extensions ['cmake', 'python']
[0.136s] Level 1:colcon.colcon_core.package_identification:_identify(distribution) by extension 'cmake'
[0.136s] Level 1:colcon.colcon_core.package_identification:_identify(distribution) by extension 'python'
[0.136s] Level 1:colcon.colcon_core.package_identification:_identify(distribution) by extensions ['python_setup_py']
[0.136s] Level 1:colcon.colcon_core.package_identification:_identify(distribution) by extension 'python_setup_py'
[0.136s] Level 1:colcon.colcon_core.package_identification:_identify(install) by extensions ['ignore', 'ignore_ament_install']
[0.136s] Level 1:colcon.colcon_core.package_identification:_identify(install) by extension 'ignore'
[0.136s] Level 1:colcon.colcon_core.package_identification:_identify(install) ignored
[0.136s] Level 1:colcon.colcon_core.package_identification:_identify(log) by extensions ['ignore', 'ignore_ament_install']
[0.136s] Level 1:colcon.colcon_core.package_identification:_identify(log) by extension 'ignore'
[0.136s] Level 1:colcon.colcon_core.package_identification:_identify(log) ignored
[0.136s] Level 1:colcon.colcon_core.package_identification:_identify(scripts) by extensions ['ignore', 'ignore_ament_install']
[0.136s] Level 1:colcon.colcon_core.package_identification:_identify(scripts) by extension 'ignore'
[0.136s] Level 1:colcon.colcon_core.package_identification:_identify(scripts) by extension 'ignore_ament_install'
[0.136s] Level 1:colcon.colcon_core.package_identification:_identify(scripts) by extensions ['colcon_pkg']
[0.136s] Level 1:colcon.colcon_core.package_identification:_identify(scripts) by extension 'colcon_pkg'
[0.136s] Level 1:colcon.colcon_core.package_identification:_identify(scripts) by extensions ['colcon_meta']
[0.136s] Level 1:colcon.colcon_core.package_identification:_identify(scripts) by extension 'colcon_meta'
[0.136s] Level 1:colcon.colcon_core.package_identification:_identify(scripts) by extensions ['ros']
[0.136s] Level 1:colcon.colcon_core.package_identification:_identify(scripts) by extension 'ros'
[0.136s] Level 1:colcon.colcon_core.package_identification:_identify(scripts) by extensions ['cmake', 'python']
[0.136s] Level 1:colcon.colcon_core.package_identification:_identify(scripts) by extension 'cmake'
[0.136s] Level 1:colcon.colcon_core.package_identification:_identify(scripts) by extension 'python'
[0.136s] Level 1:colcon.colcon_core.package_identification:_identify(scripts) by extensions ['python_setup_py']
[0.136s] Level 1:colcon.colcon_core.package_identification:_identify(scripts) by extension 'python_setup_py'
[0.136s] Level 1:colcon.colcon_core.package_identification:_identify(src) by extensions ['ignore', 'ignore_ament_install']
[0.136s] Level 1:colcon.colcon_core.package_identification:_identify(src) by extension 'ignore'
[0.136s] Level 1:colcon.colcon_core.package_identification:_identify(src) by extension 'ignore_ament_install'
[0.137s] Level 1:colcon.colcon_core.package_identification:_identify(src) by extensions ['colcon_pkg']
[0.137s] Level 1:colcon.colcon_core.package_identification:_identify(src) by extension 'colcon_pkg'
[0.137s] Level 1:colcon.colcon_core.package_identification:_identify(src) by extensions ['colcon_meta']
[0.137s] Level 1:colcon.colcon_core.package_identification:_identify(src) by extension 'colcon_meta'
[0.137s] Level 1:colcon.colcon_core.package_identification:_identify(src) by extensions ['ros']
[0.137s] Level 1:colcon.colcon_core.package_identification:_identify(src) by extension 'ros'
[0.137s] Level 1:colcon.colcon_core.package_identification:_identify(src) by extensions ['cmake', 'python']
[0.137s] Level 1:colcon.colcon_core.package_identification:_identify(src) by extension 'cmake'
[0.137s] Level 1:colcon.colcon_core.package_identification:_identify(src) by extension 'python'
[0.137s] Level 1:colcon.colcon_core.package_identification:_identify(src) by extensions ['python_setup_py']
[0.137s] Level 1:colcon.colcon_core.package_identification:_identify(src) by extension 'python_setup_py'
[0.137s] Level 1:colcon.colcon_core.package_identification:_identify(src/booster_msgs) by extensions ['ignore', 'ignore_ament_install']
[0.137s] Level 1:colcon.colcon_core.package_identification:_identify(src/booster_msgs) by extension 'ignore'
[0.137s] Level 1:colcon.colcon_core.package_identification:_identify(src/booster_msgs) by extension 'ignore_ament_install'
[0.137s] Level 1:colcon.colcon_core.package_identification:_identify(src/booster_msgs) by extensions ['colcon_pkg']
[0.137s] Level 1:colcon.colcon_core.package_identification:_identify(src/booster_msgs) by extension 'colcon_pkg'
[0.137s] Level 1:colcon.colcon_core.package_identification:_identify(src/booster_msgs) by extensions ['colcon_meta']
[0.137s] Level 1:colcon.colcon_core.package_identification:_identify(src/booster_msgs) by extension 'colcon_meta'
[0.137s] Level 1:colcon.colcon_core.package_identification:_identify(src/booster_msgs) by extensions ['ros']
[0.137s] Level 1:colcon.colcon_core.package_identification:_identify(src/booster_msgs) by extension 'ros'
[0.138s] DEBUG:colcon.colcon_core.package_identification:Package 'src/booster_msgs' with type 'ros.ament_cmake' and name 'booster_msgs'
[0.138s] Level 1:colcon.colcon_core.package_identification:_identify(src/booster_ros2_interface) by extensions ['ignore', 'ignore_ament_install']
[0.138s] Level 1:colcon.colcon_core.package_identification:_identify(src/booster_ros2_interface) by extension 'ignore'
[0.138s] Level 1:colcon.colcon_core.package_identification:_identify(src/booster_ros2_interface) by extension 'ignore_ament_install'
[0.138s] Level 1:colcon.colcon_core.package_identification:_identify(src/booster_ros2_interface) by extensions ['colcon_pkg']
[0.138s] Level 1:colcon.colcon_core.package_identification:_identify(src/booster_ros2_interface) by extension 'colcon_pkg'
[0.138s] Level 1:colcon.colcon_core.package_identification:_identify(src/booster_ros2_interface) by extensions ['colcon_meta']
[0.138s] Level 1:colcon.colcon_core.package_identification:_identify(src/booster_ros2_interface) by extension 'colcon_meta'
[0.138s] Level 1:colcon.colcon_core.package_identification:_identify(src/booster_ros2_interface) by extensions ['ros']
[0.138s] Level 1:colcon.colcon_core.package_identification:_identify(src/booster_ros2_interface) by extension 'ros'
[0.138s] DEBUG:colcon.colcon_core.package_identification:Package 'src/booster_ros2_interface' with type 'ros.ament_cmake' and name 'booster_interface'
[0.139s] Level 1:colcon.colcon_core.package_identification:_identify(src/brain) by extensions ['ignore', 'ignore_ament_install']
[0.139s] Level 1:colcon.colcon_core.package_identification:_identify(src/brain) by extension 'ignore'
[0.139s] Level 1:colcon.colcon_core.package_identification:_identify(src/brain) by extension 'ignore_ament_install'
[0.139s] Level 1:colcon.colcon_core.package_identification:_identify(src/brain) by extensions ['colcon_pkg']
[0.139s] Level 1:colcon.colcon_core.package_identification:_identify(src/brain) by extension 'colcon_pkg'
[0.139s] Level 1:colcon.colcon_core.package_identification:_identify(src/brain) by extensions ['colcon_meta']
[0.139s] Level 1:colcon.colcon_core.package_identification:_identify(src/brain) by extension 'colcon_meta'
[0.139s] Level 1:colcon.colcon_core.package_identification:_identify(src/brain) by extensions ['ros']
[0.139s] Level 1:colcon.colcon_core.package_identification:_identify(src/brain) by extension 'ros'
[0.139s] DEBUG:colcon.colcon_core.package_identification:Package 'src/brain' with type 'ros.ament_cmake' and name 'brain'
[0.139s] Level 1:colcon.colcon_core.package_identification:_identify(src/game_controller) by extensions ['ignore', 'ignore_ament_install']
[0.139s] Level 1:colcon.colcon_core.package_identification:_identify(src/game_controller) by extension 'ignore'
[0.139s] Level 1:colcon.colcon_core.package_identification:_identify(src/game_controller) by extension 'ignore_ament_install'
[0.139s] Level 1:colcon.colcon_core.package_identification:_identify(src/game_controller) by extensions ['colcon_pkg']
[0.139s] Level 1:colcon.colcon_core.package_identification:_identify(src/game_controller) by extension 'colcon_pkg'
[0.139s] Level 1:colcon.colcon_core.package_identification:_identify(src/game_controller) by extensions ['colcon_meta']
[0.139s] Level 1:colcon.colcon_core.package_identification:_identify(src/game_controller) by extension 'colcon_meta'
[0.139s] Level 1:colcon.colcon_core.package_identification:_identify(src/game_controller) by extensions ['ros']
[0.139s] Level 1:colcon.colcon_core.package_identification:_identify(src/game_controller) by extension 'ros'
[0.140s] DEBUG:colcon.colcon_core.package_identification:Package 'src/game_controller' with type 'ros.ament_cmake' and name 'game_controller'
[0.140s] Level 1:colcon.colcon_core.package_identification:_identify(src/robocup_ros2_interface) by extensions ['ignore', 'ignore_ament_install']
[0.140s] Level 1:colcon.colcon_core.package_identification:_identify(src/robocup_ros2_interface) by extension 'ignore'
[0.140s] Level 1:colcon.colcon_core.package_identification:_identify(src/robocup_ros2_interface) by extension 'ignore_ament_install'
[0.140s] Level 1:colcon.colcon_core.package_identification:_identify(src/robocup_ros2_interface) by extensions ['colcon_pkg']
[0.140s] Level 1:colcon.colcon_core.package_identification:_identify(src/robocup_ros2_interface) by extension 'colcon_pkg'
[0.140s] Level 1:colcon.colcon_core.package_identification:_identify(src/robocup_ros2_interface) by extensions ['colcon_meta']
[0.140s] Level 1:colcon.colcon_core.package_identification:_identify(src/robocup_ros2_interface) by extension 'colcon_meta'
[0.140s] Level 1:colcon.colcon_core.package_identification:_identify(src/robocup_ros2_interface) by extensions ['ros']
[0.140s] Level 1:colcon.colcon_core.package_identification:_identify(src/robocup_ros2_interface) by extension 'ros'
[0.140s] Level 1:colcon.colcon_core.package_identification:_identify(src/robocup_ros2_interface) by extensions ['cmake', 'python']
[0.140s] Level 1:colcon.colcon_core.package_identification:_identify(src/robocup_ros2_interface) by extension 'cmake'
[0.140s] Level 1:colcon.colcon_core.package_identification:_identify(src/robocup_ros2_interface) by extension 'python'
[0.140s] Level 1:colcon.colcon_core.package_identification:_identify(src/robocup_ros2_interface) by extensions ['python_setup_py']
[0.140s] Level 1:colcon.colcon_core.package_identification:_identify(src/robocup_ros2_interface) by extension 'python_setup_py'
[0.140s] Level 1:colcon.colcon_core.package_identification:_identify(src/robocup_ros2_interface/src) by extensions ['ignore', 'ignore_ament_install']
[0.140s] Level 1:colcon.colcon_core.package_identification:_identify(src/robocup_ros2_interface/src) by extension 'ignore'
[0.140s] Level 1:colcon.colcon_core.package_identification:_identify(src/robocup_ros2_interface/src) by extension 'ignore_ament_install'
[0.140s] Level 1:colcon.colcon_core.package_identification:_identify(src/robocup_ros2_interface/src) by extensions ['colcon_pkg']
[0.140s] Level 1:colcon.colcon_core.package_identification:_identify(src/robocup_ros2_interface/src) by extension 'colcon_pkg'
[0.140s] Level 1:colcon.colcon_core.package_identification:_identify(src/robocup_ros2_interface/src) by extensions ['colcon_meta']
[0.140s] Level 1:colcon.colcon_core.package_identification:_identify(src/robocup_ros2_interface/src) by extension 'colcon_meta'
[0.140s] Level 1:colcon.colcon_core.package_identification:_identify(src/robocup_ros2_interface/src) by extensions ['ros']
[0.140s] Level 1:colcon.colcon_core.package_identification:_identify(src/robocup_ros2_interface/src) by extension 'ros'
[0.140s] Level 1:colcon.colcon_core.package_identification:_identify(src/robocup_ros2_interface/src) by extensions ['cmake', 'python']
[0.140s] Level 1:colcon.colcon_core.package_identification:_identify(src/robocup_ros2_interface/src) by extension 'cmake'
[0.140s] Level 1:colcon.colcon_core.package_identification:_identify(src/robocup_ros2_interface/src) by extension 'python'
[0.140s] Level 1:colcon.colcon_core.package_identification:_identify(src/robocup_ros2_interface/src) by extensions ['python_setup_py']
[0.140s] Level 1:colcon.colcon_core.package_identification:_identify(src/robocup_ros2_interface/src) by extension 'python_setup_py'
[0.140s] Level 1:colcon.colcon_core.package_identification:_identify(src/robocup_ros2_interface/src/game_controller_interface) by extensions ['ignore', 'ignore_ament_install']
[0.140s] Level 1:colcon.colcon_core.package_identification:_identify(src/robocup_ros2_interface/src/game_controller_interface) by extension 'ignore'
[0.140s] Level 1:colcon.colcon_core.package_identification:_identify(src/robocup_ros2_interface/src/game_controller_interface) by extension 'ignore_ament_install'
[0.140s] Level 1:colcon.colcon_core.package_identification:_identify(src/robocup_ros2_interface/src/game_controller_interface) by extensions ['colcon_pkg']
[0.140s] Level 1:colcon.colcon_core.package_identification:_identify(src/robocup_ros2_interface/src/game_controller_interface) by extension 'colcon_pkg'
[0.140s] Level 1:colcon.colcon_core.package_identification:_identify(src/robocup_ros2_interface/src/game_controller_interface) by extensions ['colcon_meta']
[0.140s] Level 1:colcon.colcon_core.package_identification:_identify(src/robocup_ros2_interface/src/game_controller_interface) by extension 'colcon_meta'
[0.140s] Level 1:colcon.colcon_core.package_identification:_identify(src/robocup_ros2_interface/src/game_controller_interface) by extensions ['ros']
[0.140s] Level 1:colcon.colcon_core.package_identification:_identify(src/robocup_ros2_interface/src/game_controller_interface) by extension 'ros'
[0.141s] DEBUG:colcon.colcon_core.package_identification:Package 'src/robocup_ros2_interface/src/game_controller_interface' with type 'ros.ament_cmake' and name 'game_controller_interface'
[0.141s] Level 1:colcon.colcon_core.package_identification:_identify(src/robocup_ros2_interface/src/vision_interface) by extensions ['ignore', 'ignore_ament_install']
[0.141s] Level 1:colcon.colcon_core.package_identification:_identify(src/robocup_ros2_interface/src/vision_interface) by extension 'ignore'
[0.141s] Level 1:colcon.colcon_core.package_identification:_identify(src/robocup_ros2_interface/src/vision_interface) by extension 'ignore_ament_install'
[0.141s] Level 1:colcon.colcon_core.package_identification:_identify(src/robocup_ros2_interface/src/vision_interface) by extensions ['colcon_pkg']
[0.141s] Level 1:colcon.colcon_core.package_identification:_identify(src/robocup_ros2_interface/src/vision_interface) by extension 'colcon_pkg'
[0.141s] Level 1:colcon.colcon_core.package_identification:_identify(src/robocup_ros2_interface/src/vision_interface) by extensions ['colcon_meta']
[0.141s] Level 1:colcon.colcon_core.package_identification:_identify(src/robocup_ros2_interface/src/vision_interface) by extension 'colcon_meta'
[0.141s] Level 1:colcon.colcon_core.package_identification:_identify(src/robocup_ros2_interface/src/vision_interface) by extensions ['ros']
[0.141s] Level 1:colcon.colcon_core.package_identification:_identify(src/robocup_ros2_interface/src/vision_interface) by extension 'ros'
[0.141s] DEBUG:colcon.colcon_core.package_identification:Package 'src/robocup_ros2_interface/src/vision_interface' with type 'ros.ament_cmake' and name 'vision_interface'
[0.141s] Level 1:colcon.colcon_core.package_identification:_identify(src/sound_play) by extensions ['ignore', 'ignore_ament_install']
[0.141s] Level 1:colcon.colcon_core.package_identification:_identify(src/sound_play) by extension 'ignore'
[0.141s] Level 1:colcon.colcon_core.package_identification:_identify(src/sound_play) by extension 'ignore_ament_install'
[0.141s] Level 1:colcon.colcon_core.package_identification:_identify(src/sound_play) by extensions ['colcon_pkg']
[0.141s] Level 1:colcon.colcon_core.package_identification:_identify(src/sound_play) by extension 'colcon_pkg'
[0.141s] Level 1:colcon.colcon_core.package_identification:_identify(src/sound_play) by extensions ['colcon_meta']
[0.141s] Level 1:colcon.colcon_core.package_identification:_identify(src/sound_play) by extension 'colcon_meta'
[0.141s] Level 1:colcon.colcon_core.package_identification:_identify(src/sound_play) by extensions ['ros']
[0.141s] Level 1:colcon.colcon_core.package_identification:_identify(src/sound_play) by extension 'ros'
[0.142s] DEBUG:colcon.colcon_core.package_identification:Package 'src/sound_play' with type 'ros.ament_python' and name 'sound_play'
[0.142s] Level 1:colcon.colcon_core.package_identification:_identify(src/vision) by extensions ['ignore', 'ignore_ament_install']
[0.142s] Level 1:colcon.colcon_core.package_identification:_identify(src/vision) by extension 'ignore'
[0.142s] Level 1:colcon.colcon_core.package_identification:_identify(src/vision) by extension 'ignore_ament_install'
[0.142s] Level 1:colcon.colcon_core.package_identification:_identify(src/vision) by extensions ['colcon_pkg']
[0.142s] Level 1:colcon.colcon_core.package_identification:_identify(src/vision) by extension 'colcon_pkg'
[0.142s] Level 1:colcon.colcon_core.package_identification:_identify(src/vision) by extensions ['colcon_meta']
[0.142s] Level 1:colcon.colcon_core.package_identification:_identify(src/vision) by extension 'colcon_meta'
[0.142s] Level 1:colcon.colcon_core.package_identification:_identify(src/vision) by extensions ['ros']
[0.142s] Level 1:colcon.colcon_core.package_identification:_identify(src/vision) by extension 'ros'
[0.142s] DEBUG:colcon.colcon_core.package_identification:Package 'src/vision' with type 'ros.ament_cmake' and name 'vision'
[0.142s] Level 1:colcon.colcon_core.package_identification:_identify(utils) by extensions ['ignore', 'ignore_ament_install']
[0.142s] Level 1:colcon.colcon_core.package_identification:_identify(utils) by extension 'ignore'
[0.142s] Level 1:colcon.colcon_core.package_identification:_identify(utils) by extension 'ignore_ament_install'
[0.142s] Level 1:colcon.colcon_core.package_identification:_identify(utils) by extensions ['colcon_pkg']
[0.142s] Level 1:colcon.colcon_core.package_identification:_identify(utils) by extension 'colcon_pkg'
[0.142s] Level 1:colcon.colcon_core.package_identification:_identify(utils) by extensions ['colcon_meta']
[0.142s] Level 1:colcon.colcon_core.package_identification:_identify(utils) by extension 'colcon_meta'
[0.142s] Level 1:colcon.colcon_core.package_identification:_identify(utils) by extensions ['ros']
[0.142s] Level 1:colcon.colcon_core.package_identification:_identify(utils) by extension 'ros'
[0.142s] Level 1:colcon.colcon_core.package_identification:_identify(utils) by extensions ['cmake', 'python']
[0.142s] Level 1:colcon.colcon_core.package_identification:_identify(utils) by extension 'cmake'
[0.142s] Level 1:colcon.colcon_core.package_identification:_identify(utils) by extension 'python'
[0.142s] Level 1:colcon.colcon_core.package_identification:_identify(utils) by extensions ['python_setup_py']
[0.142s] Level 1:colcon.colcon_core.package_identification:_identify(utils) by extension 'python_setup_py'
[0.142s] Level 1:colcon.colcon_core.package_identification:_identify(utils/service) by extensions ['ignore', 'ignore_ament_install']
[0.143s] Level 1:colcon.colcon_core.package_identification:_identify(utils/service) by extension 'ignore'
[0.143s] Level 1:colcon.colcon_core.package_identification:_identify(utils/service) by extension 'ignore_ament_install'
[0.143s] Level 1:colcon.colcon_core.package_identification:_identify(utils/service) by extensions ['colcon_pkg']
[0.143s] Level 1:colcon.colcon_core.package_identification:_identify(utils/service) by extension 'colcon_pkg'
[0.143s] Level 1:colcon.colcon_core.package_identification:_identify(utils/service) by extensions ['colcon_meta']
[0.143s] Level 1:colcon.colcon_core.package_identification:_identify(utils/service) by extension 'colcon_meta'
[0.143s] Level 1:colcon.colcon_core.package_identification:_identify(utils/service) by extensions ['ros']
[0.143s] Level 1:colcon.colcon_core.package_identification:_identify(utils/service) by extension 'ros'
[0.143s] Level 1:colcon.colcon_core.package_identification:_identify(utils/service) by extensions ['cmake', 'python']
[0.143s] Level 1:colcon.colcon_core.package_identification:_identify(utils/service) by extension 'cmake'
[0.143s] Level 1:colcon.colcon_core.package_identification:_identify(utils/service) by extension 'python'
[0.143s] Level 1:colcon.colcon_core.package_identification:_identify(utils/service) by extensions ['python_setup_py']
[0.143s] Level 1:colcon.colcon_core.package_identification:_identify(utils/service) by extension 'python_setup_py'
[0.143s] Level 1:colcon.colcon_core.package_discovery:discover_packages(recursive) using defaults
[0.143s] Level 1:colcon.colcon_core.package_discovery:discover_packages(ignore) discover
[0.143s] Level 1:colcon.colcon_core.package_discovery:discover_packages(ignore) using defaults
[0.143s] Level 1:colcon.colcon_core.package_discovery:discover_packages(path) discover
[0.143s] Level 1:colcon.colcon_core.package_discovery:discover_packages(path) using defaults
[0.153s] INFO:colcon.colcon_core.package_selection:Skipping package 'vision' in 'src/vision'
[0.153s] Level 5:colcon.colcon_core.verb:set package 'booster_interface' build argument 'cmake_args' from command line to '['-DCMAKE_BUILD_TYPE=Release']'
[0.153s] Level 5:colcon.colcon_core.verb:set package 'booster_interface' build argument 'cmake_target' from command line to 'None'
[0.153s] Level 5:colcon.colcon_core.verb:set package 'booster_interface' build argument 'cmake_target_skip_unavailable' from command line to 'False'
[0.153s] Level 5:colcon.colcon_core.verb:set package 'booster_interface' build argument 'cmake_clean_cache' from command line to 'False'
[0.153s] Level 5:colcon.colcon_core.verb:set package 'booster_interface' build argument 'cmake_clean_first' from command line to 'False'
[0.153s] Level 5:colcon.colcon_core.verb:set package 'booster_interface' build argument 'cmake_force_configure' from command line to 'False'
[0.153s] Level 5:colcon.colcon_core.verb:set package 'booster_interface' build argument 'ament_cmake_args' from command line to 'None'
[0.153s] Level 5:colcon.colcon_core.verb:set package 'booster_interface' build argument 'catkin_cmake_args' from command line to 'None'
[0.153s] Level 5:colcon.colcon_core.verb:set package 'booster_interface' build argument 'catkin_skip_building_tests' from command line to 'False'
[0.153s] DEBUG:colcon.colcon_core.verb:Building package 'booster_interface' with the following arguments: {'ament_cmake_args': None, 'build_base': '/workspace/hsl-player/build/booster_interface', 'catkin_cmake_args': None, 'catkin_skip_building_tests': False, 'cmake_args': ['-DCMAKE_BUILD_TYPE=Release'], 'cmake_clean_cache': False, 'cmake_clean_first': False, 'cmake_force_configure': False, 'cmake_target': None, 'cmake_target_skip_unavailable': False, 'install_base': '/workspace/hsl-player/install/booster_interface', 'merge_install': False, 'path': '/workspace/hsl-player/src/booster_ros2_interface', 'symlink_install': True, 'test_result_base': None}
[0.153s] Level 5:colcon.colcon_core.verb:set package 'booster_msgs' build argument 'cmake_args' from command line to '['-DCMAKE_BUILD_TYPE=Release']'
[0.153s] Level 5:colcon.colcon_core.verb:set package 'booster_msgs' build argument 'cmake_target' from command line to 'None'
[0.153s] Level 5:colcon.colcon_core.verb:set package 'booster_msgs' build argument 'cmake_target_skip_unavailable' from command line to 'False'
[0.153s] Level 5:colcon.colcon_core.verb:set package 'booster_msgs' build argument 'cmake_clean_cache' from command line to 'False'
[0.153s] Level 5:colcon.colcon_core.verb:set package 'booster_msgs' build argument 'cmake_clean_first' from command line to 'False'
[0.153s] Level 5:colcon.colcon_core.verb:set package 'booster_msgs' build argument 'cmake_force_configure' from command line to 'False'
[0.153s] Level 5:colcon.colcon_core.verb:set package 'booster_msgs' build argument 'ament_cmake_args' from command line to 'None'
[0.153s] Level 5:colcon.colcon_core.verb:set package 'booster_msgs' build argument 'catkin_cmake_args' from command line to 'None'
[0.153s] Level 5:colcon.colcon_core.verb:set package 'booster_msgs' build argument 'catkin_skip_building_tests' from command line to 'False'
[0.153s] DEBUG:colcon.colcon_core.verb:Building package 'booster_msgs' with the following arguments: {'ament_cmake_args': None, 'build_base': '/workspace/hsl-player/build/booster_msgs', 'catkin_cmake_args': None, 'catkin_skip_building_tests': False, 'cmake_args': ['-DCMAKE_BUILD_TYPE=Release'], 'cmake_clean_cache': False, 'cmake_clean_first': False, 'cmake_force_configure': False, 'cmake_target': None, 'cmake_target_skip_unavailable': False, 'install_base': '/workspace/hsl-player/install/booster_msgs', 'merge_install': False, 'path': '/workspace/hsl-player/src/booster_msgs', 'symlink_install': True, 'test_result_base': None}
[0.153s] Level 5:colcon.colcon_core.verb:set package 'game_controller_interface' build argument 'cmake_args' from command line to '['-DCMAKE_BUILD_TYPE=Release']'
[0.153s] Level 5:colcon.colcon_core.verb:set package 'game_controller_interface' build argument 'cmake_target' from command line to 'None'
[0.153s] Level 5:colcon.colcon_core.verb:set package 'game_controller_interface' build argument 'cmake_target_skip_unavailable' from command line to 'False'
[0.153s] Level 5:colcon.colcon_core.verb:set package 'game_controller_interface' build argument 'cmake_clean_cache' from command line to 'False'
[0.153s] Level 5:colcon.colcon_core.verb:set package 'game_controller_interface' build argument 'cmake_clean_first' from command line to 'False'
[0.153s] Level 5:colcon.colcon_core.verb:set package 'game_controller_interface' build argument 'cmake_force_configure' from command line to 'False'
[0.153s] Level 5:colcon.colcon_core.verb:set package 'game_controller_interface' build argument 'ament_cmake_args' from command line to 'None'
[0.153s] Level 5:colcon.colcon_core.verb:set package 'game_controller_interface' build argument 'catkin_cmake_args' from command line to 'None'
[0.153s] Level 5:colcon.colcon_core.verb:set package 'game_controller_interface' build argument 'catkin_skip_building_tests' from command line to 'False'
[0.153s] DEBUG:colcon.colcon_core.verb:Building package 'game_controller_interface' with the following arguments: {'ament_cmake_args': None, 'build_base': '/workspace/hsl-player/build/game_controller_interface', 'catkin_cmake_args': None, 'catkin_skip_building_tests': False, 'cmake_args': ['-DCMAKE_BUILD_TYPE=Release'], 'cmake_clean_cache': False, 'cmake_clean_first': False, 'cmake_force_configure': False, 'cmake_target': None, 'cmake_target_skip_unavailable': False, 'install_base': '/workspace/hsl-player/install/game_controller_interface', 'merge_install': False, 'path': '/workspace/hsl-player/src/robocup_ros2_interface/src/game_controller_interface', 'symlink_install': True, 'test_result_base': None}
[0.153s] Level 5:colcon.colcon_core.verb:set package 'sound_play' build argument 'cmake_args' from command line to '['-DCMAKE_BUILD_TYPE=Release']'
[0.153s] Level 5:colcon.colcon_core.verb:set package 'sound_play' build argument 'cmake_target' from command line to 'None'
[0.153s] Level 5:colcon.colcon_core.verb:set package 'sound_play' build argument 'cmake_target_skip_unavailable' from command line to 'False'
[0.153s] Level 5:colcon.colcon_core.verb:set package 'sound_play' build argument 'cmake_clean_cache' from command line to 'False'
[0.153s] Level 5:colcon.colcon_core.verb:set package 'sound_play' build argument 'cmake_clean_first' from command line to 'False'
[0.153s] Level 5:colcon.colcon_core.verb:set package 'sound_play' build argument 'cmake_force_configure' from command line to 'False'
[0.153s] Level 5:colcon.colcon_core.verb:set package 'sound_play' build argument 'ament_cmake_args' from command line to 'None'
[0.153s] Level 5:colcon.colcon_core.verb:set package 'sound_play' build argument 'catkin_cmake_args' from command line to 'None'
[0.153s] Level 5:colcon.colcon_core.verb:set package 'sound_play' build argument 'catkin_skip_building_tests' from command line to 'False'
[0.153s] DEBUG:colcon.colcon_core.verb:Building package 'sound_play' with the following arguments: {'ament_cmake_args': None, 'build_base': '/workspace/hsl-player/build/sound_play', 'catkin_cmake_args': None, 'catkin_skip_building_tests': False, 'cmake_args': ['-DCMAKE_BUILD_TYPE=Release'], 'cmake_clean_cache': False, 'cmake_clean_first': False, 'cmake_force_configure': False, 'cmake_target': None, 'cmake_target_skip_unavailable': False, 'install_base': '/workspace/hsl-player/install/sound_play', 'merge_install': False, 'path': '/workspace/hsl-player/src/sound_play', 'symlink_install': True, 'test_result_base': None}
[0.153s] Level 5:colcon.colcon_core.verb:set package 'vision_interface' build argument 'cmake_args' from command line to '['-DCMAKE_BUILD_TYPE=Release']'
[0.153s] Level 5:colcon.colcon_core.verb:set package 'vision_interface' build argument 'cmake_target' from command line to 'None'
[0.154s] Level 5:colcon.colcon_core.verb:set package 'vision_interface' build argument 'cmake_target_skip_unavailable' from command line to 'False'
[0.154s] Level 5:colcon.colcon_core.verb:set package 'vision_interface' build argument 'cmake_clean_cache' from command line to 'False'
[0.154s] Level 5:colcon.colcon_core.verb:set package 'vision_interface' build argument 'cmake_clean_first' from command line to 'False'
[0.154s] Level 5:colcon.colcon_core.verb:set package 'vision_interface' build argument 'cmake_force_configure' from command line to 'False'
[0.154s] Level 5:colcon.colcon_core.verb:set package 'vision_interface' build argument 'ament_cmake_args' from command line to 'None'
[0.154s] Level 5:colcon.colcon_core.verb:set package 'vision_interface' build argument 'catkin_cmake_args' from command line to 'None'
[0.154s] Level 5:colcon.colcon_core.verb:set package 'vision_interface' build argument 'catkin_skip_building_tests' from command line to 'False'
[0.154s] DEBUG:colcon.colcon_core.verb:Building package 'vision_interface' with the following arguments: {'ament_cmake_args': None, 'build_base': '/workspace/hsl-player/build/vision_interface', 'catkin_cmake_args': None, 'catkin_skip_building_tests': False, 'cmake_args': ['-DCMAKE_BUILD_TYPE=Release'], 'cmake_clean_cache': False, 'cmake_clean_first': False, 'cmake_force_configure': False, 'cmake_target': None, 'cmake_target_skip_unavailable': False, 'install_base': '/workspace/hsl-player/install/vision_interface', 'merge_install': False, 'path': '/workspace/hsl-player/src/robocup_ros2_interface/src/vision_interface', 'symlink_install': True, 'test_result_base': None}
[0.154s] Level 5:colcon.colcon_core.verb:set package 'brain' build argument 'cmake_args' from command line to '['-DCMAKE_BUILD_TYPE=Release']'
[0.154s] Level 5:colcon.colcon_core.verb:set package 'brain' build argument 'cmake_target' from command line to 'None'
[0.154s] Level 5:colcon.colcon_core.verb:set package 'brain' build argument 'cmake_target_skip_unavailable' from command line to 'False'
[0.154s] Level 5:colcon.colcon_core.verb:set package 'brain' build argument 'cmake_clean_cache' from command line to 'False'
[0.154s] Level 5:colcon.colcon_core.verb:set package 'brain' build argument 'cmake_clean_first' from command line to 'False'
[0.154s] Level 5:colcon.colcon_core.verb:set package 'brain' build argument 'cmake_force_configure' from command line to 'False'
[0.154s] Level 5:colcon.colcon_core.verb:set package 'brain' build argument 'ament_cmake_args' from command line to 'None'
[0.154s] Level 5:colcon.colcon_core.verb:set package 'brain' build argument 'catkin_cmake_args' from command line to 'None'
[0.154s] Level 5:colcon.colcon_core.verb:set package 'brain' build argument 'catkin_skip_building_tests' from command line to 'False'
[0.154s] DEBUG:colcon.colcon_core.verb:Building package 'brain' with the following arguments: {'ament_cmake_args': None, 'build_base': '/workspace/hsl-player/build/brain', 'catkin_cmake_args': None, 'catkin_skip_building_tests': False, 'cmake_args': ['-DCMAKE_BUILD_TYPE=Release'], 'cmake_clean_cache': False, 'cmake_clean_first': False, 'cmake_force_configure': False, 'cmake_target': None, 'cmake_target_skip_unavailable': False, 'install_base': '/workspace/hsl-player/install/brain', 'merge_install': False, 'path': '/workspace/hsl-player/src/brain', 'symlink_install': True, 'test_result_base': None}
[0.154s] Level 5:colcon.colcon_core.verb:set package 'game_controller' build argument 'cmake_args' from command line to '['-DCMAKE_BUILD_TYPE=Release']'
[0.154s] Level 5:colcon.colcon_core.verb:set package 'game_controller' build argument 'cmake_target' from command line to 'None'
[0.154s] Level 5:colcon.colcon_core.verb:set package 'game_controller' build argument 'cmake_target_skip_unavailable' from command line to 'False'
[0.154s] Level 5:colcon.colcon_core.verb:set package 'game_controller' build argument 'cmake_clean_cache' from command line to 'False'
[0.154s] Level 5:colcon.colcon_core.verb:set package 'game_controller' build argument 'cmake_clean_first' from command line to 'False'
[0.154s] Level 5:colcon.colcon_core.verb:set package 'game_controller' build argument 'cmake_force_configure' from command line to 'False'
[0.154s] Level 5:colcon.colcon_core.verb:set package 'game_controller' build argument 'ament_cmake_args' from command line to 'None'
[0.154s] Level 5:colcon.colcon_core.verb:set package 'game_controller' build argument 'catkin_cmake_args' from command line to 'None'
[0.154s] Level 5:colcon.colcon_core.verb:set package 'game_controller' build argument 'catkin_skip_building_tests' from command line to 'False'
[0.154s] DEBUG:colcon.colcon_core.verb:Building package 'game_controller' with the following arguments: {'ament_cmake_args': None, 'build_base': '/workspace/hsl-player/build/game_controller', 'catkin_cmake_args': None, 'catkin_skip_building_tests': False, 'cmake_args': ['-DCMAKE_BUILD_TYPE=Release'], 'cmake_clean_cache': False, 'cmake_clean_first': False, 'cmake_force_configure': False, 'cmake_target': None, 'cmake_target_skip_unavailable': False, 'install_base': '/workspace/hsl-player/install/game_controller', 'merge_install': False, 'path': '/workspace/hsl-player/src/game_controller', 'symlink_install': True, 'test_result_base': None}
[0.154s] INFO:colcon.colcon_core.executor:Executing jobs using 'parallel' executor
[0.155s] DEBUG:colcon.colcon_parallel_executor.executor.parallel:run_until_complete
[0.155s] INFO:colcon.colcon_ros.task.ament_cmake.build:Building ROS package in '/workspace/hsl-player/src/robocup_ros2_interface/src/game_controller_interface' with build type 'ament_cmake'
[0.155s] INFO:colcon.colcon_cmake.task.cmake.build:Building CMake package in '/workspace/hsl-player/src/robocup_ros2_interface/src/game_controller_interface'
[0.156s] INFO:colcon.colcon_core.plugin_system:Skipping extension 'colcon_core.shell.bat': Not used on non-Windows systems
[0.156s] INFO:colcon.colcon_core.shell:Skip shell extension 'powershell' for command environment: Not usable outside of PowerShell
[0.156s] DEBUG:colcon.colcon_core.shell:Skip shell extension 'dsv' for command environment
[0.158s] INFO:colcon.colcon_ros.task.ament_cmake.build:Building ROS package in '/workspace/hsl-player/src/booster_ros2_interface' with build type 'ament_cmake'
[0.159s] INFO:colcon.colcon_cmake.task.cmake.build:Building CMake package in '/workspace/hsl-player/src/booster_ros2_interface'
[0.159s] INFO:colcon.colcon_core.shell:Skip shell extension 'powershell' for command environment: Not usable outside of PowerShell
[0.159s] DEBUG:colcon.colcon_core.shell:Skip shell extension 'dsv' for command environment
[0.160s] INFO:colcon.colcon_ros.task.ament_cmake.build:Building ROS package in '/workspace/hsl-player/src/booster_msgs' with build type 'ament_cmake'
[0.160s] INFO:colcon.colcon_cmake.task.cmake.build:Building CMake package in '/workspace/hsl-player/src/booster_msgs'
[0.160s] INFO:colcon.colcon_core.shell:Skip shell extension 'powershell' for command environment: Not usable outside of PowerShell
[0.160s] DEBUG:colcon.colcon_core.shell:Skip shell extension 'dsv' for command environment
[0.162s] INFO:colcon.colcon_ros.task.ament_cmake.build:Building ROS package in '/workspace/hsl-player/src/robocup_ros2_interface/src/vision_interface' with build type 'ament_cmake'
[0.162s] INFO:colcon.colcon_cmake.task.cmake.build:Building CMake package in '/workspace/hsl-player/src/robocup_ros2_interface/src/vision_interface'
[0.162s] INFO:colcon.colcon_core.shell:Skip shell extension 'powershell' for command environment: Not usable outside of PowerShell
[0.162s] DEBUG:colcon.colcon_core.shell:Skip shell extension 'dsv' for command environment
[0.163s] INFO:colcon.colcon_ros.task.ament_python.build:Building ROS package in '/workspace/hsl-player/src/sound_play' with build type 'ament_python'
[0.163s] Level 1:colcon.colcon_core.shell:create_environment_hook('sound_play', 'ament_prefix_path')
[0.163s] INFO:colcon.colcon_core.shell:Creating environment hook '/workspace/hsl-player/install/sound_play/share/sound_play/hook/ament_prefix_path.ps1'
[0.164s] INFO:colcon.colcon_core.shell:Creating environment descriptor '/workspace/hsl-player/install/sound_play/share/sound_play/hook/ament_prefix_path.dsv'
[0.164s] INFO:colcon.colcon_core.shell:Creating environment hook '/workspace/hsl-player/install/sound_play/share/sound_play/hook/ament_prefix_path.sh'
[0.165s] INFO:colcon.colcon_core.shell:Skip shell extension 'powershell' for command environment: Not usable outside of PowerShell
[0.165s] DEBUG:colcon.colcon_core.shell:Skip shell extension 'dsv' for command environment
[0.168s] DEBUG:colcon.colcon_core.event_handler.log_command:Invoking command in '/workspace/hsl-player/build/game_controller_interface': CMAKE_PREFIX_PATH=${CMAKE_PREFIX_PATH}:/workspace/hsl-player/install/sound_play:/opt/ros/humble PS1=\[\e]0;\u@\h: \w\a\]${debian_chroot:+($debian_chroot)}\u@\h:\w\$ /usr/bin/cmake --build /workspace/hsl-player/build/game_controller_interface -- -j20 -l20
[0.169s] DEBUG:colcon.colcon_core.event_handler.log_command:Invoking command in '/workspace/hsl-player/build/booster_interface': CMAKE_PREFIX_PATH=${CMAKE_PREFIX_PATH}:/workspace/hsl-player/install/sound_play:/opt/ros/humble PS1=\[\e]0;\u@\h: \w\a\]${debian_chroot:+($debian_chroot)}\u@\h:\w\$ /usr/bin/cmake --build /workspace/hsl-player/build/booster_interface -- -j20 -l20
[0.170s] DEBUG:colcon.colcon_core.event_handler.log_command:Invoking command in '/workspace/hsl-player/build/booster_msgs': CMAKE_PREFIX_PATH=${CMAKE_PREFIX_PATH}:/workspace/hsl-player/install/sound_play:/opt/ros/humble PS1=\[\e]0;\u@\h: \w\a\]${debian_chroot:+($debian_chroot)}\u@\h:\w\$ /usr/bin/cmake --build /workspace/hsl-player/build/booster_msgs -- -j20 -l20
[0.171s] DEBUG:colcon.colcon_core.event_handler.log_command:Invoking command in '/workspace/hsl-player/build/vision_interface': CMAKE_PREFIX_PATH=${CMAKE_PREFIX_PATH}:/workspace/hsl-player/install/sound_play:/opt/ros/humble PS1=\[\e]0;\u@\h: \w\a\]${debian_chroot:+($debian_chroot)}\u@\h:\w\$ /usr/bin/cmake --build /workspace/hsl-player/build/vision_interface -- -j20 -l20
[0.398s] INFO:colcon.colcon_core.task.python.build:Building Python package in '/workspace/hsl-player/src/sound_play'
[0.398s] INFO:colcon.colcon_core.shell:Skip shell extension 'powershell' for command environment: Not usable outside of PowerShell
[0.398s] DEBUG:colcon.colcon_core.shell:Skip shell extension 'dsv' for command environment
[0.400s] DEBUG:colcon.colcon_core.event_handler.log_command:Invoked command in '/workspace/hsl-player/build/game_controller_interface' returned '0': CMAKE_PREFIX_PATH=${CMAKE_PREFIX_PATH}:/workspace/hsl-player/install/sound_play:/opt/ros/humble PS1=\[\e]0;\u@\h: \w\a\]${debian_chroot:+($debian_chroot)}\u@\h:\w\$ /usr/bin/cmake --build /workspace/hsl-player/build/game_controller_interface -- -j20 -l20
[0.405s] DEBUG:colcon.colcon_core.event_handler.log_command:Invoking command in '/workspace/hsl-player/build/game_controller_interface': CMAKE_PREFIX_PATH=${CMAKE_PREFIX_PATH}:/workspace/hsl-player/install/sound_play:/opt/ros/humble PS1=\[\e]0;\u@\h: \w\a\]${debian_chroot:+($debian_chroot)}\u@\h:\w\$ /usr/bin/cmake --install /workspace/hsl-player/build/game_controller_interface
[0.405s] DEBUG:colcon.colcon_core.event_handler.log_command:Invoked command in '/workspace/hsl-player/build/vision_interface' returned '0': CMAKE_PREFIX_PATH=${CMAKE_PREFIX_PATH}:/workspace/hsl-player/install/sound_play:/opt/ros/humble PS1=\[\e]0;\u@\h: \w\a\]${debian_chroot:+($debian_chroot)}\u@\h:\w\$ /usr/bin/cmake --build /workspace/hsl-player/build/vision_interface -- -j20 -l20
[0.406s] DEBUG:colcon.colcon_core.event_handler.log_command:Invoking command in '/workspace/hsl-player/build/vision_interface': CMAKE_PREFIX_PATH=${CMAKE_PREFIX_PATH}:/workspace/hsl-player/install/sound_play:/opt/ros/humble PS1=\[\e]0;\u@\h: \w\a\]${debian_chroot:+($debian_chroot)}\u@\h:\w\$ /usr/bin/cmake --install /workspace/hsl-player/build/vision_interface
[0.406s] DEBUG:colcon.colcon_core.event_handler.log_command:Invoked command in '/workspace/hsl-player/build/booster_interface' returned '0': CMAKE_PREFIX_PATH=${CMAKE_PREFIX_PATH}:/workspace/hsl-player/install/sound_play:/opt/ros/humble PS1=\[\e]0;\u@\h: \w\a\]${debian_chroot:+($debian_chroot)}\u@\h:\w\$ /usr/bin/cmake --build /workspace/hsl-player/build/booster_interface -- -j20 -l20
[0.407s] DEBUG:colcon.colcon_core.event_handler.log_command:Invoking command in '/workspace/hsl-player/build/booster_interface': CMAKE_PREFIX_PATH=${CMAKE_PREFIX_PATH}:/workspace/hsl-player/install/sound_play:/opt/ros/humble PS1=\[\e]0;\u@\h: \w\a\]${debian_chroot:+($debian_chroot)}\u@\h:\w\$ /usr/bin/cmake --install /workspace/hsl-player/build/booster_interface
[0.410s] DEBUG:colcon.colcon_core.event_handler.log_command:Invoked command in '/workspace/hsl-player/build/booster_msgs' returned '0': CMAKE_PREFIX_PATH=${CMAKE_PREFIX_PATH}:/workspace/hsl-player/install/sound_play:/opt/ros/humble PS1=\[\e]0;\u@\h: \w\a\]${debian_chroot:+($debian_chroot)}\u@\h:\w\$ /usr/bin/cmake --build /workspace/hsl-player/build/booster_msgs -- -j20 -l20
[0.410s] DEBUG:colcon.colcon_core.event_handler.log_command:Invoking command in '/workspace/hsl-player/build/booster_msgs': CMAKE_PREFIX_PATH=${CMAKE_PREFIX_PATH}:/workspace/hsl-player/install/sound_play:/opt/ros/humble PS1=\[\e]0;\u@\h: \w\a\]${debian_chroot:+($debian_chroot)}\u@\h:\w\$ /usr/bin/cmake --install /workspace/hsl-player/build/booster_msgs
[0.448s] Level 1:colcon.colcon_core.environment:create_environment_scripts_only(booster_msgs)
[0.449s] DEBUG:colcon.colcon_core.event_handler.log_command:Invoked command in '/workspace/hsl-player/build/booster_msgs' returned '0': CMAKE_PREFIX_PATH=${CMAKE_PREFIX_PATH}:/workspace/hsl-player/install/sound_play:/opt/ros/humble PS1=\[\e]0;\u@\h: \w\a\]${debian_chroot:+($debian_chroot)}\u@\h:\w\$ /usr/bin/cmake --install /workspace/hsl-player/build/booster_msgs
[0.451s] Level 1:colcon.colcon_core.environment:checking '/workspace/hsl-player/install/booster_msgs' for CMake module files
[0.451s] Level 1:colcon.colcon_core.environment:checking '/workspace/hsl-player/install/booster_msgs' for CMake config files
[0.452s] Level 1:colcon.colcon_core.shell:create_environment_hook('booster_msgs', 'cmake_prefix_path')
[0.452s] INFO:colcon.colcon_core.shell:Creating environment hook '/workspace/hsl-player/install/booster_msgs/share/booster_msgs/hook/cmake_prefix_path.ps1'
[0.453s] INFO:colcon.colcon_core.shell:Creating environment descriptor '/workspace/hsl-player/install/booster_msgs/share/booster_msgs/hook/cmake_prefix_path.dsv'
[0.453s] INFO:colcon.colcon_core.shell:Creating environment hook '/workspace/hsl-player/install/booster_msgs/share/booster_msgs/hook/cmake_prefix_path.sh'
[0.453s] Level 1:colcon.colcon_core.environment:checking '/workspace/hsl-player/install/booster_msgs/lib'
[0.453s] Level 1:colcon.colcon_core.shell:create_environment_hook('booster_msgs', 'ld_library_path_lib')
[0.454s] INFO:colcon.colcon_core.shell:Creating environment hook '/workspace/hsl-player/install/booster_msgs/share/booster_msgs/hook/ld_library_path_lib.ps1'
[0.454s] INFO:colcon.colcon_core.shell:Creating environment descriptor '/workspace/hsl-player/install/booster_msgs/share/booster_msgs/hook/ld_library_path_lib.dsv'
[0.454s] INFO:colcon.colcon_core.shell:Creating environment hook '/workspace/hsl-player/install/booster_msgs/share/booster_msgs/hook/ld_library_path_lib.sh'
[0.455s] Level 1:colcon.colcon_core.environment:checking '/workspace/hsl-player/install/booster_msgs/bin'
[0.455s] Level 1:colcon.colcon_core.environment:checking '/workspace/hsl-player/install/booster_msgs/lib/pkgconfig/booster_msgs.pc'
[0.455s] Level 1:colcon.colcon_core.environment:checking '/workspace/hsl-player/install/booster_msgs/lib/python3.10/site-packages'
[0.455s] Level 1:colcon.colcon_core.environment:checking '/workspace/hsl-player/install/booster_msgs/bin'
[0.455s] INFO:colcon.colcon_core.shell:Creating package script '/workspace/hsl-player/install/booster_msgs/share/booster_msgs/package.ps1'
[0.457s] INFO:colcon.colcon_core.shell:Creating package descriptor '/workspace/hsl-player/install/booster_msgs/share/booster_msgs/package.dsv'
[0.457s] INFO:colcon.colcon_core.shell:Creating package script '/workspace/hsl-player/install/booster_msgs/share/booster_msgs/package.sh'
[0.458s] INFO:colcon.colcon_core.shell:Creating package script '/workspace/hsl-player/install/booster_msgs/share/booster_msgs/package.bash'
[0.459s] INFO:colcon.colcon_core.shell:Creating package script '/workspace/hsl-player/install/booster_msgs/share/booster_msgs/package.zsh'
[0.459s] Level 1:colcon.colcon_core.environment:create_file_with_runtime_dependencies(/workspace/hsl-player/install/booster_msgs/share/colcon-core/packages/booster_msgs)
[0.460s] Level 1:colcon.colcon_core.environment:create_environment_scripts_only(booster_msgs)
[0.460s] Level 1:colcon.colcon_core.environment:checking '/workspace/hsl-player/install/booster_msgs' for CMake module files
[0.461s] Level 1:colcon.colcon_core.environment:checking '/workspace/hsl-player/install/booster_msgs' for CMake config files
[0.462s] Level 1:colcon.colcon_core.shell:create_environment_hook('booster_msgs', 'cmake_prefix_path')
[0.462s] INFO:colcon.colcon_core.shell:Creating environment hook '/workspace/hsl-player/install/booster_msgs/share/booster_msgs/hook/cmake_prefix_path.ps1'
[0.462s] INFO:colcon.colcon_core.shell:Creating environment descriptor '/workspace/hsl-player/install/booster_msgs/share/booster_msgs/hook/cmake_prefix_path.dsv'
[0.462s] INFO:colcon.colcon_core.shell:Creating environment hook '/workspace/hsl-player/install/booster_msgs/share/booster_msgs/hook/cmake_prefix_path.sh'
[0.463s] Level 1:colcon.colcon_core.environment:checking '/workspace/hsl-player/install/booster_msgs/lib'
[0.463s] Level 1:colcon.colcon_core.shell:create_environment_hook('booster_msgs', 'ld_library_path_lib')
[0.463s] INFO:colcon.colcon_core.shell:Creating environment hook '/workspace/hsl-player/install/booster_msgs/share/booster_msgs/hook/ld_library_path_lib.ps1'
[0.463s] INFO:colcon.colcon_core.shell:Creating environment descriptor '/workspace/hsl-player/install/booster_msgs/share/booster_msgs/hook/ld_library_path_lib.dsv'
[0.463s] INFO:colcon.colcon_core.shell:Creating environment hook '/workspace/hsl-player/install/booster_msgs/share/booster_msgs/hook/ld_library_path_lib.sh'
[0.463s] Level 1:colcon.colcon_core.environment:checking '/workspace/hsl-player/install/booster_msgs/bin'
[0.463s] Level 1:colcon.colcon_core.environment:checking '/workspace/hsl-player/install/booster_msgs/lib/pkgconfig/booster_msgs.pc'
[0.463s] Level 1:colcon.colcon_core.environment:checking '/workspace/hsl-player/install/booster_msgs/lib/python3.10/site-packages'
[0.464s] Level 1:colcon.colcon_core.environment:checking '/workspace/hsl-player/install/booster_msgs/bin'
[0.464s] INFO:colcon.colcon_core.shell:Creating package script '/workspace/hsl-player/install/booster_msgs/share/booster_msgs/package.ps1'
[0.464s] INFO:colcon.colcon_core.shell:Creating package descriptor '/workspace/hsl-player/install/booster_msgs/share/booster_msgs/package.dsv'
[0.464s] INFO:colcon.colcon_core.shell:Creating package script '/workspace/hsl-player/install/booster_msgs/share/booster_msgs/package.sh'
[0.464s] INFO:colcon.colcon_core.shell:Creating package script '/workspace/hsl-player/install/booster_msgs/share/booster_msgs/package.bash'
[0.464s] INFO:colcon.colcon_core.shell:Creating package script '/workspace/hsl-player/install/booster_msgs/share/booster_msgs/package.zsh'
[0.465s] Level 1:colcon.colcon_core.environment:create_file_with_runtime_dependencies(/workspace/hsl-player/install/booster_msgs/share/colcon-core/packages/booster_msgs)
[0.465s] Level 1:colcon.colcon_core.environment:create_environment_scripts_only(game_controller_interface)
[0.465s] Level 1:colcon.colcon_core.environment:checking '/workspace/hsl-player/install/game_controller_interface' for CMake module files
[0.466s] DEBUG:colcon.colcon_core.event_handler.log_command:Invoked command in '/workspace/hsl-player/build/game_controller_interface' returned '0': CMAKE_PREFIX_PATH=${CMAKE_PREFIX_PATH}:/workspace/hsl-player/install/sound_play:/opt/ros/humble PS1=\[\e]0;\u@\h: \w\a\]${debian_chroot:+($debian_chroot)}\u@\h:\w\$ /usr/bin/cmake --install /workspace/hsl-player/build/game_controller_interface
[0.466s] Level 1:colcon.colcon_core.environment:checking '/workspace/hsl-player/install/game_controller_interface' for CMake config files
[0.466s] Level 1:colcon.colcon_core.shell:create_environment_hook('game_controller_interface', 'cmake_prefix_path')
[0.466s] INFO:colcon.colcon_core.shell:Creating environment hook '/workspace/hsl-player/install/game_controller_interface/share/game_controller_interface/hook/cmake_prefix_path.ps1'
[0.466s] INFO:colcon.colcon_core.shell:Creating environment descriptor '/workspace/hsl-player/install/game_controller_interface/share/game_controller_interface/hook/cmake_prefix_path.dsv'
[0.467s] INFO:colcon.colcon_core.shell:Creating environment hook '/workspace/hsl-player/install/game_controller_interface/share/game_controller_interface/hook/cmake_prefix_path.sh'
[0.467s] Level 1:colcon.colcon_core.environment:checking '/workspace/hsl-player/install/game_controller_interface/lib'
[0.467s] Level 1:colcon.colcon_core.shell:create_environment_hook('game_controller_interface', 'ld_library_path_lib')
[0.467s] INFO:colcon.colcon_core.shell:Creating environment hook '/workspace/hsl-player/install/game_controller_interface/share/game_controller_interface/hook/ld_library_path_lib.ps1'
[0.467s] INFO:colcon.colcon_core.shell:Creating environment descriptor '/workspace/hsl-player/install/game_controller_interface/share/game_controller_interface/hook/ld_library_path_lib.dsv'
[0.467s] INFO:colcon.colcon_core.shell:Creating environment hook '/workspace/hsl-player/install/game_controller_interface/share/game_controller_interface/hook/ld_library_path_lib.sh'
[0.467s] Level 1:colcon.colcon_core.environment:checking '/workspace/hsl-player/install/game_controller_interface/bin'
[0.467s] Level 1:colcon.colcon_core.environment:checking '/workspace/hsl-player/install/game_controller_interface/lib/pkgconfig/game_controller_interface.pc'
[0.467s] Level 1:colcon.colcon_core.environment:checking '/workspace/hsl-player/install/game_controller_interface/lib/python3.10/site-packages'
[0.468s] Level 1:colcon.colcon_core.environment:checking '/workspace/hsl-player/install/game_controller_interface/bin'
[0.468s] INFO:colcon.colcon_core.shell:Creating package script '/workspace/hsl-player/install/game_controller_interface/share/game_controller_interface/package.ps1'
[0.468s] INFO:colcon.colcon_core.shell:Creating package descriptor '/workspace/hsl-player/install/game_controller_interface/share/game_controller_interface/package.dsv'
[0.468s] INFO:colcon.colcon_core.shell:Creating package script '/workspace/hsl-player/install/game_controller_interface/share/game_controller_interface/package.sh'
[0.468s] INFO:colcon.colcon_core.shell:Creating package script '/workspace/hsl-player/install/game_controller_interface/share/game_controller_interface/package.bash'
[0.468s] INFO:colcon.colcon_core.shell:Creating package script '/workspace/hsl-player/install/game_controller_interface/share/game_controller_interface/package.zsh'
[0.469s] Level 1:colcon.colcon_core.environment:create_file_with_runtime_dependencies(/workspace/hsl-player/install/game_controller_interface/share/colcon-core/packages/game_controller_interface)
[0.469s] Level 1:colcon.colcon_core.environment:create_environment_scripts_only(game_controller_interface)
[0.469s] Level 1:colcon.colcon_core.environment:checking '/workspace/hsl-player/install/game_controller_interface' for CMake module files
[0.469s] Level 1:colcon.colcon_core.environment:checking '/workspace/hsl-player/install/game_controller_interface' for CMake config files
[0.469s] Level 1:colcon.colcon_core.shell:create_environment_hook('game_controller_interface', 'cmake_prefix_path')
[0.470s] INFO:colcon.colcon_core.shell:Creating environment hook '/workspace/hsl-player/install/game_controller_interface/share/game_controller_interface/hook/cmake_prefix_path.ps1'
[0.470s] INFO:colcon.colcon_core.shell:Creating environment descriptor '/workspace/hsl-player/install/game_controller_interface/share/game_controller_interface/hook/cmake_prefix_path.dsv'
[0.470s] INFO:colcon.colcon_core.shell:Creating environment hook '/workspace/hsl-player/install/game_controller_interface/share/game_controller_interface/hook/cmake_prefix_path.sh'
[0.470s] Level 1:colcon.colcon_core.environment:checking '/workspace/hsl-player/install/game_controller_interface/lib'
[0.470s] Level 1:colcon.colcon_core.shell:create_environment_hook('game_controller_interface', 'ld_library_path_lib')
[0.470s] INFO:colcon.colcon_core.shell:Creating environment hook '/workspace/hsl-player/install/game_controller_interface/share/game_controller_interface/hook/ld_library_path_lib.ps1'
[0.470s] INFO:colcon.colcon_core.shell:Creating environment descriptor '/workspace/hsl-player/install/game_controller_interface/share/game_controller_interface/hook/ld_library_path_lib.dsv'
[0.470s] INFO:colcon.colcon_core.shell:Creating environment hook '/workspace/hsl-player/install/game_controller_interface/share/game_controller_interface/hook/ld_library_path_lib.sh'
[0.471s] Level 1:colcon.colcon_core.environment:checking '/workspace/hsl-player/install/game_controller_interface/bin'
[0.471s] Level 1:colcon.colcon_core.environment:checking '/workspace/hsl-player/install/game_controller_interface/lib/pkgconfig/game_controller_interface.pc'
[0.471s] Level 1:colcon.colcon_core.environment:checking '/workspace/hsl-player/install/game_controller_interface/lib/python3.10/site-packages'
[0.471s] Level 1:colcon.colcon_core.environment:checking '/workspace/hsl-player/install/game_controller_interface/bin'
[0.471s] INFO:colcon.colcon_core.shell:Creating package script '/workspace/hsl-player/install/game_controller_interface/share/game_controller_interface/package.ps1'
[0.471s] INFO:colcon.colcon_core.shell:Creating package descriptor '/workspace/hsl-player/install/game_controller_interface/share/game_controller_interface/package.dsv'
[0.471s] INFO:colcon.colcon_core.shell:Creating package script '/workspace/hsl-player/install/game_controller_interface/share/game_controller_interface/package.sh'
[0.472s] INFO:colcon.colcon_core.shell:Creating package script '/workspace/hsl-player/install/game_controller_interface/share/game_controller_interface/package.bash'
[0.472s] INFO:colcon.colcon_core.shell:Creating package script '/workspace/hsl-player/install/game_controller_interface/share/game_controller_interface/package.zsh'
[0.472s] Level 1:colcon.colcon_core.environment:create_file_with_runtime_dependencies(/workspace/hsl-player/install/game_controller_interface/share/colcon-core/packages/game_controller_interface)
[0.472s] Level 1:colcon.colcon_core.environment:create_environment_scripts_only(vision_interface)
[0.472s] Level 1:colcon.colcon_core.environment:checking '/workspace/hsl-player/install/vision_interface' for CMake module files
[0.472s] DEBUG:colcon.colcon_core.event_handler.log_command:Invoked command in '/workspace/hsl-player/build/vision_interface' returned '0': CMAKE_PREFIX_PATH=${CMAKE_PREFIX_PATH}:/workspace/hsl-player/install/sound_play:/opt/ros/humble PS1=\[\e]0;\u@\h: \w\a\]${debian_chroot:+($debian_chroot)}\u@\h:\w\$ /usr/bin/cmake --install /workspace/hsl-player/build/vision_interface
[0.473s] Level 1:colcon.colcon_core.environment:checking '/workspace/hsl-player/install/vision_interface' for CMake config files
[0.473s] Level 1:colcon.colcon_core.shell:create_environment_hook('vision_interface', 'cmake_prefix_path')
[0.473s] INFO:colcon.colcon_core.shell:Creating environment hook '/workspace/hsl-player/install/vision_interface/share/vision_interface/hook/cmake_prefix_path.ps1'
[0.473s] INFO:colcon.colcon_core.shell:Creating environment descriptor '/workspace/hsl-player/install/vision_interface/share/vision_interface/hook/cmake_prefix_path.dsv'
[0.473s] INFO:colcon.colcon_core.shell:Creating environment hook '/workspace/hsl-player/install/vision_interface/share/vision_interface/hook/cmake_prefix_path.sh'
[0.474s] Level 1:colcon.colcon_core.environment:checking '/workspace/hsl-player/install/vision_interface/lib'
[0.474s] Level 1:colcon.colcon_core.shell:create_environment_hook('vision_interface', 'ld_library_path_lib')
[0.474s] INFO:colcon.colcon_core.shell:Creating environment hook '/workspace/hsl-player/install/vision_interface/share/vision_interface/hook/ld_library_path_lib.ps1'
[0.474s] INFO:colcon.colcon_core.shell:Creating environment descriptor '/workspace/hsl-player/install/vision_interface/share/vision_interface/hook/ld_library_path_lib.dsv'
[0.474s] INFO:colcon.colcon_core.shell:Creating environment hook '/workspace/hsl-player/install/vision_interface/share/vision_interface/hook/ld_library_path_lib.sh'
[0.474s] Level 1:colcon.colcon_core.environment:checking '/workspace/hsl-player/install/vision_interface/bin'
[0.474s] Level 1:colcon.colcon_core.environment:checking '/workspace/hsl-player/install/vision_interface/lib/pkgconfig/vision_interface.pc'
[0.474s] Level 1:colcon.colcon_core.environment:checking '/workspace/hsl-player/install/vision_interface/lib/python3.10/site-packages'
[0.474s] Level 1:colcon.colcon_core.environment:checking '/workspace/hsl-player/install/vision_interface/bin'
[0.474s] INFO:colcon.colcon_core.shell:Creating package script '/workspace/hsl-player/install/vision_interface/share/vision_interface/package.ps1'
[0.475s] INFO:colcon.colcon_core.shell:Creating package descriptor '/workspace/hsl-player/install/vision_interface/share/vision_interface/package.dsv'
[0.475s] INFO:colcon.colcon_core.shell:Creating package script '/workspace/hsl-player/install/vision_interface/share/vision_interface/package.sh'
[0.475s] INFO:colcon.colcon_core.shell:Creating package script '/workspace/hsl-player/install/vision_interface/share/vision_interface/package.bash'
[0.475s] INFO:colcon.colcon_core.shell:Creating package script '/workspace/hsl-player/install/vision_interface/share/vision_interface/package.zsh'
[0.475s] Level 1:colcon.colcon_core.environment:create_file_with_runtime_dependencies(/workspace/hsl-player/install/vision_interface/share/colcon-core/packages/vision_interface)
[0.476s] Level 1:colcon.colcon_core.environment:create_environment_scripts_only(vision_interface)
[0.476s] Level 1:colcon.colcon_core.environment:checking '/workspace/hsl-player/install/vision_interface' for CMake module files
[0.476s] Level 1:colcon.colcon_core.environment:checking '/workspace/hsl-player/install/vision_interface' for CMake config files
[0.476s] Level 1:colcon.colcon_core.shell:create_environment_hook('vision_interface', 'cmake_prefix_path')
[0.476s] INFO:colcon.colcon_core.shell:Creating environment hook '/workspace/hsl-player/install/vision_interface/share/vision_interface/hook/cmake_prefix_path.ps1'
[0.477s] INFO:colcon.colcon_core.shell:Creating environment descriptor '/workspace/hsl-player/install/vision_interface/share/vision_interface/hook/cmake_prefix_path.dsv'
[0.477s] INFO:colcon.colcon_core.shell:Creating environment hook '/workspace/hsl-player/install/vision_interface/share/vision_interface/hook/cmake_prefix_path.sh'
[0.477s] Level 1:colcon.colcon_core.environment:checking '/workspace/hsl-player/install/vision_interface/lib'
[0.477s] Level 1:colcon.colcon_core.shell:create_environment_hook('vision_interface', 'ld_library_path_lib')
[0.477s] INFO:colcon.colcon_core.shell:Creating environment hook '/workspace/hsl-player/install/vision_interface/share/vision_interface/hook/ld_library_path_lib.ps1'
[0.477s] INFO:colcon.colcon_core.shell:Creating environment descriptor '/workspace/hsl-player/install/vision_interface/share/vision_interface/hook/ld_library_path_lib.dsv'
[0.477s] INFO:colcon.colcon_core.shell:Creating environment hook '/workspace/hsl-player/install/vision_interface/share/vision_interface/hook/ld_library_path_lib.sh'
[0.477s] Level 1:colcon.colcon_core.environment:checking '/workspace/hsl-player/install/vision_interface/bin'
[0.477s] Level 1:colcon.colcon_core.environment:checking '/workspace/hsl-player/install/vision_interface/lib/pkgconfig/vision_interface.pc'
[0.478s] Level 1:colcon.colcon_core.environment:checking '/workspace/hsl-player/install/vision_interface/lib/python3.10/site-packages'
[0.478s] Level 1:colcon.colcon_core.environment:checking '/workspace/hsl-player/install/vision_interface/bin'
[0.478s] INFO:colcon.colcon_core.shell:Creating package script '/workspace/hsl-player/install/vision_interface/share/vision_interface/package.ps1'
[0.478s] INFO:colcon.colcon_core.shell:Creating package descriptor '/workspace/hsl-player/install/vision_interface/share/vision_interface/package.dsv'
[0.478s] INFO:colcon.colcon_core.shell:Creating package script '/workspace/hsl-player/install/vision_interface/share/vision_interface/package.sh'
[0.478s] INFO:colcon.colcon_core.shell:Creating package script '/workspace/hsl-player/install/vision_interface/share/vision_interface/package.bash'
[0.479s] INFO:colcon.colcon_core.shell:Creating package script '/workspace/hsl-player/install/vision_interface/share/vision_interface/package.zsh'
[0.479s] Level 1:colcon.colcon_core.environment:create_file_with_runtime_dependencies(/workspace/hsl-player/install/vision_interface/share/colcon-core/packages/vision_interface)
[0.479s] Level 1:colcon.colcon_core.environment:create_environment_scripts_only(booster_interface)
[0.479s] Level 1:colcon.colcon_core.environment:checking '/workspace/hsl-player/install/booster_interface' for CMake module files
[0.479s] DEBUG:colcon.colcon_core.event_handler.log_command:Invoked command in '/workspace/hsl-player/build/booster_interface' returned '0': CMAKE_PREFIX_PATH=${CMAKE_PREFIX_PATH}:/workspace/hsl-player/install/sound_play:/opt/ros/humble PS1=\[\e]0;\u@\h: \w\a\]${debian_chroot:+($debian_chroot)}\u@\h:\w\$ /usr/bin/cmake --install /workspace/hsl-player/build/booster_interface
[0.479s] Level 1:colcon.colcon_core.environment:checking '/workspace/hsl-player/install/booster_interface' for CMake config files
[0.480s] Level 1:colcon.colcon_core.shell:create_environment_hook('booster_interface', 'cmake_prefix_path')
[0.480s] INFO:colcon.colcon_core.shell:Creating environment hook '/workspace/hsl-player/install/booster_interface/share/booster_interface/hook/cmake_prefix_path.ps1'
[0.480s] INFO:colcon.colcon_core.shell:Creating environment descriptor '/workspace/hsl-player/install/booster_interface/share/booster_interface/hook/cmake_prefix_path.dsv'
[0.480s] INFO:colcon.colcon_core.shell:Creating environment hook '/workspace/hsl-player/install/booster_interface/share/booster_interface/hook/cmake_prefix_path.sh'
[0.481s] Level 1:colcon.colcon_core.environment:checking '/workspace/hsl-player/install/booster_interface/lib'
[0.481s] Level 1:colcon.colcon_core.shell:create_environment_hook('booster_interface', 'ld_library_path_lib')
[0.481s] INFO:colcon.colcon_core.shell:Creating environment hook '/workspace/hsl-player/install/booster_interface/share/booster_interface/hook/ld_library_path_lib.ps1'
[0.481s] INFO:colcon.colcon_core.shell:Creating environment descriptor '/workspace/hsl-player/install/booster_interface/share/booster_interface/hook/ld_library_path_lib.dsv'
[0.481s] INFO:colcon.colcon_core.shell:Creating environment hook '/workspace/hsl-player/install/booster_interface/share/booster_interface/hook/ld_library_path_lib.sh'
[0.481s] Level 1:colcon.colcon_core.environment:checking '/workspace/hsl-player/install/booster_interface/bin'
[0.481s] Level 1:colcon.colcon_core.environment:checking '/workspace/hsl-player/install/booster_interface/lib/pkgconfig/booster_interface.pc'
[0.481s] Level 1:colcon.colcon_core.environment:checking '/workspace/hsl-player/install/booster_interface/lib/python3.10/site-packages'
[0.481s] Level 1:colcon.colcon_core.environment:checking '/workspace/hsl-player/install/booster_interface/bin'
[0.482s] INFO:colcon.colcon_core.shell:Creating package script '/workspace/hsl-player/install/booster_interface/share/booster_interface/package.ps1'
[0.482s] INFO:colcon.colcon_core.shell:Creating package descriptor '/workspace/hsl-player/install/booster_interface/share/booster_interface/package.dsv'
[0.482s] INFO:colcon.colcon_core.shell:Creating package script '/workspace/hsl-player/install/booster_interface/share/booster_interface/package.sh'
[0.482s] INFO:colcon.colcon_core.shell:Creating package script '/workspace/hsl-player/install/booster_interface/share/booster_interface/package.bash'
[0.482s] INFO:colcon.colcon_core.shell:Creating package script '/workspace/hsl-player/install/booster_interface/share/booster_interface/package.zsh'
[0.483s] Level 1:colcon.colcon_core.environment:create_file_with_runtime_dependencies(/workspace/hsl-player/install/booster_interface/share/colcon-core/packages/booster_interface)
[0.483s] Level 1:colcon.colcon_core.environment:create_environment_scripts_only(booster_interface)
[0.483s] Level 1:colcon.colcon_core.environment:checking '/workspace/hsl-player/install/booster_interface' for CMake module files
[0.483s] Level 1:colcon.colcon_core.environment:checking '/workspace/hsl-player/install/booster_interface' for CMake config files
[0.484s] Level 1:colcon.colcon_core.shell:create_environment_hook('booster_interface', 'cmake_prefix_path')
[0.484s] INFO:colcon.colcon_core.shell:Creating environment hook '/workspace/hsl-player/install/booster_interface/share/booster_interface/hook/cmake_prefix_path.ps1'
[0.484s] INFO:colcon.colcon_core.shell:Creating environment descriptor '/workspace/hsl-player/install/booster_interface/share/booster_interface/hook/cmake_prefix_path.dsv'
[0.484s] INFO:colcon.colcon_core.shell:Creating environment hook '/workspace/hsl-player/install/booster_interface/share/booster_interface/hook/cmake_prefix_path.sh'
[0.484s] Level 1:colcon.colcon_core.environment:checking '/workspace/hsl-player/install/booster_interface/lib'
[0.484s] Level 1:colcon.colcon_core.shell:create_environment_hook('booster_interface', 'ld_library_path_lib')
[0.484s] INFO:colcon.colcon_core.shell:Creating environment hook '/workspace/hsl-player/install/booster_interface/share/booster_interface/hook/ld_library_path_lib.ps1'
[0.485s] INFO:colcon.colcon_core.shell:Creating environment descriptor '/workspace/hsl-player/install/booster_interface/share/booster_interface/hook/ld_library_path_lib.dsv'
[0.485s] INFO:colcon.colcon_core.shell:Creating environment hook '/workspace/hsl-player/install/booster_interface/share/booster_interface/hook/ld_library_path_lib.sh'
[0.485s] Level 1:colcon.colcon_core.environment:checking '/workspace/hsl-player/install/booster_interface/bin'
[0.485s] Level 1:colcon.colcon_core.environment:checking '/workspace/hsl-player/install/booster_interface/lib/pkgconfig/booster_interface.pc'
[0.485s] Level 1:colcon.colcon_core.environment:checking '/workspace/hsl-player/install/booster_interface/lib/python3.10/site-packages'
[0.485s] Level 1:colcon.colcon_core.environment:checking '/workspace/hsl-player/install/booster_interface/bin'
[0.485s] INFO:colcon.colcon_core.shell:Creating package script '/workspace/hsl-player/install/booster_interface/share/booster_interface/package.ps1'
[0.485s] INFO:colcon.colcon_core.shell:Creating package descriptor '/workspace/hsl-player/install/booster_interface/share/booster_interface/package.dsv'
[0.486s] INFO:colcon.colcon_core.shell:Creating package script '/workspace/hsl-player/install/booster_interface/share/booster_interface/package.sh'
[0.486s] INFO:colcon.colcon_core.shell:Creating package script '/workspace/hsl-player/install/booster_interface/share/booster_interface/package.bash'
[0.486s] INFO:colcon.colcon_core.shell:Creating package script '/workspace/hsl-player/install/booster_interface/share/booster_interface/package.zsh'
[0.486s] Level 1:colcon.colcon_core.environment:create_file_with_runtime_dependencies(/workspace/hsl-player/install/booster_interface/share/colcon-core/packages/booster_interface)
[0.486s] INFO:colcon.colcon_ros.task.ament_cmake.build:Building ROS package in '/workspace/hsl-player/src/brain' with build type 'ament_cmake'
[0.486s] INFO:colcon.colcon_cmake.task.cmake.build:Building CMake package in '/workspace/hsl-player/src/brain'
[0.486s] INFO:colcon.colcon_core.shell:Skip shell extension 'powershell' for command environment: Not usable outside of PowerShell
[0.486s] DEBUG:colcon.colcon_core.shell:Skip shell extension 'dsv' for command environment
[0.488s] INFO:colcon.colcon_ros.task.ament_cmake.build:Building ROS package in '/workspace/hsl-player/src/game_controller' with build type 'ament_cmake'
[0.488s] INFO:colcon.colcon_cmake.task.cmake.build:Building CMake package in '/workspace/hsl-player/src/game_controller'
[0.488s] INFO:colcon.colcon_core.shell:Skip shell extension 'powershell' for command environment: Not usable outside of PowerShell
[0.488s] DEBUG:colcon.colcon_core.shell:Skip shell extension 'dsv' for command environment
[0.494s] DEBUG:colcon.colcon_core.event_handler.log_command:Invoking command in '/workspace/hsl-player/build/game_controller': CMAKE_PREFIX_PATH=/workspace/hsl-player/install/game_controller_interface:/workspace/hsl-player/install/vision_interface:/workspace/hsl-player/install/game_controller:/workspace/hsl-player/install/booster_msgs:/workspace/hsl-player/install/booster_interface:/workspace/hsl-player/install/sound_play:/opt/ros/humble LD_LIBRARY_PATH=/workspace/hsl-player/install/game_controller_interface/lib:/workspace/hsl-player/install/vision_interface/lib:/workspace/hsl-player/install/booster_msgs/lib:/workspace/hsl-player/install/booster_interface/lib:/opt/ros/humble/opt/rviz_ogre_vendor/lib:/opt/ros/humble/lib/x86_64-linux-gnu:/opt/ros/humble/lib PS1=\[\e]0;\u@\h: \w\a\]${debian_chroot:+($debian_chroot)}\u@\h:\w\$ /usr/bin/cmake --build /workspace/hsl-player/build/game_controller -- -j20 -l20
[0.497s] DEBUG:colcon.colcon_core.event_handler.log_command:Invoking command in '/workspace/hsl-player/build/brain': CMAKE_PREFIX_PATH=/workspace/hsl-player/install/vision_interface:/workspace/hsl-player/install/game_controller_interface:/workspace/hsl-player/install/booster_msgs:/workspace/hsl-player/install/booster_interface:/workspace/hsl-player/install/game_controller:/workspace/hsl-player/install/sound_play:/opt/ros/humble PS1=\[\e]0;\u@\h: \w\a\]${debian_chroot:+($debian_chroot)}\u@\h:\w\$ /usr/bin/cmake --build /workspace/hsl-player/build/brain -- -j20 -l20
[0.538s] DEBUG:colcon.colcon_core.event_handler.log_command:Invoked command in '/workspace/hsl-player/build/game_controller' returned '0': CMAKE_PREFIX_PATH=/workspace/hsl-player/install/game_controller_interface:/workspace/hsl-player/install/vision_interface:/workspace/hsl-player/install/game_controller:/workspace/hsl-player/install/booster_msgs:/workspace/hsl-player/install/booster_interface:/workspace/hsl-player/install/sound_play:/opt/ros/humble LD_LIBRARY_PATH=/workspace/hsl-player/install/game_controller_interface/lib:/workspace/hsl-player/install/vision_interface/lib:/workspace/hsl-player/install/booster_msgs/lib:/workspace/hsl-player/install/booster_interface/lib:/opt/ros/humble/opt/rviz_ogre_vendor/lib:/opt/ros/humble/lib/x86_64-linux-gnu:/opt/ros/humble/lib PS1=\[\e]0;\u@\h: \w\a\]${debian_chroot:+($debian_chroot)}\u@\h:\w\$ /usr/bin/cmake --build /workspace/hsl-player/build/game_controller -- -j20 -l20
[0.539s] DEBUG:colcon.colcon_core.event_handler.log_command:Invoking command in '/workspace/hsl-player/build/game_controller': CMAKE_PREFIX_PATH=/workspace/hsl-player/install/game_controller_interface:/workspace/hsl-player/install/vision_interface:/workspace/hsl-player/install/game_controller:/workspace/hsl-player/install/booster_msgs:/workspace/hsl-player/install/booster_interface:/workspace/hsl-player/install/sound_play:/opt/ros/humble LD_LIBRARY_PATH=/workspace/hsl-player/install/game_controller_interface/lib:/workspace/hsl-player/install/vision_interface/lib:/workspace/hsl-player/install/booster_msgs/lib:/workspace/hsl-player/install/booster_interface/lib:/opt/ros/humble/opt/rviz_ogre_vendor/lib:/opt/ros/humble/lib/x86_64-linux-gnu:/opt/ros/humble/lib PS1=\[\e]0;\u@\h: \w\a\]${debian_chroot:+($debian_chroot)}\u@\h:\w\$ /usr/bin/cmake --install /workspace/hsl-player/build/game_controller
[0.549s] Level 1:colcon.colcon_core.environment:create_environment_scripts_only(game_controller)
[0.550s] Level 1:colcon.colcon_core.environment:checking '/workspace/hsl-player/install/game_controller' for CMake module files
[0.550s] DEBUG:colcon.colcon_core.event_handler.log_command:Invoked command in '/workspace/hsl-player/build/game_controller' returned '0': CMAKE_PREFIX_PATH=/workspace/hsl-player/install/game_controller_interface:/workspace/hsl-player/install/vision_interface:/workspace/hsl-player/install/game_controller:/workspace/hsl-player/install/booster_msgs:/workspace/hsl-player/install/booster_interface:/workspace/hsl-player/install/sound_play:/opt/ros/humble LD_LIBRARY_PATH=/workspace/hsl-player/install/game_controller_interface/lib:/workspace/hsl-player/install/vision_interface/lib:/workspace/hsl-player/install/booster_msgs/lib:/workspace/hsl-player/install/booster_interface/lib:/opt/ros/humble/opt/rviz_ogre_vendor/lib:/opt/ros/humble/lib/x86_64-linux-gnu:/opt/ros/humble/lib PS1=\[\e]0;\u@\h: \w\a\]${debian_chroot:+($debian_chroot)}\u@\h:\w\$ /usr/bin/cmake --install /workspace/hsl-player/build/game_controller
[0.550s] Level 1:colcon.colcon_core.environment:checking '/workspace/hsl-player/install/game_controller' for CMake config files
[0.551s] Level 1:colcon.colcon_core.shell:create_environment_hook('game_controller', 'cmake_prefix_path')
[0.551s] INFO:colcon.colcon_core.shell:Creating environment hook '/workspace/hsl-player/install/game_controller/share/game_controller/hook/cmake_prefix_path.ps1'
[0.551s] INFO:colcon.colcon_core.shell:Creating environment descriptor '/workspace/hsl-player/install/game_controller/share/game_controller/hook/cmake_prefix_path.dsv'
[0.551s] INFO:colcon.colcon_core.shell:Creating environment hook '/workspace/hsl-player/install/game_controller/share/game_controller/hook/cmake_prefix_path.sh'
[0.552s] Level 1:colcon.colcon_core.environment:checking '/workspace/hsl-player/install/game_controller/lib'
[0.552s] Level 1:colcon.colcon_core.environment:checking '/workspace/hsl-player/install/game_controller/bin'
[0.552s] Level 1:colcon.colcon_core.environment:checking '/workspace/hsl-player/install/game_controller/lib/pkgconfig/game_controller.pc'
[0.552s] Level 1:colcon.colcon_core.environment:checking '/workspace/hsl-player/install/game_controller/lib/python3.10/site-packages'
[0.553s] Level 1:colcon.colcon_core.environment:checking '/workspace/hsl-player/install/game_controller/bin'
[0.553s] INFO:colcon.colcon_core.shell:Creating package script '/workspace/hsl-player/install/game_controller/share/game_controller/package.ps1'
[0.553s] INFO:colcon.colcon_core.shell:Creating package descriptor '/workspace/hsl-player/install/game_controller/share/game_controller/package.dsv'
[0.554s] INFO:colcon.colcon_core.shell:Creating package script '/workspace/hsl-player/install/game_controller/share/game_controller/package.sh'
[0.554s] INFO:colcon.colcon_core.shell:Creating package script '/workspace/hsl-player/install/game_controller/share/game_controller/package.bash'
[0.554s] INFO:colcon.colcon_core.shell:Creating package script '/workspace/hsl-player/install/game_controller/share/game_controller/package.zsh'
[0.555s] Level 1:colcon.colcon_core.environment:create_file_with_runtime_dependencies(/workspace/hsl-player/install/game_controller/share/colcon-core/packages/game_controller)
[0.556s] Level 1:colcon.colcon_core.environment:create_environment_scripts_only(game_controller)
[0.556s] Level 1:colcon.colcon_core.environment:checking '/workspace/hsl-player/install/game_controller' for CMake module files
[0.557s] Level 1:colcon.colcon_core.environment:checking '/workspace/hsl-player/install/game_controller' for CMake config files
[0.557s] Level 1:colcon.colcon_core.shell:create_environment_hook('game_controller', 'cmake_prefix_path')
[0.557s] INFO:colcon.colcon_core.shell:Creating environment hook '/workspace/hsl-player/install/game_controller/share/game_controller/hook/cmake_prefix_path.ps1'
[0.558s] INFO:colcon.colcon_core.shell:Creating environment descriptor '/workspace/hsl-player/install/game_controller/share/game_controller/hook/cmake_prefix_path.dsv'
[0.558s] INFO:colcon.colcon_core.shell:Creating environment hook '/workspace/hsl-player/install/game_controller/share/game_controller/hook/cmake_prefix_path.sh'
[0.558s] Level 1:colcon.colcon_core.environment:checking '/workspace/hsl-player/install/game_controller/lib'
[0.558s] Level 1:colcon.colcon_core.environment:checking '/workspace/hsl-player/install/game_controller/bin'
[0.558s] Level 1:colcon.colcon_core.environment:checking '/workspace/hsl-player/install/game_controller/lib/pkgconfig/game_controller.pc'
[0.559s] Level 1:colcon.colcon_core.environment:checking '/workspace/hsl-player/install/game_controller/lib/python3.10/site-packages'
[0.559s] Level 1:colcon.colcon_core.environment:checking '/workspace/hsl-player/install/game_controller/bin'
[0.559s] INFO:colcon.colcon_core.shell:Creating package script '/workspace/hsl-player/install/game_controller/share/game_controller/package.ps1'
[0.560s] INFO:colcon.colcon_core.shell:Creating package descriptor '/workspace/hsl-player/install/game_controller/share/game_controller/package.dsv'
[0.560s] INFO:colcon.colcon_core.shell:Creating package script '/workspace/hsl-player/install/game_controller/share/game_controller/package.sh'
[0.561s] INFO:colcon.colcon_core.shell:Creating package script '/workspace/hsl-player/install/game_controller/share/game_controller/package.bash'
[0.561s] INFO:colcon.colcon_core.shell:Creating package script '/workspace/hsl-player/install/game_controller/share/game_controller/package.zsh'
[0.561s] Level 1:colcon.colcon_core.environment:create_file_with_runtime_dependencies(/workspace/hsl-player/install/game_controller/share/colcon-core/packages/game_controller)
[0.620s] DEBUG:colcon.colcon_core.event_handler.log_command:Invoking command in '/workspace/hsl-player/build/sound_play': PS1=\[\e]0;\u@\h: \w\a\]${debian_chroot:+($debian_chroot)}\u@\h:\w\$ PYTHONPATH=/workspace/hsl-player/build/sound_play/prefix_override:/usr/lib/python3/dist-packages/colcon_core/task/python/colcon_distutils_commands:/workspace/hsl-player/install/sound_play/lib/python3.10/site-packages:${PYTHONPATH} /usr/bin/python3 -W ignore:setup.py install is deprecated -W ignore:easy_install command is deprecated setup.py develop --editable --build-directory /workspace/hsl-player/build/sound_play/build --no-deps symlink_data
[0.904s] Level 1:colcon.colcon_core.shell:create_environment_hook('sound_play', 'pythonpath_develop')
[0.904s] INFO:colcon.colcon_core.shell:Creating environment hook '/workspace/hsl-player/build/sound_play/share/sound_play/hook/pythonpath_develop.ps1'
[0.905s] DEBUG:colcon.colcon_core.event_handler.log_command:Invoked command in '/workspace/hsl-player/build/sound_play' returned '0': PS1=\[\e]0;\u@\h: \w\a\]${debian_chroot:+($debian_chroot)}\u@\h:\w\$ PYTHONPATH=/workspace/hsl-player/build/sound_play/prefix_override:/usr/lib/python3/dist-packages/colcon_core/task/python/colcon_distutils_commands:/workspace/hsl-player/install/sound_play/lib/python3.10/site-packages:${PYTHONPATH} /usr/bin/python3 -W ignore:setup.py install is deprecated -W ignore:easy_install command is deprecated setup.py develop --editable --build-directory /workspace/hsl-player/build/sound_play/build --no-deps symlink_data
[0.905s] INFO:colcon.colcon_core.shell:Creating environment descriptor '/workspace/hsl-player/build/sound_play/share/sound_play/hook/pythonpath_develop.dsv'
[0.906s] INFO:colcon.colcon_core.shell:Creating environment hook '/workspace/hsl-player/build/sound_play/share/sound_play/hook/pythonpath_develop.sh'
[0.906s] Level 1:colcon.colcon_core.environment:checking '/workspace/hsl-player/install/sound_play' for CMake module files
[0.906s] Level 1:colcon.colcon_core.environment:checking '/workspace/hsl-player/install/sound_play' for CMake config files
[0.907s] Level 1:colcon.colcon_core.environment:checking '/workspace/hsl-player/install/sound_play/lib'
[0.907s] Level 1:colcon.colcon_core.environment:checking '/workspace/hsl-player/install/sound_play/bin'
[0.907s] Level 1:colcon.colcon_core.environment:checking '/workspace/hsl-player/install/sound_play/lib/pkgconfig/sound_play.pc'
[0.907s] Level 1:colcon.colcon_core.environment:checking '/workspace/hsl-player/install/sound_play/lib/python3.10/site-packages'
[0.908s] Level 1:colcon.colcon_core.shell:create_environment_hook('sound_play', 'pythonpath')
[0.908s] INFO:colcon.colcon_core.shell:Creating environment hook '/workspace/hsl-player/install/sound_play/share/sound_play/hook/pythonpath.ps1'
[0.908s] INFO:colcon.colcon_core.shell:Creating environment descriptor '/workspace/hsl-player/install/sound_play/share/sound_play/hook/pythonpath.dsv'
[0.908s] INFO:colcon.colcon_core.shell:Creating environment hook '/workspace/hsl-player/install/sound_play/share/sound_play/hook/pythonpath.sh'
[0.909s] Level 1:colcon.colcon_core.environment:checking '/workspace/hsl-player/install/sound_play/bin'
[0.909s] Level 1:colcon.colcon_core.environment:create_environment_scripts_only(sound_play)
[0.909s] INFO:colcon.colcon_core.shell:Creating package script '/workspace/hsl-player/install/sound_play/share/sound_play/package.ps1'
[0.910s] INFO:colcon.colcon_core.shell:Creating package descriptor '/workspace/hsl-player/install/sound_play/share/sound_play/package.dsv'
[0.910s] INFO:colcon.colcon_core.shell:Creating package script '/workspace/hsl-player/install/sound_play/share/sound_play/package.sh'
[0.910s] INFO:colcon.colcon_core.shell:Creating package script '/workspace/hsl-player/install/sound_play/share/sound_play/package.bash'
[0.911s] INFO:colcon.colcon_core.shell:Creating package script '/workspace/hsl-player/install/sound_play/share/sound_play/package.zsh'
[0.911s] Level 1:colcon.colcon_core.environment:create_file_with_runtime_dependencies(/workspace/hsl-player/install/sound_play/share/colcon-core/packages/sound_play)
[10.698s] DEBUG:colcon.colcon_core.event_handler.log_command:Invoked command in '/workspace/hsl-player/build/brain' returned '2': CMAKE_PREFIX_PATH=/workspace/hsl-player/install/vision_interface:/workspace/hsl-player/install/game_controller_interface:/workspace/hsl-player/install/booster_msgs:/workspace/hsl-player/install/booster_interface:/workspace/hsl-player/install/game_controller:/workspace/hsl-player/install/sound_play:/opt/ros/humble PS1=\[\e]0;\u@\h: \w\a\]${debian_chroot:+($debian_chroot)}\u@\h:\w\$ /usr/bin/cmake --build /workspace/hsl-player/build/brain -- -j20 -l20
[10.699s] Level 1:colcon.colcon_core.environment:create_environment_scripts_only(brain)
[10.699s] Level 1:colcon.colcon_core.environment:checking '/workspace/hsl-player/install/brain' for CMake module files
[10.699s] Level 1:colcon.colcon_core.environment:checking '/workspace/hsl-player/install/brain' for CMake config files
[10.700s] Level 1:colcon.colcon_core.environment:checking '/workspace/hsl-player/install/brain/bin'
[10.700s] Level 1:colcon.colcon_core.environment:checking '/workspace/hsl-player/install/brain/lib/pkgconfig/brain.pc'
[10.700s] Level 1:colcon.colcon_core.environment:checking '/workspace/hsl-player/install/brain/lib/python3.10/site-packages'
[10.700s] Level 1:colcon.colcon_core.environment:checking '/workspace/hsl-player/install/brain/bin'
[10.700s] INFO:colcon.colcon_core.shell:Creating package script '/workspace/hsl-player/install/brain/share/brain/package.ps1'
[10.701s] INFO:colcon.colcon_core.shell:Creating package descriptor '/workspace/hsl-player/install/brain/share/brain/package.dsv'
[10.701s] INFO:colcon.colcon_core.shell:Creating package script '/workspace/hsl-player/install/brain/share/brain/package.sh'
[10.701s] INFO:colcon.colcon_core.shell:Creating package script '/workspace/hsl-player/install/brain/share/brain/package.bash'
[10.702s] INFO:colcon.colcon_core.shell:Creating package script '/workspace/hsl-player/install/brain/share/brain/package.zsh'
[10.702s] Level 1:colcon.colcon_core.environment:create_file_with_runtime_dependencies(/workspace/hsl-player/install/brain/share/colcon-core/packages/brain)
[10.712s] DEBUG:colcon.colcon_parallel_executor.executor.parallel:closing loop
[10.712s] DEBUG:colcon.colcon_parallel_executor.executor.parallel:loop closed
[10.712s] DEBUG:colcon.colcon_parallel_executor.executor.parallel:run_until_complete finished with '2'
[10.712s] DEBUG:colcon.colcon_core.event_reactor:joining thread
[10.718s] INFO:colcon.colcon_core.plugin_system:Skipping extension 'colcon_notification.desktop_notification.notify_send': Could not find 'notify-send'
[10.718s] INFO:colcon.colcon_core.plugin_system:Skipping extension 'colcon_notification.desktop_notification.terminal_notifier': Not used on non-Darwin systems
[10.718s] INFO:colcon.colcon_core.plugin_system:Skipping extension 'colcon_notification.desktop_notification.win32': Not used on non-Windows systems
[10.718s] INFO:colcon.colcon_notification.desktop_notification:Sending desktop notification using 'notify2'
[10.721s] DEBUG:colcon.colcon_notification.desktop_notification.notify2:Failed to initialize notify2: org.freedesktop.DBus.Error.Spawn.ExecFailed: /usr/bin/dbus-launch terminated abnormally without any error message
[10.721s] DEBUG:colcon.colcon_core.event_reactor:joined thread
[10.722s] INFO:colcon.colcon_core.shell:Creating prefix script '/workspace/hsl-player/install/local_setup.ps1'
[10.723s] INFO:colcon.colcon_core.shell:Creating prefix util module '/workspace/hsl-player/install/_local_setup_util_ps1.py'
[10.724s] INFO:colcon.colcon_core.shell:Creating prefix chain script '/workspace/hsl-player/install/setup.ps1'
[10.726s] INFO:colcon.colcon_core.shell:Creating prefix script '/workspace/hsl-player/install/local_setup.sh'
[10.726s] INFO:colcon.colcon_core.shell:Creating prefix util module '/workspace/hsl-player/install/_local_setup_util_sh.py'
[10.727s] INFO:colcon.colcon_core.shell:Creating prefix chain script '/workspace/hsl-player/install/setup.sh'
[10.728s] INFO:colcon.colcon_core.shell:Creating prefix script '/workspace/hsl-player/install/local_setup.bash'
[10.728s] INFO:colcon.colcon_core.shell:Creating prefix chain script '/workspace/hsl-player/install/setup.bash'
[10.729s] INFO:colcon.colcon_core.shell:Creating prefix script '/workspace/hsl-player/install/local_setup.zsh'
[10.729s] INFO:colcon.colcon_core.shell:Creating prefix chain script '/workspace/hsl-player/install/setup.zsh'
