[0.010s] Invoking command in '/workspace/hsl-player/build/booster_interface': CMAKE_PREFIX_PATH=/opt/ros/humble PS1=\[\e]0;\u@\h: \w\a\]${debian_chroot:+($debian_chroot)}\u@\h:\w\$ /usr/bin/cmake /workspace/hsl-player/src/booster_ros2_interface -Drerun_sdk_DIR=/opt/rerun_sdk -DAMENT_CMAKE_SYMLINK_INSTALL=1 -DCMAKE_INSTALL_PREFIX=/workspace/hsl-player/install/booster_interface
[0.019s] -- Found ament_cmake: 1.3.14 (/opt/ros/humble/share/ament_cmake/cmake)
[0.074s] -- Override CMake install command with custom implementation using symlinks instead of copying resources
[0.077s] -- Found rclcpp: 16.0.19 (/opt/ros/humble/share/rclcpp/cmake)
[0.091s] -- Found rosidl_generator_c: 3.1.8 (/opt/ros/humble/share/rosidl_generator_c/cmake)
[0.092s] -- Found rosidl_adapter: 3.1.8 (/opt/ros/humble/share/rosidl_adapter/cmake)
[0.095s] -- Found rosidl_generator_cpp: 3.1.8 (/opt/ros/humble/share/rosidl_generator_cpp/cmake)
[0.100s] -- Using all available rosidl_typesupport_c: rosidl_typesupport_fastrtps_c;rosidl_typesupport_introspection_c
[0.106s] -- Using all available rosidl_typesupport_cpp: rosidl_typesupport_fastrtps_cpp;rosidl_typesupport_introspection_cpp
[0.121s] -- Found rmw_implementation_cmake: 6.1.2 (/opt/ros/humble/share/rmw_implementation_cmake/cmake)
[0.122s] -- Found rmw_fastrtps_cpp: 6.2.10 (/opt/ros/humble/share/rmw_fastrtps_cpp/cmake)
[0.186s] -- Using RMW implementation 'rmw_fastrtps_cpp' as default
[0.209s] -- Found rosidl_default_generators: 1.2.1 (/opt/ros/humble/share/rosidl_default_generators/cmake)
[0.391s] -- Found ament_cmake_ros: 0.10.0 (/opt/ros/humble/share/ament_cmake_ros/cmake)
[0.598s] -- Using all available rosidl_typesupport_c: rosidl_typesupport_fastrtps_c;rosidl_typesupport_introspection_c
[0.670s] -- Using all available rosidl_typesupport_cpp: rosidl_typesupport_fastrtps_cpp;rosidl_typesupport_introspection_cpp
[0.681s] -- Found python_cmake_module: 0.10.0 (/opt/ros/humble/share/python_cmake_module/cmake)
[0.692s] -- Using PYTHON_EXECUTABLE: /usr/bin/python3
[0.692s] -- Using PYTHON_INCLUDE_DIRS: /usr/include/python3.10
[0.693s] -- Using PYTHON_LIBRARIES: /usr/lib/x86_64-linux-gnu/libpython3.10.so
[0.771s] -- Configuring done
[0.804s] -- Generating done
[0.805s] [33mCMake Warning:
[0.805s]   Manually-specified variables were not used by the project:
[0.805s] 
[0.806s]     rerun_sdk_DIR
[0.806s] 
[0.806s] [0m
[0.812s] -- Build files have been written to: /workspace/hsl-player/build/booster_interface
[0.818s] Invoked command in '/workspace/hsl-player/build/booster_interface' returned '0': CMAKE_PREFIX_PATH=/opt/ros/humble PS1=\[\e]0;\u@\h: \w\a\]${debian_chroot:+($debian_chroot)}\u@\h:\w\$ /usr/bin/cmake /workspace/hsl-player/src/booster_ros2_interface -Drerun_sdk_DIR=/opt/rerun_sdk -DAMENT_CMAKE_SYMLINK_INSTALL=1 -DCMAKE_INSTALL_PREFIX=/workspace/hsl-player/install/booster_interface
[0.818s] Invoking command in '/workspace/hsl-player/build/booster_interface': CMAKE_PREFIX_PATH=/opt/ros/humble PS1=\[\e]0;\u@\h: \w\a\]${debian_chroot:+($debian_chroot)}\u@\h:\w\$ /usr/bin/cmake --build /workspace/hsl-player/build/booster_interface -- -j20 -l20
[0.845s] [35m[1mConsolidate compiler generated dependencies of target booster_interface__rosidl_generator_c[0m
[0.848s] [  1%] Built target booster_interface__rs
[0.849s] [  1%] Built target booster_interface__cpp
[0.854s] [  4%] Built target ament_cmake_python_symlink_booster_interface
[0.854s] [ 13%] Built target booster_interface__rosidl_generator_c
[0.856s] [35m[1mConsolidate compiler generated dependencies of target booster_interface__rosidl_typesupport_introspection_cpp[0m
[0.857s] [35m[1mConsolidate compiler generated dependencies of target booster_interface__rosidl_typesupport_cpp[0m
[0.858s] [35m[1mConsolidate compiler generated dependencies of target booster_interface__rosidl_typesupport_fastrtps_cpp[0m
[0.863s] [35m[1mConsolidate compiler generated dependencies of target booster_interface__rosidl_typesupport_c[0m
[0.863s] [35m[1mConsolidate compiler generated dependencies of target booster_interface__rosidl_typesupport_introspection_c[0m
[0.865s] [35m[1mConsolidate compiler generated dependencies of target booster_interface__rosidl_typesupport_fastrtps_c[0m
[0.866s] [ 25%] Built target booster_interface__rosidl_typesupport_introspection_cpp
[0.870s] [ 48%] Built target booster_interface__rosidl_typesupport_c
[0.870s] [ 49%] Built target booster_interface__rosidl_typesupport_fastrtps_cpp
[0.874s] [ 64%] Built target booster_interface__rosidl_typesupport_cpp
[0.874s] [ 73%] Built target booster_interface__rosidl_typesupport_introspection_c
[0.881s] [ 85%] Built target booster_interface__rosidl_typesupport_fastrtps_c
[0.892s] [ 85%] Built target booster_interface
[0.907s] [ 86%] Built target booster_interface__py
[0.914s] [35m[1mConsolidate compiler generated dependencies of target booster_interface__rosidl_generator_py[0m
[0.928s] [ 97%] Built target booster_interface__rosidl_generator_py
[0.932s] [35m[1mConsolidate compiler generated dependencies of target booster_interface__rosidl_typesupport_introspection_c__pyext[0m
[0.932s] [35m[1mConsolidate compiler generated dependencies of target booster_interface__rosidl_typesupport_c__pyext[0m
[0.934s] [35m[1mConsolidate compiler generated dependencies of target booster_interface__rosidl_typesupport_fastrtps_c__pyext[0m
[0.938s] [ 99%] Built target booster_interface__rosidl_typesupport_introspection_c__pyext
[0.939s] [ 99%] Built target booster_interface__rosidl_typesupport_c__pyext
[0.942s] [100%] Built target booster_interface__rosidl_typesupport_fastrtps_c__pyext
[0.991s] running egg_info
[0.991s] writing booster_interface.egg-info/PKG-INFO
[0.991s] writing dependency_links to booster_interface.egg-info/dependency_links.txt
[0.991s] writing top-level names to booster_interface.egg-info/top_level.txt
[0.992s] reading manifest file 'booster_interface.egg-info/SOURCES.txt'
[0.993s] writing manifest file 'booster_interface.egg-info/SOURCES.txt'
[1.012s] [100%] Built target ament_cmake_python_build_booster_interface_egg
[1.017s] Invoked command in '/workspace/hsl-player/build/booster_interface' returned '0': CMAKE_PREFIX_PATH=/opt/ros/humble PS1=\[\e]0;\u@\h: \w\a\]${debian_chroot:+($debian_chroot)}\u@\h:\w\$ /usr/bin/cmake --build /workspace/hsl-player/build/booster_interface -- -j20 -l20
[1.018s] Invoking command in '/workspace/hsl-player/build/booster_interface': CMAKE_PREFIX_PATH=/opt/ros/humble PS1=\[\e]0;\u@\h: \w\a\]${debian_chroot:+($debian_chroot)}\u@\h:\w\$ /usr/bin/cmake --install /workspace/hsl-player/build/booster_interface
[1.024s] -- Install configuration: ""
[1.024s] -- Execute custom install script
[1.024s] -- Up-to-date symlink: /workspace/hsl-player/install/booster_interface/share/ament_index/resource_index/rosidl_interfaces/booster_interface
[1.025s] -- Up-to-date symlink: /workspace/hsl-player/install/booster_interface/include/booster_interface/booster_interface/msg/booster_api_req_msg.h
[1.025s] -- Up-to-date symlink: /workspace/hsl-player/install/booster_interface/include/booster_interface/booster_interface/msg/booster_api_resp_msg.h
[1.026s] -- Up-to-date symlink: /workspace/hsl-player/install/booster_interface/include/booster_interface/booster_interface/msg/button_event_msg.h
[1.026s] -- Up-to-date symlink: /workspace/hsl-player/install/booster_interface/include/booster_interface/booster_interface/msg/detail/booster_api_req_msg__functions.h
[1.026s] -- Up-to-date symlink: /workspace/hsl-player/install/booster_interface/include/booster_interface/booster_interface/msg/detail/booster_api_req_msg__struct.h
[1.026s] -- Up-to-date symlink: /workspace/hsl-player/install/booster_interface/include/booster_interface/booster_interface/msg/detail/booster_api_req_msg__type_support.h
[1.026s] -- Up-to-date symlink: /workspace/hsl-player/install/booster_interface/include/booster_interface/booster_interface/msg/detail/booster_api_resp_msg__functions.h
[1.026s] -- Up-to-date symlink: /workspace/hsl-player/install/booster_interface/include/booster_interface/booster_interface/msg/detail/booster_api_resp_msg__struct.h
[1.026s] -- Up-to-date symlink: /workspace/hsl-player/install/booster_interface/include/booster_interface/booster_interface/msg/detail/booster_api_resp_msg__type_support.h
[1.026s] -- Up-to-date symlink: /workspace/hsl-player/install/booster_interface/include/booster_interface/booster_interface/msg/detail/button_event_msg__functions.h
[1.026s] -- Up-to-date symlink: /workspace/hsl-player/install/booster_interface/include/booster_interface/booster_interface/msg/detail/button_event_msg__struct.h
[1.026s] -- Up-to-date symlink: /workspace/hsl-player/install/booster_interface/include/booster_interface/booster_interface/msg/detail/button_event_msg__type_support.h
[1.027s] -- Up-to-date symlink: /workspace/hsl-player/install/booster_interface/include/booster_interface/booster_interface/msg/detail/fall_down_state__functions.h
[1.027s] -- Up-to-date symlink: /workspace/hsl-player/install/booster_interface/include/booster_interface/booster_interface/msg/detail/fall_down_state__struct.h
[1.027s] -- Up-to-date symlink: /workspace/hsl-player/install/booster_interface/include/booster_interface/booster_interface/msg/detail/fall_down_state__type_support.h
[1.027s] -- Up-to-date symlink: /workspace/hsl-player/install/booster_interface/include/booster_interface/booster_interface/msg/detail/hand_command__functions.h
[1.027s] -- Up-to-date symlink: /workspace/hsl-player/install/booster_interface/include/booster_interface/booster_interface/msg/detail/hand_command__struct.h
[1.027s] -- Up-to-date symlink: /workspace/hsl-player/install/booster_interface/include/booster_interface/booster_interface/msg/detail/hand_command__type_support.h
[1.027s] -- Up-to-date symlink: /workspace/hsl-player/install/booster_interface/include/booster_interface/booster_interface/msg/detail/hand_dds_msg__functions.h
[1.027s] -- Up-to-date symlink: /workspace/hsl-player/install/booster_interface/include/booster_interface/booster_interface/msg/detail/hand_dds_msg__struct.h
[1.027s] -- Up-to-date symlink: /workspace/hsl-player/install/booster_interface/include/booster_interface/booster_interface/msg/detail/hand_dds_msg__type_support.h
[1.027s] -- Up-to-date symlink: /workspace/hsl-player/install/booster_interface/include/booster_interface/booster_interface/msg/detail/hand_param__functions.h
[1.027s] -- Up-to-date symlink: /workspace/hsl-player/install/booster_interface/include/booster_interface/booster_interface/msg/detail/hand_param__struct.h
[1.027s] -- Up-to-date symlink: /workspace/hsl-player/install/booster_interface/include/booster_interface/booster_interface/msg/detail/hand_param__type_support.h
[1.028s] -- Up-to-date symlink: /workspace/hsl-player/install/booster_interface/include/booster_interface/booster_interface/msg/detail/imu_state__functions.h
[1.028s] -- Up-to-date symlink: /workspace/hsl-player/install/booster_interface/include/booster_interface/booster_interface/msg/detail/imu_state__struct.h
[1.028s] -- Up-to-date symlink: /workspace/hsl-player/install/booster_interface/include/booster_interface/booster_interface/msg/detail/imu_state__type_support.h
[1.028s] -- Up-to-date symlink: /workspace/hsl-player/install/booster_interface/include/booster_interface/booster_interface/msg/detail/low_cmd__functions.h
[1.028s] -- Up-to-date symlink: /workspace/hsl-player/install/booster_interface/include/booster_interface/booster_interface/msg/detail/low_cmd__struct.h
[1.028s] -- Up-to-date symlink: /workspace/hsl-player/install/booster_interface/include/booster_interface/booster_interface/msg/detail/low_cmd__type_support.h
[1.028s] -- Up-to-date symlink: /workspace/hsl-player/install/booster_interface/include/booster_interface/booster_interface/msg/detail/low_state__functions.h
[1.028s] -- Up-to-date symlink: /workspace/hsl-player/install/booster_interface/include/booster_interface/booster_interface/msg/detail/low_state__struct.h
[1.028s] -- Up-to-date symlink: /workspace/hsl-player/install/booster_interface/include/booster_interface/booster_interface/msg/detail/low_state__type_support.h
[1.028s] -- Up-to-date symlink: /workspace/hsl-player/install/booster_interface/include/booster_interface/booster_interface/msg/detail/motor_cmd__functions.h
[1.028s] -- Up-to-date symlink: /workspace/hsl-player/install/booster_interface/include/booster_interface/booster_interface/msg/detail/motor_cmd__struct.h
[1.028s] -- Up-to-date symlink: /workspace/hsl-player/install/booster_interface/include/booster_interface/booster_interface/msg/detail/motor_cmd__type_support.h
[1.029s] -- Up-to-date symlink: /workspace/hsl-player/install/booster_interface/include/booster_interface/booster_interface/msg/detail/motor_state__functions.h
[1.029s] -- Up-to-date symlink: /workspace/hsl-player/install/booster_interface/include/booster_interface/booster_interface/msg/detail/motor_state__struct.h
[1.029s] -- Up-to-date symlink: /workspace/hsl-player/install/booster_interface/include/booster_interface/booster_interface/msg/detail/motor_state__type_support.h
[1.029s] -- Up-to-date symlink: /workspace/hsl-player/install/booster_interface/include/booster_interface/booster_interface/msg/detail/odometer__functions.h
[1.029s] -- Up-to-date symlink: /workspace/hsl-player/install/booster_interface/include/booster_interface/booster_interface/msg/detail/odometer__struct.h
[1.029s] -- Up-to-date symlink: /workspace/hsl-player/install/booster_interface/include/booster_interface/booster_interface/msg/detail/odometer__type_support.h
[1.029s] -- Up-to-date symlink: /workspace/hsl-player/install/booster_interface/include/booster_interface/booster_interface/msg/detail/raw_bytes_msg__functions.h
[1.029s] -- Up-to-date symlink: /workspace/hsl-player/install/booster_interface/include/booster_interface/booster_interface/msg/detail/raw_bytes_msg__struct.h
[1.029s] -- Up-to-date symlink: /workspace/hsl-player/install/booster_interface/include/booster_interface/booster_interface/msg/detail/raw_bytes_msg__type_support.h
[1.029s] -- Up-to-date symlink: /workspace/hsl-player/install/booster_interface/include/booster_interface/booster_interface/msg/detail/raw_bytes_stamped__functions.h
[1.029s] -- Up-to-date symlink: /workspace/hsl-player/install/booster_interface/include/booster_interface/booster_interface/msg/detail/raw_bytes_stamped__struct.h
[1.029s] -- Up-to-date symlink: /workspace/hsl-player/install/booster_interface/include/booster_interface/booster_interface/msg/detail/raw_bytes_stamped__type_support.h
[1.030s] -- Up-to-date symlink: /workspace/hsl-player/install/booster_interface/include/booster_interface/booster_interface/msg/detail/remote_controller_state__functions.h
[1.030s] -- Up-to-date symlink: /workspace/hsl-player/install/booster_interface/include/booster_interface/booster_interface/msg/detail/remote_controller_state__struct.h
[1.030s] -- Up-to-date symlink: /workspace/hsl-player/install/booster_interface/include/booster_interface/booster_interface/msg/detail/remote_controller_state__type_support.h
[1.030s] -- Up-to-date symlink: /workspace/hsl-player/install/booster_interface/include/booster_interface/booster_interface/msg/fall_down_state.h
[1.030s] -- Up-to-date symlink: /workspace/hsl-player/install/booster_interface/include/booster_interface/booster_interface/msg/hand_command.h
[1.030s] -- Up-to-date symlink: /workspace/hsl-player/install/booster_interface/include/booster_interface/booster_interface/msg/hand_dds_msg.h
[1.030s] -- Up-to-date symlink: /workspace/hsl-player/install/booster_interface/include/booster_interface/booster_interface/msg/hand_param.h
[1.030s] -- Up-to-date symlink: /workspace/hsl-player/install/booster_interface/include/booster_interface/booster_interface/msg/imu_state.h
[1.030s] -- Up-to-date symlink: /workspace/hsl-player/install/booster_interface/include/booster_interface/booster_interface/msg/low_cmd.h
[1.030s] -- Up-to-date symlink: /workspace/hsl-player/install/booster_interface/include/booster_interface/booster_interface/msg/low_state.h
[1.030s] -- Up-to-date symlink: /workspace/hsl-player/install/booster_interface/include/booster_interface/booster_interface/msg/motor_cmd.h
[1.030s] -- Up-to-date symlink: /workspace/hsl-player/install/booster_interface/include/booster_interface/booster_interface/msg/motor_state.h
[1.030s] -- Up-to-date symlink: /workspace/hsl-player/install/booster_interface/include/booster_interface/booster_interface/msg/odometer.h
[1.031s] -- Up-to-date symlink: /workspace/hsl-player/install/booster_interface/include/booster_interface/booster_interface/msg/raw_bytes_msg.h
[1.031s] -- Up-to-date symlink: /workspace/hsl-player/install/booster_interface/include/booster_interface/booster_interface/msg/raw_bytes_stamped.h
[1.031s] -- Up-to-date symlink: /workspace/hsl-player/install/booster_interface/include/booster_interface/booster_interface/msg/remote_controller_state.h
[1.031s] -- Up-to-date symlink: /workspace/hsl-player/install/booster_interface/include/booster_interface/booster_interface/msg/rosidl_generator_c__visibility_control.h
[1.031s] -- Up-to-date symlink: /workspace/hsl-player/install/booster_interface/include/booster_interface/booster_interface/srv/agent_service.h
[1.031s] -- Up-to-date symlink: /workspace/hsl-player/install/booster_interface/include/booster_interface/booster_interface/srv/detail/agent_service__functions.h
[1.031s] -- Up-to-date symlink: /workspace/hsl-player/install/booster_interface/include/booster_interface/booster_interface/srv/detail/agent_service__struct.h
[1.031s] -- Up-to-date symlink: /workspace/hsl-player/install/booster_interface/include/booster_interface/booster_interface/srv/detail/agent_service__type_support.h
[1.031s] -- Up-to-date symlink: /workspace/hsl-player/install/booster_interface/include/booster_interface/booster_interface/srv/detail/rpc_service__functions.h
[1.031s] -- Up-to-date symlink: /workspace/hsl-player/install/booster_interface/include/booster_interface/booster_interface/srv/detail/rpc_service__struct.h
[1.031s] -- Up-to-date symlink: /workspace/hsl-player/install/booster_interface/include/booster_interface/booster_interface/srv/detail/rpc_service__type_support.h
[1.032s] -- Up-to-date symlink: /workspace/hsl-player/install/booster_interface/include/booster_interface/booster_interface/srv/rpc_service.h
[1.032s] -- Up-to-date symlink: /workspace/hsl-player/install/booster_interface/share/booster_interface/environment/library_path.sh
[1.032s] -- Up-to-date symlink: /workspace/hsl-player/install/booster_interface/share/booster_interface/environment/library_path.dsv
[1.033s] -- Up-to-date symlink: /workspace/hsl-player/install/booster_interface/include/booster_interface/booster_interface/msg/detail/booster_api_req_msg__rosidl_typesupport_fastrtps_c.h
[1.033s] -- Up-to-date symlink: /workspace/hsl-player/install/booster_interface/include/booster_interface/booster_interface/msg/detail/booster_api_resp_msg__rosidl_typesupport_fastrtps_c.h
[1.033s] -- Up-to-date symlink: /workspace/hsl-player/install/booster_interface/include/booster_interface/booster_interface/msg/detail/button_event_msg__rosidl_typesupport_fastrtps_c.h
[1.033s] -- Up-to-date symlink: /workspace/hsl-player/install/booster_interface/include/booster_interface/booster_interface/msg/detail/fall_down_state__rosidl_typesupport_fastrtps_c.h
[1.033s] -- Up-to-date symlink: /workspace/hsl-player/install/booster_interface/include/booster_interface/booster_interface/msg/detail/hand_command__rosidl_typesupport_fastrtps_c.h
[1.033s] -- Up-to-date symlink: /workspace/hsl-player/install/booster_interface/include/booster_interface/booster_interface/msg/detail/hand_dds_msg__rosidl_typesupport_fastrtps_c.h
[1.033s] -- Up-to-date symlink: /workspace/hsl-player/install/booster_interface/include/booster_interface/booster_interface/msg/detail/hand_param__rosidl_typesupport_fastrtps_c.h
[1.033s] -- Up-to-date symlink: /workspace/hsl-player/install/booster_interface/include/booster_interface/booster_interface/msg/detail/imu_state__rosidl_typesupport_fastrtps_c.h
[1.034s] -- Up-to-date symlink: /workspace/hsl-player/install/booster_interface/include/booster_interface/booster_interface/msg/detail/low_cmd__rosidl_typesupport_fastrtps_c.h
[1.034s] -- Up-to-date symlink: /workspace/hsl-player/install/booster_interface/include/booster_interface/booster_interface/msg/detail/low_state__rosidl_typesupport_fastrtps_c.h
[1.034s] -- Up-to-date symlink: /workspace/hsl-player/install/booster_interface/include/booster_interface/booster_interface/msg/detail/motor_cmd__rosidl_typesupport_fastrtps_c.h
[1.034s] -- Up-to-date symlink: /workspace/hsl-player/install/booster_interface/include/booster_interface/booster_interface/msg/detail/motor_state__rosidl_typesupport_fastrtps_c.h
[1.034s] -- Up-to-date symlink: /workspace/hsl-player/install/booster_interface/include/booster_interface/booster_interface/msg/detail/odometer__rosidl_typesupport_fastrtps_c.h
[1.034s] -- Up-to-date symlink: /workspace/hsl-player/install/booster_interface/include/booster_interface/booster_interface/msg/detail/raw_bytes_msg__rosidl_typesupport_fastrtps_c.h
[1.034s] -- Up-to-date symlink: /workspace/hsl-player/install/booster_interface/include/booster_interface/booster_interface/msg/detail/raw_bytes_stamped__rosidl_typesupport_fastrtps_c.h
[1.034s] -- Up-to-date symlink: /workspace/hsl-player/install/booster_interface/include/booster_interface/booster_interface/msg/detail/remote_controller_state__rosidl_typesupport_fastrtps_c.h
[1.034s] -- Up-to-date symlink: /workspace/hsl-player/install/booster_interface/include/booster_interface/booster_interface/msg/rosidl_typesupport_fastrtps_c__visibility_control.h
[1.034s] -- Up-to-date symlink: /workspace/hsl-player/install/booster_interface/include/booster_interface/booster_interface/srv/detail/agent_service__rosidl_typesupport_fastrtps_c.h
[1.034s] -- Up-to-date symlink: /workspace/hsl-player/install/booster_interface/include/booster_interface/booster_interface/srv/detail/rpc_service__rosidl_typesupport_fastrtps_c.h
[1.035s] -- Up-to-date symlink: /workspace/hsl-player/install/booster_interface/include/booster_interface/booster_interface/msg/booster_api_req_msg.hpp
[1.035s] -- Up-to-date symlink: /workspace/hsl-player/install/booster_interface/include/booster_interface/booster_interface/msg/booster_api_resp_msg.hpp
[1.035s] -- Up-to-date symlink: /workspace/hsl-player/install/booster_interface/include/booster_interface/booster_interface/msg/button_event_msg.hpp
[1.035s] -- Up-to-date symlink: /workspace/hsl-player/install/booster_interface/include/booster_interface/booster_interface/msg/detail/booster_api_req_msg__builder.hpp
[1.035s] -- Up-to-date symlink: /workspace/hsl-player/install/booster_interface/include/booster_interface/booster_interface/msg/detail/booster_api_req_msg__struct.hpp
[1.036s] -- Up-to-date symlink: /workspace/hsl-player/install/booster_interface/include/booster_interface/booster_interface/msg/detail/booster_api_req_msg__traits.hpp
[1.036s] -- Up-to-date symlink: /workspace/hsl-player/install/booster_interface/include/booster_interface/booster_interface/msg/detail/booster_api_req_msg__type_support.hpp
[1.036s] -- Up-to-date symlink: /workspace/hsl-player/install/booster_interface/include/booster_interface/booster_interface/msg/detail/booster_api_resp_msg__builder.hpp
[1.036s] -- Up-to-date symlink: /workspace/hsl-player/install/booster_interface/include/booster_interface/booster_interface/msg/detail/booster_api_resp_msg__struct.hpp
[1.036s] -- Up-to-date symlink: /workspace/hsl-player/install/booster_interface/include/booster_interface/booster_interface/msg/detail/booster_api_resp_msg__traits.hpp
[1.036s] -- Up-to-date symlink: /workspace/hsl-player/install/booster_interface/include/booster_interface/booster_interface/msg/detail/booster_api_resp_msg__type_support.hpp
[1.036s] -- Up-to-date symlink: /workspace/hsl-player/install/booster_interface/include/booster_interface/booster_interface/msg/detail/button_event_msg__builder.hpp
[1.036s] -- Up-to-date symlink: /workspace/hsl-player/install/booster_interface/include/booster_interface/booster_interface/msg/detail/button_event_msg__struct.hpp
[1.036s] -- Up-to-date symlink: /workspace/hsl-player/install/booster_interface/include/booster_interface/booster_interface/msg/detail/button_event_msg__traits.hpp
[1.036s] -- Up-to-date symlink: /workspace/hsl-player/install/booster_interface/include/booster_interface/booster_interface/msg/detail/button_event_msg__type_support.hpp
[1.036s] -- Up-to-date symlink: /workspace/hsl-player/install/booster_interface/include/booster_interface/booster_interface/msg/detail/fall_down_state__builder.hpp
[1.036s] -- Up-to-date symlink: /workspace/hsl-player/install/booster_interface/include/booster_interface/booster_interface/msg/detail/fall_down_state__struct.hpp
[1.036s] -- Up-to-date symlink: /workspace/hsl-player/install/booster_interface/include/booster_interface/booster_interface/msg/detail/fall_down_state__traits.hpp
[1.037s] -- Up-to-date symlink: /workspace/hsl-player/install/booster_interface/include/booster_interface/booster_interface/msg/detail/fall_down_state__type_support.hpp
[1.037s] -- Up-to-date symlink: /workspace/hsl-player/install/booster_interface/include/booster_interface/booster_interface/msg/detail/hand_command__builder.hpp
[1.037s] -- Up-to-date symlink: /workspace/hsl-player/install/booster_interface/include/booster_interface/booster_interface/msg/detail/hand_command__struct.hpp
[1.037s] -- Up-to-date symlink: /workspace/hsl-player/install/booster_interface/include/booster_interface/booster_interface/msg/detail/hand_command__traits.hpp
[1.037s] -- Up-to-date symlink: /workspace/hsl-player/install/booster_interface/include/booster_interface/booster_interface/msg/detail/hand_command__type_support.hpp
[1.037s] -- Up-to-date symlink: /workspace/hsl-player/install/booster_interface/include/booster_interface/booster_interface/msg/detail/hand_dds_msg__builder.hpp
[1.037s] -- Up-to-date symlink: /workspace/hsl-player/install/booster_interface/include/booster_interface/booster_interface/msg/detail/hand_dds_msg__struct.hpp
[1.037s] -- Up-to-date symlink: /workspace/hsl-player/install/booster_interface/include/booster_interface/booster_interface/msg/detail/hand_dds_msg__traits.hpp
[1.037s] -- Up-to-date symlink: /workspace/hsl-player/install/booster_interface/include/booster_interface/booster_interface/msg/detail/hand_dds_msg__type_support.hpp
[1.037s] -- Up-to-date symlink: /workspace/hsl-player/install/booster_interface/include/booster_interface/booster_interface/msg/detail/hand_param__builder.hpp
[1.037s] -- Up-to-date symlink: /workspace/hsl-player/install/booster_interface/include/booster_interface/booster_interface/msg/detail/hand_param__struct.hpp
[1.037s] -- Up-to-date symlink: /workspace/hsl-player/install/booster_interface/include/booster_interface/booster_interface/msg/detail/hand_param__traits.hpp
[1.038s] -- Up-to-date symlink: /workspace/hsl-player/install/booster_interface/include/booster_interface/booster_interface/msg/detail/hand_param__type_support.hpp
[1.038s] -- Up-to-date symlink: /workspace/hsl-player/install/booster_interface/include/booster_interface/booster_interface/msg/detail/imu_state__builder.hpp
[1.038s] -- Up-to-date symlink: /workspace/hsl-player/install/booster_interface/include/booster_interface/booster_interface/msg/detail/imu_state__struct.hpp
[1.038s] -- Up-to-date symlink: /workspace/hsl-player/install/booster_interface/include/booster_interface/booster_interface/msg/detail/imu_state__traits.hpp
[1.038s] -- Up-to-date symlink: /workspace/hsl-player/install/booster_interface/include/booster_interface/booster_interface/msg/detail/imu_state__type_support.hpp
[1.038s] -- Up-to-date symlink: /workspace/hsl-player/install/booster_interface/include/booster_interface/booster_interface/msg/detail/low_cmd__builder.hpp
[1.038s] -- Up-to-date symlink: /workspace/hsl-player/install/booster_interface/include/booster_interface/booster_interface/msg/detail/low_cmd__struct.hpp
[1.038s] -- Up-to-date symlink: /workspace/hsl-player/install/booster_interface/include/booster_interface/booster_interface/msg/detail/low_cmd__traits.hpp
[1.038s] -- Up-to-date symlink: /workspace/hsl-player/install/booster_interface/include/booster_interface/booster_interface/msg/detail/low_cmd__type_support.hpp
[1.038s] -- Up-to-date symlink: /workspace/hsl-player/install/booster_interface/include/booster_interface/booster_interface/msg/detail/low_state__builder.hpp
[1.038s] -- Up-to-date symlink: /workspace/hsl-player/install/booster_interface/include/booster_interface/booster_interface/msg/detail/low_state__struct.hpp
[1.038s] -- Up-to-date symlink: /workspace/hsl-player/install/booster_interface/include/booster_interface/booster_interface/msg/detail/low_state__traits.hpp
[1.038s] -- Up-to-date symlink: /workspace/hsl-player/install/booster_interface/include/booster_interface/booster_interface/msg/detail/low_state__type_support.hpp
[1.039s] -- Up-to-date symlink: /workspace/hsl-player/install/booster_interface/include/booster_interface/booster_interface/msg/detail/motor_cmd__builder.hpp
[1.039s] -- Up-to-date symlink: /workspace/hsl-player/install/booster_interface/include/booster_interface/booster_interface/msg/detail/motor_cmd__struct.hpp
[1.039s] -- Up-to-date symlink: /workspace/hsl-player/install/booster_interface/include/booster_interface/booster_interface/msg/detail/motor_cmd__traits.hpp
[1.039s] -- Up-to-date symlink: /workspace/hsl-player/install/booster_interface/include/booster_interface/booster_interface/msg/detail/motor_cmd__type_support.hpp
[1.039s] -- Up-to-date symlink: /workspace/hsl-player/install/booster_interface/include/booster_interface/booster_interface/msg/detail/motor_state__builder.hpp
[1.039s] -- Up-to-date symlink: /workspace/hsl-player/install/booster_interface/include/booster_interface/booster_interface/msg/detail/motor_state__struct.hpp
[1.039s] -- Up-to-date symlink: /workspace/hsl-player/install/booster_interface/include/booster_interface/booster_interface/msg/detail/motor_state__traits.hpp
[1.039s] -- Up-to-date symlink: /workspace/hsl-player/install/booster_interface/include/booster_interface/booster_interface/msg/detail/motor_state__type_support.hpp
[1.039s] -- Up-to-date symlink: /workspace/hsl-player/install/booster_interface/include/booster_interface/booster_interface/msg/detail/odometer__builder.hpp
[1.039s] -- Up-to-date symlink: /workspace/hsl-player/install/booster_interface/include/booster_interface/booster_interface/msg/detail/odometer__struct.hpp
[1.040s] -- Up-to-date symlink: /workspace/hsl-player/install/booster_interface/include/booster_interface/booster_interface/msg/detail/odometer__traits.hpp
[1.040s] -- Up-to-date symlink: /workspace/hsl-player/install/booster_interface/include/booster_interface/booster_interface/msg/detail/odometer__type_support.hpp
[1.040s] -- Up-to-date symlink: /workspace/hsl-player/install/booster_interface/include/booster_interface/booster_interface/msg/detail/raw_bytes_msg__builder.hpp
[1.040s] -- Up-to-date symlink: /workspace/hsl-player/install/booster_interface/include/booster_interface/booster_interface/msg/detail/raw_bytes_msg__struct.hpp
[1.040s] -- Up-to-date symlink: /workspace/hsl-player/install/booster_interface/include/booster_interface/booster_interface/msg/detail/raw_bytes_msg__traits.hpp
[1.040s] -- Up-to-date symlink: /workspace/hsl-player/install/booster_interface/include/booster_interface/booster_interface/msg/detail/raw_bytes_msg__type_support.hpp
[1.040s] -- Up-to-date symlink: /workspace/hsl-player/install/booster_interface/include/booster_interface/booster_interface/msg/detail/raw_bytes_stamped__builder.hpp
[1.040s] -- Up-to-date symlink: /workspace/hsl-player/install/booster_interface/include/booster_interface/booster_interface/msg/detail/raw_bytes_stamped__struct.hpp
[1.040s] -- Up-to-date symlink: /workspace/hsl-player/install/booster_interface/include/booster_interface/booster_interface/msg/detail/raw_bytes_stamped__traits.hpp
[1.040s] -- Up-to-date symlink: /workspace/hsl-player/install/booster_interface/include/booster_interface/booster_interface/msg/detail/raw_bytes_stamped__type_support.hpp
[1.040s] -- Up-to-date symlink: /workspace/hsl-player/install/booster_interface/include/booster_interface/booster_interface/msg/detail/remote_controller_state__builder.hpp
[1.040s] -- Up-to-date symlink: /workspace/hsl-player/install/booster_interface/include/booster_interface/booster_interface/msg/detail/remote_controller_state__struct.hpp
[1.040s] -- Up-to-date symlink: /workspace/hsl-player/install/booster_interface/include/booster_interface/booster_interface/msg/detail/remote_controller_state__traits.hpp
[1.041s] -- Up-to-date symlink: /workspace/hsl-player/install/booster_interface/include/booster_interface/booster_interface/msg/detail/remote_controller_state__type_support.hpp
[1.041s] -- Up-to-date symlink: /workspace/hsl-player/install/booster_interface/include/booster_interface/booster_interface/msg/fall_down_state.hpp
[1.041s] -- Up-to-date symlink: /workspace/hsl-player/install/booster_interface/include/booster_interface/booster_interface/msg/hand_command.hpp
[1.041s] -- Up-to-date symlink: /workspace/hsl-player/install/booster_interface/include/booster_interface/booster_interface/msg/hand_dds_msg.hpp
[1.041s] -- Up-to-date symlink: /workspace/hsl-player/install/booster_interface/include/booster_interface/booster_interface/msg/hand_param.hpp
[1.041s] -- Up-to-date symlink: /workspace/hsl-player/install/booster_interface/include/booster_interface/booster_interface/msg/imu_state.hpp
[1.041s] -- Up-to-date symlink: /workspace/hsl-player/install/booster_interface/include/booster_interface/booster_interface/msg/low_cmd.hpp
[1.041s] -- Up-to-date symlink: /workspace/hsl-player/install/booster_interface/include/booster_interface/booster_interface/msg/low_state.hpp
[1.041s] -- Up-to-date symlink: /workspace/hsl-player/install/booster_interface/include/booster_interface/booster_interface/msg/motor_cmd.hpp
[1.041s] -- Up-to-date symlink: /workspace/hsl-player/install/booster_interface/include/booster_interface/booster_interface/msg/motor_state.hpp
[1.041s] -- Up-to-date symlink: /workspace/hsl-player/install/booster_interface/include/booster_interface/booster_interface/msg/odometer.hpp
[1.041s] -- Up-to-date symlink: /workspace/hsl-player/install/booster_interface/include/booster_interface/booster_interface/msg/raw_bytes_msg.hpp
[1.041s] -- Up-to-date symlink: /workspace/hsl-player/install/booster_interface/include/booster_interface/booster_interface/msg/raw_bytes_stamped.hpp
[1.041s] -- Up-to-date symlink: /workspace/hsl-player/install/booster_interface/include/booster_interface/booster_interface/msg/remote_controller_state.hpp
[1.041s] -- Up-to-date symlink: /workspace/hsl-player/install/booster_interface/include/booster_interface/booster_interface/msg/rosidl_generator_cpp__visibility_control.hpp
[1.041s] -- Up-to-date symlink: /workspace/hsl-player/install/booster_interface/include/booster_interface/booster_interface/srv/agent_service.hpp
[1.042s] -- Up-to-date symlink: /workspace/hsl-player/install/booster_interface/include/booster_interface/booster_interface/srv/detail/agent_service__builder.hpp
[1.042s] -- Up-to-date symlink: /workspace/hsl-player/install/booster_interface/include/booster_interface/booster_interface/srv/detail/agent_service__struct.hpp
[1.042s] -- Up-to-date symlink: /workspace/hsl-player/install/booster_interface/include/booster_interface/booster_interface/srv/detail/agent_service__traits.hpp
[1.042s] -- Up-to-date symlink: /workspace/hsl-player/install/booster_interface/include/booster_interface/booster_interface/srv/detail/agent_service__type_support.hpp
[1.042s] -- Up-to-date symlink: /workspace/hsl-player/install/booster_interface/include/booster_interface/booster_interface/srv/detail/rpc_service__builder.hpp
[1.042s] -- Up-to-date symlink: /workspace/hsl-player/install/booster_interface/include/booster_interface/booster_interface/srv/detail/rpc_service__struct.hpp
[1.042s] -- Up-to-date symlink: /workspace/hsl-player/install/booster_interface/include/booster_interface/booster_interface/srv/detail/rpc_service__traits.hpp
[1.042s] -- Up-to-date symlink: /workspace/hsl-player/install/booster_interface/include/booster_interface/booster_interface/srv/detail/rpc_service__type_support.hpp
[1.042s] -- Up-to-date symlink: /workspace/hsl-player/install/booster_interface/include/booster_interface/booster_interface/srv/rpc_service.hpp
[1.042s] -- Up-to-date symlink: /workspace/hsl-player/install/booster_interface/include/booster_interface/booster_interface/msg/detail/booster_api_req_msg__rosidl_typesupport_fastrtps_cpp.hpp
[1.042s] -- Up-to-date symlink: /workspace/hsl-player/install/booster_interface/include/booster_interface/booster_interface/msg/detail/booster_api_resp_msg__rosidl_typesupport_fastrtps_cpp.hpp
[1.042s] -- Up-to-date symlink: /workspace/hsl-player/install/booster_interface/include/booster_interface/booster_interface/msg/detail/button_event_msg__rosidl_typesupport_fastrtps_cpp.hpp
[1.042s] -- Up-to-date symlink: /workspace/hsl-player/install/booster_interface/include/booster_interface/booster_interface/msg/detail/fall_down_state__rosidl_typesupport_fastrtps_cpp.hpp
[1.042s] -- Up-to-date symlink: /workspace/hsl-player/install/booster_interface/include/booster_interface/booster_interface/msg/detail/hand_command__rosidl_typesupport_fastrtps_cpp.hpp
[1.042s] -- Up-to-date symlink: /workspace/hsl-player/install/booster_interface/include/booster_interface/booster_interface/msg/detail/hand_dds_msg__rosidl_typesupport_fastrtps_cpp.hpp
[1.042s] -- Up-to-date symlink: /workspace/hsl-player/install/booster_interface/include/booster_interface/booster_interface/msg/detail/hand_param__rosidl_typesupport_fastrtps_cpp.hpp
[1.042s] -- Up-to-date symlink: /workspace/hsl-player/install/booster_interface/include/booster_interface/booster_interface/msg/detail/imu_state__rosidl_typesupport_fastrtps_cpp.hpp
[1.042s] -- Up-to-date symlink: /workspace/hsl-player/install/booster_interface/include/booster_interface/booster_interface/msg/detail/low_cmd__rosidl_typesupport_fastrtps_cpp.hpp
[1.042s] -- Up-to-date symlink: /workspace/hsl-player/install/booster_interface/include/booster_interface/booster_interface/msg/detail/low_state__rosidl_typesupport_fastrtps_cpp.hpp
[1.042s] -- Up-to-date symlink: /workspace/hsl-player/install/booster_interface/include/booster_interface/booster_interface/msg/detail/motor_cmd__rosidl_typesupport_fastrtps_cpp.hpp
[1.042s] -- Up-to-date symlink: /workspace/hsl-player/install/booster_interface/include/booster_interface/booster_interface/msg/detail/motor_state__rosidl_typesupport_fastrtps_cpp.hpp
[1.042s] -- Up-to-date symlink: /workspace/hsl-player/install/booster_interface/include/booster_interface/booster_interface/msg/detail/odometer__rosidl_typesupport_fastrtps_cpp.hpp
[1.042s] -- Up-to-date symlink: /workspace/hsl-player/install/booster_interface/include/booster_interface/booster_interface/msg/detail/raw_bytes_msg__rosidl_typesupport_fastrtps_cpp.hpp
[1.042s] -- Up-to-date symlink: /workspace/hsl-player/install/booster_interface/include/booster_interface/booster_interface/msg/detail/raw_bytes_stamped__rosidl_typesupport_fastrtps_cpp.hpp
[1.042s] -- Up-to-date symlink: /workspace/hsl-player/install/booster_interface/include/booster_interface/booster_interface/msg/detail/remote_controller_state__rosidl_typesupport_fastrtps_cpp.hpp
[1.042s] -- Up-to-date symlink: /workspace/hsl-player/install/booster_interface/include/booster_interface/booster_interface/msg/rosidl_typesupport_fastrtps_cpp__visibility_control.h
[1.042s] -- Up-to-date symlink: /workspace/hsl-player/install/booster_interface/include/booster_interface/booster_interface/srv/detail/agent_service__rosidl_typesupport_fastrtps_cpp.hpp
[1.042s] -- Up-to-date symlink: /workspace/hsl-player/install/booster_interface/include/booster_interface/booster_interface/srv/detail/rpc_service__rosidl_typesupport_fastrtps_cpp.hpp
[1.042s] -- Up-to-date symlink: /workspace/hsl-player/install/booster_interface/include/booster_interface/booster_interface/msg/detail/booster_api_req_msg__rosidl_typesupport_introspection_c.h
[1.042s] -- Up-to-date symlink: /workspace/hsl-player/install/booster_interface/include/booster_interface/booster_interface/msg/detail/booster_api_resp_msg__rosidl_typesupport_introspection_c.h
[1.042s] -- Up-to-date symlink: /workspace/hsl-player/install/booster_interface/include/booster_interface/booster_interface/msg/detail/button_event_msg__rosidl_typesupport_introspection_c.h
[1.042s] -- Up-to-date symlink: /workspace/hsl-player/install/booster_interface/include/booster_interface/booster_interface/msg/detail/fall_down_state__rosidl_typesupport_introspection_c.h
[1.042s] -- Up-to-date symlink: /workspace/hsl-player/install/booster_interface/include/booster_interface/booster_interface/msg/detail/hand_command__rosidl_typesupport_introspection_c.h
[1.042s] -- Up-to-date symlink: /workspace/hsl-player/install/booster_interface/include/booster_interface/booster_interface/msg/detail/hand_dds_msg__rosidl_typesupport_introspection_c.h
[1.042s] -- Up-to-date symlink: /workspace/hsl-player/install/booster_interface/include/booster_interface/booster_interface/msg/detail/hand_param__rosidl_typesupport_introspection_c.h
[1.042s] -- Up-to-date symlink: /workspace/hsl-player/install/booster_interface/include/booster_interface/booster_interface/msg/detail/imu_state__rosidl_typesupport_introspection_c.h
[1.043s] -- Up-to-date symlink: /workspace/hsl-player/install/booster_interface/include/booster_interface/booster_interface/msg/detail/low_cmd__rosidl_typesupport_introspection_c.h
[1.043s] -- Up-to-date symlink: /workspace/hsl-player/install/booster_interface/include/booster_interface/booster_interface/msg/detail/low_state__rosidl_typesupport_introspection_c.h
[1.043s] -- Up-to-date symlink: /workspace/hsl-player/install/booster_interface/include/booster_interface/booster_interface/msg/detail/motor_cmd__rosidl_typesupport_introspection_c.h
[1.043s] -- Up-to-date symlink: /workspace/hsl-player/install/booster_interface/include/booster_interface/booster_interface/msg/detail/motor_state__rosidl_typesupport_introspection_c.h
[1.043s] -- Up-to-date symlink: /workspace/hsl-player/install/booster_interface/include/booster_interface/booster_interface/msg/detail/odometer__rosidl_typesupport_introspection_c.h
[1.043s] -- Up-to-date symlink: /workspace/hsl-player/install/booster_interface/include/booster_interface/booster_interface/msg/detail/raw_bytes_msg__rosidl_typesupport_introspection_c.h
[1.043s] -- Up-to-date symlink: /workspace/hsl-player/install/booster_interface/include/booster_interface/booster_interface/msg/detail/raw_bytes_stamped__rosidl_typesupport_introspection_c.h
[1.043s] -- Up-to-date symlink: /workspace/hsl-player/install/booster_interface/include/booster_interface/booster_interface/msg/detail/remote_controller_state__rosidl_typesupport_introspection_c.h
[1.043s] -- Up-to-date symlink: /workspace/hsl-player/install/booster_interface/include/booster_interface/booster_interface/msg/rosidl_typesupport_introspection_c__visibility_control.h
[1.043s] -- Up-to-date symlink: /workspace/hsl-player/install/booster_interface/include/booster_interface/booster_interface/srv/detail/agent_service__rosidl_typesupport_introspection_c.h
[1.043s] -- Up-to-date symlink: /workspace/hsl-player/install/booster_interface/include/booster_interface/booster_interface/srv/detail/rpc_service__rosidl_typesupport_introspection_c.h
[1.043s] -- Up-to-date symlink: /workspace/hsl-player/install/booster_interface/include/booster_interface/booster_interface/msg/detail/booster_api_req_msg__rosidl_typesupport_introspection_cpp.hpp
[1.043s] -- Up-to-date symlink: /workspace/hsl-player/install/booster_interface/include/booster_interface/booster_interface/msg/detail/booster_api_resp_msg__rosidl_typesupport_introspection_cpp.hpp
[1.043s] -- Up-to-date symlink: /workspace/hsl-player/install/booster_interface/include/booster_interface/booster_interface/msg/detail/button_event_msg__rosidl_typesupport_introspection_cpp.hpp
[1.043s] -- Up-to-date symlink: /workspace/hsl-player/install/booster_interface/include/booster_interface/booster_interface/msg/detail/fall_down_state__rosidl_typesupport_introspection_cpp.hpp
[1.043s] -- Up-to-date symlink: /workspace/hsl-player/install/booster_interface/include/booster_interface/booster_interface/msg/detail/hand_command__rosidl_typesupport_introspection_cpp.hpp
[1.043s] -- Up-to-date symlink: /workspace/hsl-player/install/booster_interface/include/booster_interface/booster_interface/msg/detail/hand_dds_msg__rosidl_typesupport_introspection_cpp.hpp
[1.043s] -- Up-to-date symlink: /workspace/hsl-player/install/booster_interface/include/booster_interface/booster_interface/msg/detail/hand_param__rosidl_typesupport_introspection_cpp.hpp
[1.043s] -- Up-to-date symlink: /workspace/hsl-player/install/booster_interface/include/booster_interface/booster_interface/msg/detail/imu_state__rosidl_typesupport_introspection_cpp.hpp
[1.043s] -- Up-to-date symlink: /workspace/hsl-player/install/booster_interface/include/booster_interface/booster_interface/msg/detail/low_cmd__rosidl_typesupport_introspection_cpp.hpp
[1.043s] -- Up-to-date symlink: /workspace/hsl-player/install/booster_interface/include/booster_interface/booster_interface/msg/detail/low_state__rosidl_typesupport_introspection_cpp.hpp
[1.043s] -- Up-to-date symlink: /workspace/hsl-player/install/booster_interface/include/booster_interface/booster_interface/msg/detail/motor_cmd__rosidl_typesupport_introspection_cpp.hpp
[1.043s] -- Up-to-date symlink: /workspace/hsl-player/install/booster_interface/include/booster_interface/booster_interface/msg/detail/motor_state__rosidl_typesupport_introspection_cpp.hpp
[1.044s] -- Up-to-date symlink: /workspace/hsl-player/install/booster_interface/include/booster_interface/booster_interface/msg/detail/odometer__rosidl_typesupport_introspection_cpp.hpp
[1.044s] -- Up-to-date symlink: /workspace/hsl-player/install/booster_interface/include/booster_interface/booster_interface/msg/detail/raw_bytes_msg__rosidl_typesupport_introspection_cpp.hpp
[1.044s] -- Up-to-date symlink: /workspace/hsl-player/install/booster_interface/include/booster_interface/booster_interface/msg/detail/raw_bytes_stamped__rosidl_typesupport_introspection_cpp.hpp
[1.044s] -- Up-to-date symlink: /workspace/hsl-player/install/booster_interface/include/booster_interface/booster_interface/msg/detail/remote_controller_state__rosidl_typesupport_introspection_cpp.hpp
[1.044s] -- Up-to-date symlink: /workspace/hsl-player/install/booster_interface/include/booster_interface/booster_interface/srv/detail/agent_service__rosidl_typesupport_introspection_cpp.hpp
[1.044s] -- Up-to-date symlink: /workspace/hsl-player/install/booster_interface/include/booster_interface/booster_interface/srv/detail/rpc_service__rosidl_typesupport_introspection_cpp.hpp
[1.044s] -- Up-to-date symlink: /workspace/hsl-player/install/booster_interface/share/booster_interface/environment/pythonpath.sh
[1.044s] -- Up-to-date symlink: /workspace/hsl-player/install/booster_interface/share/booster_interface/environment/pythonpath.dsv
[1.044s] -- Up-to-date symlink: /workspace/hsl-player/install/booster_interface/local/lib/python3.10/dist-packages/booster_interface-0.0.0-py3.10.egg-info/PKG-INFO
[1.044s] -- Up-to-date symlink: /workspace/hsl-player/install/booster_interface/local/lib/python3.10/dist-packages/booster_interface-0.0.0-py3.10.egg-info/SOURCES.txt
[1.044s] -- Up-to-date symlink: /workspace/hsl-player/install/booster_interface/local/lib/python3.10/dist-packages/booster_interface-0.0.0-py3.10.egg-info/dependency_links.txt
[1.044s] -- Up-to-date symlink: /workspace/hsl-player/install/booster_interface/local/lib/python3.10/dist-packages/booster_interface-0.0.0-py3.10.egg-info/top_level.txt
[1.045s] -- Up-to-date symlink: /workspace/hsl-player/install/booster_interface/local/lib/python3.10/dist-packages/booster_interface/__init__.py
[1.045s] -- Up-to-date symlink: /workspace/hsl-player/install/booster_interface/local/lib/python3.10/dist-packages/booster_interface/_booster_interface_s.ep.rosidl_typesupport_c.c
[1.045s] -- Up-to-date symlink: /workspace/hsl-player/install/booster_interface/local/lib/python3.10/dist-packages/booster_interface/_booster_interface_s.ep.rosidl_typesupport_fastrtps_c.c
[1.045s] -- Up-to-date symlink: /workspace/hsl-player/install/booster_interface/local/lib/python3.10/dist-packages/booster_interface/_booster_interface_s.ep.rosidl_typesupport_introspection_c.c
[1.045s] -- Up-to-date symlink: /workspace/hsl-player/install/booster_interface/local/lib/python3.10/dist-packages/booster_interface/booster_interface_s__rosidl_typesupport_c.cpython-310-x86_64-linux-gnu.so
[1.045s] -- Up-to-date symlink: /workspace/hsl-player/install/booster_interface/local/lib/python3.10/dist-packages/booster_interface/booster_interface_s__rosidl_typesupport_fastrtps_c.cpython-310-x86_64-linux-gnu.so
[1.045s] -- Up-to-date symlink: /workspace/hsl-player/install/booster_interface/local/lib/python3.10/dist-packages/booster_interface/booster_interface_s__rosidl_typesupport_introspection_c.cpython-310-x86_64-linux-gnu.so
[1.045s] -- Up-to-date symlink: /workspace/hsl-player/install/booster_interface/local/lib/python3.10/dist-packages/booster_interface/libbooster_interface__rosidl_generator_py.so
[1.045s] -- Up-to-date symlink: /workspace/hsl-player/install/booster_interface/local/lib/python3.10/dist-packages/booster_interface/msg/__init__.py
[1.045s] -- Up-to-date symlink: /workspace/hsl-player/install/booster_interface/local/lib/python3.10/dist-packages/booster_interface/msg/_booster_api_req_msg.py
[1.045s] -- Up-to-date symlink: /workspace/hsl-player/install/booster_interface/local/lib/python3.10/dist-packages/booster_interface/msg/_booster_api_req_msg_s.c
[1.045s] -- Up-to-date symlink: /workspace/hsl-player/install/booster_interface/local/lib/python3.10/dist-packages/booster_interface/msg/_booster_api_resp_msg.py
[1.045s] -- Up-to-date symlink: /workspace/hsl-player/install/booster_interface/local/lib/python3.10/dist-packages/booster_interface/msg/_booster_api_resp_msg_s.c
[1.045s] -- Up-to-date symlink: /workspace/hsl-player/install/booster_interface/local/lib/python3.10/dist-packages/booster_interface/msg/_button_event_msg.py
[1.045s] -- Up-to-date symlink: /workspace/hsl-player/install/booster_interface/local/lib/python3.10/dist-packages/booster_interface/msg/_button_event_msg_s.c
[1.045s] -- Up-to-date symlink: /workspace/hsl-player/install/booster_interface/local/lib/python3.10/dist-packages/booster_interface/msg/_fall_down_state.py
[1.045s] -- Up-to-date symlink: /workspace/hsl-player/install/booster_interface/local/lib/python3.10/dist-packages/booster_interface/msg/_fall_down_state_s.c
[1.045s] -- Up-to-date symlink: /workspace/hsl-player/install/booster_interface/local/lib/python3.10/dist-packages/booster_interface/msg/_hand_command.py
[1.046s] -- Up-to-date symlink: /workspace/hsl-player/install/booster_interface/local/lib/python3.10/dist-packages/booster_interface/msg/_hand_command_s.c
[1.046s] -- Up-to-date symlink: /workspace/hsl-player/install/booster_interface/local/lib/python3.10/dist-packages/booster_interface/msg/_hand_dds_msg.py
[1.046s] -- Up-to-date symlink: /workspace/hsl-player/install/booster_interface/local/lib/python3.10/dist-packages/booster_interface/msg/_hand_dds_msg_s.c
[1.046s] -- Up-to-date symlink: /workspace/hsl-player/install/booster_interface/local/lib/python3.10/dist-packages/booster_interface/msg/_hand_param.py
[1.046s] -- Up-to-date symlink: /workspace/hsl-player/install/booster_interface/local/lib/python3.10/dist-packages/booster_interface/msg/_hand_param_s.c
[1.046s] -- Up-to-date symlink: /workspace/hsl-player/install/booster_interface/local/lib/python3.10/dist-packages/booster_interface/msg/_imu_state.py
[1.046s] -- Up-to-date symlink: /workspace/hsl-player/install/booster_interface/local/lib/python3.10/dist-packages/booster_interface/msg/_imu_state_s.c
[1.046s] -- Up-to-date symlink: /workspace/hsl-player/install/booster_interface/local/lib/python3.10/dist-packages/booster_interface/msg/_low_cmd.py
[1.046s] -- Up-to-date symlink: /workspace/hsl-player/install/booster_interface/local/lib/python3.10/dist-packages/booster_interface/msg/_low_cmd_s.c
[1.046s] -- Up-to-date symlink: /workspace/hsl-player/install/booster_interface/local/lib/python3.10/dist-packages/booster_interface/msg/_low_state.py
[1.046s] -- Up-to-date symlink: /workspace/hsl-player/install/booster_interface/local/lib/python3.10/dist-packages/booster_interface/msg/_low_state_s.c
[1.046s] -- Up-to-date symlink: /workspace/hsl-player/install/booster_interface/local/lib/python3.10/dist-packages/booster_interface/msg/_motor_cmd.py
[1.046s] -- Up-to-date symlink: /workspace/hsl-player/install/booster_interface/local/lib/python3.10/dist-packages/booster_interface/msg/_motor_cmd_s.c
[1.046s] -- Up-to-date symlink: /workspace/hsl-player/install/booster_interface/local/lib/python3.10/dist-packages/booster_interface/msg/_motor_state.py
[1.046s] -- Up-to-date symlink: /workspace/hsl-player/install/booster_interface/local/lib/python3.10/dist-packages/booster_interface/msg/_motor_state_s.c
[1.046s] -- Up-to-date symlink: /workspace/hsl-player/install/booster_interface/local/lib/python3.10/dist-packages/booster_interface/msg/_odometer.py
[1.046s] -- Up-to-date symlink: /workspace/hsl-player/install/booster_interface/local/lib/python3.10/dist-packages/booster_interface/msg/_odometer_s.c
[1.046s] -- Up-to-date symlink: /workspace/hsl-player/install/booster_interface/local/lib/python3.10/dist-packages/booster_interface/msg/_raw_bytes_msg.py
[1.046s] -- Up-to-date symlink: /workspace/hsl-player/install/booster_interface/local/lib/python3.10/dist-packages/booster_interface/msg/_raw_bytes_msg_s.c
[1.046s] -- Up-to-date symlink: /workspace/hsl-player/install/booster_interface/local/lib/python3.10/dist-packages/booster_interface/msg/_raw_bytes_stamped.py
[1.046s] -- Up-to-date symlink: /workspace/hsl-player/install/booster_interface/local/lib/python3.10/dist-packages/booster_interface/msg/_raw_bytes_stamped_s.c
[1.046s] -- Up-to-date symlink: /workspace/hsl-player/install/booster_interface/local/lib/python3.10/dist-packages/booster_interface/msg/_remote_controller_state.py
[1.046s] -- Up-to-date symlink: /workspace/hsl-player/install/booster_interface/local/lib/python3.10/dist-packages/booster_interface/msg/_remote_controller_state_s.c
[1.046s] -- Up-to-date symlink: /workspace/hsl-player/install/booster_interface/local/lib/python3.10/dist-packages/booster_interface/srv/__init__.py
[1.046s] -- Up-to-date symlink: /workspace/hsl-player/install/booster_interface/local/lib/python3.10/dist-packages/booster_interface/srv/_agent_service.py
[1.047s] -- Up-to-date symlink: /workspace/hsl-player/install/booster_interface/local/lib/python3.10/dist-packages/booster_interface/srv/_agent_service_s.c
[1.047s] -- Up-to-date symlink: /workspace/hsl-player/install/booster_interface/local/lib/python3.10/dist-packages/booster_interface/srv/_rpc_service.py
[1.047s] -- Up-to-date symlink: /workspace/hsl-player/install/booster_interface/local/lib/python3.10/dist-packages/booster_interface/srv/_rpc_service_s.c
[1.047s] -- Up-to-date symlink: /workspace/hsl-player/install/booster_interface/local/lib/python3.10/dist-packages/booster_interface/booster_interface_s__rosidl_typesupport_fastrtps_c.cpython-310-x86_64-linux-gnu.so
[1.047s] -- Up-to-date symlink: /workspace/hsl-player/install/booster_interface/local/lib/python3.10/dist-packages/booster_interface/booster_interface_s__rosidl_typesupport_introspection_c.cpython-310-x86_64-linux-gnu.so
[1.047s] -- Up-to-date symlink: /workspace/hsl-player/install/booster_interface/local/lib/python3.10/dist-packages/booster_interface/booster_interface_s__rosidl_typesupport_c.cpython-310-x86_64-linux-gnu.so
[1.047s] -- Up-to-date symlink: /workspace/hsl-player/install/booster_interface/share/ament_index/resource_index/rust_packages/booster_interface
[1.047s] -- Up-to-date symlink: /workspace/hsl-player/install/booster_interface/share/booster_interface/rust/Cargo.toml
[1.047s] -- Up-to-date symlink: /workspace/hsl-player/install/booster_interface/share/booster_interface/rust/build.rs
[1.047s] -- Up-to-date symlink: /workspace/hsl-player/install/booster_interface/share/booster_interface/rust/src/lib.rs
[1.047s] -- Up-to-date symlink: /workspace/hsl-player/install/booster_interface/share/booster_interface/rust/src/msg.rs
[1.047s] -- Up-to-date symlink: /workspace/hsl-player/install/booster_interface/share/booster_interface/rust/src/msg/rmw.rs
[1.047s] -- Up-to-date symlink: /workspace/hsl-player/install/booster_interface/share/booster_interface/rust/src/srv.rs
[1.047s] -- Up-to-date symlink: /workspace/hsl-player/install/booster_interface/share/booster_interface/rust/src/srv/rmw.rs
[1.047s] -- Up-to-date symlink: /workspace/hsl-player/install/booster_interface/share/booster_interface/msg/BoosterApiReqMsg.idl
[1.047s] -- Up-to-date symlink: /workspace/hsl-player/install/booster_interface/share/booster_interface/msg/BoosterApiRespMsg.idl
[1.047s] -- Up-to-date symlink: /workspace/hsl-player/install/booster_interface/share/booster_interface/msg/ButtonEventMsg.idl
[1.047s] -- Up-to-date symlink: /workspace/hsl-player/install/booster_interface/share/booster_interface/msg/MotorState.idl
[1.047s] -- Up-to-date symlink: /workspace/hsl-player/install/booster_interface/share/booster_interface/msg/MotorCmd.idl
[1.047s] -- Up-to-date symlink: /workspace/hsl-player/install/booster_interface/share/booster_interface/msg/LowCmd.idl
[1.047s] -- Up-to-date symlink: /workspace/hsl-player/install/booster_interface/share/booster_interface/msg/ImuState.idl
[1.047s] -- Up-to-date symlink: /workspace/hsl-player/install/booster_interface/share/booster_interface/msg/LowState.idl
[1.047s] -- Up-to-date symlink: /workspace/hsl-player/install/booster_interface/share/booster_interface/msg/RawBytesMsg.idl
[1.048s] -- Up-to-date symlink: /workspace/hsl-player/install/booster_interface/share/booster_interface/msg/RawBytesStamped.idl
[1.048s] -- Up-to-date symlink: /workspace/hsl-player/install/booster_interface/share/booster_interface/msg/Odometer.idl
[1.048s] -- Up-to-date symlink: /workspace/hsl-player/install/booster_interface/share/booster_interface/msg/FallDownState.idl
[1.048s] -- Up-to-date symlink: /workspace/hsl-player/install/booster_interface/share/booster_interface/msg/RemoteControllerState.idl
[1.048s] -- Up-to-date symlink: /workspace/hsl-player/install/booster_interface/share/booster_interface/msg/HandCommand.idl
[1.048s] -- Up-to-date symlink: /workspace/hsl-player/install/booster_interface/share/booster_interface/msg/HandDdsMsg.idl
[1.048s] -- Up-to-date symlink: /workspace/hsl-player/install/booster_interface/share/booster_interface/msg/HandParam.idl
[1.048s] -- Up-to-date symlink: /workspace/hsl-player/install/booster_interface/share/booster_interface/srv/RpcService.idl
[1.048s] -- Up-to-date symlink: /workspace/hsl-player/install/booster_interface/share/booster_interface/srv/AgentService.idl
[1.048s] -- Up-to-date symlink: /workspace/hsl-player/install/booster_interface/share/booster_interface/msg/BoosterApiReqMsg.msg
[1.048s] -- Up-to-date symlink: /workspace/hsl-player/install/booster_interface/share/booster_interface/msg/BoosterApiRespMsg.msg
[1.048s] -- Up-to-date symlink: /workspace/hsl-player/install/booster_interface/share/booster_interface/msg/ButtonEventMsg.msg
[1.048s] -- Up-to-date symlink: /workspace/hsl-player/install/booster_interface/share/booster_interface/msg/MotorState.msg
[1.048s] -- Up-to-date symlink: /workspace/hsl-player/install/booster_interface/share/booster_interface/msg/MotorCmd.msg
[1.048s] -- Up-to-date symlink: /workspace/hsl-player/install/booster_interface/share/booster_interface/msg/LowCmd.msg
[1.048s] -- Up-to-date symlink: /workspace/hsl-player/install/booster_interface/share/booster_interface/msg/ImuState.msg
[1.048s] -- Up-to-date symlink: /workspace/hsl-player/install/booster_interface/share/booster_interface/msg/LowState.msg
[1.048s] -- Up-to-date symlink: /workspace/hsl-player/install/booster_interface/share/booster_interface/msg/RawBytesMsg.msg
[1.048s] -- Up-to-date symlink: /workspace/hsl-player/install/booster_interface/share/booster_interface/msg/RawBytesStamped.msg
[1.048s] -- Up-to-date symlink: /workspace/hsl-player/install/booster_interface/share/booster_interface/msg/Odometer.msg
[1.048s] -- Up-to-date symlink: /workspace/hsl-player/install/booster_interface/share/booster_interface/msg/FallDownState.msg
[1.049s] -- Up-to-date symlink: /workspace/hsl-player/install/booster_interface/share/booster_interface/msg/RemoteControllerState.msg
[1.049s] -- Up-to-date symlink: /workspace/hsl-player/install/booster_interface/share/booster_interface/msg/HandCommand.msg
[1.049s] -- Up-to-date symlink: /workspace/hsl-player/install/booster_interface/share/booster_interface/msg/HandDdsMsg.msg
[1.049s] -- Up-to-date symlink: /workspace/hsl-player/install/booster_interface/share/booster_interface/msg/HandParam.msg
[1.049s] -- Up-to-date symlink: /workspace/hsl-player/install/booster_interface/share/booster_interface/srv/RpcService.srv
[1.049s] -- Up-to-date symlink: /workspace/hsl-player/install/booster_interface/share/booster_interface/srv/RpcService_Request.msg
[1.049s] -- Up-to-date symlink: /workspace/hsl-player/install/booster_interface/share/booster_interface/srv/RpcService_Response.msg
[1.049s] -- Up-to-date symlink: /workspace/hsl-player/install/booster_interface/share/booster_interface/srv/AgentService.srv
[1.049s] -- Up-to-date symlink: /workspace/hsl-player/install/booster_interface/share/booster_interface/srv/AgentService_Request.msg
[1.049s] -- Up-to-date symlink: /workspace/hsl-player/install/booster_interface/share/booster_interface/srv/AgentService_Response.msg
[1.049s] -- Up-to-date symlink: /workspace/hsl-player/install/booster_interface/include//booster_interface/booster_interface/message_utils.hpp
[1.049s] -- Up-to-date symlink: /workspace/hsl-player/install/booster_interface/include//booster_interface/booster_interface/third_party/nlohmann_json/json.hpp
[1.049s] -- Up-to-date symlink: /workspace/hsl-player/install/booster_interface/share/ament_index/resource_index/package_run_dependencies/booster_interface
[1.049s] -- Up-to-date symlink: /workspace/hsl-player/install/booster_interface/share/ament_index/resource_index/parent_prefix_path/booster_interface
[1.050s] -- Up-to-date symlink: /workspace/hsl-player/install/booster_interface/share/booster_interface/environment/ament_prefix_path.sh
[1.050s] -- Up-to-date symlink: /workspace/hsl-player/install/booster_interface/share/booster_interface/environment/ament_prefix_path.dsv
[1.050s] -- Up-to-date symlink: /workspace/hsl-player/install/booster_interface/share/booster_interface/environment/path.sh
[1.050s] -- Up-to-date symlink: /workspace/hsl-player/install/booster_interface/share/booster_interface/environment/path.dsv
[1.050s] -- Up-to-date symlink: /workspace/hsl-player/install/booster_interface/share/booster_interface/local_setup.bash
[1.050s] -- Up-to-date symlink: /workspace/hsl-player/install/booster_interface/share/booster_interface/local_setup.sh
[1.050s] -- Up-to-date symlink: /workspace/hsl-player/install/booster_interface/share/booster_interface/local_setup.zsh
[1.050s] -- Up-to-date symlink: /workspace/hsl-player/install/booster_interface/share/booster_interface/local_setup.dsv
[1.050s] -- Symlinking: /workspace/hsl-player/install/booster_interface/share/booster_interface/package.dsv
[1.054s] -- Up-to-date symlink: /workspace/hsl-player/install/booster_interface/share/ament_index/resource_index/packages/booster_interface
[1.054s] -- Up-to-date symlink: /workspace/hsl-player/install/booster_interface/share/booster_interface/cmake/rosidl_cmake-extras.cmake
[1.054s] -- Up-to-date symlink: /workspace/hsl-player/install/booster_interface/share/booster_interface/cmake/ament_cmake_export_dependencies-extras.cmake
[1.054s] -- Up-to-date symlink: /workspace/hsl-player/install/booster_interface/share/booster_interface/cmake/ament_cmake_export_include_directories-extras.cmake
[1.054s] -- Up-to-date symlink: /workspace/hsl-player/install/booster_interface/share/booster_interface/cmake/ament_cmake_export_libraries-extras.cmake
[1.054s] -- Up-to-date symlink: /workspace/hsl-player/install/booster_interface/share/booster_interface/cmake/ament_cmake_export_targets-extras.cmake
[1.054s] -- Up-to-date symlink: /workspace/hsl-player/install/booster_interface/share/booster_interface/cmake/rosidl_cmake_export_typesupport_targets-extras.cmake
[1.054s] -- Up-to-date symlink: /workspace/hsl-player/install/booster_interface/share/booster_interface/cmake/rosidl_cmake_export_typesupport_libraries-extras.cmake
[1.054s] -- Up-to-date symlink: /workspace/hsl-player/install/booster_interface/share/booster_interface/cmake/booster_interfaceConfig.cmake
[1.054s] -- Up-to-date symlink: /workspace/hsl-player/install/booster_interface/share/booster_interface/cmake/booster_interfaceConfig-version.cmake
[1.054s] -- Up-to-date symlink: /workspace/hsl-player/install/booster_interface/share/booster_interface/package.xml
[1.054s] -- Up-to-date: /workspace/hsl-player/install/booster_interface/lib/libbooster_interface__rosidl_generator_c.so
[1.054s] -- Up-to-date: /workspace/hsl-player/install/booster_interface/lib/libbooster_interface__rosidl_typesupport_fastrtps_c.so
[1.054s] -- Up-to-date: /workspace/hsl-player/install/booster_interface/lib/libbooster_interface__rosidl_typesupport_fastrtps_cpp.so
[1.055s] -- Up-to-date: /workspace/hsl-player/install/booster_interface/lib/libbooster_interface__rosidl_typesupport_introspection_c.so
[1.055s] -- Up-to-date: /workspace/hsl-player/install/booster_interface/lib/libbooster_interface__rosidl_typesupport_c.so
[1.055s] -- Up-to-date: /workspace/hsl-player/install/booster_interface/lib/libbooster_interface__rosidl_typesupport_introspection_cpp.so
[1.055s] -- Up-to-date: /workspace/hsl-player/install/booster_interface/lib/libbooster_interface__rosidl_typesupport_cpp.so
[1.076s] Listing '/workspace/hsl-player/install/booster_interface/local/lib/python3.10/dist-packages/booster_interface'...
[1.076s] Compiling '/workspace/hsl-player/install/booster_interface/local/lib/python3.10/dist-packages/booster_interface/__init__.py'...
[1.076s] Listing '/workspace/hsl-player/install/booster_interface/local/lib/python3.10/dist-packages/booster_interface/msg'...
[1.076s] Listing '/workspace/hsl-player/install/booster_interface/local/lib/python3.10/dist-packages/booster_interface/srv'...
[1.078s] -- Up-to-date: /workspace/hsl-player/install/booster_interface/lib/libbooster_interface__rosidl_generator_py.so
[1.078s] -- Up-to-date: /workspace/hsl-player/install/booster_interface/share/booster_interface/cmake/export_booster_interface__rosidl_generator_cExport.cmake
[1.078s] -- Up-to-date: /workspace/hsl-player/install/booster_interface/share/booster_interface/cmake/export_booster_interface__rosidl_generator_cExport-noconfig.cmake
[1.078s] -- Up-to-date: /workspace/hsl-player/install/booster_interface/share/booster_interface/cmake/export_booster_interface__rosidl_typesupport_fastrtps_cExport.cmake
[1.078s] -- Up-to-date: /workspace/hsl-player/install/booster_interface/share/booster_interface/cmake/export_booster_interface__rosidl_typesupport_fastrtps_cExport-noconfig.cmake
[1.078s] -- Up-to-date: /workspace/hsl-player/install/booster_interface/share/booster_interface/cmake/export_booster_interface__rosidl_generator_cppExport.cmake
[1.078s] -- Up-to-date: /workspace/hsl-player/install/booster_interface/share/booster_interface/cmake/export_booster_interface__rosidl_typesupport_fastrtps_cppExport.cmake
[1.078s] -- Up-to-date: /workspace/hsl-player/install/booster_interface/share/booster_interface/cmake/export_booster_interface__rosidl_typesupport_fastrtps_cppExport-noconfig.cmake
[1.078s] -- Up-to-date: /workspace/hsl-player/install/booster_interface/share/booster_interface/cmake/booster_interface__rosidl_typesupport_introspection_cExport.cmake
[1.078s] -- Up-to-date: /workspace/hsl-player/install/booster_interface/share/booster_interface/cmake/booster_interface__rosidl_typesupport_introspection_cExport-noconfig.cmake
[1.078s] -- Up-to-date: /workspace/hsl-player/install/booster_interface/share/booster_interface/cmake/booster_interface__rosidl_typesupport_cExport.cmake
[1.078s] -- Up-to-date: /workspace/hsl-player/install/booster_interface/share/booster_interface/cmake/booster_interface__rosidl_typesupport_cExport-noconfig.cmake
[1.079s] -- Up-to-date: /workspace/hsl-player/install/booster_interface/share/booster_interface/cmake/booster_interface__rosidl_typesupport_introspection_cppExport.cmake
[1.079s] -- Up-to-date: /workspace/hsl-player/install/booster_interface/share/booster_interface/cmake/booster_interface__rosidl_typesupport_introspection_cppExport-noconfig.cmake
[1.079s] -- Up-to-date: /workspace/hsl-player/install/booster_interface/share/booster_interface/cmake/booster_interface__rosidl_typesupport_cppExport.cmake
[1.079s] -- Up-to-date: /workspace/hsl-player/install/booster_interface/share/booster_interface/cmake/booster_interface__rosidl_typesupport_cppExport-noconfig.cmake
[1.079s] -- Up-to-date: /workspace/hsl-player/install/booster_interface/share/booster_interface/cmake/export_booster_interface__rosidl_generator_pyExport.cmake
[1.079s] -- Up-to-date: /workspace/hsl-player/install/booster_interface/share/booster_interface/cmake/export_booster_interface__rosidl_generator_pyExport-noconfig.cmake
[1.079s] Invoked command in '/workspace/hsl-player/build/booster_interface' returned '0': CMAKE_PREFIX_PATH=/opt/ros/humble PS1=\[\e]0;\u@\h: \w\a\]${debian_chroot:+($debian_chroot)}\u@\h:\w\$ /usr/bin/cmake --install /workspace/hsl-player/build/booster_interface
