-- The C compiler identification is GNU 11.4.0
-- The CXX compiler identification is GNU 11.4.0
-- Detecting C compiler ABI info
-- Detecting C compiler ABI info - done
-- Check for working C compiler: /usr/bin/cc - skipped
-- Detecting C compile features
-- Detecting C compile features - done
-- Detecting CXX compiler ABI info
-- Detecting CXX compiler ABI info - done
-- Check for working CXX compiler: /usr/bin/c++ - skipped
-- Detecting CXX compile features
-- Detecting CXX compile features - done
-- Found ament_cmake: 1.3.14 (/opt/ros/humble/share/ament_cmake/cmake)
-- Found Python3: /usr/bin/python3 (found version "3.10.12") found components: Interpreter 
-- Override CMake install command with custom implementation using symlinks instead of copying resources
-- Found rosidl_default_generators: 1.2.1 (/opt/ros/humble/share/rosidl_default_generators/cmake)
-- Using all available rosidl_typesupport_c: rosidl_typesupport_fastrtps_c;rosidl_typesupport_introspection_c
-- Found rosidl_adapter: 3.1.8 (/opt/ros/humble/share/rosidl_adapter/cmake)
-- Using all available rosidl_typesupport_cpp: rosidl_typesupport_fastrtps_cpp;rosidl_typesupport_introspection_cpp
-- Found ament_cmake_ros: 0.10.0 (/opt/ros/humble/share/ament_cmake_ros/cmake)
-- Using all available rosidl_typesupport_c: rosidl_typesupport_fastrtps_c;rosidl_typesupport_introspection_c
-- Using all available rosidl_typesupport_cpp: rosidl_typesupport_fastrtps_cpp;rosidl_typesupport_introspection_cpp
-- Found PythonInterp: /usr/bin/python3 (found suitable version "3.10.12", minimum required is "3.6") 
-- Found python_cmake_module: 0.10.0 (/opt/ros/humble/share/python_cmake_module/cmake)
-- Found PythonLibs: /usr/lib/x86_64-linux-gnu/libpython3.10.so (found suitable version "3.10.12", minimum required is "3.5") 
-- Using PYTHON_EXECUTABLE: /usr/bin/python3
-- Using PYTHON_INCLUDE_DIRS: /usr/include/python3.10
-- Using PYTHON_LIBRARIES: /usr/lib/x86_64-linux-gnu/libpython3.10.so
-- Found PythonExtra: .so  
-- Configuring done
-- Generating done
-- Build files have been written to: /workspace/hsl-player/build/booster_msgs
[  2%] [34m[1mGenerating C code for ROS interfaces[0m
[  4%] [34m[1mGenerating C++ code for ROS interfaces[0m
[  6%] [34m[1mGenerating Rust code for ROS interfaces[0m
[  6%] Built target ament_cmake_python_symlink_booster_msgs
[  6%] Built target booster_msgs__rs
[  6%] Built target booster_msgs__cpp
running egg_info
creating booster_msgs.egg-info
writing booster_msgs.egg-info/PKG-INFO
writing dependency_links to booster_msgs.egg-info/dependency_links.txt
writing top-level names to booster_msgs.egg-info/top_level.txt
writing manifest file 'booster_msgs.egg-info/SOURCES.txt'
[  8%] [34m[1mGenerating C++ introspection for ROS interfaces[0m
[ 10%] [34m[1mGenerating C++ type support for eProsima Fast-RTPS[0m
reading manifest file 'booster_msgs.egg-info/SOURCES.txt'
writing manifest file 'booster_msgs.egg-info/SOURCES.txt'
[ 12%] [34m[1mGenerating C++ type support dispatch for ROS interfaces[0m
[ 12%] Built target ament_cmake_python_build_booster_msgs_egg
[ 14%] [32mBuilding C object CMakeFiles/booster_msgs__rosidl_generator_c.dir/rosidl_generator_c/booster_msgs/msg/detail/rpc_resp_msg__functions.c.o[0m
[ 16%] [32mBuilding C object CMakeFiles/booster_msgs__rosidl_generator_c.dir/rosidl_generator_c/booster_msgs/msg/detail/rpc_req_msg__functions.c.o[0m
[ 18%] [32mBuilding C object CMakeFiles/booster_msgs__rosidl_generator_c.dir/rosidl_generator_c/booster_msgs/msg/detail/binary_data__functions.c.o[0m
[ 20%] [32m[1mLinking C shared library libbooster_msgs__rosidl_generator_c.so[0m
[ 22%] [32mBuilding CXX object CMakeFiles/booster_msgs__rosidl_typesupport_fastrtps_cpp.dir/rosidl_typesupport_fastrtps_cpp/booster_msgs/msg/detail/dds_fastrtps/binary_data__type_support.cpp.o[0m
[ 25%] [32mBuilding CXX object CMakeFiles/booster_msgs__rosidl_typesupport_fastrtps_cpp.dir/rosidl_typesupport_fastrtps_cpp/booster_msgs/msg/detail/dds_fastrtps/rpc_req_msg__type_support.cpp.o[0m
[ 27%] [32mBuilding CXX object CMakeFiles/booster_msgs__rosidl_typesupport_fastrtps_cpp.dir/rosidl_typesupport_fastrtps_cpp/booster_msgs/msg/detail/dds_fastrtps/rpc_resp_msg__type_support.cpp.o[0m
[ 27%] Built target booster_msgs__rosidl_generator_c
[ 29%] [32mBuilding CXX object CMakeFiles/booster_msgs__rosidl_typesupport_cpp.dir/rosidl_typesupport_cpp/booster_msgs/msg/rpc_req_msg__type_support.cpp.o[0m
[ 31%] [32mBuilding CXX object CMakeFiles/booster_msgs__rosidl_typesupport_cpp.dir/rosidl_typesupport_cpp/booster_msgs/msg/rpc_resp_msg__type_support.cpp.o[0m
[ 33%] [32mBuilding CXX object CMakeFiles/booster_msgs__rosidl_typesupport_cpp.dir/rosidl_typesupport_cpp/booster_msgs/msg/binary_data__type_support.cpp.o[0m
[ 35%] [34m[1mGenerating C introspection for ROS interfaces[0m
[ 37%] [34m[1mGenerating C type support for eProsima Fast-RTPS[0m
[ 39%] [34m[1mGenerating C type support dispatch for ROS interfaces[0m
[ 45%] [32mBuilding CXX object CMakeFiles/booster_msgs__rosidl_typesupport_introspection_cpp.dir/rosidl_typesupport_introspection_cpp/booster_msgs/msg/detail/rpc_req_msg__type_support.cpp.o[0m
[ 45%] [32mBuilding CXX object CMakeFiles/booster_msgs__rosidl_typesupport_introspection_cpp.dir/rosidl_typesupport_introspection_cpp/booster_msgs/msg/detail/rpc_resp_msg__type_support.cpp.o[0m
[ 45%] [32mBuilding CXX object CMakeFiles/booster_msgs__rosidl_typesupport_introspection_cpp.dir/rosidl_typesupport_introspection_cpp/booster_msgs/msg/detail/binary_data__type_support.cpp.o[0m
[ 47%] [32mBuilding CXX object CMakeFiles/booster_msgs__rosidl_typesupport_c.dir/rosidl_typesupport_c/booster_msgs/msg/binary_data__type_support.cpp.o[0m
[ 50%] [32mBuilding CXX object CMakeFiles/booster_msgs__rosidl_typesupport_c.dir/rosidl_typesupport_c/booster_msgs/msg/rpc_req_msg__type_support.cpp.o[0m
[ 52%] [32mBuilding CXX object CMakeFiles/booster_msgs__rosidl_typesupport_c.dir/rosidl_typesupport_c/booster_msgs/msg/rpc_resp_msg__type_support.cpp.o[0m
[ 54%] [32mBuilding CXX object CMakeFiles/booster_msgs__rosidl_typesupport_fastrtps_c.dir/rosidl_typesupport_fastrtps_c/booster_msgs/msg/detail/binary_data__type_support_c.cpp.o[0m
[ 56%] [32mBuilding CXX object CMakeFiles/booster_msgs__rosidl_typesupport_fastrtps_c.dir/rosidl_typesupport_fastrtps_c/booster_msgs/msg/detail/rpc_resp_msg__type_support_c.cpp.o[0m
[ 58%] [32mBuilding CXX object CMakeFiles/booster_msgs__rosidl_typesupport_fastrtps_c.dir/rosidl_typesupport_fastrtps_c/booster_msgs/msg/detail/rpc_req_msg__type_support_c.cpp.o[0m
[ 62%] [32m[1mLinking CXX shared library libbooster_msgs__rosidl_typesupport_cpp.so[0m
[ 62%] [32mBuilding C object CMakeFiles/booster_msgs__rosidl_typesupport_introspection_c.dir/rosidl_typesupport_introspection_c/booster_msgs/msg/detail/binary_data__type_support.c.o[0m
[ 64%] [32mBuilding C object CMakeFiles/booster_msgs__rosidl_typesupport_introspection_c.dir/rosidl_typesupport_introspection_c/booster_msgs/msg/detail/rpc_req_msg__type_support.c.o[0m
[ 66%] [32mBuilding C object CMakeFiles/booster_msgs__rosidl_typesupport_introspection_c.dir/rosidl_typesupport_introspection_c/booster_msgs/msg/detail/rpc_resp_msg__type_support.c.o[0m
[ 68%] [32m[1mLinking CXX shared library libbooster_msgs__rosidl_typesupport_c.so[0m
[ 68%] Built target booster_msgs__rosidl_typesupport_cpp
[ 70%] [32m[1mLinking C shared library libbooster_msgs__rosidl_typesupport_introspection_c.so[0m
[ 70%] Built target booster_msgs__rosidl_typesupport_c
[ 70%] Built target booster_msgs__rosidl_typesupport_introspection_c
[ 72%] [32m[1mLinking CXX shared library libbooster_msgs__rosidl_typesupport_fastrtps_cpp.so[0m
[ 72%] Built target booster_msgs__rosidl_typesupport_fastrtps_cpp
[ 75%] [32m[1mLinking CXX shared library libbooster_msgs__rosidl_typesupport_introspection_cpp.so[0m
[ 77%] [32m[1mLinking CXX shared library libbooster_msgs__rosidl_typesupport_fastrtps_c.so[0m
[ 77%] Built target booster_msgs__rosidl_typesupport_introspection_cpp
[ 77%] Built target booster_msgs__rosidl_typesupport_fastrtps_c
[ 77%] Built target booster_msgs
[ 79%] [34m[1mGenerating Python code for ROS interfaces[0m
[ 79%] Built target booster_msgs__py
[ 83%] [32mBuilding C object CMakeFiles/booster_msgs__rosidl_generator_py.dir/rosidl_generator_py/booster_msgs/msg/_binary_data_s.c.o[0m
[ 83%] [32mBuilding C object CMakeFiles/booster_msgs__rosidl_generator_py.dir/rosidl_generator_py/booster_msgs/msg/_rpc_resp_msg_s.c.o[0m
[ 85%] [32mBuilding C object CMakeFiles/booster_msgs__rosidl_generator_py.dir/rosidl_generator_py/booster_msgs/msg/_rpc_req_msg_s.c.o[0m
[ 87%] [32m[1mLinking C shared library rosidl_generator_py/booster_msgs/libbooster_msgs__rosidl_generator_py.so[0m
[ 87%] Built target booster_msgs__rosidl_generator_py
[ 89%] [32mBuilding C object CMakeFiles/booster_msgs__rosidl_typesupport_introspection_c__pyext.dir/rosidl_generator_py/booster_msgs/_booster_msgs_s.ep.rosidl_typesupport_introspection_c.c.o[0m
[ 91%] [32mBuilding C object CMakeFiles/booster_msgs__rosidl_typesupport_fastrtps_c__pyext.dir/rosidl_generator_py/booster_msgs/_booster_msgs_s.ep.rosidl_typesupport_fastrtps_c.c.o[0m
[ 93%] [32mBuilding C object CMakeFiles/booster_msgs__rosidl_typesupport_c__pyext.dir/rosidl_generator_py/booster_msgs/_booster_msgs_s.ep.rosidl_typesupport_c.c.o[0m
[ 95%] [32m[1mLinking C shared library rosidl_generator_py/booster_msgs/booster_msgs_s__rosidl_typesupport_introspection_c.cpython-310-x86_64-linux-gnu.so[0m
[ 97%] [32m[1mLinking C shared library rosidl_generator_py/booster_msgs/booster_msgs_s__rosidl_typesupport_c.cpython-310-x86_64-linux-gnu.so[0m
[ 97%] Built target booster_msgs__rosidl_typesupport_introspection_c__pyext
[100%] [32m[1mLinking C shared library rosidl_generator_py/booster_msgs/booster_msgs_s__rosidl_typesupport_fastrtps_c.cpython-310-x86_64-linux-gnu.so[0m
[100%] Built target booster_msgs__rosidl_typesupport_c__pyext
[100%] Built target booster_msgs__rosidl_typesupport_fastrtps_c__pyext
-- Install configuration: ""
-- Execute custom install script
-- Symlinking: /workspace/hsl-player/install/booster_msgs/share/ament_index/resource_index/rosidl_interfaces/booster_msgs
-- Symlinking: /workspace/hsl-player/install/booster_msgs/include/booster_msgs/booster_msgs/msg/binary_data.h
-- Symlinking: /workspace/hsl-player/install/booster_msgs/include/booster_msgs/booster_msgs/msg/detail/binary_data__functions.h
-- Symlinking: /workspace/hsl-player/install/booster_msgs/include/booster_msgs/booster_msgs/msg/detail/binary_data__struct.h
-- Symlinking: /workspace/hsl-player/install/booster_msgs/include/booster_msgs/booster_msgs/msg/detail/binary_data__type_support.h
-- Symlinking: /workspace/hsl-player/install/booster_msgs/include/booster_msgs/booster_msgs/msg/detail/rpc_req_msg__functions.h
-- Symlinking: /workspace/hsl-player/install/booster_msgs/include/booster_msgs/booster_msgs/msg/detail/rpc_req_msg__struct.h
-- Symlinking: /workspace/hsl-player/install/booster_msgs/include/booster_msgs/booster_msgs/msg/detail/rpc_req_msg__type_support.h
-- Symlinking: /workspace/hsl-player/install/booster_msgs/include/booster_msgs/booster_msgs/msg/detail/rpc_resp_msg__functions.h
-- Symlinking: /workspace/hsl-player/install/booster_msgs/include/booster_msgs/booster_msgs/msg/detail/rpc_resp_msg__struct.h
-- Symlinking: /workspace/hsl-player/install/booster_msgs/include/booster_msgs/booster_msgs/msg/detail/rpc_resp_msg__type_support.h
-- Symlinking: /workspace/hsl-player/install/booster_msgs/include/booster_msgs/booster_msgs/msg/rosidl_generator_c__visibility_control.h
-- Symlinking: /workspace/hsl-player/install/booster_msgs/include/booster_msgs/booster_msgs/msg/rpc_req_msg.h
-- Symlinking: /workspace/hsl-player/install/booster_msgs/include/booster_msgs/booster_msgs/msg/rpc_resp_msg.h
-- Symlinking: /workspace/hsl-player/install/booster_msgs/share/booster_msgs/environment/library_path.sh
-- Symlinking: /workspace/hsl-player/install/booster_msgs/share/booster_msgs/environment/library_path.dsv
-- Symlinking: /workspace/hsl-player/install/booster_msgs/include/booster_msgs/booster_msgs/msg/detail/binary_data__rosidl_typesupport_fastrtps_c.h
-- Symlinking: /workspace/hsl-player/install/booster_msgs/include/booster_msgs/booster_msgs/msg/detail/rpc_req_msg__rosidl_typesupport_fastrtps_c.h
-- Symlinking: /workspace/hsl-player/install/booster_msgs/include/booster_msgs/booster_msgs/msg/detail/rpc_resp_msg__rosidl_typesupport_fastrtps_c.h
-- Symlinking: /workspace/hsl-player/install/booster_msgs/include/booster_msgs/booster_msgs/msg/rosidl_typesupport_fastrtps_c__visibility_control.h
-- Symlinking: /workspace/hsl-player/install/booster_msgs/include/booster_msgs/booster_msgs/msg/detail/binary_data__rosidl_typesupport_introspection_c.h
-- Symlinking: /workspace/hsl-player/install/booster_msgs/include/booster_msgs/booster_msgs/msg/detail/rpc_req_msg__rosidl_typesupport_introspection_c.h
-- Symlinking: /workspace/hsl-player/install/booster_msgs/include/booster_msgs/booster_msgs/msg/detail/rpc_resp_msg__rosidl_typesupport_introspection_c.h
-- Symlinking: /workspace/hsl-player/install/booster_msgs/include/booster_msgs/booster_msgs/msg/rosidl_typesupport_introspection_c__visibility_control.h
-- Symlinking: /workspace/hsl-player/install/booster_msgs/include/booster_msgs/booster_msgs/msg/binary_data.hpp
-- Symlinking: /workspace/hsl-player/install/booster_msgs/include/booster_msgs/booster_msgs/msg/detail/binary_data__builder.hpp
-- Symlinking: /workspace/hsl-player/install/booster_msgs/include/booster_msgs/booster_msgs/msg/detail/binary_data__struct.hpp
-- Symlinking: /workspace/hsl-player/install/booster_msgs/include/booster_msgs/booster_msgs/msg/detail/binary_data__traits.hpp
-- Symlinking: /workspace/hsl-player/install/booster_msgs/include/booster_msgs/booster_msgs/msg/detail/binary_data__type_support.hpp
-- Symlinking: /workspace/hsl-player/install/booster_msgs/include/booster_msgs/booster_msgs/msg/detail/rpc_req_msg__builder.hpp
-- Symlinking: /workspace/hsl-player/install/booster_msgs/include/booster_msgs/booster_msgs/msg/detail/rpc_req_msg__struct.hpp
-- Symlinking: /workspace/hsl-player/install/booster_msgs/include/booster_msgs/booster_msgs/msg/detail/rpc_req_msg__traits.hpp
-- Symlinking: /workspace/hsl-player/install/booster_msgs/include/booster_msgs/booster_msgs/msg/detail/rpc_req_msg__type_support.hpp
-- Symlinking: /workspace/hsl-player/install/booster_msgs/include/booster_msgs/booster_msgs/msg/detail/rpc_resp_msg__builder.hpp
-- Symlinking: /workspace/hsl-player/install/booster_msgs/include/booster_msgs/booster_msgs/msg/detail/rpc_resp_msg__struct.hpp
-- Symlinking: /workspace/hsl-player/install/booster_msgs/include/booster_msgs/booster_msgs/msg/detail/rpc_resp_msg__traits.hpp
-- Symlinking: /workspace/hsl-player/install/booster_msgs/include/booster_msgs/booster_msgs/msg/detail/rpc_resp_msg__type_support.hpp
-- Symlinking: /workspace/hsl-player/install/booster_msgs/include/booster_msgs/booster_msgs/msg/rosidl_generator_cpp__visibility_control.hpp
-- Symlinking: /workspace/hsl-player/install/booster_msgs/include/booster_msgs/booster_msgs/msg/rpc_req_msg.hpp
-- Symlinking: /workspace/hsl-player/install/booster_msgs/include/booster_msgs/booster_msgs/msg/rpc_resp_msg.hpp
-- Symlinking: /workspace/hsl-player/install/booster_msgs/include/booster_msgs/booster_msgs/msg/detail/binary_data__rosidl_typesupport_fastrtps_cpp.hpp
-- Symlinking: /workspace/hsl-player/install/booster_msgs/include/booster_msgs/booster_msgs/msg/detail/rpc_req_msg__rosidl_typesupport_fastrtps_cpp.hpp
-- Symlinking: /workspace/hsl-player/install/booster_msgs/include/booster_msgs/booster_msgs/msg/detail/rpc_resp_msg__rosidl_typesupport_fastrtps_cpp.hpp
-- Symlinking: /workspace/hsl-player/install/booster_msgs/include/booster_msgs/booster_msgs/msg/rosidl_typesupport_fastrtps_cpp__visibility_control.h
-- Symlinking: /workspace/hsl-player/install/booster_msgs/include/booster_msgs/booster_msgs/msg/detail/binary_data__rosidl_typesupport_introspection_cpp.hpp
-- Symlinking: /workspace/hsl-player/install/booster_msgs/include/booster_msgs/booster_msgs/msg/detail/rpc_req_msg__rosidl_typesupport_introspection_cpp.hpp
-- Symlinking: /workspace/hsl-player/install/booster_msgs/include/booster_msgs/booster_msgs/msg/detail/rpc_resp_msg__rosidl_typesupport_introspection_cpp.hpp
-- Symlinking: /workspace/hsl-player/install/booster_msgs/share/booster_msgs/environment/pythonpath.sh
-- Symlinking: /workspace/hsl-player/install/booster_msgs/share/booster_msgs/environment/pythonpath.dsv
-- Symlinking: /workspace/hsl-player/install/booster_msgs/local/lib/python3.10/dist-packages/booster_msgs-0.0.0-py3.10.egg-info/PKG-INFO
-- Symlinking: /workspace/hsl-player/install/booster_msgs/local/lib/python3.10/dist-packages/booster_msgs-0.0.0-py3.10.egg-info/SOURCES.txt
-- Symlinking: /workspace/hsl-player/install/booster_msgs/local/lib/python3.10/dist-packages/booster_msgs-0.0.0-py3.10.egg-info/dependency_links.txt
-- Symlinking: /workspace/hsl-player/install/booster_msgs/local/lib/python3.10/dist-packages/booster_msgs-0.0.0-py3.10.egg-info/top_level.txt
-- Symlinking: /workspace/hsl-player/install/booster_msgs/local/lib/python3.10/dist-packages/booster_msgs/__init__.py
-- Symlinking: /workspace/hsl-player/install/booster_msgs/local/lib/python3.10/dist-packages/booster_msgs/_booster_msgs_s.ep.rosidl_typesupport_c.c
-- Symlinking: /workspace/hsl-player/install/booster_msgs/local/lib/python3.10/dist-packages/booster_msgs/_booster_msgs_s.ep.rosidl_typesupport_fastrtps_c.c
-- Symlinking: /workspace/hsl-player/install/booster_msgs/local/lib/python3.10/dist-packages/booster_msgs/_booster_msgs_s.ep.rosidl_typesupport_introspection_c.c
-- Symlinking: /workspace/hsl-player/install/booster_msgs/local/lib/python3.10/dist-packages/booster_msgs/booster_msgs_s__rosidl_typesupport_c.cpython-310-x86_64-linux-gnu.so
-- Symlinking: /workspace/hsl-player/install/booster_msgs/local/lib/python3.10/dist-packages/booster_msgs/booster_msgs_s__rosidl_typesupport_fastrtps_c.cpython-310-x86_64-linux-gnu.so
-- Symlinking: /workspace/hsl-player/install/booster_msgs/local/lib/python3.10/dist-packages/booster_msgs/booster_msgs_s__rosidl_typesupport_introspection_c.cpython-310-x86_64-linux-gnu.so
-- Symlinking: /workspace/hsl-player/install/booster_msgs/local/lib/python3.10/dist-packages/booster_msgs/libbooster_msgs__rosidl_generator_py.so
-- Symlinking: /workspace/hsl-player/install/booster_msgs/local/lib/python3.10/dist-packages/booster_msgs/msg/__init__.py
-- Symlinking: /workspace/hsl-player/install/booster_msgs/local/lib/python3.10/dist-packages/booster_msgs/msg/_binary_data.py
-- Symlinking: /workspace/hsl-player/install/booster_msgs/local/lib/python3.10/dist-packages/booster_msgs/msg/_binary_data_s.c
-- Symlinking: /workspace/hsl-player/install/booster_msgs/local/lib/python3.10/dist-packages/booster_msgs/msg/_rpc_req_msg.py
-- Symlinking: /workspace/hsl-player/install/booster_msgs/local/lib/python3.10/dist-packages/booster_msgs/msg/_rpc_req_msg_s.c
-- Symlinking: /workspace/hsl-player/install/booster_msgs/local/lib/python3.10/dist-packages/booster_msgs/msg/_rpc_resp_msg.py
-- Symlinking: /workspace/hsl-player/install/booster_msgs/local/lib/python3.10/dist-packages/booster_msgs/msg/_rpc_resp_msg_s.c
-- Up-to-date symlink: /workspace/hsl-player/install/booster_msgs/local/lib/python3.10/dist-packages/booster_msgs/booster_msgs_s__rosidl_typesupport_fastrtps_c.cpython-310-x86_64-linux-gnu.so
-- Up-to-date symlink: /workspace/hsl-player/install/booster_msgs/local/lib/python3.10/dist-packages/booster_msgs/booster_msgs_s__rosidl_typesupport_introspection_c.cpython-310-x86_64-linux-gnu.so
-- Up-to-date symlink: /workspace/hsl-player/install/booster_msgs/local/lib/python3.10/dist-packages/booster_msgs/booster_msgs_s__rosidl_typesupport_c.cpython-310-x86_64-linux-gnu.so
-- Symlinking: /workspace/hsl-player/install/booster_msgs/share/ament_index/resource_index/rust_packages/booster_msgs
-- Symlinking: /workspace/hsl-player/install/booster_msgs/share/booster_msgs/rust/Cargo.toml
-- Symlinking: /workspace/hsl-player/install/booster_msgs/share/booster_msgs/rust/build.rs
-- Symlinking: /workspace/hsl-player/install/booster_msgs/share/booster_msgs/rust/src/lib.rs
-- Symlinking: /workspace/hsl-player/install/booster_msgs/share/booster_msgs/rust/src/msg.rs
-- Symlinking: /workspace/hsl-player/install/booster_msgs/share/booster_msgs/rust/src/msg/rmw.rs
-- Symlinking: /workspace/hsl-player/install/booster_msgs/share/booster_msgs/msg/BinaryData.idl
-- Symlinking: /workspace/hsl-player/install/booster_msgs/share/booster_msgs/msg/RpcReqMsg.idl
-- Symlinking: /workspace/hsl-player/install/booster_msgs/share/booster_msgs/msg/RpcRespMsg.idl
-- Symlinking: /workspace/hsl-player/install/booster_msgs/share/booster_msgs/msg/BinaryData.msg
-- Symlinking: /workspace/hsl-player/install/booster_msgs/share/booster_msgs/msg/RpcReqMsg.msg
-- Symlinking: /workspace/hsl-player/install/booster_msgs/share/booster_msgs/msg/RpcRespMsg.msg
-- Symlinking: /workspace/hsl-player/install/booster_msgs/share/ament_index/resource_index/package_run_dependencies/booster_msgs
-- Symlinking: /workspace/hsl-player/install/booster_msgs/share/ament_index/resource_index/parent_prefix_path/booster_msgs
-- Symlinking: /workspace/hsl-player/install/booster_msgs/share/booster_msgs/environment/ament_prefix_path.sh
-- Symlinking: /workspace/hsl-player/install/booster_msgs/share/booster_msgs/environment/ament_prefix_path.dsv
-- Symlinking: /workspace/hsl-player/install/booster_msgs/share/booster_msgs/environment/path.sh
-- Symlinking: /workspace/hsl-player/install/booster_msgs/share/booster_msgs/environment/path.dsv
-- Symlinking: /workspace/hsl-player/install/booster_msgs/share/booster_msgs/local_setup.bash
-- Symlinking: /workspace/hsl-player/install/booster_msgs/share/booster_msgs/local_setup.sh
-- Symlinking: /workspace/hsl-player/install/booster_msgs/share/booster_msgs/local_setup.zsh
-- Symlinking: /workspace/hsl-player/install/booster_msgs/share/booster_msgs/local_setup.dsv
-- Symlinking: /workspace/hsl-player/install/booster_msgs/share/booster_msgs/package.dsv
-- Symlinking: /workspace/hsl-player/install/booster_msgs/share/ament_index/resource_index/packages/booster_msgs
-- Symlinking: /workspace/hsl-player/install/booster_msgs/share/booster_msgs/cmake/rosidl_cmake-extras.cmake
-- Symlinking: /workspace/hsl-player/install/booster_msgs/share/booster_msgs/cmake/ament_cmake_export_include_directories-extras.cmake
-- Symlinking: /workspace/hsl-player/install/booster_msgs/share/booster_msgs/cmake/ament_cmake_export_libraries-extras.cmake
-- Symlinking: /workspace/hsl-player/install/booster_msgs/share/booster_msgs/cmake/ament_cmake_export_targets-extras.cmake
-- Symlinking: /workspace/hsl-player/install/booster_msgs/share/booster_msgs/cmake/rosidl_cmake_export_typesupport_targets-extras.cmake
-- Symlinking: /workspace/hsl-player/install/booster_msgs/share/booster_msgs/cmake/ament_cmake_export_dependencies-extras.cmake
-- Symlinking: /workspace/hsl-player/install/booster_msgs/share/booster_msgs/cmake/rosidl_cmake_export_typesupport_libraries-extras.cmake
-- Symlinking: /workspace/hsl-player/install/booster_msgs/share/booster_msgs/cmake/booster_msgsConfig.cmake
-- Symlinking: /workspace/hsl-player/install/booster_msgs/share/booster_msgs/cmake/booster_msgsConfig-version.cmake
-- Symlinking: /workspace/hsl-player/install/booster_msgs/share/booster_msgs/package.xml
-- Installing: /workspace/hsl-player/install/booster_msgs/lib/libbooster_msgs__rosidl_generator_c.so
-- Set runtime path of "/workspace/hsl-player/install/booster_msgs/lib/libbooster_msgs__rosidl_generator_c.so" to ""
-- Installing: /workspace/hsl-player/install/booster_msgs/lib/libbooster_msgs__rosidl_typesupport_fastrtps_c.so
-- Set runtime path of "/workspace/hsl-player/install/booster_msgs/lib/libbooster_msgs__rosidl_typesupport_fastrtps_c.so" to ""
-- Installing: /workspace/hsl-player/install/booster_msgs/lib/libbooster_msgs__rosidl_typesupport_introspection_c.so
-- Set runtime path of "/workspace/hsl-player/install/booster_msgs/lib/libbooster_msgs__rosidl_typesupport_introspection_c.so" to ""
-- Installing: /workspace/hsl-player/install/booster_msgs/lib/libbooster_msgs__rosidl_typesupport_c.so
-- Set runtime path of "/workspace/hsl-player/install/booster_msgs/lib/libbooster_msgs__rosidl_typesupport_c.so" to ""
-- Installing: /workspace/hsl-player/install/booster_msgs/lib/libbooster_msgs__rosidl_typesupport_fastrtps_cpp.so
-- Set runtime path of "/workspace/hsl-player/install/booster_msgs/lib/libbooster_msgs__rosidl_typesupport_fastrtps_cpp.so" to ""
-- Installing: /workspace/hsl-player/install/booster_msgs/lib/libbooster_msgs__rosidl_typesupport_introspection_cpp.so
-- Set runtime path of "/workspace/hsl-player/install/booster_msgs/lib/libbooster_msgs__rosidl_typesupport_introspection_cpp.so" to ""
-- Installing: /workspace/hsl-player/install/booster_msgs/lib/libbooster_msgs__rosidl_typesupport_cpp.so
-- Set runtime path of "/workspace/hsl-player/install/booster_msgs/lib/libbooster_msgs__rosidl_typesupport_cpp.so" to ""
Listing '/workspace/hsl-player/install/booster_msgs/local/lib/python3.10/dist-packages/booster_msgs'...
Compiling '/workspace/hsl-player/install/booster_msgs/local/lib/python3.10/dist-packages/booster_msgs/__init__.py'...
Listing '/workspace/hsl-player/install/booster_msgs/local/lib/python3.10/dist-packages/booster_msgs/msg'...
Compiling '/workspace/hsl-player/install/booster_msgs/local/lib/python3.10/dist-packages/booster_msgs/msg/__init__.py'...
Compiling '/workspace/hsl-player/install/booster_msgs/local/lib/python3.10/dist-packages/booster_msgs/msg/_binary_data.py'...
Compiling '/workspace/hsl-player/install/booster_msgs/local/lib/python3.10/dist-packages/booster_msgs/msg/_rpc_req_msg.py'...
Compiling '/workspace/hsl-player/install/booster_msgs/local/lib/python3.10/dist-packages/booster_msgs/msg/_rpc_resp_msg.py'...
-- Installing: /workspace/hsl-player/install/booster_msgs/lib/libbooster_msgs__rosidl_generator_py.so
-- Set runtime path of "/workspace/hsl-player/install/booster_msgs/lib/libbooster_msgs__rosidl_generator_py.so" to ""
-- Installing: /workspace/hsl-player/install/booster_msgs/share/booster_msgs/cmake/export_booster_msgs__rosidl_generator_cExport.cmake
-- Installing: /workspace/hsl-player/install/booster_msgs/share/booster_msgs/cmake/export_booster_msgs__rosidl_generator_cExport-noconfig.cmake
-- Installing: /workspace/hsl-player/install/booster_msgs/share/booster_msgs/cmake/export_booster_msgs__rosidl_typesupport_fastrtps_cExport.cmake
-- Installing: /workspace/hsl-player/install/booster_msgs/share/booster_msgs/cmake/export_booster_msgs__rosidl_typesupport_fastrtps_cExport-noconfig.cmake
-- Installing: /workspace/hsl-player/install/booster_msgs/share/booster_msgs/cmake/booster_msgs__rosidl_typesupport_introspection_cExport.cmake
-- Installing: /workspace/hsl-player/install/booster_msgs/share/booster_msgs/cmake/booster_msgs__rosidl_typesupport_introspection_cExport-noconfig.cmake
-- Installing: /workspace/hsl-player/install/booster_msgs/share/booster_msgs/cmake/booster_msgs__rosidl_typesupport_cExport.cmake
-- Installing: /workspace/hsl-player/install/booster_msgs/share/booster_msgs/cmake/booster_msgs__rosidl_typesupport_cExport-noconfig.cmake
-- Installing: /workspace/hsl-player/install/booster_msgs/share/booster_msgs/cmake/export_booster_msgs__rosidl_generator_cppExport.cmake
-- Installing: /workspace/hsl-player/install/booster_msgs/share/booster_msgs/cmake/export_booster_msgs__rosidl_typesupport_fastrtps_cppExport.cmake
-- Installing: /workspace/hsl-player/install/booster_msgs/share/booster_msgs/cmake/export_booster_msgs__rosidl_typesupport_fastrtps_cppExport-noconfig.cmake
-- Installing: /workspace/hsl-player/install/booster_msgs/share/booster_msgs/cmake/booster_msgs__rosidl_typesupport_introspection_cppExport.cmake
-- Installing: /workspace/hsl-player/install/booster_msgs/share/booster_msgs/cmake/booster_msgs__rosidl_typesupport_introspection_cppExport-noconfig.cmake
-- Installing: /workspace/hsl-player/install/booster_msgs/share/booster_msgs/cmake/booster_msgs__rosidl_typesupport_cppExport.cmake
-- Installing: /workspace/hsl-player/install/booster_msgs/share/booster_msgs/cmake/booster_msgs__rosidl_typesupport_cppExport-noconfig.cmake
-- Installing: /workspace/hsl-player/install/booster_msgs/share/booster_msgs/cmake/export_booster_msgs__rosidl_generator_pyExport.cmake
-- Installing: /workspace/hsl-player/install/booster_msgs/share/booster_msgs/cmake/export_booster_msgs__rosidl_generator_pyExport-noconfig.cmake
