[0.013s] Invoking command in '/workspace/hsl-player/build/booster_msgs': CMAKE_PREFIX_PATH=/opt/ros/humble PS1=\[\e]0;\u@\h: \w\a\]${debian_chroot:+($debian_chroot)}\u@\h:\w\$ /usr/bin/cmake /workspace/hsl-player/src/booster_msgs -DAMENT_CMAKE_SYMLINK_INSTALL=1 -DCMAKE_INSTALL_PREFIX=/workspace/hsl-player/install/booster_msgs
[0.068s] -- The C compiler identification is GNU 11.4.0
[0.100s] -- The CXX compiler identification is GNU 11.4.0
[0.104s] -- Detecting C compiler ABI info
[0.144s] -- Detecting C compiler ABI info - done
[0.149s] -- Check for working C compiler: /usr/bin/cc - skipped
[0.149s] -- Detecting C compile features
[0.149s] -- Detecting C compile features - done
[0.151s] -- Detecting CXX compiler ABI info
[0.199s] -- Detecting CXX compiler ABI info - done
[0.203s] -- Check for working CXX compiler: /usr/bin/c++ - skipped
[0.203s] -- Detecting CXX compile features
[0.203s] -- Detecting CXX compile features - done
[0.204s] -- Found ament_cmake: 1.3.14 (/opt/ros/humble/share/ament_cmake/cmake)
[0.285s] -- Found Python3: /usr/bin/python3 (found version "3.10.12") found components: Interpreter 
[0.323s] -- Override CMake install command with custom implementation using symlinks instead of copying resources
[0.337s] -- Found rosidl_default_generators: 1.2.1 (/opt/ros/humble/share/rosidl_default_generators/cmake)
[0.338s] -- Using all available rosidl_typesupport_c: rosidl_typesupport_fastrtps_c;rosidl_typesupport_introspection_c
[0.342s] -- Found rosidl_adapter: 3.1.8 (/opt/ros/humble/share/rosidl_adapter/cmake)
[0.360s] -- Using all available rosidl_typesupport_cpp: rosidl_typesupport_fastrtps_cpp;rosidl_typesupport_introspection_cpp
[0.537s] -- Found ament_cmake_ros: 0.10.0 (/opt/ros/humble/share/ament_cmake_ros/cmake)
[0.638s] -- Using all available rosidl_typesupport_c: rosidl_typesupport_fastrtps_c;rosidl_typesupport_introspection_c
[0.765s] -- Using all available rosidl_typesupport_cpp: rosidl_typesupport_fastrtps_cpp;rosidl_typesupport_introspection_cpp
[0.781s] -- Found PythonInterp: /usr/bin/python3 (found suitable version "3.10.12", minimum required is "3.6") 
[0.781s] -- Found python_cmake_module: 0.10.0 (/opt/ros/humble/share/python_cmake_module/cmake)
[0.796s] -- Found PythonLibs: /usr/lib/x86_64-linux-gnu/libpython3.10.so (found suitable version "3.10.12", minimum required is "3.5") 
[0.796s] -- Using PYTHON_EXECUTABLE: /usr/bin/python3
[0.796s] -- Using PYTHON_INCLUDE_DIRS: /usr/include/python3.10
[0.796s] -- Using PYTHON_LIBRARIES: /usr/lib/x86_64-linux-gnu/libpython3.10.so
[0.807s] -- Found PythonExtra: .so  
[0.857s] -- Configuring done
[0.873s] -- Generating done
[0.877s] -- Build files have been written to: /workspace/hsl-player/build/booster_msgs
[0.881s] Invoked command in '/workspace/hsl-player/build/booster_msgs' returned '0': CMAKE_PREFIX_PATH=/opt/ros/humble PS1=\[\e]0;\u@\h: \w\a\]${debian_chroot:+($debian_chroot)}\u@\h:\w\$ /usr/bin/cmake /workspace/hsl-player/src/booster_msgs -DAMENT_CMAKE_SYMLINK_INSTALL=1 -DCMAKE_INSTALL_PREFIX=/workspace/hsl-player/install/booster_msgs
[0.882s] Invoking command in '/workspace/hsl-player/build/booster_msgs': CMAKE_PREFIX_PATH=/opt/ros/humble PS1=\[\e]0;\u@\h: \w\a\]${debian_chroot:+($debian_chroot)}\u@\h:\w\$ /usr/bin/cmake --build /workspace/hsl-player/build/booster_msgs -- -j20 -l20
[0.908s] [  2%] [34m[1mGenerating C code for ROS interfaces[0m
[0.911s] [  4%] [34m[1mGenerating C++ code for ROS interfaces[0m
[0.914s] [  6%] [34m[1mGenerating Rust code for ROS interfaces[0m
[0.915s] [  6%] Built target ament_cmake_python_symlink_booster_msgs
[1.024s] [  6%] Built target booster_msgs__rs
[1.052s] [  6%] Built target booster_msgs__cpp
[1.056s] running egg_info
[1.056s] creating booster_msgs.egg-info
[1.056s] writing booster_msgs.egg-info/PKG-INFO
[1.056s] writing dependency_links to booster_msgs.egg-info/dependency_links.txt
[1.056s] writing top-level names to booster_msgs.egg-info/top_level.txt
[1.057s] writing manifest file 'booster_msgs.egg-info/SOURCES.txt'
[1.057s] [  8%] [34m[1mGenerating C++ introspection for ROS interfaces[0m
[1.057s] [ 10%] [34m[1mGenerating C++ type support for eProsima Fast-RTPS[0m
[1.057s] reading manifest file 'booster_msgs.egg-info/SOURCES.txt'
[1.057s] writing manifest file 'booster_msgs.egg-info/SOURCES.txt'
[1.058s] [ 12%] [34m[1mGenerating C++ type support dispatch for ROS interfaces[0m
[1.078s] [ 12%] Built target ament_cmake_python_build_booster_msgs_egg
[1.147s] [ 14%] [32mBuilding C object CMakeFiles/booster_msgs__rosidl_generator_c.dir/rosidl_generator_c/booster_msgs/msg/detail/rpc_resp_msg__functions.c.o[0m
[1.147s] [ 16%] [32mBuilding C object CMakeFiles/booster_msgs__rosidl_generator_c.dir/rosidl_generator_c/booster_msgs/msg/detail/rpc_req_msg__functions.c.o[0m
[1.149s] [ 18%] [32mBuilding C object CMakeFiles/booster_msgs__rosidl_generator_c.dir/rosidl_generator_c/booster_msgs/msg/detail/binary_data__functions.c.o[0m
[1.180s] [ 20%] [32m[1mLinking C shared library libbooster_msgs__rosidl_generator_c.so[0m
[1.195s] [ 22%] [32mBuilding CXX object CMakeFiles/booster_msgs__rosidl_typesupport_fastrtps_cpp.dir/rosidl_typesupport_fastrtps_cpp/booster_msgs/msg/detail/dds_fastrtps/binary_data__type_support.cpp.o[0m
[1.197s] [ 25%] [32mBuilding CXX object CMakeFiles/booster_msgs__rosidl_typesupport_fastrtps_cpp.dir/rosidl_typesupport_fastrtps_cpp/booster_msgs/msg/detail/dds_fastrtps/rpc_req_msg__type_support.cpp.o[0m
[1.198s] [ 27%] [32mBuilding CXX object CMakeFiles/booster_msgs__rosidl_typesupport_fastrtps_cpp.dir/rosidl_typesupport_fastrtps_cpp/booster_msgs/msg/detail/dds_fastrtps/rpc_resp_msg__type_support.cpp.o[0m
[1.203s] [ 27%] Built target booster_msgs__rosidl_generator_c
[1.207s] [ 29%] [32mBuilding CXX object CMakeFiles/booster_msgs__rosidl_typesupport_cpp.dir/rosidl_typesupport_cpp/booster_msgs/msg/rpc_req_msg__type_support.cpp.o[0m
[1.208s] [ 31%] [32mBuilding CXX object CMakeFiles/booster_msgs__rosidl_typesupport_cpp.dir/rosidl_typesupport_cpp/booster_msgs/msg/rpc_resp_msg__type_support.cpp.o[0m
[1.209s] [ 33%] [32mBuilding CXX object CMakeFiles/booster_msgs__rosidl_typesupport_cpp.dir/rosidl_typesupport_cpp/booster_msgs/msg/binary_data__type_support.cpp.o[0m
[1.209s] [ 35%] [34m[1mGenerating C introspection for ROS interfaces[0m
[1.209s] [ 37%] [34m[1mGenerating C type support for eProsima Fast-RTPS[0m
[1.210s] [ 39%] [34m[1mGenerating C type support dispatch for ROS interfaces[0m
[1.250s] [ 45%] [32mBuilding CXX object CMakeFiles/booster_msgs__rosidl_typesupport_introspection_cpp.dir/rosidl_typesupport_introspection_cpp/booster_msgs/msg/detail/rpc_req_msg__type_support.cpp.o[0m
[1.250s] [ 45%] [32mBuilding CXX object CMakeFiles/booster_msgs__rosidl_typesupport_introspection_cpp.dir/rosidl_typesupport_introspection_cpp/booster_msgs/msg/detail/rpc_resp_msg__type_support.cpp.o[0m
[1.250s] [ 45%] [32mBuilding CXX object CMakeFiles/booster_msgs__rosidl_typesupport_introspection_cpp.dir/rosidl_typesupport_introspection_cpp/booster_msgs/msg/detail/binary_data__type_support.cpp.o[0m
[1.436s] [ 47%] [32mBuilding CXX object CMakeFiles/booster_msgs__rosidl_typesupport_c.dir/rosidl_typesupport_c/booster_msgs/msg/binary_data__type_support.cpp.o[0m
[1.437s] [ 50%] [32mBuilding CXX object CMakeFiles/booster_msgs__rosidl_typesupport_c.dir/rosidl_typesupport_c/booster_msgs/msg/rpc_req_msg__type_support.cpp.o[0m
[1.447s] [ 52%] [32mBuilding CXX object CMakeFiles/booster_msgs__rosidl_typesupport_c.dir/rosidl_typesupport_c/booster_msgs/msg/rpc_resp_msg__type_support.cpp.o[0m
[1.447s] [ 54%] [32mBuilding CXX object CMakeFiles/booster_msgs__rosidl_typesupport_fastrtps_c.dir/rosidl_typesupport_fastrtps_c/booster_msgs/msg/detail/binary_data__type_support_c.cpp.o[0m
[1.448s] [ 56%] [32mBuilding CXX object CMakeFiles/booster_msgs__rosidl_typesupport_fastrtps_c.dir/rosidl_typesupport_fastrtps_c/booster_msgs/msg/detail/rpc_resp_msg__type_support_c.cpp.o[0m
[1.448s] [ 58%] [32mBuilding CXX object CMakeFiles/booster_msgs__rosidl_typesupport_fastrtps_c.dir/rosidl_typesupport_fastrtps_c/booster_msgs/msg/detail/rpc_req_msg__type_support_c.cpp.o[0m
[1.452s] [ 62%] [32m[1mLinking CXX shared library libbooster_msgs__rosidl_typesupport_cpp.so[0m
[1.456s] [ 62%] [32mBuilding C object CMakeFiles/booster_msgs__rosidl_typesupport_introspection_c.dir/rosidl_typesupport_introspection_c/booster_msgs/msg/detail/binary_data__type_support.c.o[0m
[1.457s] [ 64%] [32mBuilding C object CMakeFiles/booster_msgs__rosidl_typesupport_introspection_c.dir/rosidl_typesupport_introspection_c/booster_msgs/msg/detail/rpc_req_msg__type_support.c.o[0m
[1.461s] [ 66%] [32mBuilding C object CMakeFiles/booster_msgs__rosidl_typesupport_introspection_c.dir/rosidl_typesupport_introspection_c/booster_msgs/msg/detail/rpc_resp_msg__type_support.c.o[0m
[1.486s] [ 68%] [32m[1mLinking CXX shared library libbooster_msgs__rosidl_typesupport_c.so[0m
[1.490s] [ 68%] Built target booster_msgs__rosidl_typesupport_cpp
[1.519s] [ 70%] [32m[1mLinking C shared library libbooster_msgs__rosidl_typesupport_introspection_c.so[0m
[1.556s] [ 70%] Built target booster_msgs__rosidl_typesupport_c
[1.562s] [ 70%] Built target booster_msgs__rosidl_typesupport_introspection_c
[1.584s] [ 72%] [32m[1mLinking CXX shared library libbooster_msgs__rosidl_typesupport_fastrtps_cpp.so[0m
[1.644s] [ 72%] Built target booster_msgs__rosidl_typesupport_fastrtps_cpp
[1.681s] [ 75%] [32m[1mLinking CXX shared library libbooster_msgs__rosidl_typesupport_introspection_cpp.so[0m
[1.709s] [ 77%] [32m[1mLinking CXX shared library libbooster_msgs__rosidl_typesupport_fastrtps_c.so[0m
[1.732s] [ 77%] Built target booster_msgs__rosidl_typesupport_introspection_cpp
[1.782s] [ 77%] Built target booster_msgs__rosidl_typesupport_fastrtps_c
[1.793s] [ 77%] Built target booster_msgs
[1.806s] [ 79%] [34m[1mGenerating Python code for ROS interfaces[0m
[2.017s] [ 79%] Built target booster_msgs__py
[2.036s] [ 83%] [32mBuilding C object CMakeFiles/booster_msgs__rosidl_generator_py.dir/rosidl_generator_py/booster_msgs/msg/_binary_data_s.c.o[0m
[2.036s] [ 83%] [32mBuilding C object CMakeFiles/booster_msgs__rosidl_generator_py.dir/rosidl_generator_py/booster_msgs/msg/_rpc_resp_msg_s.c.o[0m
[2.036s] [ 85%] [32mBuilding C object CMakeFiles/booster_msgs__rosidl_generator_py.dir/rosidl_generator_py/booster_msgs/msg/_rpc_req_msg_s.c.o[0m
[2.123s] [ 87%] [32m[1mLinking C shared library rosidl_generator_py/booster_msgs/libbooster_msgs__rosidl_generator_py.so[0m
[2.155s] [ 87%] Built target booster_msgs__rosidl_generator_py
[2.180s] [ 89%] [32mBuilding C object CMakeFiles/booster_msgs__rosidl_typesupport_introspection_c__pyext.dir/rosidl_generator_py/booster_msgs/_booster_msgs_s.ep.rosidl_typesupport_introspection_c.c.o[0m
[2.180s] [ 91%] [32mBuilding C object CMakeFiles/booster_msgs__rosidl_typesupport_fastrtps_c__pyext.dir/rosidl_generator_py/booster_msgs/_booster_msgs_s.ep.rosidl_typesupport_fastrtps_c.c.o[0m
[2.198s] [ 93%] [32mBuilding C object CMakeFiles/booster_msgs__rosidl_typesupport_c__pyext.dir/rosidl_generator_py/booster_msgs/_booster_msgs_s.ep.rosidl_typesupport_c.c.o[0m
[2.284s] [ 95%] [32m[1mLinking C shared library rosidl_generator_py/booster_msgs/booster_msgs_s__rosidl_typesupport_introspection_c.cpython-310-x86_64-linux-gnu.so[0m
[2.333s] [ 97%] [32m[1mLinking C shared library rosidl_generator_py/booster_msgs/booster_msgs_s__rosidl_typesupport_c.cpython-310-x86_64-linux-gnu.so[0m
[2.360s] [ 97%] Built target booster_msgs__rosidl_typesupport_introspection_c__pyext
[2.391s] [100%] [32m[1mLinking C shared library rosidl_generator_py/booster_msgs/booster_msgs_s__rosidl_typesupport_fastrtps_c.cpython-310-x86_64-linux-gnu.so[0m
[2.426s] [100%] Built target booster_msgs__rosidl_typesupport_c__pyext
[2.432s] [100%] Built target booster_msgs__rosidl_typesupport_fastrtps_c__pyext
[2.451s] Invoked command in '/workspace/hsl-player/build/booster_msgs' returned '0': CMAKE_PREFIX_PATH=/opt/ros/humble PS1=\[\e]0;\u@\h: \w\a\]${debian_chroot:+($debian_chroot)}\u@\h:\w\$ /usr/bin/cmake --build /workspace/hsl-player/build/booster_msgs -- -j20 -l20
[2.463s] Invoking command in '/workspace/hsl-player/build/booster_msgs': CMAKE_PREFIX_PATH=/opt/ros/humble PS1=\[\e]0;\u@\h: \w\a\]${debian_chroot:+($debian_chroot)}\u@\h:\w\$ /usr/bin/cmake --install /workspace/hsl-player/build/booster_msgs
[2.468s] -- Install configuration: ""
[2.470s] -- Execute custom install script
[2.471s] -- Symlinking: /workspace/hsl-player/install/booster_msgs/share/ament_index/resource_index/rosidl_interfaces/booster_msgs
[2.492s] -- Symlinking: /workspace/hsl-player/install/booster_msgs/include/booster_msgs/booster_msgs/msg/binary_data.h
[2.528s] -- Symlinking: /workspace/hsl-player/install/booster_msgs/include/booster_msgs/booster_msgs/msg/detail/binary_data__functions.h
[2.534s] -- Symlinking: /workspace/hsl-player/install/booster_msgs/include/booster_msgs/booster_msgs/msg/detail/binary_data__struct.h
[2.546s] -- Symlinking: /workspace/hsl-player/install/booster_msgs/include/booster_msgs/booster_msgs/msg/detail/binary_data__type_support.h
[2.554s] -- Symlinking: /workspace/hsl-player/install/booster_msgs/include/booster_msgs/booster_msgs/msg/detail/rpc_req_msg__functions.h
[2.558s] -- Symlinking: /workspace/hsl-player/install/booster_msgs/include/booster_msgs/booster_msgs/msg/detail/rpc_req_msg__struct.h
[2.565s] -- Symlinking: /workspace/hsl-player/install/booster_msgs/include/booster_msgs/booster_msgs/msg/detail/rpc_req_msg__type_support.h
[2.571s] -- Symlinking: /workspace/hsl-player/install/booster_msgs/include/booster_msgs/booster_msgs/msg/detail/rpc_resp_msg__functions.h
[2.582s] -- Symlinking: /workspace/hsl-player/install/booster_msgs/include/booster_msgs/booster_msgs/msg/detail/rpc_resp_msg__struct.h
[2.589s] -- Symlinking: /workspace/hsl-player/install/booster_msgs/include/booster_msgs/booster_msgs/msg/detail/rpc_resp_msg__type_support.h
[2.600s] -- Symlinking: /workspace/hsl-player/install/booster_msgs/include/booster_msgs/booster_msgs/msg/rosidl_generator_c__visibility_control.h
[2.607s] -- Symlinking: /workspace/hsl-player/install/booster_msgs/include/booster_msgs/booster_msgs/msg/rpc_req_msg.h
[2.615s] -- Symlinking: /workspace/hsl-player/install/booster_msgs/include/booster_msgs/booster_msgs/msg/rpc_resp_msg.h
[2.624s] -- Symlinking: /workspace/hsl-player/install/booster_msgs/share/booster_msgs/environment/library_path.sh
[2.630s] -- Symlinking: /workspace/hsl-player/install/booster_msgs/share/booster_msgs/environment/library_path.dsv
[2.637s] -- Symlinking: /workspace/hsl-player/install/booster_msgs/include/booster_msgs/booster_msgs/msg/detail/binary_data__rosidl_typesupport_fastrtps_c.h
[2.644s] -- Symlinking: /workspace/hsl-player/install/booster_msgs/include/booster_msgs/booster_msgs/msg/detail/rpc_req_msg__rosidl_typesupport_fastrtps_c.h
[2.650s] -- Symlinking: /workspace/hsl-player/install/booster_msgs/include/booster_msgs/booster_msgs/msg/detail/rpc_resp_msg__rosidl_typesupport_fastrtps_c.h
[2.656s] -- Symlinking: /workspace/hsl-player/install/booster_msgs/include/booster_msgs/booster_msgs/msg/rosidl_typesupport_fastrtps_c__visibility_control.h
[2.663s] -- Symlinking: /workspace/hsl-player/install/booster_msgs/include/booster_msgs/booster_msgs/msg/detail/binary_data__rosidl_typesupport_introspection_c.h
[2.670s] -- Symlinking: /workspace/hsl-player/install/booster_msgs/include/booster_msgs/booster_msgs/msg/detail/rpc_req_msg__rosidl_typesupport_introspection_c.h
[2.676s] -- Symlinking: /workspace/hsl-player/install/booster_msgs/include/booster_msgs/booster_msgs/msg/detail/rpc_resp_msg__rosidl_typesupport_introspection_c.h
[2.682s] -- Symlinking: /workspace/hsl-player/install/booster_msgs/include/booster_msgs/booster_msgs/msg/rosidl_typesupport_introspection_c__visibility_control.h
[2.688s] -- Symlinking: /workspace/hsl-player/install/booster_msgs/include/booster_msgs/booster_msgs/msg/binary_data.hpp
[2.694s] -- Symlinking: /workspace/hsl-player/install/booster_msgs/include/booster_msgs/booster_msgs/msg/detail/binary_data__builder.hpp
[2.700s] -- Symlinking: /workspace/hsl-player/install/booster_msgs/include/booster_msgs/booster_msgs/msg/detail/binary_data__struct.hpp
[2.706s] -- Symlinking: /workspace/hsl-player/install/booster_msgs/include/booster_msgs/booster_msgs/msg/detail/binary_data__traits.hpp
[2.712s] -- Symlinking: /workspace/hsl-player/install/booster_msgs/include/booster_msgs/booster_msgs/msg/detail/binary_data__type_support.hpp
[2.719s] -- Symlinking: /workspace/hsl-player/install/booster_msgs/include/booster_msgs/booster_msgs/msg/detail/rpc_req_msg__builder.hpp
[2.725s] -- Symlinking: /workspace/hsl-player/install/booster_msgs/include/booster_msgs/booster_msgs/msg/detail/rpc_req_msg__struct.hpp
[2.730s] -- Symlinking: /workspace/hsl-player/install/booster_msgs/include/booster_msgs/booster_msgs/msg/detail/rpc_req_msg__traits.hpp
[2.737s] -- Symlinking: /workspace/hsl-player/install/booster_msgs/include/booster_msgs/booster_msgs/msg/detail/rpc_req_msg__type_support.hpp
[2.742s] -- Symlinking: /workspace/hsl-player/install/booster_msgs/include/booster_msgs/booster_msgs/msg/detail/rpc_resp_msg__builder.hpp
[2.748s] -- Symlinking: /workspace/hsl-player/install/booster_msgs/include/booster_msgs/booster_msgs/msg/detail/rpc_resp_msg__struct.hpp
[2.755s] -- Symlinking: /workspace/hsl-player/install/booster_msgs/include/booster_msgs/booster_msgs/msg/detail/rpc_resp_msg__traits.hpp
[2.761s] -- Symlinking: /workspace/hsl-player/install/booster_msgs/include/booster_msgs/booster_msgs/msg/detail/rpc_resp_msg__type_support.hpp
[2.767s] -- Symlinking: /workspace/hsl-player/install/booster_msgs/include/booster_msgs/booster_msgs/msg/rosidl_generator_cpp__visibility_control.hpp
[2.772s] -- Symlinking: /workspace/hsl-player/install/booster_msgs/include/booster_msgs/booster_msgs/msg/rpc_req_msg.hpp
[2.778s] -- Symlinking: /workspace/hsl-player/install/booster_msgs/include/booster_msgs/booster_msgs/msg/rpc_resp_msg.hpp
[2.784s] -- Symlinking: /workspace/hsl-player/install/booster_msgs/include/booster_msgs/booster_msgs/msg/detail/binary_data__rosidl_typesupport_fastrtps_cpp.hpp
[2.789s] -- Symlinking: /workspace/hsl-player/install/booster_msgs/include/booster_msgs/booster_msgs/msg/detail/rpc_req_msg__rosidl_typesupport_fastrtps_cpp.hpp
[2.795s] -- Symlinking: /workspace/hsl-player/install/booster_msgs/include/booster_msgs/booster_msgs/msg/detail/rpc_resp_msg__rosidl_typesupport_fastrtps_cpp.hpp
[2.801s] -- Symlinking: /workspace/hsl-player/install/booster_msgs/include/booster_msgs/booster_msgs/msg/rosidl_typesupport_fastrtps_cpp__visibility_control.h
[2.812s] -- Symlinking: /workspace/hsl-player/install/booster_msgs/include/booster_msgs/booster_msgs/msg/detail/binary_data__rosidl_typesupport_introspection_cpp.hpp
[2.819s] -- Symlinking: /workspace/hsl-player/install/booster_msgs/include/booster_msgs/booster_msgs/msg/detail/rpc_req_msg__rosidl_typesupport_introspection_cpp.hpp
[2.827s] -- Symlinking: /workspace/hsl-player/install/booster_msgs/include/booster_msgs/booster_msgs/msg/detail/rpc_resp_msg__rosidl_typesupport_introspection_cpp.hpp
[2.831s] -- Symlinking: /workspace/hsl-player/install/booster_msgs/share/booster_msgs/environment/pythonpath.sh
[2.835s] -- Symlinking: /workspace/hsl-player/install/booster_msgs/share/booster_msgs/environment/pythonpath.dsv
[2.843s] -- Symlinking: /workspace/hsl-player/install/booster_msgs/local/lib/python3.10/dist-packages/booster_msgs-0.0.0-py3.10.egg-info/PKG-INFO
[2.856s] -- Symlinking: /workspace/hsl-player/install/booster_msgs/local/lib/python3.10/dist-packages/booster_msgs-0.0.0-py3.10.egg-info/SOURCES.txt
[2.875s] -- Symlinking: /workspace/hsl-player/install/booster_msgs/local/lib/python3.10/dist-packages/booster_msgs-0.0.0-py3.10.egg-info/dependency_links.txt
[2.895s] -- Symlinking: /workspace/hsl-player/install/booster_msgs/local/lib/python3.10/dist-packages/booster_msgs-0.0.0-py3.10.egg-info/top_level.txt
[2.908s] -- Symlinking: /workspace/hsl-player/install/booster_msgs/local/lib/python3.10/dist-packages/booster_msgs/__init__.py
[2.935s] -- Symlinking: /workspace/hsl-player/install/booster_msgs/local/lib/python3.10/dist-packages/booster_msgs/_booster_msgs_s.ep.rosidl_typesupport_c.c
[2.950s] -- Symlinking: /workspace/hsl-player/install/booster_msgs/local/lib/python3.10/dist-packages/booster_msgs/_booster_msgs_s.ep.rosidl_typesupport_fastrtps_c.c
[2.963s] -- Symlinking: /workspace/hsl-player/install/booster_msgs/local/lib/python3.10/dist-packages/booster_msgs/_booster_msgs_s.ep.rosidl_typesupport_introspection_c.c
[2.995s] -- Symlinking: /workspace/hsl-player/install/booster_msgs/local/lib/python3.10/dist-packages/booster_msgs/booster_msgs_s__rosidl_typesupport_c.cpython-310-x86_64-linux-gnu.so
[3.018s] -- Symlinking: /workspace/hsl-player/install/booster_msgs/local/lib/python3.10/dist-packages/booster_msgs/booster_msgs_s__rosidl_typesupport_fastrtps_c.cpython-310-x86_64-linux-gnu.so
[3.043s] -- Symlinking: /workspace/hsl-player/install/booster_msgs/local/lib/python3.10/dist-packages/booster_msgs/booster_msgs_s__rosidl_typesupport_introspection_c.cpython-310-x86_64-linux-gnu.so
[3.063s] -- Symlinking: /workspace/hsl-player/install/booster_msgs/local/lib/python3.10/dist-packages/booster_msgs/libbooster_msgs__rosidl_generator_py.so
[3.072s] -- Symlinking: /workspace/hsl-player/install/booster_msgs/local/lib/python3.10/dist-packages/booster_msgs/msg/__init__.py
[3.091s] -- Symlinking: /workspace/hsl-player/install/booster_msgs/local/lib/python3.10/dist-packages/booster_msgs/msg/_binary_data.py
[3.104s] -- Symlinking: /workspace/hsl-player/install/booster_msgs/local/lib/python3.10/dist-packages/booster_msgs/msg/_binary_data_s.c
[3.117s] -- Symlinking: /workspace/hsl-player/install/booster_msgs/local/lib/python3.10/dist-packages/booster_msgs/msg/_rpc_req_msg.py
[3.134s] -- Symlinking: /workspace/hsl-player/install/booster_msgs/local/lib/python3.10/dist-packages/booster_msgs/msg/_rpc_req_msg_s.c
[3.149s] -- Symlinking: /workspace/hsl-player/install/booster_msgs/local/lib/python3.10/dist-packages/booster_msgs/msg/_rpc_resp_msg.py
[3.163s] -- Symlinking: /workspace/hsl-player/install/booster_msgs/local/lib/python3.10/dist-packages/booster_msgs/msg/_rpc_resp_msg_s.c
[3.175s] -- Up-to-date symlink: /workspace/hsl-player/install/booster_msgs/local/lib/python3.10/dist-packages/booster_msgs/booster_msgs_s__rosidl_typesupport_fastrtps_c.cpython-310-x86_64-linux-gnu.so
[3.175s] -- Up-to-date symlink: /workspace/hsl-player/install/booster_msgs/local/lib/python3.10/dist-packages/booster_msgs/booster_msgs_s__rosidl_typesupport_introspection_c.cpython-310-x86_64-linux-gnu.so
[3.175s] -- Up-to-date symlink: /workspace/hsl-player/install/booster_msgs/local/lib/python3.10/dist-packages/booster_msgs/booster_msgs_s__rosidl_typesupport_c.cpython-310-x86_64-linux-gnu.so
[3.175s] -- Symlinking: /workspace/hsl-player/install/booster_msgs/share/ament_index/resource_index/rust_packages/booster_msgs
[3.195s] -- Symlinking: /workspace/hsl-player/install/booster_msgs/share/booster_msgs/rust/Cargo.toml
[3.215s] -- Symlinking: /workspace/hsl-player/install/booster_msgs/share/booster_msgs/rust/build.rs
[3.229s] -- Symlinking: /workspace/hsl-player/install/booster_msgs/share/booster_msgs/rust/src/lib.rs
[3.245s] -- Symlinking: /workspace/hsl-player/install/booster_msgs/share/booster_msgs/rust/src/msg.rs
[3.261s] -- Symlinking: /workspace/hsl-player/install/booster_msgs/share/booster_msgs/rust/src/msg/rmw.rs
[3.279s] -- Symlinking: /workspace/hsl-player/install/booster_msgs/share/booster_msgs/msg/BinaryData.idl
[3.305s] -- Symlinking: /workspace/hsl-player/install/booster_msgs/share/booster_msgs/msg/RpcReqMsg.idl
[3.325s] -- Symlinking: /workspace/hsl-player/install/booster_msgs/share/booster_msgs/msg/RpcRespMsg.idl
[3.332s] -- Symlinking: /workspace/hsl-player/install/booster_msgs/share/booster_msgs/msg/BinaryData.msg
[3.350s] -- Symlinking: /workspace/hsl-player/install/booster_msgs/share/booster_msgs/msg/RpcReqMsg.msg
[3.368s] -- Symlinking: /workspace/hsl-player/install/booster_msgs/share/booster_msgs/msg/RpcRespMsg.msg
[3.385s] -- Symlinking: /workspace/hsl-player/install/booster_msgs/share/ament_index/resource_index/package_run_dependencies/booster_msgs
[3.408s] -- Symlinking: /workspace/hsl-player/install/booster_msgs/share/ament_index/resource_index/parent_prefix_path/booster_msgs
[3.422s] -- Symlinking: /workspace/hsl-player/install/booster_msgs/share/booster_msgs/environment/ament_prefix_path.sh
[3.442s] -- Symlinking: /workspace/hsl-player/install/booster_msgs/share/booster_msgs/environment/ament_prefix_path.dsv
[3.464s] -- Symlinking: /workspace/hsl-player/install/booster_msgs/share/booster_msgs/environment/path.sh
[3.484s] -- Symlinking: /workspace/hsl-player/install/booster_msgs/share/booster_msgs/environment/path.dsv
[3.495s] -- Symlinking: /workspace/hsl-player/install/booster_msgs/share/booster_msgs/local_setup.bash
[3.502s] -- Symlinking: /workspace/hsl-player/install/booster_msgs/share/booster_msgs/local_setup.sh
[3.511s] -- Symlinking: /workspace/hsl-player/install/booster_msgs/share/booster_msgs/local_setup.zsh
[3.521s] -- Symlinking: /workspace/hsl-player/install/booster_msgs/share/booster_msgs/local_setup.dsv
[3.528s] -- Symlinking: /workspace/hsl-player/install/booster_msgs/share/booster_msgs/package.dsv
[3.544s] -- Symlinking: /workspace/hsl-player/install/booster_msgs/share/ament_index/resource_index/packages/booster_msgs
[3.554s] -- Symlinking: /workspace/hsl-player/install/booster_msgs/share/booster_msgs/cmake/rosidl_cmake-extras.cmake
[3.573s] -- Symlinking: /workspace/hsl-player/install/booster_msgs/share/booster_msgs/cmake/ament_cmake_export_include_directories-extras.cmake
[3.588s] -- Symlinking: /workspace/hsl-player/install/booster_msgs/share/booster_msgs/cmake/ament_cmake_export_libraries-extras.cmake
[3.605s] -- Symlinking: /workspace/hsl-player/install/booster_msgs/share/booster_msgs/cmake/ament_cmake_export_targets-extras.cmake
[3.627s] -- Symlinking: /workspace/hsl-player/install/booster_msgs/share/booster_msgs/cmake/rosidl_cmake_export_typesupport_targets-extras.cmake
[3.646s] -- Symlinking: /workspace/hsl-player/install/booster_msgs/share/booster_msgs/cmake/ament_cmake_export_dependencies-extras.cmake
[3.666s] -- Symlinking: /workspace/hsl-player/install/booster_msgs/share/booster_msgs/cmake/rosidl_cmake_export_typesupport_libraries-extras.cmake
[3.683s] -- Symlinking: /workspace/hsl-player/install/booster_msgs/share/booster_msgs/cmake/booster_msgsConfig.cmake
[3.700s] -- Symlinking: /workspace/hsl-player/install/booster_msgs/share/booster_msgs/cmake/booster_msgsConfig-version.cmake
[3.724s] -- Symlinking: /workspace/hsl-player/install/booster_msgs/share/booster_msgs/package.xml
[3.747s] -- Installing: /workspace/hsl-player/install/booster_msgs/lib/libbooster_msgs__rosidl_generator_c.so
[3.747s] -- Set runtime path of "/workspace/hsl-player/install/booster_msgs/lib/libbooster_msgs__rosidl_generator_c.so" to ""
[3.747s] -- Installing: /workspace/hsl-player/install/booster_msgs/lib/libbooster_msgs__rosidl_typesupport_fastrtps_c.so
[3.747s] -- Set runtime path of "/workspace/hsl-player/install/booster_msgs/lib/libbooster_msgs__rosidl_typesupport_fastrtps_c.so" to ""
[3.747s] -- Installing: /workspace/hsl-player/install/booster_msgs/lib/libbooster_msgs__rosidl_typesupport_introspection_c.so
[3.754s] -- Set runtime path of "/workspace/hsl-player/install/booster_msgs/lib/libbooster_msgs__rosidl_typesupport_introspection_c.so" to ""
[3.754s] -- Installing: /workspace/hsl-player/install/booster_msgs/lib/libbooster_msgs__rosidl_typesupport_c.so
[3.754s] -- Set runtime path of "/workspace/hsl-player/install/booster_msgs/lib/libbooster_msgs__rosidl_typesupport_c.so" to ""
[3.754s] -- Installing: /workspace/hsl-player/install/booster_msgs/lib/libbooster_msgs__rosidl_typesupport_fastrtps_cpp.so
[3.754s] -- Set runtime path of "/workspace/hsl-player/install/booster_msgs/lib/libbooster_msgs__rosidl_typesupport_fastrtps_cpp.so" to ""
[3.754s] -- Installing: /workspace/hsl-player/install/booster_msgs/lib/libbooster_msgs__rosidl_typesupport_introspection_cpp.so
[3.754s] -- Set runtime path of "/workspace/hsl-player/install/booster_msgs/lib/libbooster_msgs__rosidl_typesupport_introspection_cpp.so" to ""
[3.754s] -- Installing: /workspace/hsl-player/install/booster_msgs/lib/libbooster_msgs__rosidl_typesupport_cpp.so
[3.754s] -- Set runtime path of "/workspace/hsl-player/install/booster_msgs/lib/libbooster_msgs__rosidl_typesupport_cpp.so" to ""
[3.828s] Listing '/workspace/hsl-player/install/booster_msgs/local/lib/python3.10/dist-packages/booster_msgs'...
[3.828s] Compiling '/workspace/hsl-player/install/booster_msgs/local/lib/python3.10/dist-packages/booster_msgs/__init__.py'...
[3.828s] Listing '/workspace/hsl-player/install/booster_msgs/local/lib/python3.10/dist-packages/booster_msgs/msg'...
[3.828s] Compiling '/workspace/hsl-player/install/booster_msgs/local/lib/python3.10/dist-packages/booster_msgs/msg/__init__.py'...
[3.828s] Compiling '/workspace/hsl-player/install/booster_msgs/local/lib/python3.10/dist-packages/booster_msgs/msg/_binary_data.py'...
[3.828s] Compiling '/workspace/hsl-player/install/booster_msgs/local/lib/python3.10/dist-packages/booster_msgs/msg/_rpc_req_msg.py'...
[3.828s] Compiling '/workspace/hsl-player/install/booster_msgs/local/lib/python3.10/dist-packages/booster_msgs/msg/_rpc_resp_msg.py'...
[3.849s] -- Installing: /workspace/hsl-player/install/booster_msgs/lib/libbooster_msgs__rosidl_generator_py.so
[3.851s] -- Set runtime path of "/workspace/hsl-player/install/booster_msgs/lib/libbooster_msgs__rosidl_generator_py.so" to ""
[3.852s] -- Installing: /workspace/hsl-player/install/booster_msgs/share/booster_msgs/cmake/export_booster_msgs__rosidl_generator_cExport.cmake
[3.855s] -- Installing: /workspace/hsl-player/install/booster_msgs/share/booster_msgs/cmake/export_booster_msgs__rosidl_generator_cExport-noconfig.cmake
[3.855s] -- Installing: /workspace/hsl-player/install/booster_msgs/share/booster_msgs/cmake/export_booster_msgs__rosidl_typesupport_fastrtps_cExport.cmake
[3.856s] -- Installing: /workspace/hsl-player/install/booster_msgs/share/booster_msgs/cmake/export_booster_msgs__rosidl_typesupport_fastrtps_cExport-noconfig.cmake
[3.866s] -- Installing: /workspace/hsl-player/install/booster_msgs/share/booster_msgs/cmake/booster_msgs__rosidl_typesupport_introspection_cExport.cmake
[3.866s] -- Installing: /workspace/hsl-player/install/booster_msgs/share/booster_msgs/cmake/booster_msgs__rosidl_typesupport_introspection_cExport-noconfig.cmake
[3.866s] -- Installing: /workspace/hsl-player/install/booster_msgs/share/booster_msgs/cmake/booster_msgs__rosidl_typesupport_cExport.cmake
[3.866s] -- Installing: /workspace/hsl-player/install/booster_msgs/share/booster_msgs/cmake/booster_msgs__rosidl_typesupport_cExport-noconfig.cmake
[3.873s] -- Installing: /workspace/hsl-player/install/booster_msgs/share/booster_msgs/cmake/export_booster_msgs__rosidl_generator_cppExport.cmake
[3.873s] -- Installing: /workspace/hsl-player/install/booster_msgs/share/booster_msgs/cmake/export_booster_msgs__rosidl_typesupport_fastrtps_cppExport.cmake
[3.873s] -- Installing: /workspace/hsl-player/install/booster_msgs/share/booster_msgs/cmake/export_booster_msgs__rosidl_typesupport_fastrtps_cppExport-noconfig.cmake
[3.873s] -- Installing: /workspace/hsl-player/install/booster_msgs/share/booster_msgs/cmake/booster_msgs__rosidl_typesupport_introspection_cppExport.cmake
[3.873s] -- Installing: /workspace/hsl-player/install/booster_msgs/share/booster_msgs/cmake/booster_msgs__rosidl_typesupport_introspection_cppExport-noconfig.cmake
[3.874s] -- Installing: /workspace/hsl-player/install/booster_msgs/share/booster_msgs/cmake/booster_msgs__rosidl_typesupport_cppExport.cmake
[3.874s] -- Installing: /workspace/hsl-player/install/booster_msgs/share/booster_msgs/cmake/booster_msgs__rosidl_typesupport_cppExport-noconfig.cmake
[3.876s] -- Installing: /workspace/hsl-player/install/booster_msgs/share/booster_msgs/cmake/export_booster_msgs__rosidl_generator_pyExport.cmake
[3.877s] -- Installing: /workspace/hsl-player/install/booster_msgs/share/booster_msgs/cmake/export_booster_msgs__rosidl_generator_pyExport-noconfig.cmake
[3.883s] Invoked command in '/workspace/hsl-player/build/booster_msgs' returned '0': CMAKE_PREFIX_PATH=/opt/ros/humble PS1=\[\e]0;\u@\h: \w\a\]${debian_chroot:+($debian_chroot)}\u@\h:\w\$ /usr/bin/cmake --install /workspace/hsl-player/build/booster_msgs
