[0.343s] Invoking command in '/workspace/hsl-player/build/sound_play': PS1=\[\e]0;\u@\h: \w\a\]${debian_chroot:+($debian_chroot)}\u@\h:\w\$ PYTHONPATH=/workspace/hsl-player/build/sound_play/prefix_override:/usr/lib/python3/dist-packages/colcon_core/task/python/colcon_distutils_commands:/workspace/hsl-player/install/sound_play/lib/python3.10/site-packages:${PYTHONPATH} /usr/bin/python3 -W ignore:setup.py install is deprecated -W ignore:easy_install command is deprecated setup.py develop --editable --build-directory /workspace/hsl-player/build/sound_play/build --no-deps symlink_data
[0.489s] running develop
[0.546s] running egg_info
[0.546s] creating sound_play.egg-info
[0.547s] writing sound_play.egg-info/PKG-INFO
[0.547s] writing dependency_links to sound_play.egg-info/dependency_links.txt
[0.547s] writing entry points to sound_play.egg-info/entry_points.txt
[0.547s] writing requirements to sound_play.egg-info/requires.txt
[0.547s] writing top-level names to sound_play.egg-info/top_level.txt
[0.547s] writing manifest file 'sound_play.egg-info/SOURCES.txt'
[0.548s] reading manifest file 'sound_play.egg-info/SOURCES.txt'
[0.548s] writing manifest file 'sound_play.egg-info/SOURCES.txt'
[0.549s] running build_ext
[0.549s] Creating /workspace/hsl-player/install/sound_play/lib/python3.10/site-packages/sound-play.egg-link (link to .)
[0.549s] Installing sound_play_node script to /workspace/hsl-player/install/sound_play/lib/sound_play
[0.549s] 
[0.549s] Installed /workspace/hsl-player/build/sound_play
[0.549s] running symlink_data
[0.550s] creating /workspace/hsl-player/install/sound_play/share/ament_index
[0.550s] creating /workspace/hsl-player/install/sound_play/share/ament_index/resource_index
[0.550s] creating /workspace/hsl-player/install/sound_play/share/ament_index/resource_index/packages
[0.550s] symbolically linking /workspace/hsl-player/build/sound_play/resource/sound_play -> /workspace/hsl-player/install/sound_play/share/ament_index/resource_index/packages
[0.550s] symbolically linking /workspace/hsl-player/build/sound_play/package.xml -> /workspace/hsl-player/install/sound_play/share/sound_play
[0.550s] creating /workspace/hsl-player/install/sound_play/share/sound_play/sounds
[0.550s] symbolically linking /workspace/hsl-player/build/sound_play/sounds/rmm-regret.mp3 -> /workspace/hsl-player/install/sound_play/share/sound_play/sounds
[0.550s] symbolically linking /workspace/hsl-player/build/sound_play/sounds/alarm.mp3 -> /workspace/hsl-player/install/sound_play/share/sound_play/sounds
[0.550s] symbolically linking /workspace/hsl-player/build/sound_play/sounds/jianguo-chase.mp3 -> /workspace/hsl-player/install/sound_play/share/sound_play/sounds
[0.550s] symbolically linking /workspace/hsl-player/build/sound_play/sounds/jianguo-kick.mp3 -> /workspace/hsl-player/install/sound_play/share/sound_play/sounds
[0.550s] symbolically linking /workspace/hsl-player/build/sound_play/sounds/tvb-taunt.mp3 -> /workspace/hsl-player/install/sound_play/share/sound_play/sounds
[0.550s] symbolically linking /workspace/hsl-player/build/sound_play/sounds/exited.mp3 -> /workspace/hsl-player/install/sound_play/share/sound_play/sounds
[0.550s] symbolically linking /workspace/hsl-player/build/sound_play/sounds/fbb-celebrate.mp3 -> /workspace/hsl-player/install/sound_play/share/sound_play/sounds
[0.550s] symbolically linking /workspace/hsl-player/build/sound_play/sounds/locate_success_left.mp3 -> /workspace/hsl-player/install/sound_play/share/sound_play/sounds
[0.550s] symbolically linking /workspace/hsl-player/build/sound_play/sounds/rmm-celebrate.mp3 -> /workspace/hsl-player/install/sound_play/share/sound_play/sounds
[0.550s] symbolically linking /workspace/hsl-player/build/sound_play/sounds/rmm-kick.mp3 -> /workspace/hsl-player/install/sound_play/share/sound_play/sounds
[0.550s] symbolically linking /workspace/hsl-player/build/sound_play/sounds/tvb-ready.mp3 -> /workspace/hsl-player/install/sound_play/share/sound_play/sounds
[0.550s] symbolically linking /workspace/hsl-player/build/sound_play/sounds/beep-whistle.mp3 -> /workspace/hsl-player/install/sound_play/share/sound_play/sounds
[0.550s] symbolically linking /workspace/hsl-player/build/sound_play/sounds/playful.mp3 -> /workspace/hsl-player/install/sound_play/share/sound_play/sounds
[0.550s] symbolically linking /workspace/hsl-player/build/sound_play/sounds/talk.mp3 -> /workspace/hsl-player/install/sound_play/share/sound_play/sounds
[0.550s] symbolically linking /workspace/hsl-player/build/sound_play/sounds/rmm-chase.mp3 -> /workspace/hsl-player/install/sound_play/share/sound_play/sounds
[0.550s] symbolically linking /workspace/hsl-player/build/sound_play/sounds/fbb-taunt.mp3 -> /workspace/hsl-player/install/sound_play/share/sound_play/sounds
[0.550s] symbolically linking /workspace/hsl-player/build/sound_play/sounds/rmm-taunt.mp3 -> /workspace/hsl-player/install/sound_play/share/sound_play/sounds
[0.550s] symbolically linking /workspace/hsl-player/build/sound_play/sounds/fbb-regret.mp3 -> /workspace/hsl-player/install/sound_play/share/sound_play/sounds
[0.550s] symbolically linking /workspace/hsl-player/build/sound_play/sounds/locate_success.mp3 -> /workspace/hsl-player/install/sound_play/share/sound_play/sounds
[0.550s] symbolically linking /workspace/hsl-player/build/sound_play/sounds/tj-ready.mp3 -> /workspace/hsl-player/install/sound_play/share/sound_play/sounds
[0.550s] symbolically linking /workspace/hsl-player/build/sound_play/sounds/locate_success_right.mp3 -> /workspace/hsl-player/install/sound_play/share/sound_play/sounds
[0.550s] symbolically linking /workspace/hsl-player/build/sound_play/sounds/search.mp3 -> /workspace/hsl-player/install/sound_play/share/sound_play/sounds
[0.550s] symbolically linking /workspace/hsl-player/build/sound_play/sounds/jianguo-adjust.mp3 -> /workspace/hsl-player/install/sound_play/share/sound_play/sounds
[0.550s] symbolically linking /workspace/hsl-player/build/sound_play/sounds/rickroll.mp3 -> /workspace/hsl-player/install/sound_play/share/sound_play/sounds
[0.550s] symbolically linking /workspace/hsl-player/build/sound_play/sounds/tvb-celebrate.mp3 -> /workspace/hsl-player/install/sound_play/share/sound_play/sounds
[0.550s] symbolically linking /workspace/hsl-player/build/sound_play/sounds/jianguo-celebrate.mp3 -> /workspace/hsl-player/install/sound_play/share/sound_play/sounds
[0.550s] symbolically linking /workspace/hsl-player/build/sound_play/sounds/jianguo-ready.mp3 -> /workspace/hsl-player/install/sound_play/share/sound_play/sounds
[0.550s] symbolically linking /workspace/hsl-player/build/sound_play/sounds/locating.mp3 -> /workspace/hsl-player/install/sound_play/share/sound_play/sounds
[0.550s] symbolically linking /workspace/hsl-player/build/sound_play/sounds/jianguo-regret.mp3 -> /workspace/hsl-player/install/sound_play/share/sound_play/sounds
[0.550s] symbolically linking /workspace/hsl-player/build/sound_play/sounds/r2d2-regret.mp3 -> /workspace/hsl-player/install/sound_play/share/sound_play/sounds
[0.551s] symbolically linking /workspace/hsl-player/build/sound_play/sounds/r2d2-celebrate.mp3 -> /workspace/hsl-player/install/sound_play/share/sound_play/sounds
[0.551s] symbolically linking /workspace/hsl-player/build/sound_play/sounds/r2d2-adjust.mp3 -> /workspace/hsl-player/install/sound_play/share/sound_play/sounds
[0.551s] symbolically linking /workspace/hsl-player/build/sound_play/sounds/start.mp3 -> /workspace/hsl-player/install/sound_play/share/sound_play/sounds
[0.551s] symbolically linking /workspace/hsl-player/build/sound_play/sounds/tj-celebrate.mp3 -> /workspace/hsl-player/install/sound_play/share/sound_play/sounds
[0.551s] symbolically linking /workspace/hsl-player/build/sound_play/sounds/jianguo-ready.wav -> /workspace/hsl-player/install/sound_play/share/sound_play/sounds
[0.551s] symbolically linking /workspace/hsl-player/build/sound_play/sounds/tvb-kick.mp3 -> /workspace/hsl-player/install/sound_play/share/sound_play/sounds
[0.551s] symbolically linking /workspace/hsl-player/build/sound_play/sounds/fbb-ready.mp3 -> /workspace/hsl-player/install/sound_play/share/sound_play/sounds
[0.551s] symbolically linking /workspace/hsl-player/build/sound_play/sounds/r2d2-chase.mp3 -> /workspace/hsl-player/install/sound_play/share/sound_play/sounds
[0.551s] symbolically linking /workspace/hsl-player/build/sound_play/sounds/fbb-chase.mp3 -> /workspace/hsl-player/install/sound_play/share/sound_play/sounds
[0.551s] symbolically linking /workspace/hsl-player/build/sound_play/sounds/r2d2-ready.mp3 -> /workspace/hsl-player/install/sound_play/share/sound_play/sounds
[0.551s] symbolically linking /workspace/hsl-player/build/sound_play/sounds/tvb-regret.mp3 -> /workspace/hsl-player/install/sound_play/share/sound_play/sounds
[0.551s] symbolically linking /workspace/hsl-player/build/sound_play/sounds/fbb-kick.mp3 -> /workspace/hsl-player/install/sound_play/share/sound_play/sounds
[0.551s] symbolically linking /workspace/hsl-player/build/sound_play/sounds/laugh.mp3 -> /workspace/hsl-player/install/sound_play/share/sound_play/sounds
[0.551s] symbolically linking /workspace/hsl-player/build/sound_play/sounds/stop.mp3 -> /workspace/hsl-player/install/sound_play/share/sound_play/sounds
[0.551s] symbolically linking /workspace/hsl-player/build/sound_play/sounds/sad.mp3 -> /workspace/hsl-player/install/sound_play/share/sound_play/sounds
[0.551s] symbolically linking /workspace/hsl-player/build/sound_play/sounds/rmm-ready.mp3 -> /workspace/hsl-player/install/sound_play/share/sound_play/sounds
[0.551s] symbolically linking /workspace/hsl-player/build/sound_play/sounds/tvb-chase.mp3 -> /workspace/hsl-player/install/sound_play/share/sound_play/sounds
[0.551s] symbolically linking /workspace/hsl-player/build/sound_play/sounds/r2d2-kick.mp3 -> /workspace/hsl-player/install/sound_play/share/sound_play/sounds
[0.551s] symbolically linking /workspace/hsl-player/build/sound_play/sounds/tvb-adjust.mp3 -> /workspace/hsl-player/install/sound_play/share/sound_play/sounds
[0.570s] Invoked command in '/workspace/hsl-player/build/sound_play' returned '0': PS1=\[\e]0;\u@\h: \w\a\]${debian_chroot:+($debian_chroot)}\u@\h:\w\$ PYTHONPATH=/workspace/hsl-player/build/sound_play/prefix_override:/usr/lib/python3/dist-packages/colcon_core/task/python/colcon_distutils_commands:/workspace/hsl-player/install/sound_play/lib/python3.10/site-packages:${PYTHONPATH} /usr/bin/python3 -W ignore:setup.py install is deprecated -W ignore:easy_install command is deprecated setup.py develop --editable --build-directory /workspace/hsl-player/build/sound_play/build --no-deps symlink_data
