[0.006s] Invoking command in '/workspace/hsl-player/build/game_controller': AMENT_PREFIX_PATH=/workspace/hsl-player/install/game_controller_interface:${AMENT_PREFIX_PATH} CMAKE_PREFIX_PATH=/workspace/hsl-player/install/game_controller_interface:/opt/ros/humble LD_LIBRARY_PATH=/workspace/hsl-player/install/game_controller_interface/lib:${LD_LIBRARY_PATH} PS1=\[\e]0;\u@\h: \w\a\]${debian_chroot:+($debian_chroot)}\u@\h:\w\$ PYTHONPATH=/workspace/hsl-player/install/game_controller_interface/local/lib/python3.10/dist-packages:${PYTHONPATH} /usr/bin/cmake /workspace/hsl-player/src/game_controller -DAMENT_CMAKE_SYMLINK_INSTALL=1 -DCMAKE_INSTALL_PREFIX=/workspace/hsl-player/install/game_controller
[0.040s] -- The C compiler identification is GNU 11.4.0
[0.070s] -- The CXX compiler identification is GNU 11.4.0
[0.073s] -- Detecting C compiler ABI info
[0.110s] -- Detecting C compiler ABI info - done
[0.114s] -- Check for working C compiler: /usr/bin/cc - skipped
[0.114s] -- Detecting C compile features
[0.114s] -- Detecting C compile features - done
[0.116s] -- Detecting CXX compiler ABI info
[0.161s] -- Detecting CXX compiler ABI info - done
[0.165s] -- Check for working CXX compiler: /usr/bin/c++ - skipped
[0.165s] -- Detecting CXX compile features
[0.166s] -- Detecting CXX compile features - done
[0.167s] -- Found ament_cmake: 1.3.14 (/opt/ros/humble/share/ament_cmake/cmake)
[0.265s] -- Found Python3: /usr/bin/python3 (found version "3.10.12") found components: Interpreter 
[0.300s] -- Override CMake install command with custom implementation using symlinks instead of copying resources
[0.314s] -- Found rclcpp: 16.0.19 (/opt/ros/humble/share/rclcpp/cmake)
[0.347s] -- Found rosidl_generator_c: 3.1.8 (/opt/ros/humble/share/rosidl_generator_c/cmake)
[0.351s] -- Found rosidl_adapter: 3.1.8 (/opt/ros/humble/share/rosidl_adapter/cmake)
[0.355s] -- Found rosidl_generator_cpp: 3.1.8 (/opt/ros/humble/share/rosidl_generator_cpp/cmake)
[0.361s] -- Using all available rosidl_typesupport_c: rosidl_typesupport_fastrtps_c;rosidl_typesupport_introspection_c
[0.369s] -- Using all available rosidl_typesupport_cpp: rosidl_typesupport_fastrtps_cpp;rosidl_typesupport_introspection_cpp
[0.391s] -- Found rmw_implementation_cmake: 6.1.2 (/opt/ros/humble/share/rmw_implementation_cmake/cmake)
[0.392s] -- Found rmw_fastrtps_cpp: 6.2.10 (/opt/ros/humble/share/rmw_fastrtps_cpp/cmake)
[0.440s] -- Found OpenSSL: /usr/lib/x86_64-linux-gnu/libcrypto.so (found version "3.0.2")  
[0.459s] -- Found FastRTPS: /opt/ros/humble/include  
[0.483s] -- Using RMW implementation 'rmw_fastrtps_cpp' as default
[0.490s] -- Looking for pthread.h
[0.528s] -- Looking for pthread.h - found
[0.528s] -- Performing Test CMAKE_HAVE_LIBC_PTHREAD
[0.569s] -- Performing Test CMAKE_HAVE_LIBC_PTHREAD - Success
[0.569s] -- Found Threads: TRUE  
[0.593s] -- Found game_controller_interface: 1.0.0 (/workspace/hsl-player/install/game_controller_interface/share/game_controller_interface/cmake)
[0.629s] -- Configuring done
[0.633s] -- Generating done
[0.635s] -- Build files have been written to: /workspace/hsl-player/build/game_controller
[0.639s] Invoked command in '/workspace/hsl-player/build/game_controller' returned '0': AMENT_PREFIX_PATH=/workspace/hsl-player/install/game_controller_interface:${AMENT_PREFIX_PATH} CMAKE_PREFIX_PATH=/workspace/hsl-player/install/game_controller_interface:/opt/ros/humble LD_LIBRARY_PATH=/workspace/hsl-player/install/game_controller_interface/lib:${LD_LIBRARY_PATH} PS1=\[\e]0;\u@\h: \w\a\]${debian_chroot:+($debian_chroot)}\u@\h:\w\$ PYTHONPATH=/workspace/hsl-player/install/game_controller_interface/local/lib/python3.10/dist-packages:${PYTHONPATH} /usr/bin/cmake /workspace/hsl-player/src/game_controller -DAMENT_CMAKE_SYMLINK_INSTALL=1 -DCMAKE_INSTALL_PREFIX=/workspace/hsl-player/install/game_controller
[0.640s] Invoking command in '/workspace/hsl-player/build/game_controller': AMENT_PREFIX_PATH=/workspace/hsl-player/install/game_controller_interface:${AMENT_PREFIX_PATH} CMAKE_PREFIX_PATH=/workspace/hsl-player/install/game_controller_interface:/opt/ros/humble LD_LIBRARY_PATH=/workspace/hsl-player/install/game_controller_interface/lib:${LD_LIBRARY_PATH} PS1=\[\e]0;\u@\h: \w\a\]${debian_chroot:+($debian_chroot)}\u@\h:\w\$ PYTHONPATH=/workspace/hsl-player/install/game_controller_interface/local/lib/python3.10/dist-packages:${PYTHONPATH} /usr/bin/cmake --build /workspace/hsl-player/build/game_controller -- -j20 -l20
[0.670s] [ 33%] [32mBuilding CXX object CMakeFiles/game_controller_node.dir/src/main.cpp.o[0m
[0.671s] [ 66%] [32mBuilding CXX object CMakeFiles/game_controller_node.dir/src/game_controller_node.cpp.o[0m
[2.740s] [100%] [32m[1mLinking CXX executable game_controller_node[0m
[2.829s] [100%] Built target game_controller_node
[2.834s] Invoked command in '/workspace/hsl-player/build/game_controller' returned '0': AMENT_PREFIX_PATH=/workspace/hsl-player/install/game_controller_interface:${AMENT_PREFIX_PATH} CMAKE_PREFIX_PATH=/workspace/hsl-player/install/game_controller_interface:/opt/ros/humble LD_LIBRARY_PATH=/workspace/hsl-player/install/game_controller_interface/lib:${LD_LIBRARY_PATH} PS1=\[\e]0;\u@\h: \w\a\]${debian_chroot:+($debian_chroot)}\u@\h:\w\$ PYTHONPATH=/workspace/hsl-player/install/game_controller_interface/local/lib/python3.10/dist-packages:${PYTHONPATH} /usr/bin/cmake --build /workspace/hsl-player/build/game_controller -- -j20 -l20
[2.835s] Invoking command in '/workspace/hsl-player/build/game_controller': AMENT_PREFIX_PATH=/workspace/hsl-player/install/game_controller_interface:${AMENT_PREFIX_PATH} CMAKE_PREFIX_PATH=/workspace/hsl-player/install/game_controller_interface:/opt/ros/humble LD_LIBRARY_PATH=/workspace/hsl-player/install/game_controller_interface/lib:${LD_LIBRARY_PATH} PS1=\[\e]0;\u@\h: \w\a\]${debian_chroot:+($debian_chroot)}\u@\h:\w\$ PYTHONPATH=/workspace/hsl-player/install/game_controller_interface/local/lib/python3.10/dist-packages:${PYTHONPATH} /usr/bin/cmake --install /workspace/hsl-player/build/game_controller
[2.838s] -- Install configuration: ""
[2.838s] -- Execute custom install script
[2.838s] -- Symlinking: /workspace/hsl-player/install/game_controller/share/game_controller/launch/launch.py
[2.842s] -- Symlinking: /workspace/hsl-player/install/game_controller/lib/game_controller/game_controller_node
[2.846s] -- Symlinking: /workspace/hsl-player/install/game_controller/share/ament_index/resource_index/package_run_dependencies/game_controller
[2.851s] -- Symlinking: /workspace/hsl-player/install/game_controller/share/ament_index/resource_index/parent_prefix_path/game_controller
[2.856s] -- Symlinking: /workspace/hsl-player/install/game_controller/share/game_controller/environment/ament_prefix_path.sh
[2.860s] -- Symlinking: /workspace/hsl-player/install/game_controller/share/game_controller/environment/ament_prefix_path.dsv
[2.863s] -- Symlinking: /workspace/hsl-player/install/game_controller/share/game_controller/environment/path.sh
[2.868s] -- Symlinking: /workspace/hsl-player/install/game_controller/share/game_controller/environment/path.dsv
[2.871s] -- Symlinking: /workspace/hsl-player/install/game_controller/share/game_controller/local_setup.bash
[2.875s] -- Symlinking: /workspace/hsl-player/install/game_controller/share/game_controller/local_setup.sh
[2.879s] -- Symlinking: /workspace/hsl-player/install/game_controller/share/game_controller/local_setup.zsh
[2.882s] -- Symlinking: /workspace/hsl-player/install/game_controller/share/game_controller/local_setup.dsv
[2.886s] -- Symlinking: /workspace/hsl-player/install/game_controller/share/game_controller/package.dsv
[2.890s] -- Symlinking: /workspace/hsl-player/install/game_controller/share/ament_index/resource_index/packages/game_controller
[2.895s] -- Symlinking: /workspace/hsl-player/install/game_controller/share/game_controller/cmake/game_controllerConfig.cmake
[2.899s] -- Symlinking: /workspace/hsl-player/install/game_controller/share/game_controller/cmake/game_controllerConfig-version.cmake
[2.903s] -- Symlinking: /workspace/hsl-player/install/game_controller/share/game_controller/package.xml
[2.909s] Invoked command in '/workspace/hsl-player/build/game_controller' returned '0': AMENT_PREFIX_PATH=/workspace/hsl-player/install/game_controller_interface:${AMENT_PREFIX_PATH} CMAKE_PREFIX_PATH=/workspace/hsl-player/install/game_controller_interface:/opt/ros/humble LD_LIBRARY_PATH=/workspace/hsl-player/install/game_controller_interface/lib:${LD_LIBRARY_PATH} PS1=\[\e]0;\u@\h: \w\a\]${debian_chroot:+($debian_chroot)}\u@\h:\w\$ PYTHONPATH=/workspace/hsl-player/install/game_controller_interface/local/lib/python3.10/dist-packages:${PYTHONPATH} /usr/bin/cmake --install /workspace/hsl-player/build/game_controller
