[0.011s] Invoking command in '/workspace/hsl-player/build/game_controller_interface': CMAKE_PREFIX_PATH=/opt/ros/humble PS1=\[\e]0;\u@\h: \w\a\]${debian_chroot:+($debian_chroot)}\u@\h:\w\$ /usr/bin/cmake --build /workspace/hsl-player/build/game_controller_interface -- -j20 -l20
[0.046s] [  2%] Built target game_controller_interface__cpp
[0.047s] [ 12%] Built target game_controller_interface__rosidl_generator_c
[0.049s] [ 14%] Built target game_controller_interface__rs
[0.050s] [ 14%] Built target ament_cmake_python_symlink_game_controller_interface
[0.066s] [ 25%] Built target game_controller_interface__rosidl_typesupport_cpp
[0.066s] [ 35%] Built target game_controller_interface__rosidl_typesupport_fastrtps_cpp
[0.067s] [ 45%] Built target game_controller_interface__rosidl_typesupport_c
[0.073s] [ 56%] Built target game_controller_interface__rosidl_typesupport_introspection_c
[0.073s] [ 77%] Built target game_controller_interface__rosidl_typesupport_fastrtps_c
[0.073s] [ 77%] Built target game_controller_interface__rosidl_typesupport_introspection_cpp
[0.084s] [ 77%] Built target game_controller_interface
[0.093s] [ 79%] Built target game_controller_interface__py
[0.104s] [ 87%] Built target game_controller_interface__rosidl_generator_py
[0.114s] [ 95%] Built target game_controller_interface__rosidl_typesupport_c__pyext
[0.114s] [ 95%] Built target game_controller_interface__rosidl_typesupport_introspection_c__pyext
[0.114s] [100%] Built target game_controller_interface__rosidl_typesupport_fastrtps_c__pyext
[0.197s] running egg_info
[0.198s] writing game_controller_interface.egg-info/PKG-INFO
[0.198s] writing dependency_links to game_controller_interface.egg-info/dependency_links.txt
[0.198s] writing top-level names to game_controller_interface.egg-info/top_level.txt
[0.199s] reading manifest file 'game_controller_interface.egg-info/SOURCES.txt'
[0.199s] writing manifest file 'game_controller_interface.egg-info/SOURCES.txt'
[0.221s] [100%] Built target ament_cmake_python_build_game_controller_interface_egg
[0.229s] Invoked command in '/workspace/hsl-player/build/game_controller_interface' returned '0': CMAKE_PREFIX_PATH=/opt/ros/humble PS1=\[\e]0;\u@\h: \w\a\]${debian_chroot:+($debian_chroot)}\u@\h:\w\$ /usr/bin/cmake --build /workspace/hsl-player/build/game_controller_interface -- -j20 -l20
[0.237s] Invoking command in '/workspace/hsl-player/build/game_controller_interface': CMAKE_PREFIX_PATH=/opt/ros/humble PS1=\[\e]0;\u@\h: \w\a\]${debian_chroot:+($debian_chroot)}\u@\h:\w\$ /usr/bin/cmake --install /workspace/hsl-player/build/game_controller_interface
[0.242s] -- Install configuration: ""
[0.242s] -- Execute custom install script
[0.242s] -- Up-to-date symlink: /workspace/hsl-player/install/game_controller_interface/share/ament_index/resource_index/rosidl_interfaces/game_controller_interface
[0.243s] -- Up-to-date symlink: /workspace/hsl-player/install/game_controller_interface/include/game_controller_interface/game_controller_interface/msg/detail/game_control_data__functions.h
[0.243s] -- Up-to-date symlink: /workspace/hsl-player/install/game_controller_interface/include/game_controller_interface/game_controller_interface/msg/detail/game_control_data__struct.h
[0.243s] -- Up-to-date symlink: /workspace/hsl-player/install/game_controller_interface/include/game_controller_interface/game_controller_interface/msg/detail/game_control_data__type_support.h
[0.243s] -- Up-to-date symlink: /workspace/hsl-player/install/game_controller_interface/include/game_controller_interface/game_controller_interface/msg/detail/robot_info__functions.h
[0.243s] -- Up-to-date symlink: /workspace/hsl-player/install/game_controller_interface/include/game_controller_interface/game_controller_interface/msg/detail/robot_info__struct.h
[0.243s] -- Up-to-date symlink: /workspace/hsl-player/install/game_controller_interface/include/game_controller_interface/game_controller_interface/msg/detail/robot_info__type_support.h
[0.244s] -- Up-to-date symlink: /workspace/hsl-player/install/game_controller_interface/include/game_controller_interface/game_controller_interface/msg/detail/team_info__functions.h
[0.244s] -- Up-to-date symlink: /workspace/hsl-player/install/game_controller_interface/include/game_controller_interface/game_controller_interface/msg/detail/team_info__struct.h
[0.244s] -- Up-to-date symlink: /workspace/hsl-player/install/game_controller_interface/include/game_controller_interface/game_controller_interface/msg/detail/team_info__type_support.h
[0.244s] -- Up-to-date symlink: /workspace/hsl-player/install/game_controller_interface/include/game_controller_interface/game_controller_interface/msg/game_control_data.h
[0.245s] -- Up-to-date symlink: /workspace/hsl-player/install/game_controller_interface/include/game_controller_interface/game_controller_interface/msg/robot_info.h
[0.245s] -- Up-to-date symlink: /workspace/hsl-player/install/game_controller_interface/include/game_controller_interface/game_controller_interface/msg/rosidl_generator_c__visibility_control.h
[0.245s] -- Up-to-date symlink: /workspace/hsl-player/install/game_controller_interface/include/game_controller_interface/game_controller_interface/msg/team_info.h
[0.245s] -- Up-to-date symlink: /workspace/hsl-player/install/game_controller_interface/share/game_controller_interface/environment/library_path.sh
[0.245s] -- Up-to-date symlink: /workspace/hsl-player/install/game_controller_interface/share/game_controller_interface/environment/library_path.dsv
[0.245s] -- Up-to-date symlink: /workspace/hsl-player/install/game_controller_interface/include/game_controller_interface/game_controller_interface/msg/detail/game_control_data__rosidl_typesupport_fastrtps_c.h
[0.246s] -- Up-to-date symlink: /workspace/hsl-player/install/game_controller_interface/include/game_controller_interface/game_controller_interface/msg/detail/robot_info__rosidl_typesupport_fastrtps_c.h
[0.246s] -- Up-to-date symlink: /workspace/hsl-player/install/game_controller_interface/include/game_controller_interface/game_controller_interface/msg/detail/team_info__rosidl_typesupport_fastrtps_c.h
[0.246s] -- Up-to-date symlink: /workspace/hsl-player/install/game_controller_interface/include/game_controller_interface/game_controller_interface/msg/rosidl_typesupport_fastrtps_c__visibility_control.h
[0.246s] -- Up-to-date symlink: /workspace/hsl-player/install/game_controller_interface/include/game_controller_interface/game_controller_interface/msg/detail/game_control_data__builder.hpp
[0.246s] -- Up-to-date symlink: /workspace/hsl-player/install/game_controller_interface/include/game_controller_interface/game_controller_interface/msg/detail/game_control_data__struct.hpp
[0.246s] -- Up-to-date symlink: /workspace/hsl-player/install/game_controller_interface/include/game_controller_interface/game_controller_interface/msg/detail/game_control_data__traits.hpp
[0.247s] -- Up-to-date symlink: /workspace/hsl-player/install/game_controller_interface/include/game_controller_interface/game_controller_interface/msg/detail/game_control_data__type_support.hpp
[0.247s] -- Up-to-date symlink: /workspace/hsl-player/install/game_controller_interface/include/game_controller_interface/game_controller_interface/msg/detail/robot_info__builder.hpp
[0.247s] -- Up-to-date symlink: /workspace/hsl-player/install/game_controller_interface/include/game_controller_interface/game_controller_interface/msg/detail/robot_info__struct.hpp
[0.247s] -- Up-to-date symlink: /workspace/hsl-player/install/game_controller_interface/include/game_controller_interface/game_controller_interface/msg/detail/robot_info__traits.hpp
[0.247s] -- Up-to-date symlink: /workspace/hsl-player/install/game_controller_interface/include/game_controller_interface/game_controller_interface/msg/detail/robot_info__type_support.hpp
[0.247s] -- Up-to-date symlink: /workspace/hsl-player/install/game_controller_interface/include/game_controller_interface/game_controller_interface/msg/detail/team_info__builder.hpp
[0.247s] -- Up-to-date symlink: /workspace/hsl-player/install/game_controller_interface/include/game_controller_interface/game_controller_interface/msg/detail/team_info__struct.hpp
[0.248s] -- Up-to-date symlink: /workspace/hsl-player/install/game_controller_interface/include/game_controller_interface/game_controller_interface/msg/detail/team_info__traits.hpp
[0.248s] -- Up-to-date symlink: /workspace/hsl-player/install/game_controller_interface/include/game_controller_interface/game_controller_interface/msg/detail/team_info__type_support.hpp
[0.248s] -- Up-to-date symlink: /workspace/hsl-player/install/game_controller_interface/include/game_controller_interface/game_controller_interface/msg/game_control_data.hpp
[0.248s] -- Up-to-date symlink: /workspace/hsl-player/install/game_controller_interface/include/game_controller_interface/game_controller_interface/msg/robot_info.hpp
[0.248s] -- Up-to-date symlink: /workspace/hsl-player/install/game_controller_interface/include/game_controller_interface/game_controller_interface/msg/rosidl_generator_cpp__visibility_control.hpp
[0.248s] -- Up-to-date symlink: /workspace/hsl-player/install/game_controller_interface/include/game_controller_interface/game_controller_interface/msg/team_info.hpp
[0.249s] -- Up-to-date symlink: /workspace/hsl-player/install/game_controller_interface/include/game_controller_interface/game_controller_interface/msg/detail/game_control_data__rosidl_typesupport_fastrtps_cpp.hpp
[0.249s] -- Up-to-date symlink: /workspace/hsl-player/install/game_controller_interface/include/game_controller_interface/game_controller_interface/msg/detail/robot_info__rosidl_typesupport_fastrtps_cpp.hpp
[0.249s] -- Up-to-date symlink: /workspace/hsl-player/install/game_controller_interface/include/game_controller_interface/game_controller_interface/msg/detail/team_info__rosidl_typesupport_fastrtps_cpp.hpp
[0.249s] -- Up-to-date symlink: /workspace/hsl-player/install/game_controller_interface/include/game_controller_interface/game_controller_interface/msg/rosidl_typesupport_fastrtps_cpp__visibility_control.h
[0.249s] -- Up-to-date symlink: /workspace/hsl-player/install/game_controller_interface/include/game_controller_interface/game_controller_interface/msg/detail/game_control_data__rosidl_typesupport_introspection_c.h
[0.249s] -- Up-to-date symlink: /workspace/hsl-player/install/game_controller_interface/include/game_controller_interface/game_controller_interface/msg/detail/robot_info__rosidl_typesupport_introspection_c.h
[0.249s] -- Up-to-date symlink: /workspace/hsl-player/install/game_controller_interface/include/game_controller_interface/game_controller_interface/msg/detail/team_info__rosidl_typesupport_introspection_c.h
[0.249s] -- Up-to-date symlink: /workspace/hsl-player/install/game_controller_interface/include/game_controller_interface/game_controller_interface/msg/rosidl_typesupport_introspection_c__visibility_control.h
[0.249s] -- Up-to-date symlink: /workspace/hsl-player/install/game_controller_interface/include/game_controller_interface/game_controller_interface/msg/detail/game_control_data__rosidl_typesupport_introspection_cpp.hpp
[0.249s] -- Up-to-date symlink: /workspace/hsl-player/install/game_controller_interface/include/game_controller_interface/game_controller_interface/msg/detail/robot_info__rosidl_typesupport_introspection_cpp.hpp
[0.249s] -- Up-to-date symlink: /workspace/hsl-player/install/game_controller_interface/include/game_controller_interface/game_controller_interface/msg/detail/team_info__rosidl_typesupport_introspection_cpp.hpp
[0.250s] -- Up-to-date symlink: /workspace/hsl-player/install/game_controller_interface/share/game_controller_interface/environment/pythonpath.sh
[0.250s] -- Up-to-date symlink: /workspace/hsl-player/install/game_controller_interface/share/game_controller_interface/environment/pythonpath.dsv
[0.250s] -- Up-to-date symlink: /workspace/hsl-player/install/game_controller_interface/local/lib/python3.10/dist-packages/game_controller_interface-1.0.0-py3.10.egg-info/PKG-INFO
[0.250s] -- Up-to-date symlink: /workspace/hsl-player/install/game_controller_interface/local/lib/python3.10/dist-packages/game_controller_interface-1.0.0-py3.10.egg-info/SOURCES.txt
[0.250s] -- Up-to-date symlink: /workspace/hsl-player/install/game_controller_interface/local/lib/python3.10/dist-packages/game_controller_interface-1.0.0-py3.10.egg-info/dependency_links.txt
[0.250s] -- Up-to-date symlink: /workspace/hsl-player/install/game_controller_interface/local/lib/python3.10/dist-packages/game_controller_interface-1.0.0-py3.10.egg-info/top_level.txt
[0.250s] -- Up-to-date symlink: /workspace/hsl-player/install/game_controller_interface/local/lib/python3.10/dist-packages/game_controller_interface/__init__.py
[0.250s] -- Up-to-date symlink: /workspace/hsl-player/install/game_controller_interface/local/lib/python3.10/dist-packages/game_controller_interface/_game_controller_interface_s.ep.rosidl_typesupport_c.c
[0.251s] -- Up-to-date symlink: /workspace/hsl-player/install/game_controller_interface/local/lib/python3.10/dist-packages/game_controller_interface/_game_controller_interface_s.ep.rosidl_typesupport_fastrtps_c.c
[0.251s] -- Up-to-date symlink: /workspace/hsl-player/install/game_controller_interface/local/lib/python3.10/dist-packages/game_controller_interface/_game_controller_interface_s.ep.rosidl_typesupport_introspection_c.c
[0.251s] -- Up-to-date symlink: /workspace/hsl-player/install/game_controller_interface/local/lib/python3.10/dist-packages/game_controller_interface/game_controller_interface_s__rosidl_typesupport_c.cpython-310-x86_64-linux-gnu.so
[0.251s] -- Up-to-date symlink: /workspace/hsl-player/install/game_controller_interface/local/lib/python3.10/dist-packages/game_controller_interface/game_controller_interface_s__rosidl_typesupport_fastrtps_c.cpython-310-x86_64-linux-gnu.so
[0.251s] -- Up-to-date symlink: /workspace/hsl-player/install/game_controller_interface/local/lib/python3.10/dist-packages/game_controller_interface/game_controller_interface_s__rosidl_typesupport_introspection_c.cpython-310-x86_64-linux-gnu.so
[0.251s] -- Up-to-date symlink: /workspace/hsl-player/install/game_controller_interface/local/lib/python3.10/dist-packages/game_controller_interface/libgame_controller_interface__rosidl_generator_py.so
[0.251s] -- Up-to-date symlink: /workspace/hsl-player/install/game_controller_interface/local/lib/python3.10/dist-packages/game_controller_interface/msg/__init__.py
[0.251s] -- Up-to-date symlink: /workspace/hsl-player/install/game_controller_interface/local/lib/python3.10/dist-packages/game_controller_interface/msg/_game_control_data.py
[0.252s] -- Up-to-date symlink: /workspace/hsl-player/install/game_controller_interface/local/lib/python3.10/dist-packages/game_controller_interface/msg/_game_control_data_s.c
[0.252s] -- Up-to-date symlink: /workspace/hsl-player/install/game_controller_interface/local/lib/python3.10/dist-packages/game_controller_interface/msg/_robot_info.py
[0.252s] -- Up-to-date symlink: /workspace/hsl-player/install/game_controller_interface/local/lib/python3.10/dist-packages/game_controller_interface/msg/_robot_info_s.c
[0.252s] -- Up-to-date symlink: /workspace/hsl-player/install/game_controller_interface/local/lib/python3.10/dist-packages/game_controller_interface/msg/_team_info.py
[0.252s] -- Up-to-date symlink: /workspace/hsl-player/install/game_controller_interface/local/lib/python3.10/dist-packages/game_controller_interface/msg/_team_info_s.c
[0.252s] -- Up-to-date symlink: /workspace/hsl-player/install/game_controller_interface/local/lib/python3.10/dist-packages/game_controller_interface/game_controller_interface_s__rosidl_typesupport_fastrtps_c.cpython-310-x86_64-linux-gnu.so
[0.252s] -- Up-to-date symlink: /workspace/hsl-player/install/game_controller_interface/local/lib/python3.10/dist-packages/game_controller_interface/game_controller_interface_s__rosidl_typesupport_introspection_c.cpython-310-x86_64-linux-gnu.so
[0.252s] -- Up-to-date symlink: /workspace/hsl-player/install/game_controller_interface/local/lib/python3.10/dist-packages/game_controller_interface/game_controller_interface_s__rosidl_typesupport_c.cpython-310-x86_64-linux-gnu.so
[0.252s] -- Up-to-date symlink: /workspace/hsl-player/install/game_controller_interface/share/ament_index/resource_index/rust_packages/game_controller_interface
[0.253s] -- Up-to-date symlink: /workspace/hsl-player/install/game_controller_interface/share/game_controller_interface/rust/Cargo.toml
[0.253s] -- Up-to-date symlink: /workspace/hsl-player/install/game_controller_interface/share/game_controller_interface/rust/build.rs
[0.253s] -- Up-to-date symlink: /workspace/hsl-player/install/game_controller_interface/share/game_controller_interface/rust/src/lib.rs
[0.254s] -- Up-to-date symlink: /workspace/hsl-player/install/game_controller_interface/share/game_controller_interface/rust/src/msg.rs
[0.254s] -- Up-to-date symlink: /workspace/hsl-player/install/game_controller_interface/share/game_controller_interface/rust/src/msg/rmw.rs
[0.255s] -- Up-to-date symlink: /workspace/hsl-player/install/game_controller_interface/share/game_controller_interface/msg/GameControlData.idl
[0.255s] -- Up-to-date symlink: /workspace/hsl-player/install/game_controller_interface/share/game_controller_interface/msg/RobotInfo.idl
[0.255s] -- Up-to-date symlink: /workspace/hsl-player/install/game_controller_interface/share/game_controller_interface/msg/TeamInfo.idl
[0.255s] -- Up-to-date symlink: /workspace/hsl-player/install/game_controller_interface/share/game_controller_interface/msg/GameControlData.msg
[0.255s] -- Up-to-date symlink: /workspace/hsl-player/install/game_controller_interface/share/game_controller_interface/msg/RobotInfo.msg
[0.255s] -- Up-to-date symlink: /workspace/hsl-player/install/game_controller_interface/share/game_controller_interface/msg/TeamInfo.msg
[0.255s] -- Up-to-date symlink: /workspace/hsl-player/install/game_controller_interface/share/ament_index/resource_index/package_run_dependencies/game_controller_interface
[0.255s] -- Up-to-date symlink: /workspace/hsl-player/install/game_controller_interface/share/ament_index/resource_index/parent_prefix_path/game_controller_interface
[0.256s] -- Up-to-date symlink: /workspace/hsl-player/install/game_controller_interface/share/game_controller_interface/environment/ament_prefix_path.sh
[0.256s] -- Up-to-date symlink: /workspace/hsl-player/install/game_controller_interface/share/game_controller_interface/environment/ament_prefix_path.dsv
[0.256s] -- Up-to-date symlink: /workspace/hsl-player/install/game_controller_interface/share/game_controller_interface/environment/path.sh
[0.256s] -- Up-to-date symlink: /workspace/hsl-player/install/game_controller_interface/share/game_controller_interface/environment/path.dsv
[0.256s] -- Up-to-date symlink: /workspace/hsl-player/install/game_controller_interface/share/game_controller_interface/local_setup.bash
[0.256s] -- Up-to-date symlink: /workspace/hsl-player/install/game_controller_interface/share/game_controller_interface/local_setup.sh
[0.256s] -- Up-to-date symlink: /workspace/hsl-player/install/game_controller_interface/share/game_controller_interface/local_setup.zsh
[0.256s] -- Up-to-date symlink: /workspace/hsl-player/install/game_controller_interface/share/game_controller_interface/local_setup.dsv
[0.256s] -- Symlinking: /workspace/hsl-player/install/game_controller_interface/share/game_controller_interface/package.dsv
[0.256s] -- Up-to-date symlink: /workspace/hsl-player/install/game_controller_interface/share/ament_index/resource_index/packages/game_controller_interface
[0.256s] -- Up-to-date symlink: /workspace/hsl-player/install/game_controller_interface/share/game_controller_interface/cmake/rosidl_cmake-extras.cmake
[0.256s] -- Up-to-date symlink: /workspace/hsl-player/install/game_controller_interface/share/game_controller_interface/cmake/ament_cmake_export_include_directories-extras.cmake
[0.257s] -- Up-to-date symlink: /workspace/hsl-player/install/game_controller_interface/share/game_controller_interface/cmake/ament_cmake_export_libraries-extras.cmake
[0.257s] -- Up-to-date symlink: /workspace/hsl-player/install/game_controller_interface/share/game_controller_interface/cmake/ament_cmake_export_targets-extras.cmake
[0.257s] -- Up-to-date symlink: /workspace/hsl-player/install/game_controller_interface/share/game_controller_interface/cmake/rosidl_cmake_export_typesupport_targets-extras.cmake
[0.257s] -- Up-to-date symlink: /workspace/hsl-player/install/game_controller_interface/share/game_controller_interface/cmake/ament_cmake_export_dependencies-extras.cmake
[0.257s] -- Up-to-date symlink: /workspace/hsl-player/install/game_controller_interface/share/game_controller_interface/cmake/rosidl_cmake_export_typesupport_libraries-extras.cmake
[0.257s] -- Up-to-date symlink: /workspace/hsl-player/install/game_controller_interface/share/game_controller_interface/cmake/game_controller_interfaceConfig.cmake
[0.257s] -- Up-to-date symlink: /workspace/hsl-player/install/game_controller_interface/share/game_controller_interface/cmake/game_controller_interfaceConfig-version.cmake
[0.257s] -- Up-to-date symlink: /workspace/hsl-player/install/game_controller_interface/share/game_controller_interface/package.xml
[0.257s] -- Up-to-date: /workspace/hsl-player/install/game_controller_interface/lib/libgame_controller_interface__rosidl_generator_c.so
[0.257s] -- Up-to-date: /workspace/hsl-player/install/game_controller_interface/lib/libgame_controller_interface__rosidl_typesupport_fastrtps_c.so
[0.257s] -- Up-to-date: /workspace/hsl-player/install/game_controller_interface/lib/libgame_controller_interface__rosidl_typesupport_fastrtps_cpp.so
[0.257s] -- Up-to-date: /workspace/hsl-player/install/game_controller_interface/lib/libgame_controller_interface__rosidl_typesupport_introspection_c.so
[0.257s] -- Up-to-date: /workspace/hsl-player/install/game_controller_interface/lib/libgame_controller_interface__rosidl_typesupport_c.so
[0.257s] -- Up-to-date: /workspace/hsl-player/install/game_controller_interface/lib/libgame_controller_interface__rosidl_typesupport_introspection_cpp.so
[0.257s] -- Up-to-date: /workspace/hsl-player/install/game_controller_interface/lib/libgame_controller_interface__rosidl_typesupport_cpp.so
[0.282s] Listing '/workspace/hsl-player/install/game_controller_interface/local/lib/python3.10/dist-packages/game_controller_interface'...
[0.283s] Listing '/workspace/hsl-player/install/game_controller_interface/local/lib/python3.10/dist-packages/game_controller_interface/msg'...
[0.289s] -- Up-to-date: /workspace/hsl-player/install/game_controller_interface/lib/libgame_controller_interface__rosidl_generator_py.so
[0.289s] -- Up-to-date: /workspace/hsl-player/install/game_controller_interface/share/game_controller_interface/cmake/export_game_controller_interface__rosidl_generator_cExport.cmake
[0.289s] -- Up-to-date: /workspace/hsl-player/install/game_controller_interface/share/game_controller_interface/cmake/export_game_controller_interface__rosidl_generator_cExport-noconfig.cmake
[0.289s] -- Up-to-date: /workspace/hsl-player/install/game_controller_interface/share/game_controller_interface/cmake/export_game_controller_interface__rosidl_typesupport_fastrtps_cExport.cmake
[0.289s] -- Up-to-date: /workspace/hsl-player/install/game_controller_interface/share/game_controller_interface/cmake/export_game_controller_interface__rosidl_typesupport_fastrtps_cExport-noconfig.cmake
[0.289s] -- Up-to-date: /workspace/hsl-player/install/game_controller_interface/share/game_controller_interface/cmake/export_game_controller_interface__rosidl_generator_cppExport.cmake
[0.289s] -- Up-to-date: /workspace/hsl-player/install/game_controller_interface/share/game_controller_interface/cmake/export_game_controller_interface__rosidl_typesupport_fastrtps_cppExport.cmake
[0.290s] -- Up-to-date: /workspace/hsl-player/install/game_controller_interface/share/game_controller_interface/cmake/export_game_controller_interface__rosidl_typesupport_fastrtps_cppExport-noconfig.cmake
[0.290s] -- Up-to-date: /workspace/hsl-player/install/game_controller_interface/share/game_controller_interface/cmake/game_controller_interface__rosidl_typesupport_introspection_cExport.cmake
[0.290s] -- Up-to-date: /workspace/hsl-player/install/game_controller_interface/share/game_controller_interface/cmake/game_controller_interface__rosidl_typesupport_introspection_cExport-noconfig.cmake
[0.290s] -- Up-to-date: /workspace/hsl-player/install/game_controller_interface/share/game_controller_interface/cmake/game_controller_interface__rosidl_typesupport_cExport.cmake
[0.290s] -- Up-to-date: /workspace/hsl-player/install/game_controller_interface/share/game_controller_interface/cmake/game_controller_interface__rosidl_typesupport_cExport-noconfig.cmake
[0.290s] -- Up-to-date: /workspace/hsl-player/install/game_controller_interface/share/game_controller_interface/cmake/game_controller_interface__rosidl_typesupport_introspection_cppExport.cmake
[0.290s] -- Up-to-date: /workspace/hsl-player/install/game_controller_interface/share/game_controller_interface/cmake/game_controller_interface__rosidl_typesupport_introspection_cppExport-noconfig.cmake
[0.290s] -- Up-to-date: /workspace/hsl-player/install/game_controller_interface/share/game_controller_interface/cmake/game_controller_interface__rosidl_typesupport_cppExport.cmake
[0.290s] -- Up-to-date: /workspace/hsl-player/install/game_controller_interface/share/game_controller_interface/cmake/game_controller_interface__rosidl_typesupport_cppExport-noconfig.cmake
[0.290s] -- Up-to-date: /workspace/hsl-player/install/game_controller_interface/share/game_controller_interface/cmake/export_game_controller_interface__rosidl_generator_pyExport.cmake
[0.290s] -- Up-to-date: /workspace/hsl-player/install/game_controller_interface/share/game_controller_interface/cmake/export_game_controller_interface__rosidl_generator_pyExport-noconfig.cmake
[0.291s] Invoked command in '/workspace/hsl-player/build/game_controller_interface' returned '0': CMAKE_PREFIX_PATH=/opt/ros/humble PS1=\[\e]0;\u@\h: \w\a\]${debian_chroot:+($debian_chroot)}\u@\h:\w\$ /usr/bin/cmake --install /workspace/hsl-player/build/game_controller_interface
