[0.037s] Invoking command in '/workspace/hsl-player/build/game_controller': AMENT_PREFIX_PATH=/workspace/hsl-player/install/game_controller_interface:${AMENT_PREFIX_PATH} CMAKE_PREFIX_PATH=/workspace/hsl-player/install/game_controller_interface:/opt/ros/humble LD_LIBRARY_PATH=/workspace/hsl-player/install/game_controller_interface/lib:${LD_LIBRARY_PATH} PS1=\[\e]0;\u@\h: \w\a\]${debian_chroot:+($debian_chroot)}\u@\h:\w\$ PYTHONPATH=/workspace/hsl-player/install/game_controller_interface/local/lib/python3.10/dist-packages:${PYTHONPATH} /usr/bin/cmake --build /workspace/hsl-player/build/game_controller -- -j20 -l20
[0.072s] [100%] Built target game_controller_node
[0.079s] Invoked command in '/workspace/hsl-player/build/game_controller' returned '0': AMENT_PREFIX_PATH=/workspace/hsl-player/install/game_controller_interface:${AMENT_PREFIX_PATH} CMAKE_PREFIX_PATH=/workspace/hsl-player/install/game_controller_interface:/opt/ros/humble LD_LIBRARY_PATH=/workspace/hsl-player/install/game_controller_interface/lib:${LD_LIBRARY_PATH} PS1=\[\e]0;\u@\h: \w\a\]${debian_chroot:+($debian_chroot)}\u@\h:\w\$ PYTHONPATH=/workspace/hsl-player/install/game_controller_interface/local/lib/python3.10/dist-packages:${PYTHONPATH} /usr/bin/cmake --build /workspace/hsl-player/build/game_controller -- -j20 -l20
[0.080s] Invoking command in '/workspace/hsl-player/build/game_controller': AMENT_PREFIX_PATH=/workspace/hsl-player/install/game_controller_interface:${AMENT_PREFIX_PATH} CMAKE_PREFIX_PATH=/workspace/hsl-player/install/game_controller_interface:/opt/ros/humble LD_LIBRARY_PATH=/workspace/hsl-player/install/game_controller_interface/lib:${LD_LIBRARY_PATH} PS1=\[\e]0;\u@\h: \w\a\]${debian_chroot:+($debian_chroot)}\u@\h:\w\$ PYTHONPATH=/workspace/hsl-player/install/game_controller_interface/local/lib/python3.10/dist-packages:${PYTHONPATH} /usr/bin/cmake --install /workspace/hsl-player/build/game_controller
[0.084s] -- Install configuration: ""
[0.084s] -- Execute custom install script
[0.084s] -- Up-to-date symlink: /workspace/hsl-player/install/game_controller/share/game_controller/launch/launch.py
[0.084s] -- Up-to-date symlink: /workspace/hsl-player/install/game_controller/lib/game_controller/game_controller_node
[0.084s] -- Up-to-date symlink: /workspace/hsl-player/install/game_controller/share/ament_index/resource_index/package_run_dependencies/game_controller
[0.084s] -- Up-to-date symlink: /workspace/hsl-player/install/game_controller/share/ament_index/resource_index/parent_prefix_path/game_controller
[0.084s] -- Up-to-date symlink: /workspace/hsl-player/install/game_controller/share/game_controller/environment/ament_prefix_path.sh
[0.084s] -- Up-to-date symlink: /workspace/hsl-player/install/game_controller/share/game_controller/environment/ament_prefix_path.dsv
[0.085s] -- Up-to-date symlink: /workspace/hsl-player/install/game_controller/share/game_controller/environment/path.sh
[0.085s] -- Up-to-date symlink: /workspace/hsl-player/install/game_controller/share/game_controller/environment/path.dsv
[0.085s] -- Up-to-date symlink: /workspace/hsl-player/install/game_controller/share/game_controller/local_setup.bash
[0.085s] -- Up-to-date symlink: /workspace/hsl-player/install/game_controller/share/game_controller/local_setup.sh
[0.085s] -- Up-to-date symlink: /workspace/hsl-player/install/game_controller/share/game_controller/local_setup.zsh
[0.085s] -- Up-to-date symlink: /workspace/hsl-player/install/game_controller/share/game_controller/local_setup.dsv
[0.085s] -- Symlinking: /workspace/hsl-player/install/game_controller/share/game_controller/package.dsv
[0.090s] -- Up-to-date symlink: /workspace/hsl-player/install/game_controller/share/ament_index/resource_index/packages/game_controller
[0.090s] -- Up-to-date symlink: /workspace/hsl-player/install/game_controller/share/game_controller/cmake/game_controllerConfig.cmake
[0.090s] -- Up-to-date symlink: /workspace/hsl-player/install/game_controller/share/game_controller/cmake/game_controllerConfig-version.cmake
[0.090s] -- Up-to-date symlink: /workspace/hsl-player/install/game_controller/share/game_controller/package.xml
[0.091s] Invoked command in '/workspace/hsl-player/build/game_controller' returned '0': AMENT_PREFIX_PATH=/workspace/hsl-player/install/game_controller_interface:${AMENT_PREFIX_PATH} CMAKE_PREFIX_PATH=/workspace/hsl-player/install/game_controller_interface:/opt/ros/humble LD_LIBRARY_PATH=/workspace/hsl-player/install/game_controller_interface/lib:${LD_LIBRARY_PATH} PS1=\[\e]0;\u@\h: \w\a\]${debian_chroot:+($debian_chroot)}\u@\h:\w\$ PYTHONPATH=/workspace/hsl-player/install/game_controller_interface/local/lib/python3.10/dist-packages:${PYTHONPATH} /usr/bin/cmake --install /workspace/hsl-player/build/game_controller
