[0.018s] Invoking command in '/workspace/hsl-player/build/game_controller': CMAKE_PREFIX_PATH=/workspace/hsl-player/install/game_controller_interface:/workspace/hsl-player/install/vision_interface:/workspace/hsl-player/install/game_controller:/workspace/hsl-player/install/booster_msgs:/workspace/hsl-player/install/booster_interface:/workspace/hsl-player/install/sound_play:/opt/ros/humble LD_LIBRARY_PATH=/workspace/hsl-player/install/game_controller_interface/lib:/workspace/hsl-player/install/vision_interface/lib:/workspace/hsl-player/install/booster_msgs/lib:/workspace/hsl-player/install/booster_interface/lib:/opt/ros/humble/opt/rviz_ogre_vendor/lib:/opt/ros/humble/lib/x86_64-linux-gnu:/opt/ros/humble/lib PS1=\[\e]0;\u@\h: \w\a\]${debian_chroot:+($debian_chroot)}\u@\h:\w\$ /usr/bin/cmake --build /workspace/hsl-player/build/game_controller -- -j20 -l20
[0.052s] [100%] Built target game_controller_node
[0.059s] Invoked command in '/workspace/hsl-player/build/game_controller' returned '0': CMAKE_PREFIX_PATH=/workspace/hsl-player/install/game_controller_interface:/workspace/hsl-player/install/vision_interface:/workspace/hsl-player/install/game_controller:/workspace/hsl-player/install/booster_msgs:/workspace/hsl-player/install/booster_interface:/workspace/hsl-player/install/sound_play:/opt/ros/humble LD_LIBRARY_PATH=/workspace/hsl-player/install/game_controller_interface/lib:/workspace/hsl-player/install/vision_interface/lib:/workspace/hsl-player/install/booster_msgs/lib:/workspace/hsl-player/install/booster_interface/lib:/opt/ros/humble/opt/rviz_ogre_vendor/lib:/opt/ros/humble/lib/x86_64-linux-gnu:/opt/ros/humble/lib PS1=\[\e]0;\u@\h: \w\a\]${debian_chroot:+($debian_chroot)}\u@\h:\w\$ /usr/bin/cmake --build /workspace/hsl-player/build/game_controller -- -j20 -l20
[0.060s] Invoking command in '/workspace/hsl-player/build/game_controller': CMAKE_PREFIX_PATH=/workspace/hsl-player/install/game_controller_interface:/workspace/hsl-player/install/vision_interface:/workspace/hsl-player/install/game_controller:/workspace/hsl-player/install/booster_msgs:/workspace/hsl-player/install/booster_interface:/workspace/hsl-player/install/sound_play:/opt/ros/humble LD_LIBRARY_PATH=/workspace/hsl-player/install/game_controller_interface/lib:/workspace/hsl-player/install/vision_interface/lib:/workspace/hsl-player/install/booster_msgs/lib:/workspace/hsl-player/install/booster_interface/lib:/opt/ros/humble/opt/rviz_ogre_vendor/lib:/opt/ros/humble/lib/x86_64-linux-gnu:/opt/ros/humble/lib PS1=\[\e]0;\u@\h: \w\a\]${debian_chroot:+($debian_chroot)}\u@\h:\w\$ /usr/bin/cmake --install /workspace/hsl-player/build/game_controller
[0.064s] -- Install configuration: "Release"
[0.064s] -- Execute custom install script
[0.064s] -- Up-to-date symlink: /workspace/hsl-player/install/game_controller/share/game_controller/launch/launch.py
[0.065s] -- Up-to-date symlink: /workspace/hsl-player/install/game_controller/lib/game_controller/game_controller_node
[0.065s] -- Up-to-date symlink: /workspace/hsl-player/install/game_controller/share/ament_index/resource_index/package_run_dependencies/game_controller
[0.065s] -- Up-to-date symlink: /workspace/hsl-player/install/game_controller/share/ament_index/resource_index/parent_prefix_path/game_controller
[0.065s] -- Up-to-date symlink: /workspace/hsl-player/install/game_controller/share/game_controller/environment/ament_prefix_path.sh
[0.065s] -- Up-to-date symlink: /workspace/hsl-player/install/game_controller/share/game_controller/environment/ament_prefix_path.dsv
[0.065s] -- Up-to-date symlink: /workspace/hsl-player/install/game_controller/share/game_controller/environment/path.sh
[0.065s] -- Up-to-date symlink: /workspace/hsl-player/install/game_controller/share/game_controller/environment/path.dsv
[0.065s] -- Up-to-date symlink: /workspace/hsl-player/install/game_controller/share/game_controller/local_setup.bash
[0.066s] -- Up-to-date symlink: /workspace/hsl-player/install/game_controller/share/game_controller/local_setup.sh
[0.066s] -- Up-to-date symlink: /workspace/hsl-player/install/game_controller/share/game_controller/local_setup.zsh
[0.066s] -- Up-to-date symlink: /workspace/hsl-player/install/game_controller/share/game_controller/local_setup.dsv
[0.066s] -- Symlinking: /workspace/hsl-player/install/game_controller/share/game_controller/package.dsv
[0.071s] -- Up-to-date symlink: /workspace/hsl-player/install/game_controller/share/ament_index/resource_index/packages/game_controller
[0.071s] -- Up-to-date symlink: /workspace/hsl-player/install/game_controller/share/game_controller/cmake/game_controllerConfig.cmake
[0.071s] -- Up-to-date symlink: /workspace/hsl-player/install/game_controller/share/game_controller/cmake/game_controllerConfig-version.cmake
[0.071s] -- Up-to-date symlink: /workspace/hsl-player/install/game_controller/share/game_controller/package.xml
[0.073s] Invoked command in '/workspace/hsl-player/build/game_controller' returned '0': CMAKE_PREFIX_PATH=/workspace/hsl-player/install/game_controller_interface:/workspace/hsl-player/install/vision_interface:/workspace/hsl-player/install/game_controller:/workspace/hsl-player/install/booster_msgs:/workspace/hsl-player/install/booster_interface:/workspace/hsl-player/install/sound_play:/opt/ros/humble LD_LIBRARY_PATH=/workspace/hsl-player/install/game_controller_interface/lib:/workspace/hsl-player/install/vision_interface/lib:/workspace/hsl-player/install/booster_msgs/lib:/workspace/hsl-player/install/booster_interface/lib:/opt/ros/humble/opt/rviz_ogre_vendor/lib:/opt/ros/humble/lib/x86_64-linux-gnu:/opt/ros/humble/lib PS1=\[\e]0;\u@\h: \w\a\]${debian_chroot:+($debian_chroot)}\u@\h:\w\$ /usr/bin/cmake --install /workspace/hsl-player/build/game_controller
