[0.058s] Invoking command in '/home/booster/Workspace/hl_unification/hsl-player/build/game_controller_interface': CMAKE_PREFIX_PATH=${CMAKE_PREFIX_PATH}:/opt/ros/humble /usr/bin/cmake /home/booster/Workspace/hl_unification/hsl-player/src/robocup_ros2_interface/src/game_controller_interface -DAMENT_CMAKE_SYMLINK_INSTALL=1 -DCMAKE_INSTALL_PREFIX=/home/booster/Workspace/hl_unification/hsl-player/install/game_controller_interface
[0.202s] -- The C compiler identification is GNU 11.4.0
[0.340s] -- The CXX compiler identification is GNU 11.4.0
[0.355s] -- Detecting C compiler ABI info
[0.551s] -- Detecting C compiler ABI info - done
[0.562s] -- Check for working C compiler: /usr/bin/cc - skipped
[0.563s] -- Detecting C compile features
[0.564s] -- Detecting C compile features - done
[0.571s] -- Detecting CXX compiler ABI info
[0.814s] -- Detecting CXX compiler ABI info - done
[0.829s] -- Check for working CXX compiler: /usr/bin/c++ - skipped
[0.829s] -- Detecting CXX compile features
[0.832s] -- Detecting CXX compile features - done
[0.845s] -- Found ament_cmake: 1.3.10 (/opt/ros/humble/share/ament_cmake/cmake)
[1.319s] -- Found Python3: /usr/bin/python3 (found version "3.10.12") found components: Interpreter 
[1.450s] -- Override CMake install command with custom implementation using symlinks instead of copying resources
[1.497s] -- Found rclcpp: 16.0.10 (/opt/ros/humble/share/rclcpp/cmake)
[1.567s] -- Found rosidl_generator_c: 3.1.5 (/opt/ros/humble/share/rosidl_generator_c/cmake)
[1.575s] -- Found rosidl_adapter: 3.1.5 (/opt/ros/humble/share/rosidl_adapter/cmake)
[1.589s] -- Found rosidl_generator_cpp: 3.1.5 (/opt/ros/humble/share/rosidl_generator_cpp/cmake)
[1.610s] -- Using all available rosidl_typesupport_c: rosidl_typesupport_fastrtps_c;rosidl_typesupport_introspection_c
[1.639s] -- Using all available rosidl_typesupport_cpp: rosidl_typesupport_fastrtps_cpp;rosidl_typesupport_introspection_cpp
[1.708s] -- Found rmw_implementation_cmake: 6.1.2 (/opt/ros/humble/share/rmw_implementation_cmake/cmake)
[1.712s] -- Found rmw_fastrtps_cpp: 6.2.7 (/opt/ros/humble/share/rmw_fastrtps_cpp/cmake)
[1.868s] -- Found OpenSSL: /usr/lib/aarch64-linux-gnu/libcrypto.so (found version "3.0.2")  
[1.928s] -- Found FastRTPS: /opt/ros/humble/include  
[2.019s] -- Using RMW implementation 'rmw_fastrtps_cpp' as default
[2.034s] -- Looking for pthread.h
[2.279s] -- Looking for pthread.h - found
[2.279s] -- Performing Test CMAKE_HAVE_LIBC_PTHREAD
[2.565s] -- Performing Test CMAKE_HAVE_LIBC_PTHREAD - Success
[2.565s] -- Found Threads: TRUE  
[2.665s] -- Found rosidl_default_generators: 1.2.0 (/opt/ros/humble/share/rosidl_default_generators/cmake)
[3.287s] -- Found ament_cmake_ros: 0.10.0 (/opt/ros/humble/share/ament_cmake_ros/cmake)
[4.032s] -- Using all available rosidl_typesupport_c: rosidl_typesupport_fastrtps_c;rosidl_typesupport_introspection_c
[4.382s] -- Using all available rosidl_typesupport_cpp: rosidl_typesupport_fastrtps_cpp;rosidl_typesupport_introspection_cpp
[4.455s] -- Found PythonInterp: /usr/bin/python3 (found suitable version "3.10.12", minimum required is "3.6") 
[4.458s] -- Found python_cmake_module: 0.10.0 (/opt/ros/humble/share/python_cmake_module/cmake)
[4.509s] -- Found PythonLibs: /usr/lib/aarch64-linux-gnu/libpython3.10.so (found suitable version "3.10.12", minimum required is "3.5") 
[4.509s] -- Using PYTHON_EXECUTABLE: /usr/bin/python3
[4.509s] -- Using PYTHON_INCLUDE_DIRS: /usr/include/python3.10
[4.510s] -- Using PYTHON_LIBRARIES: /usr/lib/aarch64-linux-gnu/libpython3.10.so
[4.552s] -- Found PythonExtra: .so  
[4.636s] -- Found ament_lint_auto: 0.12.11 (/opt/ros/humble/share/ament_lint_auto/cmake)
[4.688s] -- Added test 'lint_cmake' to check CMake code style
[4.691s] -- Added test 'xmllint' to check XML markup files
[4.716s] -- Configuring done
[4.868s] -- Generating done
[4.874s] -- Build files have been written to: /home/booster/Workspace/hl_unification/hsl-player/build/game_controller_interface
[4.914s] Invoked command in '/home/booster/Workspace/hl_unification/hsl-player/build/game_controller_interface' returned '0': CMAKE_PREFIX_PATH=${CMAKE_PREFIX_PATH}:/opt/ros/humble /usr/bin/cmake /home/booster/Workspace/hl_unification/hsl-player/src/robocup_ros2_interface/src/game_controller_interface -DAMENT_CMAKE_SYMLINK_INSTALL=1 -DCMAKE_INSTALL_PREFIX=/home/booster/Workspace/hl_unification/hsl-player/install/game_controller_interface
[4.920s] Invoking command in '/home/booster/Workspace/hl_unification/hsl-player/build/game_controller_interface': CMAKE_PREFIX_PATH=${CMAKE_PREFIX_PATH}:/opt/ros/humble /usr/bin/cmake --build /home/booster/Workspace/hl_unification/hsl-player/build/game_controller_interface -- -j8 -l8
[5.050s] [  2%] [34m[1mGenerating C++ code for ROS interfaces[0m
[6.195s] [  2%] Built target game_controller_interface__cpp
[6.254s] [  2%] Built target ament_cmake_python_symlink_game_controller_interface
[6.276s] [  4%] [34m[1mGenerating C++ introspection for ROS interfaces[0m
[7.265s] [  6%] [32mBuilding CXX object CMakeFiles/game_controller_interface__rosidl_typesupport_introspection_cpp.dir/rosidl_typesupport_introspection_cpp/game_controller_interface/msg/detail/game_control_data__type_support.cpp.o[0m
[8.658s] [  8%] [32mBuilding CXX object CMakeFiles/game_controller_interface__rosidl_typesupport_introspection_cpp.dir/rosidl_typesupport_introspection_cpp/game_controller_interface/msg/detail/team_info__type_support.cpp.o[0m
[9.499s] [ 10%] [32mBuilding CXX object CMakeFiles/game_controller_interface__rosidl_typesupport_introspection_cpp.dir/rosidl_typesupport_introspection_cpp/game_controller_interface/msg/detail/robot_info__type_support.cpp.o[0m
[10.219s] [ 12%] [32m[1mLinking CXX shared library libgame_controller_interface__rosidl_typesupport_introspection_cpp.so[0m
[10.399s] [ 12%] Built target game_controller_interface__rosidl_typesupport_introspection_cpp
[10.912s] running egg_info
[10.912s] creating game_controller_interface.egg-info
[10.913s] writing game_controller_interface.egg-info/PKG-INFO
[10.914s] writing dependency_links to game_controller_interface.egg-info/dependency_links.txt
[10.915s] writing top-level names to game_controller_interface.egg-info/top_level.txt
[10.915s] writing manifest file 'game_controller_interface.egg-info/SOURCES.txt'
[10.922s] reading manifest file 'game_controller_interface.egg-info/SOURCES.txt'
[10.922s] writing manifest file 'game_controller_interface.egg-info/SOURCES.txt'
[11.014s] [ 12%] Built target ament_cmake_python_build_game_controller_interface_egg
[11.034s] [ 14%] [34m[1mGenerating C++ type support for eProsima Fast-RTPS[0m
[12.211s] [ 17%] [32mBuilding CXX object CMakeFiles/game_controller_interface__rosidl_typesupport_fastrtps_cpp.dir/rosidl_typesupport_fastrtps_cpp/game_controller_interface/msg/detail/dds_fastrtps/game_control_data__type_support.cpp.o[0m
[12.954s] [ 19%] [32mBuilding CXX object CMakeFiles/game_controller_interface__rosidl_typesupport_fastrtps_cpp.dir/rosidl_typesupport_fastrtps_cpp/game_controller_interface/msg/detail/dds_fastrtps/team_info__type_support.cpp.o[0m
[13.878s] [ 21%] [32mBuilding CXX object CMakeFiles/game_controller_interface__rosidl_typesupport_fastrtps_cpp.dir/rosidl_typesupport_fastrtps_cpp/game_controller_interface/msg/detail/dds_fastrtps/robot_info__type_support.cpp.o[0m
[14.563s] [ 23%] [32m[1mLinking CXX shared library libgame_controller_interface__rosidl_typesupport_fastrtps_cpp.so[0m
[14.737s] [ 23%] Built target game_controller_interface__rosidl_typesupport_fastrtps_cpp
[14.771s] [ 25%] [34m[1mGenerating C++ type support dispatch for ROS interfaces[0m
[15.766s] [ 27%] [32mBuilding CXX object CMakeFiles/game_controller_interface__rosidl_typesupport_cpp.dir/rosidl_typesupport_cpp/game_controller_interface/msg/game_control_data__type_support.cpp.o[0m
[16.269s] [ 29%] [32mBuilding CXX object CMakeFiles/game_controller_interface__rosidl_typesupport_cpp.dir/rosidl_typesupport_cpp/game_controller_interface/msg/team_info__type_support.cpp.o[0m
[16.779s] [ 31%] [32mBuilding CXX object CMakeFiles/game_controller_interface__rosidl_typesupport_cpp.dir/rosidl_typesupport_cpp/game_controller_interface/msg/robot_info__type_support.cpp.o[0m
[17.271s] [ 34%] [32m[1mLinking CXX shared library libgame_controller_interface__rosidl_typesupport_cpp.so[0m
[17.375s] [ 34%] Built target game_controller_interface__rosidl_typesupport_cpp
[17.409s] [ 36%] [34m[1mGenerating C code for ROS interfaces[0m
[18.734s] [ 38%] [32mBuilding C object CMakeFiles/game_controller_interface__rosidl_generator_c.dir/rosidl_generator_c/game_controller_interface/msg/detail/game_control_data__functions.c.o[0m
[18.833s] [ 40%] [32mBuilding C object CMakeFiles/game_controller_interface__rosidl_generator_c.dir/rosidl_generator_c/game_controller_interface/msg/detail/team_info__functions.c.o[0m
[18.938s] [ 42%] [32mBuilding C object CMakeFiles/game_controller_interface__rosidl_generator_c.dir/rosidl_generator_c/game_controller_interface/msg/detail/robot_info__functions.c.o[0m
[19.026s] [ 44%] [32m[1mLinking C shared library libgame_controller_interface__rosidl_generator_c.so[0m
[19.093s] [ 44%] Built target game_controller_interface__rosidl_generator_c
[19.110s] [ 46%] [34m[1mGenerating C type support for eProsima Fast-RTPS[0m
[20.184s] [ 48%] [32mBuilding CXX object CMakeFiles/game_controller_interface__rosidl_typesupport_fastrtps_c.dir/rosidl_typesupport_fastrtps_c/game_controller_interface/msg/detail/game_control_data__type_support_c.cpp.o[0m
[20.797s] [ 51%] [32mBuilding CXX object CMakeFiles/game_controller_interface__rosidl_typesupport_fastrtps_c.dir/rosidl_typesupport_fastrtps_c/game_controller_interface/msg/detail/team_info__type_support_c.cpp.o[0m
[21.478s] [ 53%] [32mBuilding CXX object CMakeFiles/game_controller_interface__rosidl_typesupport_fastrtps_c.dir/rosidl_typesupport_fastrtps_c/game_controller_interface/msg/detail/robot_info__type_support_c.cpp.o[0m
[22.123s] [ 55%] [32m[1mLinking CXX shared library libgame_controller_interface__rosidl_typesupport_fastrtps_c.so[0m
[22.282s] [ 55%] Built target game_controller_interface__rosidl_typesupport_fastrtps_c
[22.299s] [ 57%] [34m[1mGenerating C type support dispatch for ROS interfaces[0m
[23.299s] [ 59%] [32mBuilding CXX object CMakeFiles/game_controller_interface__rosidl_typesupport_c.dir/rosidl_typesupport_c/game_controller_interface/msg/game_control_data__type_support.cpp.o[0m
[23.375s] [ 61%] [32mBuilding CXX object CMakeFiles/game_controller_interface__rosidl_typesupport_c.dir/rosidl_typesupport_c/game_controller_interface/msg/team_info__type_support.cpp.o[0m
[23.458s] [ 63%] [32mBuilding CXX object CMakeFiles/game_controller_interface__rosidl_typesupport_c.dir/rosidl_typesupport_c/game_controller_interface/msg/robot_info__type_support.cpp.o[0m
[23.523s] [ 65%] [32m[1mLinking CXX shared library libgame_controller_interface__rosidl_typesupport_c.so[0m
[23.622s] [ 65%] Built target game_controller_interface__rosidl_typesupport_c
[23.665s] [ 68%] [34m[1mGenerating C introspection for ROS interfaces[0m
[24.724s] [ 70%] [32mBuilding C object CMakeFiles/game_controller_interface__rosidl_typesupport_introspection_c.dir/rosidl_typesupport_introspection_c/game_controller_interface/msg/detail/game_control_data__type_support.c.o[0m
[25.375s] [ 72%] [32mBuilding C object CMakeFiles/game_controller_interface__rosidl_typesupport_introspection_c.dir/rosidl_typesupport_introspection_c/game_controller_interface/msg/detail/team_info__type_support.c.o[0m
[25.600s] [ 74%] [32mBuilding C object CMakeFiles/game_controller_interface__rosidl_typesupport_introspection_c.dir/rosidl_typesupport_introspection_c/game_controller_interface/msg/detail/robot_info__type_support.c.o[0m
[25.679s] [ 76%] [32m[1mLinking C shared library libgame_controller_interface__rosidl_typesupport_introspection_c.so[0m
[25.735s] [ 76%] Built target game_controller_interface__rosidl_typesupport_introspection_c
[25.779s] [ 76%] Built target game_controller_interface
[25.815s] [ 78%] [34m[1mGenerating Python code for ROS interfaces[0m
[27.579s] [ 78%] Built target game_controller_interface__py
[27.626s] [ 80%] [32mBuilding C object CMakeFiles/game_controller_interface__rosidl_generator_py.dir/rosidl_generator_py/game_controller_interface/msg/_game_control_data_s.c.o[0m
[27.859s] [ 82%] [32mBuilding C object CMakeFiles/game_controller_interface__rosidl_generator_py.dir/rosidl_generator_py/game_controller_interface/msg/_team_info_s.c.o[0m
[28.086s] [ 85%] [32mBuilding C object CMakeFiles/game_controller_interface__rosidl_generator_py.dir/rosidl_generator_py/game_controller_interface/msg/_robot_info_s.c.o[0m
[28.271s] [ 87%] [32m[1mLinking C shared library rosidl_generator_py/game_controller_interface/libgame_controller_interface__rosidl_generator_py.so[0m
[28.337s] [ 87%] Built target game_controller_interface__rosidl_generator_py
[28.380s] [ 89%] [32mBuilding C object CMakeFiles/game_controller_interface__rosidl_typesupport_fastrtps_c__pyext.dir/rosidl_generator_py/game_controller_interface/_game_controller_interface_s.ep.rosidl_typesupport_fastrtps_c.c.o[0m
[28.588s] [ 91%] [32m[1mLinking C shared library rosidl_generator_py/game_controller_interface/game_controller_interface_s__rosidl_typesupport_fastrtps_c.cpython-310-aarch64-linux-gnu.so[0m
[28.657s] [ 91%] Built target game_controller_interface__rosidl_typesupport_fastrtps_c__pyext
[28.697s] [ 93%] [32mBuilding C object CMakeFiles/game_controller_interface__rosidl_typesupport_c__pyext.dir/rosidl_generator_py/game_controller_interface/_game_controller_interface_s.ep.rosidl_typesupport_c.c.o[0m
[28.916s] [ 95%] [32m[1mLinking C shared library rosidl_generator_py/game_controller_interface/game_controller_interface_s__rosidl_typesupport_c.cpython-310-aarch64-linux-gnu.so[0m
[29.014s] [ 95%] Built target game_controller_interface__rosidl_typesupport_c__pyext
[29.100s] [ 97%] [32mBuilding C object CMakeFiles/game_controller_interface__rosidl_typesupport_introspection_c__pyext.dir/rosidl_generator_py/game_controller_interface/_game_controller_interface_s.ep.rosidl_typesupport_introspection_c.c.o[0m
[29.282s] [100%] [32m[1mLinking C shared library rosidl_generator_py/game_controller_interface/game_controller_interface_s__rosidl_typesupport_introspection_c.cpython-310-aarch64-linux-gnu.so[0m
[29.353s] [100%] Built target game_controller_interface__rosidl_typesupport_introspection_c__pyext
[29.387s] Invoked command in '/home/booster/Workspace/hl_unification/hsl-player/build/game_controller_interface' returned '0': CMAKE_PREFIX_PATH=${CMAKE_PREFIX_PATH}:/opt/ros/humble /usr/bin/cmake --build /home/booster/Workspace/hl_unification/hsl-player/build/game_controller_interface -- -j8 -l8
[29.593s] Invoking command in '/home/booster/Workspace/hl_unification/hsl-player/build/game_controller_interface': CMAKE_PREFIX_PATH=${CMAKE_PREFIX_PATH}:/opt/ros/humble /usr/bin/cmake --install /home/booster/Workspace/hl_unification/hsl-player/build/game_controller_interface
[29.607s] -- Install configuration: ""
[29.607s] -- Execute custom install script
[29.608s] -- Symlinking: /home/booster/Workspace/hl_unification/hsl-player/install/game_controller_interface/share/ament_index/resource_index/rosidl_interfaces/game_controller_interface
[29.633s] -- Symlinking: /home/booster/Workspace/hl_unification/hsl-player/install/game_controller_interface/include/game_controller_interface/game_controller_interface/msg/detail/game_control_data__functions.h
[29.655s] -- Symlinking: /home/booster/Workspace/hl_unification/hsl-player/install/game_controller_interface/include/game_controller_interface/game_controller_interface/msg/detail/game_control_data__struct.h
[29.673s] -- Symlinking: /home/booster/Workspace/hl_unification/hsl-player/install/game_controller_interface/include/game_controller_interface/game_controller_interface/msg/detail/game_control_data__type_support.h
[29.707s] -- Symlinking: /home/booster/Workspace/hl_unification/hsl-player/install/game_controller_interface/include/game_controller_interface/game_controller_interface/msg/detail/robot_info__functions.h
[29.723s] -- Symlinking: /home/booster/Workspace/hl_unification/hsl-player/install/game_controller_interface/include/game_controller_interface/game_controller_interface/msg/detail/robot_info__struct.h
[29.740s] -- Symlinking: /home/booster/Workspace/hl_unification/hsl-player/install/game_controller_interface/include/game_controller_interface/game_controller_interface/msg/detail/robot_info__type_support.h
[29.759s] -- Symlinking: /home/booster/Workspace/hl_unification/hsl-player/install/game_controller_interface/include/game_controller_interface/game_controller_interface/msg/detail/team_info__functions.h
[29.778s] -- Symlinking: /home/booster/Workspace/hl_unification/hsl-player/install/game_controller_interface/include/game_controller_interface/game_controller_interface/msg/detail/team_info__struct.h
[29.794s] -- Symlinking: /home/booster/Workspace/hl_unification/hsl-player/install/game_controller_interface/include/game_controller_interface/game_controller_interface/msg/detail/team_info__type_support.h
[29.828s] -- Symlinking: /home/booster/Workspace/hl_unification/hsl-player/install/game_controller_interface/include/game_controller_interface/game_controller_interface/msg/game_control_data.h
[29.854s] -- Symlinking: /home/booster/Workspace/hl_unification/hsl-player/install/game_controller_interface/include/game_controller_interface/game_controller_interface/msg/robot_info.h
[29.874s] -- Symlinking: /home/booster/Workspace/hl_unification/hsl-player/install/game_controller_interface/include/game_controller_interface/game_controller_interface/msg/rosidl_generator_c__visibility_control.h
[29.894s] -- Symlinking: /home/booster/Workspace/hl_unification/hsl-player/install/game_controller_interface/include/game_controller_interface/game_controller_interface/msg/team_info.h
[29.915s] -- Symlinking: /home/booster/Workspace/hl_unification/hsl-player/install/game_controller_interface/share/game_controller_interface/environment/library_path.sh
[29.942s] -- Symlinking: /home/booster/Workspace/hl_unification/hsl-player/install/game_controller_interface/share/game_controller_interface/environment/library_path.dsv
[29.964s] -- Symlinking: /home/booster/Workspace/hl_unification/hsl-player/install/game_controller_interface/include/game_controller_interface/game_controller_interface/msg/detail/game_control_data__rosidl_typesupport_fastrtps_c.h
[29.990s] -- Symlinking: /home/booster/Workspace/hl_unification/hsl-player/install/game_controller_interface/include/game_controller_interface/game_controller_interface/msg/detail/robot_info__rosidl_typesupport_fastrtps_c.h
[30.022s] -- Symlinking: /home/booster/Workspace/hl_unification/hsl-player/install/game_controller_interface/include/game_controller_interface/game_controller_interface/msg/detail/team_info__rosidl_typesupport_fastrtps_c.h
[30.043s] -- Symlinking: /home/booster/Workspace/hl_unification/hsl-player/install/game_controller_interface/include/game_controller_interface/game_controller_interface/msg/rosidl_typesupport_fastrtps_c__visibility_control.h
[30.068s] -- Symlinking: /home/booster/Workspace/hl_unification/hsl-player/install/game_controller_interface/include/game_controller_interface/game_controller_interface/msg/detail/game_control_data__builder.hpp
[30.113s] -- Symlinking: /home/booster/Workspace/hl_unification/hsl-player/install/game_controller_interface/include/game_controller_interface/game_controller_interface/msg/detail/game_control_data__struct.hpp
[30.133s] -- Symlinking: /home/booster/Workspace/hl_unification/hsl-player/install/game_controller_interface/include/game_controller_interface/game_controller_interface/msg/detail/game_control_data__traits.hpp
[30.156s] -- Symlinking: /home/booster/Workspace/hl_unification/hsl-player/install/game_controller_interface/include/game_controller_interface/game_controller_interface/msg/detail/robot_info__builder.hpp
[30.174s] -- Symlinking: /home/booster/Workspace/hl_unification/hsl-player/install/game_controller_interface/include/game_controller_interface/game_controller_interface/msg/detail/robot_info__struct.hpp
[30.191s] -- Symlinking: /home/booster/Workspace/hl_unification/hsl-player/install/game_controller_interface/include/game_controller_interface/game_controller_interface/msg/detail/robot_info__traits.hpp
[30.207s] -- Symlinking: /home/booster/Workspace/hl_unification/hsl-player/install/game_controller_interface/include/game_controller_interface/game_controller_interface/msg/detail/team_info__builder.hpp
[30.226s] -- Symlinking: /home/booster/Workspace/hl_unification/hsl-player/install/game_controller_interface/include/game_controller_interface/game_controller_interface/msg/detail/team_info__struct.hpp
[30.244s] -- Symlinking: /home/booster/Workspace/hl_unification/hsl-player/install/game_controller_interface/include/game_controller_interface/game_controller_interface/msg/detail/team_info__traits.hpp
[30.261s] -- Symlinking: /home/booster/Workspace/hl_unification/hsl-player/install/game_controller_interface/include/game_controller_interface/game_controller_interface/msg/game_control_data.hpp
[30.279s] -- Symlinking: /home/booster/Workspace/hl_unification/hsl-player/install/game_controller_interface/include/game_controller_interface/game_controller_interface/msg/robot_info.hpp
[30.294s] -- Symlinking: /home/booster/Workspace/hl_unification/hsl-player/install/game_controller_interface/include/game_controller_interface/game_controller_interface/msg/team_info.hpp
[30.321s] -- Symlinking: /home/booster/Workspace/hl_unification/hsl-player/install/game_controller_interface/include/game_controller_interface/game_controller_interface/msg/detail/game_control_data__rosidl_typesupport_fastrtps_cpp.hpp
[30.337s] -- Symlinking: /home/booster/Workspace/hl_unification/hsl-player/install/game_controller_interface/include/game_controller_interface/game_controller_interface/msg/detail/robot_info__rosidl_typesupport_fastrtps_cpp.hpp
[30.352s] -- Symlinking: /home/booster/Workspace/hl_unification/hsl-player/install/game_controller_interface/include/game_controller_interface/game_controller_interface/msg/detail/team_info__rosidl_typesupport_fastrtps_cpp.hpp
[30.368s] -- Symlinking: /home/booster/Workspace/hl_unification/hsl-player/install/game_controller_interface/include/game_controller_interface/game_controller_interface/msg/rosidl_typesupport_fastrtps_cpp__visibility_control.h
[30.384s] -- Symlinking: /home/booster/Workspace/hl_unification/hsl-player/install/game_controller_interface/include/game_controller_interface/game_controller_interface/msg/detail/game_control_data__rosidl_typesupport_introspection_c.h
[30.400s] -- Symlinking: /home/booster/Workspace/hl_unification/hsl-player/install/game_controller_interface/include/game_controller_interface/game_controller_interface/msg/detail/robot_info__rosidl_typesupport_introspection_c.h
[30.419s] -- Symlinking: /home/booster/Workspace/hl_unification/hsl-player/install/game_controller_interface/include/game_controller_interface/game_controller_interface/msg/detail/team_info__rosidl_typesupport_introspection_c.h
[30.435s] -- Symlinking: /home/booster/Workspace/hl_unification/hsl-player/install/game_controller_interface/include/game_controller_interface/game_controller_interface/msg/rosidl_typesupport_introspection_c__visibility_control.h
[30.451s] -- Symlinking: /home/booster/Workspace/hl_unification/hsl-player/install/game_controller_interface/include/game_controller_interface/game_controller_interface/msg/detail/game_control_data__rosidl_typesupport_introspection_cpp.hpp
[30.468s] -- Symlinking: /home/booster/Workspace/hl_unification/hsl-player/install/game_controller_interface/include/game_controller_interface/game_controller_interface/msg/detail/robot_info__rosidl_typesupport_introspection_cpp.hpp
[30.484s] -- Symlinking: /home/booster/Workspace/hl_unification/hsl-player/install/game_controller_interface/include/game_controller_interface/game_controller_interface/msg/detail/team_info__rosidl_typesupport_introspection_cpp.hpp
[30.502s] -- Symlinking: /home/booster/Workspace/hl_unification/hsl-player/install/game_controller_interface/share/game_controller_interface/environment/pythonpath.sh
[30.517s] -- Symlinking: /home/booster/Workspace/hl_unification/hsl-player/install/game_controller_interface/share/game_controller_interface/environment/pythonpath.dsv
[30.533s] -- Symlinking: /home/booster/Workspace/hl_unification/hsl-player/install/game_controller_interface/local/lib/python3.10/dist-packages/game_controller_interface-1.0.0-py3.10.egg-info/PKG-INFO
[30.549s] -- Symlinking: /home/booster/Workspace/hl_unification/hsl-player/install/game_controller_interface/local/lib/python3.10/dist-packages/game_controller_interface-1.0.0-py3.10.egg-info/SOURCES.txt
[30.564s] -- Symlinking: /home/booster/Workspace/hl_unification/hsl-player/install/game_controller_interface/local/lib/python3.10/dist-packages/game_controller_interface-1.0.0-py3.10.egg-info/dependency_links.txt
[30.578s] -- Symlinking: /home/booster/Workspace/hl_unification/hsl-player/install/game_controller_interface/local/lib/python3.10/dist-packages/game_controller_interface-1.0.0-py3.10.egg-info/top_level.txt
[30.595s] -- Symlinking: /home/booster/Workspace/hl_unification/hsl-player/install/game_controller_interface/local/lib/python3.10/dist-packages/game_controller_interface/__init__.py
[30.613s] -- Symlinking: /home/booster/Workspace/hl_unification/hsl-player/install/game_controller_interface/local/lib/python3.10/dist-packages/game_controller_interface/_game_controller_interface_s.ep.rosidl_typesupport_c.c
[30.628s] -- Symlinking: /home/booster/Workspace/hl_unification/hsl-player/install/game_controller_interface/local/lib/python3.10/dist-packages/game_controller_interface/_game_controller_interface_s.ep.rosidl_typesupport_fastrtps_c.c
[30.644s] -- Symlinking: /home/booster/Workspace/hl_unification/hsl-player/install/game_controller_interface/local/lib/python3.10/dist-packages/game_controller_interface/_game_controller_interface_s.ep.rosidl_typesupport_introspection_c.c
[30.660s] -- Symlinking: /home/booster/Workspace/hl_unification/hsl-player/install/game_controller_interface/local/lib/python3.10/dist-packages/game_controller_interface/game_controller_interface_s__rosidl_typesupport_c.cpython-310-aarch64-linux-gnu.so
[30.675s] -- Symlinking: /home/booster/Workspace/hl_unification/hsl-player/install/game_controller_interface/local/lib/python3.10/dist-packages/game_controller_interface/game_controller_interface_s__rosidl_typesupport_fastrtps_c.cpython-310-aarch64-linux-gnu.so
[30.690s] -- Symlinking: /home/booster/Workspace/hl_unification/hsl-player/install/game_controller_interface/local/lib/python3.10/dist-packages/game_controller_interface/game_controller_interface_s__rosidl_typesupport_introspection_c.cpython-310-aarch64-linux-gnu.so
[30.705s] -- Symlinking: /home/booster/Workspace/hl_unification/hsl-player/install/game_controller_interface/local/lib/python3.10/dist-packages/game_controller_interface/libgame_controller_interface__rosidl_generator_py.so
[30.721s] -- Symlinking: /home/booster/Workspace/hl_unification/hsl-player/install/game_controller_interface/local/lib/python3.10/dist-packages/game_controller_interface/msg/__init__.py
[30.737s] -- Symlinking: /home/booster/Workspace/hl_unification/hsl-player/install/game_controller_interface/local/lib/python3.10/dist-packages/game_controller_interface/msg/_game_control_data.py
[30.754s] -- Symlinking: /home/booster/Workspace/hl_unification/hsl-player/install/game_controller_interface/local/lib/python3.10/dist-packages/game_controller_interface/msg/_game_control_data_s.c
[30.770s] -- Symlinking: /home/booster/Workspace/hl_unification/hsl-player/install/game_controller_interface/local/lib/python3.10/dist-packages/game_controller_interface/msg/_robot_info.py
[30.787s] -- Symlinking: /home/booster/Workspace/hl_unification/hsl-player/install/game_controller_interface/local/lib/python3.10/dist-packages/game_controller_interface/msg/_robot_info_s.c
[30.803s] -- Symlinking: /home/booster/Workspace/hl_unification/hsl-player/install/game_controller_interface/local/lib/python3.10/dist-packages/game_controller_interface/msg/_team_info.py
[30.818s] -- Symlinking: /home/booster/Workspace/hl_unification/hsl-player/install/game_controller_interface/local/lib/python3.10/dist-packages/game_controller_interface/msg/_team_info_s.c
[30.834s] -- Up-to-date symlink: /home/booster/Workspace/hl_unification/hsl-player/install/game_controller_interface/local/lib/python3.10/dist-packages/game_controller_interface/game_controller_interface_s__rosidl_typesupport_fastrtps_c.cpython-310-aarch64-linux-gnu.so
[30.834s] -- Up-to-date symlink: /home/booster/Workspace/hl_unification/hsl-player/install/game_controller_interface/local/lib/python3.10/dist-packages/game_controller_interface/game_controller_interface_s__rosidl_typesupport_introspection_c.cpython-310-aarch64-linux-gnu.so
[30.834s] -- Up-to-date symlink: /home/booster/Workspace/hl_unification/hsl-player/install/game_controller_interface/local/lib/python3.10/dist-packages/game_controller_interface/game_controller_interface_s__rosidl_typesupport_c.cpython-310-aarch64-linux-gnu.so
[30.835s] -- Symlinking: /home/booster/Workspace/hl_unification/hsl-player/install/game_controller_interface/share/game_controller_interface/msg/GameControlData.idl
[30.852s] -- Symlinking: /home/booster/Workspace/hl_unification/hsl-player/install/game_controller_interface/share/game_controller_interface/msg/RobotInfo.idl
[30.868s] -- Symlinking: /home/booster/Workspace/hl_unification/hsl-player/install/game_controller_interface/share/game_controller_interface/msg/TeamInfo.idl
[30.883s] -- Symlinking: /home/booster/Workspace/hl_unification/hsl-player/install/game_controller_interface/share/game_controller_interface/msg/GameControlData.msg
[30.900s] -- Symlinking: /home/booster/Workspace/hl_unification/hsl-player/install/game_controller_interface/share/game_controller_interface/msg/RobotInfo.msg
[30.916s] -- Symlinking: /home/booster/Workspace/hl_unification/hsl-player/install/game_controller_interface/share/game_controller_interface/msg/TeamInfo.msg
[30.933s] -- Symlinking: /home/booster/Workspace/hl_unification/hsl-player/install/game_controller_interface/share/ament_index/resource_index/package_run_dependencies/game_controller_interface
[30.949s] -- Symlinking: /home/booster/Workspace/hl_unification/hsl-player/install/game_controller_interface/share/ament_index/resource_index/parent_prefix_path/game_controller_interface
[30.965s] -- Symlinking: /home/booster/Workspace/hl_unification/hsl-player/install/game_controller_interface/share/game_controller_interface/environment/ament_prefix_path.sh
[30.982s] -- Symlinking: /home/booster/Workspace/hl_unification/hsl-player/install/game_controller_interface/share/game_controller_interface/environment/ament_prefix_path.dsv
[30.998s] -- Symlinking: /home/booster/Workspace/hl_unification/hsl-player/install/game_controller_interface/share/game_controller_interface/environment/path.sh
[31.015s] -- Symlinking: /home/booster/Workspace/hl_unification/hsl-player/install/game_controller_interface/share/game_controller_interface/environment/path.dsv
[31.031s] -- Symlinking: /home/booster/Workspace/hl_unification/hsl-player/install/game_controller_interface/share/game_controller_interface/local_setup.bash
[31.046s] -- Symlinking: /home/booster/Workspace/hl_unification/hsl-player/install/game_controller_interface/share/game_controller_interface/local_setup.sh
[31.062s] -- Symlinking: /home/booster/Workspace/hl_unification/hsl-player/install/game_controller_interface/share/game_controller_interface/local_setup.zsh
[31.079s] -- Symlinking: /home/booster/Workspace/hl_unification/hsl-player/install/game_controller_interface/share/game_controller_interface/local_setup.dsv
[31.094s] -- Symlinking: /home/booster/Workspace/hl_unification/hsl-player/install/game_controller_interface/share/game_controller_interface/package.dsv
[31.110s] -- Symlinking: /home/booster/Workspace/hl_unification/hsl-player/install/game_controller_interface/share/ament_index/resource_index/packages/game_controller_interface
[31.126s] -- Symlinking: /home/booster/Workspace/hl_unification/hsl-player/install/game_controller_interface/share/game_controller_interface/cmake/rosidl_cmake-extras.cmake
[31.142s] -- Symlinking: /home/booster/Workspace/hl_unification/hsl-player/install/game_controller_interface/share/game_controller_interface/cmake/ament_cmake_export_include_directories-extras.cmake
[31.158s] -- Symlinking: /home/booster/Workspace/hl_unification/hsl-player/install/game_controller_interface/share/game_controller_interface/cmake/ament_cmake_export_libraries-extras.cmake
[31.174s] -- Symlinking: /home/booster/Workspace/hl_unification/hsl-player/install/game_controller_interface/share/game_controller_interface/cmake/ament_cmake_export_targets-extras.cmake
[31.191s] -- Symlinking: /home/booster/Workspace/hl_unification/hsl-player/install/game_controller_interface/share/game_controller_interface/cmake/rosidl_cmake_export_typesupport_targets-extras.cmake
[31.206s] -- Symlinking: /home/booster/Workspace/hl_unification/hsl-player/install/game_controller_interface/share/game_controller_interface/cmake/ament_cmake_export_dependencies-extras.cmake
[31.221s] -- Symlinking: /home/booster/Workspace/hl_unification/hsl-player/install/game_controller_interface/share/game_controller_interface/cmake/rosidl_cmake_export_typesupport_libraries-extras.cmake
[31.237s] -- Symlinking: /home/booster/Workspace/hl_unification/hsl-player/install/game_controller_interface/share/game_controller_interface/cmake/game_controller_interfaceConfig.cmake
[31.253s] -- Symlinking: /home/booster/Workspace/hl_unification/hsl-player/install/game_controller_interface/share/game_controller_interface/cmake/game_controller_interfaceConfig-version.cmake
[31.269s] -- Symlinking: /home/booster/Workspace/hl_unification/hsl-player/install/game_controller_interface/share/game_controller_interface/package.xml
[31.288s] -- Installing: /home/booster/Workspace/hl_unification/hsl-player/install/game_controller_interface/lib/libgame_controller_interface__rosidl_generator_c.so
[31.288s] -- Set runtime path of "/home/booster/Workspace/hl_unification/hsl-player/install/game_controller_interface/lib/libgame_controller_interface__rosidl_generator_c.so" to ""
[31.288s] -- Installing: /home/booster/Workspace/hl_unification/hsl-player/install/game_controller_interface/lib/libgame_controller_interface__rosidl_typesupport_fastrtps_c.so
[31.290s] -- Set runtime path of "/home/booster/Workspace/hl_unification/hsl-player/install/game_controller_interface/lib/libgame_controller_interface__rosidl_typesupport_fastrtps_c.so" to ""
[31.291s] -- Installing: /home/booster/Workspace/hl_unification/hsl-player/install/game_controller_interface/lib/libgame_controller_interface__rosidl_typesupport_fastrtps_cpp.so
[31.292s] -- Set runtime path of "/home/booster/Workspace/hl_unification/hsl-player/install/game_controller_interface/lib/libgame_controller_interface__rosidl_typesupport_fastrtps_cpp.so" to ""
[31.292s] -- Installing: /home/booster/Workspace/hl_unification/hsl-player/install/game_controller_interface/lib/libgame_controller_interface__rosidl_typesupport_introspection_c.so
[31.293s] -- Set runtime path of "/home/booster/Workspace/hl_unification/hsl-player/install/game_controller_interface/lib/libgame_controller_interface__rosidl_typesupport_introspection_c.so" to ""
[31.293s] -- Installing: /home/booster/Workspace/hl_unification/hsl-player/install/game_controller_interface/lib/libgame_controller_interface__rosidl_typesupport_c.so
[31.294s] -- Set runtime path of "/home/booster/Workspace/hl_unification/hsl-player/install/game_controller_interface/lib/libgame_controller_interface__rosidl_typesupport_c.so" to ""
[31.294s] -- Installing: /home/booster/Workspace/hl_unification/hsl-player/install/game_controller_interface/lib/libgame_controller_interface__rosidl_typesupport_introspection_cpp.so
[31.296s] -- Set runtime path of "/home/booster/Workspace/hl_unification/hsl-player/install/game_controller_interface/lib/libgame_controller_interface__rosidl_typesupport_introspection_cpp.so" to ""
[31.296s] -- Installing: /home/booster/Workspace/hl_unification/hsl-player/install/game_controller_interface/lib/libgame_controller_interface__rosidl_typesupport_cpp.so
[31.296s] -- Set runtime path of "/home/booster/Workspace/hl_unification/hsl-player/install/game_controller_interface/lib/libgame_controller_interface__rosidl_typesupport_cpp.so" to ""
[31.368s] Listing '/home/booster/Workspace/hl_unification/hsl-player/install/game_controller_interface/local/lib/python3.10/dist-packages/game_controller_interface'...
[31.368s] Compiling '/home/booster/Workspace/hl_unification/hsl-player/install/game_controller_interface/local/lib/python3.10/dist-packages/game_controller_interface/__init__.py'...
[31.368s] Listing '/home/booster/Workspace/hl_unification/hsl-player/install/game_controller_interface/local/lib/python3.10/dist-packages/game_controller_interface/msg'...
[31.368s] Compiling '/home/booster/Workspace/hl_unification/hsl-player/install/game_controller_interface/local/lib/python3.10/dist-packages/game_controller_interface/msg/__init__.py'...
[31.368s] Compiling '/home/booster/Workspace/hl_unification/hsl-player/install/game_controller_interface/local/lib/python3.10/dist-packages/game_controller_interface/msg/_game_control_data.py'...
[31.368s] Compiling '/home/booster/Workspace/hl_unification/hsl-player/install/game_controller_interface/local/lib/python3.10/dist-packages/game_controller_interface/msg/_robot_info.py'...
[31.369s] Compiling '/home/booster/Workspace/hl_unification/hsl-player/install/game_controller_interface/local/lib/python3.10/dist-packages/game_controller_interface/msg/_team_info.py'...
[31.379s] -- Installing: /home/booster/Workspace/hl_unification/hsl-player/install/game_controller_interface/lib/libgame_controller_interface__rosidl_generator_py.so
[31.379s] -- Set runtime path of "/home/booster/Workspace/hl_unification/hsl-player/install/game_controller_interface/lib/libgame_controller_interface__rosidl_generator_py.so" to ""
[31.380s] -- Installing: /home/booster/Workspace/hl_unification/hsl-player/install/game_controller_interface/share/game_controller_interface/cmake/export_game_controller_interface__rosidl_generator_cExport.cmake
[31.380s] -- Installing: /home/booster/Workspace/hl_unification/hsl-player/install/game_controller_interface/share/game_controller_interface/cmake/export_game_controller_interface__rosidl_generator_cExport-noconfig.cmake
[31.380s] -- Installing: /home/booster/Workspace/hl_unification/hsl-player/install/game_controller_interface/share/game_controller_interface/cmake/export_game_controller_interface__rosidl_typesupport_fastrtps_cExport.cmake
[31.380s] -- Installing: /home/booster/Workspace/hl_unification/hsl-player/install/game_controller_interface/share/game_controller_interface/cmake/export_game_controller_interface__rosidl_typesupport_fastrtps_cExport-noconfig.cmake
[31.381s] -- Installing: /home/booster/Workspace/hl_unification/hsl-player/install/game_controller_interface/share/game_controller_interface/cmake/export_game_controller_interface__rosidl_generator_cppExport.cmake
[31.381s] -- Installing: /home/booster/Workspace/hl_unification/hsl-player/install/game_controller_interface/share/game_controller_interface/cmake/export_game_controller_interface__rosidl_typesupport_fastrtps_cppExport.cmake
[31.381s] -- Installing: /home/booster/Workspace/hl_unification/hsl-player/install/game_controller_interface/share/game_controller_interface/cmake/export_game_controller_interface__rosidl_typesupport_fastrtps_cppExport-noconfig.cmake
[31.381s] -- Installing: /home/booster/Workspace/hl_unification/hsl-player/install/game_controller_interface/share/game_controller_interface/cmake/game_controller_interface__rosidl_typesupport_introspection_cExport.cmake
[31.382s] -- Installing: /home/booster/Workspace/hl_unification/hsl-player/install/game_controller_interface/share/game_controller_interface/cmake/game_controller_interface__rosidl_typesupport_introspection_cExport-noconfig.cmake
[31.382s] -- Installing: /home/booster/Workspace/hl_unification/hsl-player/install/game_controller_interface/share/game_controller_interface/cmake/game_controller_interface__rosidl_typesupport_cExport.cmake
[31.382s] -- Installing: /home/booster/Workspace/hl_unification/hsl-player/install/game_controller_interface/share/game_controller_interface/cmake/game_controller_interface__rosidl_typesupport_cExport-noconfig.cmake
[31.383s] -- Installing: /home/booster/Workspace/hl_unification/hsl-player/install/game_controller_interface/share/game_controller_interface/cmake/game_controller_interface__rosidl_typesupport_introspection_cppExport.cmake
[31.383s] -- Installing: /home/booster/Workspace/hl_unification/hsl-player/install/game_controller_interface/share/game_controller_interface/cmake/game_controller_interface__rosidl_typesupport_introspection_cppExport-noconfig.cmake
[31.383s] -- Installing: /home/booster/Workspace/hl_unification/hsl-player/install/game_controller_interface/share/game_controller_interface/cmake/game_controller_interface__rosidl_typesupport_cppExport.cmake
[31.383s] -- Installing: /home/booster/Workspace/hl_unification/hsl-player/install/game_controller_interface/share/game_controller_interface/cmake/game_controller_interface__rosidl_typesupport_cppExport-noconfig.cmake
[31.383s] -- Installing: /home/booster/Workspace/hl_unification/hsl-player/install/game_controller_interface/share/game_controller_interface/cmake/export_game_controller_interface__rosidl_generator_pyExport.cmake
[31.384s] -- Installing: /home/booster/Workspace/hl_unification/hsl-player/install/game_controller_interface/share/game_controller_interface/cmake/export_game_controller_interface__rosidl_generator_pyExport-noconfig.cmake
[31.389s] Invoked command in '/home/booster/Workspace/hl_unification/hsl-player/build/game_controller_interface' returned '0': CMAKE_PREFIX_PATH=${CMAKE_PREFIX_PATH}:/opt/ros/humble /usr/bin/cmake --install /home/booster/Workspace/hl_unification/hsl-player/build/game_controller_interface
