-- Found ament_cmake: 1.3.14 (/opt/ros/humble/share/ament_cmake/cmake)
-- Override CMake install command with custom implementation using symlinks instead of copying resources
-- Found rclcpp: 16.0.19 (/opt/ros/humble/share/rclcpp/cmake)
-- Found rosidl_generator_c: 3.1.8 (/opt/ros/humble/share/rosidl_generator_c/cmake)
-- Found rosidl_adapter: 3.1.8 (/opt/ros/humble/share/rosidl_adapter/cmake)
-- Found rosidl_generator_cpp: 3.1.8 (/opt/ros/humble/share/rosidl_generator_cpp/cmake)
-- Using all available rosidl_typesupport_c: rosidl_typesupport_fastrtps_c;rosidl_typesupport_introspection_c
-- Using all available rosidl_typesupport_cpp: rosidl_typesupport_fastrtps_cpp;rosidl_typesupport_introspection_cpp
-- Found rmw_implementation_cmake: 6.1.2 (/opt/ros/humble/share/rmw_implementation_cmake/cmake)
-- Found rmw_fastrtps_cpp: 6.2.10 (/opt/ros/humble/share/rmw_fastrtps_cpp/cmake)
-- Using RMW implementation 'rmw_fastrtps_cpp' as default
-- Found rosidl_default_generators: 1.2.1 (/opt/ros/humble/share/rosidl_default_generators/cmake)
-- Found geometry_msgs: 4.9.1 (/opt/ros/humble/share/geometry_msgs/cmake)
-- Found sensor_msgs: 4.9.1 (/opt/ros/humble/share/sensor_msgs/cmake)
-- Found ament_cmake_ros: 0.10.0 (/opt/ros/humble/share/ament_cmake_ros/cmake)
-- Using all available rosidl_typesupport_c: rosidl_typesupport_fastrtps_c;rosidl_typesupport_introspection_c
-- Using all available rosidl_typesupport_cpp: rosidl_typesupport_fastrtps_cpp;rosidl_typesupport_introspection_cpp
-- Found python_cmake_module: 0.10.0 (/opt/ros/humble/share/python_cmake_module/cmake)
-- Using PYTHON_EXECUTABLE: /usr/bin/python3
-- Using PYTHON_INCLUDE_DIRS: /usr/include/python3.10
-- Using PYTHON_LIBRARIES: /usr/lib/x86_64-linux-gnu/libpython3.10.so
-- Found ament_lint_auto: 0.12.15 (/opt/ros/humble/share/ament_lint_auto/cmake)
-- Added test 'lint_cmake' to check CMake code style
-- Added test 'xmllint' to check XML markup files
-- Configuring done
-- Generating done
[33mCMake Warning:
  Manually-specified variables were not used by the project:

    rerun_sdk_DIR

[0m
-- Build files have been written to: /workspace/hsl-player/build/vision_interface
[35m[1mConsolidate compiler generated dependencies of target vision_interface__rosidl_generator_c[0m
[  0%] Built target vision_interface__cpp
[ 12%] Built target vision_interface__rosidl_generator_c
[ 13%] Built target vision_interface__rs
[35m[1mConsolidate compiler generated dependencies of target vision_interface__rosidl_typesupport_cpp[0m
[35m[1mConsolidate compiler generated dependencies of target vision_interface__rosidl_typesupport_introspection_cpp[0m
[35m[1mConsolidate compiler generated dependencies of target vision_interface__rosidl_typesupport_fastrtps_cpp[0m
[ 13%] Built target ament_cmake_python_symlink_vision_interface
[35m[1mConsolidate compiler generated dependencies of target vision_interface__rosidl_typesupport_c[0m
[35m[1mConsolidate compiler generated dependencies of target vision_interface__rosidl_typesupport_introspection_c[0m
[35m[1mConsolidate compiler generated dependencies of target vision_interface__rosidl_typesupport_fastrtps_c[0m
[ 25%] Built target vision_interface__rosidl_typesupport_fastrtps_cpp
[ 37%] Built target vision_interface__rosidl_typesupport_cpp
[ 59%] Built target vision_interface__rosidl_typesupport_introspection_cpp
[ 60%] Built target vision_interface__rosidl_typesupport_c
[ 71%] Built target vision_interface__rosidl_typesupport_introspection_c
[ 82%] Built target vision_interface__rosidl_typesupport_fastrtps_c
[ 82%] Built target vision_interface
[ 83%] Built target vision_interface__py
[35m[1mConsolidate compiler generated dependencies of target vision_interface__rosidl_generator_py[0m
[ 94%] Built target vision_interface__rosidl_generator_py
[35m[1mConsolidate compiler generated dependencies of target vision_interface__rosidl_typesupport_introspection_c__pyext[0m
[35m[1mConsolidate compiler generated dependencies of target vision_interface__rosidl_typesupport_c__pyext[0m
[35m[1mConsolidate compiler generated dependencies of target vision_interface__rosidl_typesupport_fastrtps_c__pyext[0m
[ 96%] Built target vision_interface__rosidl_typesupport_introspection_c__pyext
[ 98%] Built target vision_interface__rosidl_typesupport_c__pyext
[100%] Built target vision_interface__rosidl_typesupport_fastrtps_c__pyext
running egg_info
writing vision_interface.egg-info/PKG-INFO
writing dependency_links to vision_interface.egg-info/dependency_links.txt
writing top-level names to vision_interface.egg-info/top_level.txt
reading manifest file 'vision_interface.egg-info/SOURCES.txt'
writing manifest file 'vision_interface.egg-info/SOURCES.txt'
[100%] Built target ament_cmake_python_build_vision_interface_egg
-- Install configuration: ""
-- Execute custom install script
-- Up-to-date symlink: /workspace/hsl-player/install/vision_interface/share/ament_index/resource_index/rosidl_interfaces/vision_interface
-- Up-to-date symlink: /workspace/hsl-player/install/vision_interface/include/vision_interface/vision_interface/msg/ball.h
-- Up-to-date symlink: /workspace/hsl-player/install/vision_interface/include/vision_interface/vision_interface/msg/cal_param.h
-- Up-to-date symlink: /workspace/hsl-player/install/vision_interface/include/vision_interface/vision_interface/msg/detail/ball__functions.h
-- Up-to-date symlink: /workspace/hsl-player/install/vision_interface/include/vision_interface/vision_interface/msg/detail/ball__struct.h
-- Up-to-date symlink: /workspace/hsl-player/install/vision_interface/include/vision_interface/vision_interface/msg/detail/ball__type_support.h
-- Up-to-date symlink: /workspace/hsl-player/install/vision_interface/include/vision_interface/vision_interface/msg/detail/cal_param__functions.h
-- Up-to-date symlink: /workspace/hsl-player/install/vision_interface/include/vision_interface/vision_interface/msg/detail/cal_param__struct.h
-- Up-to-date symlink: /workspace/hsl-player/install/vision_interface/include/vision_interface/vision_interface/msg/detail/cal_param__type_support.h
-- Up-to-date symlink: /workspace/hsl-player/install/vision_interface/include/vision_interface/vision_interface/msg/detail/detected_object__functions.h
-- Up-to-date symlink: /workspace/hsl-player/install/vision_interface/include/vision_interface/vision_interface/msg/detail/detected_object__struct.h
-- Up-to-date symlink: /workspace/hsl-player/install/vision_interface/include/vision_interface/vision_interface/msg/detail/detected_object__type_support.h
-- Up-to-date symlink: /workspace/hsl-player/install/vision_interface/include/vision_interface/vision_interface/msg/detail/detections__functions.h
-- Up-to-date symlink: /workspace/hsl-player/install/vision_interface/include/vision_interface/vision_interface/msg/detail/detections__struct.h
-- Up-to-date symlink: /workspace/hsl-player/install/vision_interface/include/vision_interface/vision_interface/msg/detail/detections__type_support.h
-- Up-to-date symlink: /workspace/hsl-player/install/vision_interface/include/vision_interface/vision_interface/msg/detail/detections_track__functions.h
-- Up-to-date symlink: /workspace/hsl-player/install/vision_interface/include/vision_interface/vision_interface/msg/detail/detections_track__struct.h
-- Up-to-date symlink: /workspace/hsl-player/install/vision_interface/include/vision_interface/vision_interface/msg/detail/detections_track__type_support.h
-- Up-to-date symlink: /workspace/hsl-player/install/vision_interface/include/vision_interface/vision_interface/msg/detail/image_head_position__functions.h
-- Up-to-date symlink: /workspace/hsl-player/install/vision_interface/include/vision_interface/vision_interface/msg/detail/image_head_position__struct.h
-- Up-to-date symlink: /workspace/hsl-player/install/vision_interface/include/vision_interface/vision_interface/msg/detail/image_head_position__type_support.h
-- Up-to-date symlink: /workspace/hsl-player/install/vision_interface/include/vision_interface/vision_interface/msg/detail/line_segments__functions.h
-- Up-to-date symlink: /workspace/hsl-player/install/vision_interface/include/vision_interface/vision_interface/msg/detail/line_segments__struct.h
-- Up-to-date symlink: /workspace/hsl-player/install/vision_interface/include/vision_interface/vision_interface/msg/detail/line_segments__type_support.h
-- Up-to-date symlink: /workspace/hsl-player/install/vision_interface/include/vision_interface/vision_interface/msg/detail/segmentation_line__functions.h
-- Up-to-date symlink: /workspace/hsl-player/install/vision_interface/include/vision_interface/vision_interface/msg/detail/segmentation_line__struct.h
-- Up-to-date symlink: /workspace/hsl-player/install/vision_interface/include/vision_interface/vision_interface/msg/detail/segmentation_line__type_support.h
-- Up-to-date symlink: /workspace/hsl-player/install/vision_interface/include/vision_interface/vision_interface/msg/detail/segmentation_point__functions.h
-- Up-to-date symlink: /workspace/hsl-player/install/vision_interface/include/vision_interface/vision_interface/msg/detail/segmentation_point__struct.h
-- Up-to-date symlink: /workspace/hsl-player/install/vision_interface/include/vision_interface/vision_interface/msg/detail/segmentation_point__type_support.h
-- Up-to-date symlink: /workspace/hsl-player/install/vision_interface/include/vision_interface/vision_interface/msg/detail/segmentation_result__functions.h
-- Up-to-date symlink: /workspace/hsl-player/install/vision_interface/include/vision_interface/vision_interface/msg/detail/segmentation_result__struct.h
-- Up-to-date symlink: /workspace/hsl-player/install/vision_interface/include/vision_interface/vision_interface/msg/detail/segmentation_result__type_support.h
-- Up-to-date symlink: /workspace/hsl-player/install/vision_interface/include/vision_interface/vision_interface/msg/detected_object.h
-- Up-to-date symlink: /workspace/hsl-player/install/vision_interface/include/vision_interface/vision_interface/msg/detections.h
-- Up-to-date symlink: /workspace/hsl-player/install/vision_interface/include/vision_interface/vision_interface/msg/detections_track.h
-- Up-to-date symlink: /workspace/hsl-player/install/vision_interface/include/vision_interface/vision_interface/msg/image_head_position.h
-- Up-to-date symlink: /workspace/hsl-player/install/vision_interface/include/vision_interface/vision_interface/msg/line_segments.h
-- Up-to-date symlink: /workspace/hsl-player/install/vision_interface/include/vision_interface/vision_interface/msg/rosidl_generator_c__visibility_control.h
-- Up-to-date symlink: /workspace/hsl-player/install/vision_interface/include/vision_interface/vision_interface/msg/segmentation_line.h
-- Up-to-date symlink: /workspace/hsl-player/install/vision_interface/include/vision_interface/vision_interface/msg/segmentation_point.h
-- Up-to-date symlink: /workspace/hsl-player/install/vision_interface/include/vision_interface/vision_interface/msg/segmentation_result.h
-- Up-to-date symlink: /workspace/hsl-player/install/vision_interface/share/vision_interface/environment/library_path.sh
-- Up-to-date symlink: /workspace/hsl-player/install/vision_interface/share/vision_interface/environment/library_path.dsv
-- Up-to-date symlink: /workspace/hsl-player/install/vision_interface/include/vision_interface/vision_interface/msg/detail/ball__rosidl_typesupport_fastrtps_c.h
-- Up-to-date symlink: /workspace/hsl-player/install/vision_interface/include/vision_interface/vision_interface/msg/detail/cal_param__rosidl_typesupport_fastrtps_c.h
-- Up-to-date symlink: /workspace/hsl-player/install/vision_interface/include/vision_interface/vision_interface/msg/detail/detected_object__rosidl_typesupport_fastrtps_c.h
-- Up-to-date symlink: /workspace/hsl-player/install/vision_interface/include/vision_interface/vision_interface/msg/detail/detections__rosidl_typesupport_fastrtps_c.h
-- Up-to-date symlink: /workspace/hsl-player/install/vision_interface/include/vision_interface/vision_interface/msg/detail/detections_track__rosidl_typesupport_fastrtps_c.h
-- Up-to-date symlink: /workspace/hsl-player/install/vision_interface/include/vision_interface/vision_interface/msg/detail/image_head_position__rosidl_typesupport_fastrtps_c.h
-- Up-to-date symlink: /workspace/hsl-player/install/vision_interface/include/vision_interface/vision_interface/msg/detail/line_segments__rosidl_typesupport_fastrtps_c.h
-- Up-to-date symlink: /workspace/hsl-player/install/vision_interface/include/vision_interface/vision_interface/msg/detail/segmentation_line__rosidl_typesupport_fastrtps_c.h
-- Up-to-date symlink: /workspace/hsl-player/install/vision_interface/include/vision_interface/vision_interface/msg/detail/segmentation_point__rosidl_typesupport_fastrtps_c.h
-- Up-to-date symlink: /workspace/hsl-player/install/vision_interface/include/vision_interface/vision_interface/msg/detail/segmentation_result__rosidl_typesupport_fastrtps_c.h
-- Up-to-date symlink: /workspace/hsl-player/install/vision_interface/include/vision_interface/vision_interface/msg/rosidl_typesupport_fastrtps_c__visibility_control.h
-- Up-to-date symlink: /workspace/hsl-player/install/vision_interface/include/vision_interface/vision_interface/msg/ball.hpp
-- Up-to-date symlink: /workspace/hsl-player/install/vision_interface/include/vision_interface/vision_interface/msg/cal_param.hpp
-- Up-to-date symlink: /workspace/hsl-player/install/vision_interface/include/vision_interface/vision_interface/msg/detail/ball__builder.hpp
-- Up-to-date symlink: /workspace/hsl-player/install/vision_interface/include/vision_interface/vision_interface/msg/detail/ball__struct.hpp
-- Up-to-date symlink: /workspace/hsl-player/install/vision_interface/include/vision_interface/vision_interface/msg/detail/ball__traits.hpp
-- Up-to-date symlink: /workspace/hsl-player/install/vision_interface/include/vision_interface/vision_interface/msg/detail/ball__type_support.hpp
-- Up-to-date symlink: /workspace/hsl-player/install/vision_interface/include/vision_interface/vision_interface/msg/detail/cal_param__builder.hpp
-- Up-to-date symlink: /workspace/hsl-player/install/vision_interface/include/vision_interface/vision_interface/msg/detail/cal_param__struct.hpp
-- Up-to-date symlink: /workspace/hsl-player/install/vision_interface/include/vision_interface/vision_interface/msg/detail/cal_param__traits.hpp
-- Up-to-date symlink: /workspace/hsl-player/install/vision_interface/include/vision_interface/vision_interface/msg/detail/cal_param__type_support.hpp
-- Up-to-date symlink: /workspace/hsl-player/install/vision_interface/include/vision_interface/vision_interface/msg/detail/detected_object__builder.hpp
-- Up-to-date symlink: /workspace/hsl-player/install/vision_interface/include/vision_interface/vision_interface/msg/detail/detected_object__struct.hpp
-- Up-to-date symlink: /workspace/hsl-player/install/vision_interface/include/vision_interface/vision_interface/msg/detail/detected_object__traits.hpp
-- Up-to-date symlink: /workspace/hsl-player/install/vision_interface/include/vision_interface/vision_interface/msg/detail/detected_object__type_support.hpp
-- Up-to-date symlink: /workspace/hsl-player/install/vision_interface/include/vision_interface/vision_interface/msg/detail/detections__builder.hpp
-- Up-to-date symlink: /workspace/hsl-player/install/vision_interface/include/vision_interface/vision_interface/msg/detail/detections__struct.hpp
-- Up-to-date symlink: /workspace/hsl-player/install/vision_interface/include/vision_interface/vision_interface/msg/detail/detections__traits.hpp
-- Up-to-date symlink: /workspace/hsl-player/install/vision_interface/include/vision_interface/vision_interface/msg/detail/detections__type_support.hpp
-- Up-to-date symlink: /workspace/hsl-player/install/vision_interface/include/vision_interface/vision_interface/msg/detail/detections_track__builder.hpp
-- Up-to-date symlink: /workspace/hsl-player/install/vision_interface/include/vision_interface/vision_interface/msg/detail/detections_track__struct.hpp
-- Up-to-date symlink: /workspace/hsl-player/install/vision_interface/include/vision_interface/vision_interface/msg/detail/detections_track__traits.hpp
-- Up-to-date symlink: /workspace/hsl-player/install/vision_interface/include/vision_interface/vision_interface/msg/detail/detections_track__type_support.hpp
-- Up-to-date symlink: /workspace/hsl-player/install/vision_interface/include/vision_interface/vision_interface/msg/detail/image_head_position__builder.hpp
-- Up-to-date symlink: /workspace/hsl-player/install/vision_interface/include/vision_interface/vision_interface/msg/detail/image_head_position__struct.hpp
-- Up-to-date symlink: /workspace/hsl-player/install/vision_interface/include/vision_interface/vision_interface/msg/detail/image_head_position__traits.hpp
-- Up-to-date symlink: /workspace/hsl-player/install/vision_interface/include/vision_interface/vision_interface/msg/detail/image_head_position__type_support.hpp
-- Up-to-date symlink: /workspace/hsl-player/install/vision_interface/include/vision_interface/vision_interface/msg/detail/line_segments__builder.hpp
-- Up-to-date symlink: /workspace/hsl-player/install/vision_interface/include/vision_interface/vision_interface/msg/detail/line_segments__struct.hpp
-- Up-to-date symlink: /workspace/hsl-player/install/vision_interface/include/vision_interface/vision_interface/msg/detail/line_segments__traits.hpp
-- Up-to-date symlink: /workspace/hsl-player/install/vision_interface/include/vision_interface/vision_interface/msg/detail/line_segments__type_support.hpp
-- Up-to-date symlink: /workspace/hsl-player/install/vision_interface/include/vision_interface/vision_interface/msg/detail/segmentation_line__builder.hpp
-- Up-to-date symlink: /workspace/hsl-player/install/vision_interface/include/vision_interface/vision_interface/msg/detail/segmentation_line__struct.hpp
-- Up-to-date symlink: /workspace/hsl-player/install/vision_interface/include/vision_interface/vision_interface/msg/detail/segmentation_line__traits.hpp
-- Up-to-date symlink: /workspace/hsl-player/install/vision_interface/include/vision_interface/vision_interface/msg/detail/segmentation_line__type_support.hpp
-- Up-to-date symlink: /workspace/hsl-player/install/vision_interface/include/vision_interface/vision_interface/msg/detail/segmentation_point__builder.hpp
-- Up-to-date symlink: /workspace/hsl-player/install/vision_interface/include/vision_interface/vision_interface/msg/detail/segmentation_point__struct.hpp
-- Up-to-date symlink: /workspace/hsl-player/install/vision_interface/include/vision_interface/vision_interface/msg/detail/segmentation_point__traits.hpp
-- Up-to-date symlink: /workspace/hsl-player/install/vision_interface/include/vision_interface/vision_interface/msg/detail/segmentation_point__type_support.hpp
-- Up-to-date symlink: /workspace/hsl-player/install/vision_interface/include/vision_interface/vision_interface/msg/detail/segmentation_result__builder.hpp
-- Up-to-date symlink: /workspace/hsl-player/install/vision_interface/include/vision_interface/vision_interface/msg/detail/segmentation_result__struct.hpp
-- Up-to-date symlink: /workspace/hsl-player/install/vision_interface/include/vision_interface/vision_interface/msg/detail/segmentation_result__traits.hpp
-- Up-to-date symlink: /workspace/hsl-player/install/vision_interface/include/vision_interface/vision_interface/msg/detail/segmentation_result__type_support.hpp
-- Up-to-date symlink: /workspace/hsl-player/install/vision_interface/include/vision_interface/vision_interface/msg/detected_object.hpp
-- Up-to-date symlink: /workspace/hsl-player/install/vision_interface/include/vision_interface/vision_interface/msg/detections.hpp
-- Up-to-date symlink: /workspace/hsl-player/install/vision_interface/include/vision_interface/vision_interface/msg/detections_track.hpp
-- Up-to-date symlink: /workspace/hsl-player/install/vision_interface/include/vision_interface/vision_interface/msg/image_head_position.hpp
-- Up-to-date symlink: /workspace/hsl-player/install/vision_interface/include/vision_interface/vision_interface/msg/line_segments.hpp
-- Up-to-date symlink: /workspace/hsl-player/install/vision_interface/include/vision_interface/vision_interface/msg/rosidl_generator_cpp__visibility_control.hpp
-- Up-to-date symlink: /workspace/hsl-player/install/vision_interface/include/vision_interface/vision_interface/msg/segmentation_line.hpp
-- Up-to-date symlink: /workspace/hsl-player/install/vision_interface/include/vision_interface/vision_interface/msg/segmentation_point.hpp
-- Up-to-date symlink: /workspace/hsl-player/install/vision_interface/include/vision_interface/vision_interface/msg/segmentation_result.hpp
-- Up-to-date symlink: /workspace/hsl-player/install/vision_interface/include/vision_interface/vision_interface/msg/detail/ball__rosidl_typesupport_fastrtps_cpp.hpp
-- Up-to-date symlink: /workspace/hsl-player/install/vision_interface/include/vision_interface/vision_interface/msg/detail/cal_param__rosidl_typesupport_fastrtps_cpp.hpp
-- Up-to-date symlink: /workspace/hsl-player/install/vision_interface/include/vision_interface/vision_interface/msg/detail/detected_object__rosidl_typesupport_fastrtps_cpp.hpp
-- Up-to-date symlink: /workspace/hsl-player/install/vision_interface/include/vision_interface/vision_interface/msg/detail/detections__rosidl_typesupport_fastrtps_cpp.hpp
-- Up-to-date symlink: /workspace/hsl-player/install/vision_interface/include/vision_interface/vision_interface/msg/detail/detections_track__rosidl_typesupport_fastrtps_cpp.hpp
-- Up-to-date symlink: /workspace/hsl-player/install/vision_interface/include/vision_interface/vision_interface/msg/detail/image_head_position__rosidl_typesupport_fastrtps_cpp.hpp
-- Up-to-date symlink: /workspace/hsl-player/install/vision_interface/include/vision_interface/vision_interface/msg/detail/line_segments__rosidl_typesupport_fastrtps_cpp.hpp
-- Up-to-date symlink: /workspace/hsl-player/install/vision_interface/include/vision_interface/vision_interface/msg/detail/segmentation_line__rosidl_typesupport_fastrtps_cpp.hpp
-- Up-to-date symlink: /workspace/hsl-player/install/vision_interface/include/vision_interface/vision_interface/msg/detail/segmentation_point__rosidl_typesupport_fastrtps_cpp.hpp
-- Up-to-date symlink: /workspace/hsl-player/install/vision_interface/include/vision_interface/vision_interface/msg/detail/segmentation_result__rosidl_typesupport_fastrtps_cpp.hpp
-- Up-to-date symlink: /workspace/hsl-player/install/vision_interface/include/vision_interface/vision_interface/msg/rosidl_typesupport_fastrtps_cpp__visibility_control.h
-- Up-to-date symlink: /workspace/hsl-player/install/vision_interface/include/vision_interface/vision_interface/msg/detail/ball__rosidl_typesupport_introspection_c.h
-- Up-to-date symlink: /workspace/hsl-player/install/vision_interface/include/vision_interface/vision_interface/msg/detail/cal_param__rosidl_typesupport_introspection_c.h
-- Up-to-date symlink: /workspace/hsl-player/install/vision_interface/include/vision_interface/vision_interface/msg/detail/detected_object__rosidl_typesupport_introspection_c.h
-- Up-to-date symlink: /workspace/hsl-player/install/vision_interface/include/vision_interface/vision_interface/msg/detail/detections__rosidl_typesupport_introspection_c.h
-- Up-to-date symlink: /workspace/hsl-player/install/vision_interface/include/vision_interface/vision_interface/msg/detail/detections_track__rosidl_typesupport_introspection_c.h
-- Up-to-date symlink: /workspace/hsl-player/install/vision_interface/include/vision_interface/vision_interface/msg/detail/image_head_position__rosidl_typesupport_introspection_c.h
-- Up-to-date symlink: /workspace/hsl-player/install/vision_interface/include/vision_interface/vision_interface/msg/detail/line_segments__rosidl_typesupport_introspection_c.h
-- Up-to-date symlink: /workspace/hsl-player/install/vision_interface/include/vision_interface/vision_interface/msg/detail/segmentation_line__rosidl_typesupport_introspection_c.h
-- Up-to-date symlink: /workspace/hsl-player/install/vision_interface/include/vision_interface/vision_interface/msg/detail/segmentation_point__rosidl_typesupport_introspection_c.h
-- Up-to-date symlink: /workspace/hsl-player/install/vision_interface/include/vision_interface/vision_interface/msg/detail/segmentation_result__rosidl_typesupport_introspection_c.h
-- Up-to-date symlink: /workspace/hsl-player/install/vision_interface/include/vision_interface/vision_interface/msg/rosidl_typesupport_introspection_c__visibility_control.h
-- Up-to-date symlink: /workspace/hsl-player/install/vision_interface/include/vision_interface/vision_interface/msg/detail/ball__rosidl_typesupport_introspection_cpp.hpp
-- Up-to-date symlink: /workspace/hsl-player/install/vision_interface/include/vision_interface/vision_interface/msg/detail/cal_param__rosidl_typesupport_introspection_cpp.hpp
-- Up-to-date symlink: /workspace/hsl-player/install/vision_interface/include/vision_interface/vision_interface/msg/detail/detected_object__rosidl_typesupport_introspection_cpp.hpp
-- Up-to-date symlink: /workspace/hsl-player/install/vision_interface/include/vision_interface/vision_interface/msg/detail/detections__rosidl_typesupport_introspection_cpp.hpp
-- Up-to-date symlink: /workspace/hsl-player/install/vision_interface/include/vision_interface/vision_interface/msg/detail/detections_track__rosidl_typesupport_introspection_cpp.hpp
-- Up-to-date symlink: /workspace/hsl-player/install/vision_interface/include/vision_interface/vision_interface/msg/detail/image_head_position__rosidl_typesupport_introspection_cpp.hpp
-- Up-to-date symlink: /workspace/hsl-player/install/vision_interface/include/vision_interface/vision_interface/msg/detail/line_segments__rosidl_typesupport_introspection_cpp.hpp
-- Up-to-date symlink: /workspace/hsl-player/install/vision_interface/include/vision_interface/vision_interface/msg/detail/segmentation_line__rosidl_typesupport_introspection_cpp.hpp
-- Up-to-date symlink: /workspace/hsl-player/install/vision_interface/include/vision_interface/vision_interface/msg/detail/segmentation_point__rosidl_typesupport_introspection_cpp.hpp
-- Up-to-date symlink: /workspace/hsl-player/install/vision_interface/include/vision_interface/vision_interface/msg/detail/segmentation_result__rosidl_typesupport_introspection_cpp.hpp
-- Up-to-date symlink: /workspace/hsl-player/install/vision_interface/share/vision_interface/environment/pythonpath.sh
-- Up-to-date symlink: /workspace/hsl-player/install/vision_interface/share/vision_interface/environment/pythonpath.dsv
-- Up-to-date symlink: /workspace/hsl-player/install/vision_interface/local/lib/python3.10/dist-packages/vision_interface-1.0.0-py3.10.egg-info/PKG-INFO
-- Up-to-date symlink: /workspace/hsl-player/install/vision_interface/local/lib/python3.10/dist-packages/vision_interface-1.0.0-py3.10.egg-info/SOURCES.txt
-- Up-to-date symlink: /workspace/hsl-player/install/vision_interface/local/lib/python3.10/dist-packages/vision_interface-1.0.0-py3.10.egg-info/dependency_links.txt
-- Up-to-date symlink: /workspace/hsl-player/install/vision_interface/local/lib/python3.10/dist-packages/vision_interface-1.0.0-py3.10.egg-info/top_level.txt
-- Up-to-date symlink: /workspace/hsl-player/install/vision_interface/local/lib/python3.10/dist-packages/vision_interface/__init__.py
-- Up-to-date symlink: /workspace/hsl-player/install/vision_interface/local/lib/python3.10/dist-packages/vision_interface/_vision_interface_s.ep.rosidl_typesupport_c.c
-- Up-to-date symlink: /workspace/hsl-player/install/vision_interface/local/lib/python3.10/dist-packages/vision_interface/_vision_interface_s.ep.rosidl_typesupport_fastrtps_c.c
-- Up-to-date symlink: /workspace/hsl-player/install/vision_interface/local/lib/python3.10/dist-packages/vision_interface/_vision_interface_s.ep.rosidl_typesupport_introspection_c.c
-- Up-to-date symlink: /workspace/hsl-player/install/vision_interface/local/lib/python3.10/dist-packages/vision_interface/libvision_interface__rosidl_generator_py.so
-- Up-to-date symlink: /workspace/hsl-player/install/vision_interface/local/lib/python3.10/dist-packages/vision_interface/msg/__init__.py
-- Up-to-date symlink: /workspace/hsl-player/install/vision_interface/local/lib/python3.10/dist-packages/vision_interface/msg/_ball.py
-- Up-to-date symlink: /workspace/hsl-player/install/vision_interface/local/lib/python3.10/dist-packages/vision_interface/msg/_ball_s.c
-- Up-to-date symlink: /workspace/hsl-player/install/vision_interface/local/lib/python3.10/dist-packages/vision_interface/msg/_cal_param.py
-- Up-to-date symlink: /workspace/hsl-player/install/vision_interface/local/lib/python3.10/dist-packages/vision_interface/msg/_cal_param_s.c
-- Up-to-date symlink: /workspace/hsl-player/install/vision_interface/local/lib/python3.10/dist-packages/vision_interface/msg/_detected_object.py
-- Up-to-date symlink: /workspace/hsl-player/install/vision_interface/local/lib/python3.10/dist-packages/vision_interface/msg/_detected_object_s.c
-- Up-to-date symlink: /workspace/hsl-player/install/vision_interface/local/lib/python3.10/dist-packages/vision_interface/msg/_detections.py
-- Up-to-date symlink: /workspace/hsl-player/install/vision_interface/local/lib/python3.10/dist-packages/vision_interface/msg/_detections_s.c
-- Up-to-date symlink: /workspace/hsl-player/install/vision_interface/local/lib/python3.10/dist-packages/vision_interface/msg/_detections_track.py
-- Up-to-date symlink: /workspace/hsl-player/install/vision_interface/local/lib/python3.10/dist-packages/vision_interface/msg/_detections_track_s.c
-- Up-to-date symlink: /workspace/hsl-player/install/vision_interface/local/lib/python3.10/dist-packages/vision_interface/msg/_image_head_position.py
-- Up-to-date symlink: /workspace/hsl-player/install/vision_interface/local/lib/python3.10/dist-packages/vision_interface/msg/_image_head_position_s.c
-- Up-to-date symlink: /workspace/hsl-player/install/vision_interface/local/lib/python3.10/dist-packages/vision_interface/msg/_line_segments.py
-- Up-to-date symlink: /workspace/hsl-player/install/vision_interface/local/lib/python3.10/dist-packages/vision_interface/msg/_line_segments_s.c
-- Up-to-date symlink: /workspace/hsl-player/install/vision_interface/local/lib/python3.10/dist-packages/vision_interface/msg/_segmentation_line.py
-- Up-to-date symlink: /workspace/hsl-player/install/vision_interface/local/lib/python3.10/dist-packages/vision_interface/msg/_segmentation_line_s.c
-- Up-to-date symlink: /workspace/hsl-player/install/vision_interface/local/lib/python3.10/dist-packages/vision_interface/msg/_segmentation_point.py
-- Up-to-date symlink: /workspace/hsl-player/install/vision_interface/local/lib/python3.10/dist-packages/vision_interface/msg/_segmentation_point_s.c
-- Up-to-date symlink: /workspace/hsl-player/install/vision_interface/local/lib/python3.10/dist-packages/vision_interface/msg/_segmentation_result.py
-- Up-to-date symlink: /workspace/hsl-player/install/vision_interface/local/lib/python3.10/dist-packages/vision_interface/msg/_segmentation_result_s.c
-- Up-to-date symlink: /workspace/hsl-player/install/vision_interface/local/lib/python3.10/dist-packages/vision_interface/vision_interface_s__rosidl_typesupport_c.cpython-310-x86_64-linux-gnu.so
-- Up-to-date symlink: /workspace/hsl-player/install/vision_interface/local/lib/python3.10/dist-packages/vision_interface/vision_interface_s__rosidl_typesupport_fastrtps_c.cpython-310-x86_64-linux-gnu.so
-- Up-to-date symlink: /workspace/hsl-player/install/vision_interface/local/lib/python3.10/dist-packages/vision_interface/vision_interface_s__rosidl_typesupport_introspection_c.cpython-310-x86_64-linux-gnu.so
-- Up-to-date symlink: /workspace/hsl-player/install/vision_interface/local/lib/python3.10/dist-packages/vision_interface/vision_interface_s__rosidl_typesupport_fastrtps_c.cpython-310-x86_64-linux-gnu.so
-- Up-to-date symlink: /workspace/hsl-player/install/vision_interface/local/lib/python3.10/dist-packages/vision_interface/vision_interface_s__rosidl_typesupport_introspection_c.cpython-310-x86_64-linux-gnu.so
-- Up-to-date symlink: /workspace/hsl-player/install/vision_interface/local/lib/python3.10/dist-packages/vision_interface/vision_interface_s__rosidl_typesupport_c.cpython-310-x86_64-linux-gnu.so
-- Up-to-date symlink: /workspace/hsl-player/install/vision_interface/share/ament_index/resource_index/rust_packages/vision_interface
-- Up-to-date symlink: /workspace/hsl-player/install/vision_interface/share/vision_interface/rust/Cargo.toml
-- Up-to-date symlink: /workspace/hsl-player/install/vision_interface/share/vision_interface/rust/build.rs
-- Up-to-date symlink: /workspace/hsl-player/install/vision_interface/share/vision_interface/rust/src/lib.rs
-- Up-to-date symlink: /workspace/hsl-player/install/vision_interface/share/vision_interface/rust/src/msg.rs
-- Up-to-date symlink: /workspace/hsl-player/install/vision_interface/share/vision_interface/rust/src/msg/rmw.rs
-- Up-to-date symlink: /workspace/hsl-player/install/vision_interface/share/vision_interface/msg/DetectedObject.idl
-- Up-to-date symlink: /workspace/hsl-player/install/vision_interface/share/vision_interface/msg/Detections.idl
-- Up-to-date symlink: /workspace/hsl-player/install/vision_interface/share/vision_interface/msg/LineSegments.idl
-- Up-to-date symlink: /workspace/hsl-player/install/vision_interface/share/vision_interface/msg/CalParam.idl
-- Up-to-date symlink: /workspace/hsl-player/install/vision_interface/share/vision_interface/msg/DetectionsTrack.idl
-- Up-to-date symlink: /workspace/hsl-player/install/vision_interface/share/vision_interface/msg/SegmentationPoint.idl
-- Up-to-date symlink: /workspace/hsl-player/install/vision_interface/share/vision_interface/msg/SegmentationLine.idl
-- Up-to-date symlink: /workspace/hsl-player/install/vision_interface/share/vision_interface/msg/SegmentationResult.idl
-- Up-to-date symlink: /workspace/hsl-player/install/vision_interface/share/vision_interface/msg/ImageHeadPosition.idl
-- Up-to-date symlink: /workspace/hsl-player/install/vision_interface/share/vision_interface/msg/Ball.idl
-- Up-to-date symlink: /workspace/hsl-player/install/vision_interface/share/vision_interface/msg/DetectedObject.msg
-- Up-to-date symlink: /workspace/hsl-player/install/vision_interface/share/vision_interface/msg/Detections.msg
-- Up-to-date symlink: /workspace/hsl-player/install/vision_interface/share/vision_interface/msg/LineSegments.msg
-- Up-to-date symlink: /workspace/hsl-player/install/vision_interface/share/vision_interface/msg/CalParam.msg
-- Up-to-date symlink: /workspace/hsl-player/install/vision_interface/share/vision_interface/msg/DetectionsTrack.msg
-- Up-to-date symlink: /workspace/hsl-player/install/vision_interface/share/vision_interface/msg/SegmentationPoint.msg
-- Up-to-date symlink: /workspace/hsl-player/install/vision_interface/share/vision_interface/msg/SegmentationLine.msg
-- Up-to-date symlink: /workspace/hsl-player/install/vision_interface/share/vision_interface/msg/SegmentationResult.msg
-- Up-to-date symlink: /workspace/hsl-player/install/vision_interface/share/vision_interface/msg/ImageHeadPosition.msg
-- Up-to-date symlink: /workspace/hsl-player/install/vision_interface/share/vision_interface/msg/Ball.msg
-- Up-to-date symlink: /workspace/hsl-player/install/vision_interface/share/ament_index/resource_index/package_run_dependencies/vision_interface
-- Up-to-date symlink: /workspace/hsl-player/install/vision_interface/share/ament_index/resource_index/parent_prefix_path/vision_interface
-- Up-to-date symlink: /workspace/hsl-player/install/vision_interface/share/vision_interface/environment/ament_prefix_path.sh
-- Up-to-date symlink: /workspace/hsl-player/install/vision_interface/share/vision_interface/environment/ament_prefix_path.dsv
-- Up-to-date symlink: /workspace/hsl-player/install/vision_interface/share/vision_interface/environment/path.sh
-- Up-to-date symlink: /workspace/hsl-player/install/vision_interface/share/vision_interface/environment/path.dsv
-- Up-to-date symlink: /workspace/hsl-player/install/vision_interface/share/vision_interface/local_setup.bash
-- Up-to-date symlink: /workspace/hsl-player/install/vision_interface/share/vision_interface/local_setup.sh
-- Up-to-date symlink: /workspace/hsl-player/install/vision_interface/share/vision_interface/local_setup.zsh
-- Up-to-date symlink: /workspace/hsl-player/install/vision_interface/share/vision_interface/local_setup.dsv
-- Symlinking: /workspace/hsl-player/install/vision_interface/share/vision_interface/package.dsv
-- Up-to-date symlink: /workspace/hsl-player/install/vision_interface/share/ament_index/resource_index/packages/vision_interface
-- Up-to-date symlink: /workspace/hsl-player/install/vision_interface/share/vision_interface/cmake/rosidl_cmake-extras.cmake
-- Up-to-date symlink: /workspace/hsl-player/install/vision_interface/share/vision_interface/cmake/ament_cmake_export_dependencies-extras.cmake
-- Up-to-date symlink: /workspace/hsl-player/install/vision_interface/share/vision_interface/cmake/ament_cmake_export_include_directories-extras.cmake
-- Up-to-date symlink: /workspace/hsl-player/install/vision_interface/share/vision_interface/cmake/ament_cmake_export_libraries-extras.cmake
-- Up-to-date symlink: /workspace/hsl-player/install/vision_interface/share/vision_interface/cmake/ament_cmake_export_targets-extras.cmake
-- Up-to-date symlink: /workspace/hsl-player/install/vision_interface/share/vision_interface/cmake/rosidl_cmake_export_typesupport_targets-extras.cmake
-- Up-to-date symlink: /workspace/hsl-player/install/vision_interface/share/vision_interface/cmake/rosidl_cmake_export_typesupport_libraries-extras.cmake
-- Up-to-date symlink: /workspace/hsl-player/install/vision_interface/share/vision_interface/cmake/vision_interfaceConfig.cmake
-- Up-to-date symlink: /workspace/hsl-player/install/vision_interface/share/vision_interface/cmake/vision_interfaceConfig-version.cmake
-- Up-to-date symlink: /workspace/hsl-player/install/vision_interface/share/vision_interface/package.xml
-- Up-to-date: /workspace/hsl-player/install/vision_interface/lib/libvision_interface__rosidl_generator_c.so
-- Up-to-date: /workspace/hsl-player/install/vision_interface/lib/libvision_interface__rosidl_typesupport_fastrtps_c.so
-- Up-to-date: /workspace/hsl-player/install/vision_interface/lib/libvision_interface__rosidl_typesupport_fastrtps_cpp.so
-- Up-to-date: /workspace/hsl-player/install/vision_interface/lib/libvision_interface__rosidl_typesupport_introspection_c.so
-- Up-to-date: /workspace/hsl-player/install/vision_interface/lib/libvision_interface__rosidl_typesupport_c.so
-- Up-to-date: /workspace/hsl-player/install/vision_interface/lib/libvision_interface__rosidl_typesupport_introspection_cpp.so
-- Up-to-date: /workspace/hsl-player/install/vision_interface/lib/libvision_interface__rosidl_typesupport_cpp.so
Listing '/workspace/hsl-player/install/vision_interface/local/lib/python3.10/dist-packages/vision_interface'...
Compiling '/workspace/hsl-player/install/vision_interface/local/lib/python3.10/dist-packages/vision_interface/__init__.py'...
Listing '/workspace/hsl-player/install/vision_interface/local/lib/python3.10/dist-packages/vision_interface/msg'...
-- Up-to-date: /workspace/hsl-player/install/vision_interface/lib/libvision_interface__rosidl_generator_py.so
-- Up-to-date: /workspace/hsl-player/install/vision_interface/share/vision_interface/cmake/export_vision_interface__rosidl_generator_cExport.cmake
-- Up-to-date: /workspace/hsl-player/install/vision_interface/share/vision_interface/cmake/export_vision_interface__rosidl_generator_cExport-noconfig.cmake
-- Up-to-date: /workspace/hsl-player/install/vision_interface/share/vision_interface/cmake/export_vision_interface__rosidl_typesupport_fastrtps_cExport.cmake
-- Up-to-date: /workspace/hsl-player/install/vision_interface/share/vision_interface/cmake/export_vision_interface__rosidl_typesupport_fastrtps_cExport-noconfig.cmake
-- Up-to-date: /workspace/hsl-player/install/vision_interface/share/vision_interface/cmake/export_vision_interface__rosidl_generator_cppExport.cmake
-- Up-to-date: /workspace/hsl-player/install/vision_interface/share/vision_interface/cmake/export_vision_interface__rosidl_typesupport_fastrtps_cppExport.cmake
-- Up-to-date: /workspace/hsl-player/install/vision_interface/share/vision_interface/cmake/export_vision_interface__rosidl_typesupport_fastrtps_cppExport-noconfig.cmake
-- Up-to-date: /workspace/hsl-player/install/vision_interface/share/vision_interface/cmake/vision_interface__rosidl_typesupport_introspection_cExport.cmake
-- Up-to-date: /workspace/hsl-player/install/vision_interface/share/vision_interface/cmake/vision_interface__rosidl_typesupport_introspection_cExport-noconfig.cmake
-- Up-to-date: /workspace/hsl-player/install/vision_interface/share/vision_interface/cmake/vision_interface__rosidl_typesupport_cExport.cmake
-- Up-to-date: /workspace/hsl-player/install/vision_interface/share/vision_interface/cmake/vision_interface__rosidl_typesupport_cExport-noconfig.cmake
-- Up-to-date: /workspace/hsl-player/install/vision_interface/share/vision_interface/cmake/vision_interface__rosidl_typesupport_introspection_cppExport.cmake
-- Up-to-date: /workspace/hsl-player/install/vision_interface/share/vision_interface/cmake/vision_interface__rosidl_typesupport_introspection_cppExport-noconfig.cmake
-- Up-to-date: /workspace/hsl-player/install/vision_interface/share/vision_interface/cmake/vision_interface__rosidl_typesupport_cppExport.cmake
-- Up-to-date: /workspace/hsl-player/install/vision_interface/share/vision_interface/cmake/vision_interface__rosidl_typesupport_cppExport-noconfig.cmake
-- Up-to-date: /workspace/hsl-player/install/vision_interface/share/vision_interface/cmake/export_vision_interface__rosidl_generator_pyExport.cmake
-- Up-to-date: /workspace/hsl-player/install/vision_interface/share/vision_interface/cmake/export_vision_interface__rosidl_generator_pyExport-noconfig.cmake
