[0.016s] Invoking command in '/workspace/hsl-player/build/vision_interface': CMAKE_PREFIX_PATH=/opt/ros/humble PS1=\[\e]0;\u@\h: \w\a\]${debian_chroot:+($debian_chroot)}\u@\h:\w\$ /usr/bin/cmake /workspace/hsl-player/src/robocup_ros2_interface/src/vision_interface -Drerun_sdk_DIR=/opt/rerun_sdk -DAMENT_CMAKE_SYMLINK_INSTALL=1 -DCMAKE_INSTALL_PREFIX=/workspace/hsl-player/install/vision_interface
[0.019s] -- Found ament_cmake: 1.3.14 (/opt/ros/humble/share/ament_cmake/cmake)
[0.091s] -- Override CMake install command with custom implementation using symlinks instead of copying resources
[0.097s] -- Found rclcpp: 16.0.19 (/opt/ros/humble/share/rclcpp/cmake)
[0.113s] -- Found rosidl_generator_c: 3.1.8 (/opt/ros/humble/share/rosidl_generator_c/cmake)
[0.114s] -- Found rosidl_adapter: 3.1.8 (/opt/ros/humble/share/rosidl_adapter/cmake)
[0.117s] -- Found rosidl_generator_cpp: 3.1.8 (/opt/ros/humble/share/rosidl_generator_cpp/cmake)
[0.121s] -- Using all available rosidl_typesupport_c: rosidl_typesupport_fastrtps_c;rosidl_typesupport_introspection_c
[0.127s] -- Using all available rosidl_typesupport_cpp: rosidl_typesupport_fastrtps_cpp;rosidl_typesupport_introspection_cpp
[0.143s] -- Found rmw_implementation_cmake: 6.1.2 (/opt/ros/humble/share/rmw_implementation_cmake/cmake)
[0.143s] -- Found rmw_fastrtps_cpp: 6.2.10 (/opt/ros/humble/share/rmw_fastrtps_cpp/cmake)
[0.206s] -- Using RMW implementation 'rmw_fastrtps_cpp' as default
[0.231s] -- Found rosidl_default_generators: 1.2.1 (/opt/ros/humble/share/rosidl_default_generators/cmake)
[0.235s] -- Found geometry_msgs: 4.9.1 (/opt/ros/humble/share/geometry_msgs/cmake)
[0.241s] -- Found sensor_msgs: 4.9.1 (/opt/ros/humble/share/sensor_msgs/cmake)
[0.433s] -- Found ament_cmake_ros: 0.10.0 (/opt/ros/humble/share/ament_cmake_ros/cmake)
[0.716s] -- Using all available rosidl_typesupport_c: rosidl_typesupport_fastrtps_c;rosidl_typesupport_introspection_c
[0.821s] -- Using all available rosidl_typesupport_cpp: rosidl_typesupport_fastrtps_cpp;rosidl_typesupport_introspection_cpp
[0.834s] -- Found python_cmake_module: 0.10.0 (/opt/ros/humble/share/python_cmake_module/cmake)
[0.847s] -- Using PYTHON_EXECUTABLE: /usr/bin/python3
[0.847s] -- Using PYTHON_INCLUDE_DIRS: /usr/include/python3.10
[0.847s] -- Using PYTHON_LIBRARIES: /usr/lib/x86_64-linux-gnu/libpython3.10.so
[0.927s] -- Found ament_lint_auto: 0.12.15 (/opt/ros/humble/share/ament_lint_auto/cmake)
[0.932s] -- Added test 'lint_cmake' to check CMake code style
[0.933s] -- Added test 'xmllint' to check XML markup files
[0.934s] -- Configuring done
[0.960s] -- Generating done
[0.961s] [33mCMake Warning:
[0.961s]   Manually-specified variables were not used by the project:
[0.961s] 
[0.961s]     rerun_sdk_DIR
[0.961s] 
[0.961s] [0m
[0.966s] -- Build files have been written to: /workspace/hsl-player/build/vision_interface
[0.979s] Invoked command in '/workspace/hsl-player/build/vision_interface' returned '0': CMAKE_PREFIX_PATH=/opt/ros/humble PS1=\[\e]0;\u@\h: \w\a\]${debian_chroot:+($debian_chroot)}\u@\h:\w\$ /usr/bin/cmake /workspace/hsl-player/src/robocup_ros2_interface/src/vision_interface -Drerun_sdk_DIR=/opt/rerun_sdk -DAMENT_CMAKE_SYMLINK_INSTALL=1 -DCMAKE_INSTALL_PREFIX=/workspace/hsl-player/install/vision_interface
[0.980s] Invoking command in '/workspace/hsl-player/build/vision_interface': CMAKE_PREFIX_PATH=/opt/ros/humble PS1=\[\e]0;\u@\h: \w\a\]${debian_chroot:+($debian_chroot)}\u@\h:\w\$ /usr/bin/cmake --build /workspace/hsl-player/build/vision_interface -- -j20 -l20
[1.010s] [35m[1mConsolidate compiler generated dependencies of target vision_interface__rosidl_generator_c[0m
[1.014s] [  0%] Built target vision_interface__cpp
[1.018s] [ 12%] Built target vision_interface__rosidl_generator_c
[1.019s] [ 13%] Built target vision_interface__rs
[1.020s] [35m[1mConsolidate compiler generated dependencies of target vision_interface__rosidl_typesupport_cpp[0m
[1.020s] [35m[1mConsolidate compiler generated dependencies of target vision_interface__rosidl_typesupport_introspection_cpp[0m
[1.020s] [35m[1mConsolidate compiler generated dependencies of target vision_interface__rosidl_typesupport_fastrtps_cpp[0m
[1.022s] [ 13%] Built target ament_cmake_python_symlink_vision_interface
[1.025s] [35m[1mConsolidate compiler generated dependencies of target vision_interface__rosidl_typesupport_c[0m
[1.025s] [35m[1mConsolidate compiler generated dependencies of target vision_interface__rosidl_typesupport_introspection_c[0m
[1.028s] [35m[1mConsolidate compiler generated dependencies of target vision_interface__rosidl_typesupport_fastrtps_c[0m
[1.029s] [ 25%] Built target vision_interface__rosidl_typesupport_fastrtps_cpp
[1.030s] [ 37%] Built target vision_interface__rosidl_typesupport_cpp
[1.031s] [ 59%] Built target vision_interface__rosidl_typesupport_introspection_cpp
[1.031s] [ 60%] Built target vision_interface__rosidl_typesupport_c
[1.034s] [ 71%] Built target vision_interface__rosidl_typesupport_introspection_c
[1.039s] [ 82%] Built target vision_interface__rosidl_typesupport_fastrtps_c
[1.050s] [ 82%] Built target vision_interface
[1.065s] [ 83%] Built target vision_interface__py
[1.072s] [35m[1mConsolidate compiler generated dependencies of target vision_interface__rosidl_generator_py[0m
[1.084s] [ 94%] Built target vision_interface__rosidl_generator_py
[1.089s] [35m[1mConsolidate compiler generated dependencies of target vision_interface__rosidl_typesupport_introspection_c__pyext[0m
[1.090s] [35m[1mConsolidate compiler generated dependencies of target vision_interface__rosidl_typesupport_c__pyext[0m
[1.091s] [35m[1mConsolidate compiler generated dependencies of target vision_interface__rosidl_typesupport_fastrtps_c__pyext[0m
[1.098s] [ 96%] Built target vision_interface__rosidl_typesupport_introspection_c__pyext
[1.099s] [ 98%] Built target vision_interface__rosidl_typesupport_c__pyext
[1.100s] [100%] Built target vision_interface__rosidl_typesupport_fastrtps_c__pyext
[1.159s] running egg_info
[1.159s] writing vision_interface.egg-info/PKG-INFO
[1.159s] writing dependency_links to vision_interface.egg-info/dependency_links.txt
[1.159s] writing top-level names to vision_interface.egg-info/top_level.txt
[1.160s] reading manifest file 'vision_interface.egg-info/SOURCES.txt'
[1.160s] writing manifest file 'vision_interface.egg-info/SOURCES.txt'
[1.177s] [100%] Built target ament_cmake_python_build_vision_interface_egg
[1.184s] Invoked command in '/workspace/hsl-player/build/vision_interface' returned '0': CMAKE_PREFIX_PATH=/opt/ros/humble PS1=\[\e]0;\u@\h: \w\a\]${debian_chroot:+($debian_chroot)}\u@\h:\w\$ /usr/bin/cmake --build /workspace/hsl-player/build/vision_interface -- -j20 -l20
[1.185s] Invoking command in '/workspace/hsl-player/build/vision_interface': CMAKE_PREFIX_PATH=/opt/ros/humble PS1=\[\e]0;\u@\h: \w\a\]${debian_chroot:+($debian_chroot)}\u@\h:\w\$ /usr/bin/cmake --install /workspace/hsl-player/build/vision_interface
[1.189s] -- Install configuration: ""
[1.189s] -- Execute custom install script
[1.190s] -- Up-to-date symlink: /workspace/hsl-player/install/vision_interface/share/ament_index/resource_index/rosidl_interfaces/vision_interface
[1.190s] -- Up-to-date symlink: /workspace/hsl-player/install/vision_interface/include/vision_interface/vision_interface/msg/ball.h
[1.190s] -- Up-to-date symlink: /workspace/hsl-player/install/vision_interface/include/vision_interface/vision_interface/msg/cal_param.h
[1.190s] -- Up-to-date symlink: /workspace/hsl-player/install/vision_interface/include/vision_interface/vision_interface/msg/detail/ball__functions.h
[1.190s] -- Up-to-date symlink: /workspace/hsl-player/install/vision_interface/include/vision_interface/vision_interface/msg/detail/ball__struct.h
[1.190s] -- Up-to-date symlink: /workspace/hsl-player/install/vision_interface/include/vision_interface/vision_interface/msg/detail/ball__type_support.h
[1.190s] -- Up-to-date symlink: /workspace/hsl-player/install/vision_interface/include/vision_interface/vision_interface/msg/detail/cal_param__functions.h
[1.190s] -- Up-to-date symlink: /workspace/hsl-player/install/vision_interface/include/vision_interface/vision_interface/msg/detail/cal_param__struct.h
[1.190s] -- Up-to-date symlink: /workspace/hsl-player/install/vision_interface/include/vision_interface/vision_interface/msg/detail/cal_param__type_support.h
[1.190s] -- Up-to-date symlink: /workspace/hsl-player/install/vision_interface/include/vision_interface/vision_interface/msg/detail/detected_object__functions.h
[1.191s] -- Up-to-date symlink: /workspace/hsl-player/install/vision_interface/include/vision_interface/vision_interface/msg/detail/detected_object__struct.h
[1.191s] -- Up-to-date symlink: /workspace/hsl-player/install/vision_interface/include/vision_interface/vision_interface/msg/detail/detected_object__type_support.h
[1.191s] -- Up-to-date symlink: /workspace/hsl-player/install/vision_interface/include/vision_interface/vision_interface/msg/detail/detections__functions.h
[1.191s] -- Up-to-date symlink: /workspace/hsl-player/install/vision_interface/include/vision_interface/vision_interface/msg/detail/detections__struct.h
[1.191s] -- Up-to-date symlink: /workspace/hsl-player/install/vision_interface/include/vision_interface/vision_interface/msg/detail/detections__type_support.h
[1.191s] -- Up-to-date symlink: /workspace/hsl-player/install/vision_interface/include/vision_interface/vision_interface/msg/detail/detections_track__functions.h
[1.191s] -- Up-to-date symlink: /workspace/hsl-player/install/vision_interface/include/vision_interface/vision_interface/msg/detail/detections_track__struct.h
[1.191s] -- Up-to-date symlink: /workspace/hsl-player/install/vision_interface/include/vision_interface/vision_interface/msg/detail/detections_track__type_support.h
[1.191s] -- Up-to-date symlink: /workspace/hsl-player/install/vision_interface/include/vision_interface/vision_interface/msg/detail/image_head_position__functions.h
[1.191s] -- Up-to-date symlink: /workspace/hsl-player/install/vision_interface/include/vision_interface/vision_interface/msg/detail/image_head_position__struct.h
[1.191s] -- Up-to-date symlink: /workspace/hsl-player/install/vision_interface/include/vision_interface/vision_interface/msg/detail/image_head_position__type_support.h
[1.191s] -- Up-to-date symlink: /workspace/hsl-player/install/vision_interface/include/vision_interface/vision_interface/msg/detail/line_segments__functions.h
[1.191s] -- Up-to-date symlink: /workspace/hsl-player/install/vision_interface/include/vision_interface/vision_interface/msg/detail/line_segments__struct.h
[1.191s] -- Up-to-date symlink: /workspace/hsl-player/install/vision_interface/include/vision_interface/vision_interface/msg/detail/line_segments__type_support.h
[1.191s] -- Up-to-date symlink: /workspace/hsl-player/install/vision_interface/include/vision_interface/vision_interface/msg/detail/segmentation_line__functions.h
[1.192s] -- Up-to-date symlink: /workspace/hsl-player/install/vision_interface/include/vision_interface/vision_interface/msg/detail/segmentation_line__struct.h
[1.192s] -- Up-to-date symlink: /workspace/hsl-player/install/vision_interface/include/vision_interface/vision_interface/msg/detail/segmentation_line__type_support.h
[1.192s] -- Up-to-date symlink: /workspace/hsl-player/install/vision_interface/include/vision_interface/vision_interface/msg/detail/segmentation_point__functions.h
[1.192s] -- Up-to-date symlink: /workspace/hsl-player/install/vision_interface/include/vision_interface/vision_interface/msg/detail/segmentation_point__struct.h
[1.192s] -- Up-to-date symlink: /workspace/hsl-player/install/vision_interface/include/vision_interface/vision_interface/msg/detail/segmentation_point__type_support.h
[1.192s] -- Up-to-date symlink: /workspace/hsl-player/install/vision_interface/include/vision_interface/vision_interface/msg/detail/segmentation_result__functions.h
[1.192s] -- Up-to-date symlink: /workspace/hsl-player/install/vision_interface/include/vision_interface/vision_interface/msg/detail/segmentation_result__struct.h
[1.192s] -- Up-to-date symlink: /workspace/hsl-player/install/vision_interface/include/vision_interface/vision_interface/msg/detail/segmentation_result__type_support.h
[1.192s] -- Up-to-date symlink: /workspace/hsl-player/install/vision_interface/include/vision_interface/vision_interface/msg/detected_object.h
[1.192s] -- Up-to-date symlink: /workspace/hsl-player/install/vision_interface/include/vision_interface/vision_interface/msg/detections.h
[1.192s] -- Up-to-date symlink: /workspace/hsl-player/install/vision_interface/include/vision_interface/vision_interface/msg/detections_track.h
[1.192s] -- Up-to-date symlink: /workspace/hsl-player/install/vision_interface/include/vision_interface/vision_interface/msg/image_head_position.h
[1.192s] -- Up-to-date symlink: /workspace/hsl-player/install/vision_interface/include/vision_interface/vision_interface/msg/line_segments.h
[1.192s] -- Up-to-date symlink: /workspace/hsl-player/install/vision_interface/include/vision_interface/vision_interface/msg/rosidl_generator_c__visibility_control.h
[1.192s] -- Up-to-date symlink: /workspace/hsl-player/install/vision_interface/include/vision_interface/vision_interface/msg/segmentation_line.h
[1.192s] -- Up-to-date symlink: /workspace/hsl-player/install/vision_interface/include/vision_interface/vision_interface/msg/segmentation_point.h
[1.192s] -- Up-to-date symlink: /workspace/hsl-player/install/vision_interface/include/vision_interface/vision_interface/msg/segmentation_result.h
[1.192s] -- Up-to-date symlink: /workspace/hsl-player/install/vision_interface/share/vision_interface/environment/library_path.sh
[1.192s] -- Up-to-date symlink: /workspace/hsl-player/install/vision_interface/share/vision_interface/environment/library_path.dsv
[1.192s] -- Up-to-date symlink: /workspace/hsl-player/install/vision_interface/include/vision_interface/vision_interface/msg/detail/ball__rosidl_typesupport_fastrtps_c.h
[1.192s] -- Up-to-date symlink: /workspace/hsl-player/install/vision_interface/include/vision_interface/vision_interface/msg/detail/cal_param__rosidl_typesupport_fastrtps_c.h
[1.192s] -- Up-to-date symlink: /workspace/hsl-player/install/vision_interface/include/vision_interface/vision_interface/msg/detail/detected_object__rosidl_typesupport_fastrtps_c.h
[1.192s] -- Up-to-date symlink: /workspace/hsl-player/install/vision_interface/include/vision_interface/vision_interface/msg/detail/detections__rosidl_typesupport_fastrtps_c.h
[1.192s] -- Up-to-date symlink: /workspace/hsl-player/install/vision_interface/include/vision_interface/vision_interface/msg/detail/detections_track__rosidl_typesupport_fastrtps_c.h
[1.192s] -- Up-to-date symlink: /workspace/hsl-player/install/vision_interface/include/vision_interface/vision_interface/msg/detail/image_head_position__rosidl_typesupport_fastrtps_c.h
[1.192s] -- Up-to-date symlink: /workspace/hsl-player/install/vision_interface/include/vision_interface/vision_interface/msg/detail/line_segments__rosidl_typesupport_fastrtps_c.h
[1.192s] -- Up-to-date symlink: /workspace/hsl-player/install/vision_interface/include/vision_interface/vision_interface/msg/detail/segmentation_line__rosidl_typesupport_fastrtps_c.h
[1.192s] -- Up-to-date symlink: /workspace/hsl-player/install/vision_interface/include/vision_interface/vision_interface/msg/detail/segmentation_point__rosidl_typesupport_fastrtps_c.h
[1.193s] -- Up-to-date symlink: /workspace/hsl-player/install/vision_interface/include/vision_interface/vision_interface/msg/detail/segmentation_result__rosidl_typesupport_fastrtps_c.h
[1.193s] -- Up-to-date symlink: /workspace/hsl-player/install/vision_interface/include/vision_interface/vision_interface/msg/rosidl_typesupport_fastrtps_c__visibility_control.h
[1.193s] -- Up-to-date symlink: /workspace/hsl-player/install/vision_interface/include/vision_interface/vision_interface/msg/ball.hpp
[1.193s] -- Up-to-date symlink: /workspace/hsl-player/install/vision_interface/include/vision_interface/vision_interface/msg/cal_param.hpp
[1.193s] -- Up-to-date symlink: /workspace/hsl-player/install/vision_interface/include/vision_interface/vision_interface/msg/detail/ball__builder.hpp
[1.193s] -- Up-to-date symlink: /workspace/hsl-player/install/vision_interface/include/vision_interface/vision_interface/msg/detail/ball__struct.hpp
[1.193s] -- Up-to-date symlink: /workspace/hsl-player/install/vision_interface/include/vision_interface/vision_interface/msg/detail/ball__traits.hpp
[1.193s] -- Up-to-date symlink: /workspace/hsl-player/install/vision_interface/include/vision_interface/vision_interface/msg/detail/ball__type_support.hpp
[1.193s] -- Up-to-date symlink: /workspace/hsl-player/install/vision_interface/include/vision_interface/vision_interface/msg/detail/cal_param__builder.hpp
[1.193s] -- Up-to-date symlink: /workspace/hsl-player/install/vision_interface/include/vision_interface/vision_interface/msg/detail/cal_param__struct.hpp
[1.193s] -- Up-to-date symlink: /workspace/hsl-player/install/vision_interface/include/vision_interface/vision_interface/msg/detail/cal_param__traits.hpp
[1.193s] -- Up-to-date symlink: /workspace/hsl-player/install/vision_interface/include/vision_interface/vision_interface/msg/detail/cal_param__type_support.hpp
[1.193s] -- Up-to-date symlink: /workspace/hsl-player/install/vision_interface/include/vision_interface/vision_interface/msg/detail/detected_object__builder.hpp
[1.193s] -- Up-to-date symlink: /workspace/hsl-player/install/vision_interface/include/vision_interface/vision_interface/msg/detail/detected_object__struct.hpp
[1.193s] -- Up-to-date symlink: /workspace/hsl-player/install/vision_interface/include/vision_interface/vision_interface/msg/detail/detected_object__traits.hpp
[1.193s] -- Up-to-date symlink: /workspace/hsl-player/install/vision_interface/include/vision_interface/vision_interface/msg/detail/detected_object__type_support.hpp
[1.193s] -- Up-to-date symlink: /workspace/hsl-player/install/vision_interface/include/vision_interface/vision_interface/msg/detail/detections__builder.hpp
[1.193s] -- Up-to-date symlink: /workspace/hsl-player/install/vision_interface/include/vision_interface/vision_interface/msg/detail/detections__struct.hpp
[1.193s] -- Up-to-date symlink: /workspace/hsl-player/install/vision_interface/include/vision_interface/vision_interface/msg/detail/detections__traits.hpp
[1.193s] -- Up-to-date symlink: /workspace/hsl-player/install/vision_interface/include/vision_interface/vision_interface/msg/detail/detections__type_support.hpp
[1.193s] -- Up-to-date symlink: /workspace/hsl-player/install/vision_interface/include/vision_interface/vision_interface/msg/detail/detections_track__builder.hpp
[1.193s] -- Up-to-date symlink: /workspace/hsl-player/install/vision_interface/include/vision_interface/vision_interface/msg/detail/detections_track__struct.hpp
[1.193s] -- Up-to-date symlink: /workspace/hsl-player/install/vision_interface/include/vision_interface/vision_interface/msg/detail/detections_track__traits.hpp
[1.193s] -- Up-to-date symlink: /workspace/hsl-player/install/vision_interface/include/vision_interface/vision_interface/msg/detail/detections_track__type_support.hpp
[1.193s] -- Up-to-date symlink: /workspace/hsl-player/install/vision_interface/include/vision_interface/vision_interface/msg/detail/image_head_position__builder.hpp
[1.193s] -- Up-to-date symlink: /workspace/hsl-player/install/vision_interface/include/vision_interface/vision_interface/msg/detail/image_head_position__struct.hpp
[1.193s] -- Up-to-date symlink: /workspace/hsl-player/install/vision_interface/include/vision_interface/vision_interface/msg/detail/image_head_position__traits.hpp
[1.193s] -- Up-to-date symlink: /workspace/hsl-player/install/vision_interface/include/vision_interface/vision_interface/msg/detail/image_head_position__type_support.hpp
[1.193s] -- Up-to-date symlink: /workspace/hsl-player/install/vision_interface/include/vision_interface/vision_interface/msg/detail/line_segments__builder.hpp
[1.194s] -- Up-to-date symlink: /workspace/hsl-player/install/vision_interface/include/vision_interface/vision_interface/msg/detail/line_segments__struct.hpp
[1.194s] -- Up-to-date symlink: /workspace/hsl-player/install/vision_interface/include/vision_interface/vision_interface/msg/detail/line_segments__traits.hpp
[1.194s] -- Up-to-date symlink: /workspace/hsl-player/install/vision_interface/include/vision_interface/vision_interface/msg/detail/line_segments__type_support.hpp
[1.194s] -- Up-to-date symlink: /workspace/hsl-player/install/vision_interface/include/vision_interface/vision_interface/msg/detail/segmentation_line__builder.hpp
[1.194s] -- Up-to-date symlink: /workspace/hsl-player/install/vision_interface/include/vision_interface/vision_interface/msg/detail/segmentation_line__struct.hpp
[1.194s] -- Up-to-date symlink: /workspace/hsl-player/install/vision_interface/include/vision_interface/vision_interface/msg/detail/segmentation_line__traits.hpp
[1.194s] -- Up-to-date symlink: /workspace/hsl-player/install/vision_interface/include/vision_interface/vision_interface/msg/detail/segmentation_line__type_support.hpp
[1.194s] -- Up-to-date symlink: /workspace/hsl-player/install/vision_interface/include/vision_interface/vision_interface/msg/detail/segmentation_point__builder.hpp
[1.194s] -- Up-to-date symlink: /workspace/hsl-player/install/vision_interface/include/vision_interface/vision_interface/msg/detail/segmentation_point__struct.hpp
[1.194s] -- Up-to-date symlink: /workspace/hsl-player/install/vision_interface/include/vision_interface/vision_interface/msg/detail/segmentation_point__traits.hpp
[1.194s] -- Up-to-date symlink: /workspace/hsl-player/install/vision_interface/include/vision_interface/vision_interface/msg/detail/segmentation_point__type_support.hpp
[1.194s] -- Up-to-date symlink: /workspace/hsl-player/install/vision_interface/include/vision_interface/vision_interface/msg/detail/segmentation_result__builder.hpp
[1.194s] -- Up-to-date symlink: /workspace/hsl-player/install/vision_interface/include/vision_interface/vision_interface/msg/detail/segmentation_result__struct.hpp
[1.194s] -- Up-to-date symlink: /workspace/hsl-player/install/vision_interface/include/vision_interface/vision_interface/msg/detail/segmentation_result__traits.hpp
[1.194s] -- Up-to-date symlink: /workspace/hsl-player/install/vision_interface/include/vision_interface/vision_interface/msg/detail/segmentation_result__type_support.hpp
[1.194s] -- Up-to-date symlink: /workspace/hsl-player/install/vision_interface/include/vision_interface/vision_interface/msg/detected_object.hpp
[1.194s] -- Up-to-date symlink: /workspace/hsl-player/install/vision_interface/include/vision_interface/vision_interface/msg/detections.hpp
[1.194s] -- Up-to-date symlink: /workspace/hsl-player/install/vision_interface/include/vision_interface/vision_interface/msg/detections_track.hpp
[1.194s] -- Up-to-date symlink: /workspace/hsl-player/install/vision_interface/include/vision_interface/vision_interface/msg/image_head_position.hpp
[1.194s] -- Up-to-date symlink: /workspace/hsl-player/install/vision_interface/include/vision_interface/vision_interface/msg/line_segments.hpp
[1.194s] -- Up-to-date symlink: /workspace/hsl-player/install/vision_interface/include/vision_interface/vision_interface/msg/rosidl_generator_cpp__visibility_control.hpp
[1.194s] -- Up-to-date symlink: /workspace/hsl-player/install/vision_interface/include/vision_interface/vision_interface/msg/segmentation_line.hpp
[1.194s] -- Up-to-date symlink: /workspace/hsl-player/install/vision_interface/include/vision_interface/vision_interface/msg/segmentation_point.hpp
[1.194s] -- Up-to-date symlink: /workspace/hsl-player/install/vision_interface/include/vision_interface/vision_interface/msg/segmentation_result.hpp
[1.195s] -- Up-to-date symlink: /workspace/hsl-player/install/vision_interface/include/vision_interface/vision_interface/msg/detail/ball__rosidl_typesupport_fastrtps_cpp.hpp
[1.195s] -- Up-to-date symlink: /workspace/hsl-player/install/vision_interface/include/vision_interface/vision_interface/msg/detail/cal_param__rosidl_typesupport_fastrtps_cpp.hpp
[1.195s] -- Up-to-date symlink: /workspace/hsl-player/install/vision_interface/include/vision_interface/vision_interface/msg/detail/detected_object__rosidl_typesupport_fastrtps_cpp.hpp
[1.195s] -- Up-to-date symlink: /workspace/hsl-player/install/vision_interface/include/vision_interface/vision_interface/msg/detail/detections__rosidl_typesupport_fastrtps_cpp.hpp
[1.195s] -- Up-to-date symlink: /workspace/hsl-player/install/vision_interface/include/vision_interface/vision_interface/msg/detail/detections_track__rosidl_typesupport_fastrtps_cpp.hpp
[1.195s] -- Up-to-date symlink: /workspace/hsl-player/install/vision_interface/include/vision_interface/vision_interface/msg/detail/image_head_position__rosidl_typesupport_fastrtps_cpp.hpp
[1.195s] -- Up-to-date symlink: /workspace/hsl-player/install/vision_interface/include/vision_interface/vision_interface/msg/detail/line_segments__rosidl_typesupport_fastrtps_cpp.hpp
[1.195s] -- Up-to-date symlink: /workspace/hsl-player/install/vision_interface/include/vision_interface/vision_interface/msg/detail/segmentation_line__rosidl_typesupport_fastrtps_cpp.hpp
[1.195s] -- Up-to-date symlink: /workspace/hsl-player/install/vision_interface/include/vision_interface/vision_interface/msg/detail/segmentation_point__rosidl_typesupport_fastrtps_cpp.hpp
[1.195s] -- Up-to-date symlink: /workspace/hsl-player/install/vision_interface/include/vision_interface/vision_interface/msg/detail/segmentation_result__rosidl_typesupport_fastrtps_cpp.hpp
[1.195s] -- Up-to-date symlink: /workspace/hsl-player/install/vision_interface/include/vision_interface/vision_interface/msg/rosidl_typesupport_fastrtps_cpp__visibility_control.h
[1.195s] -- Up-to-date symlink: /workspace/hsl-player/install/vision_interface/include/vision_interface/vision_interface/msg/detail/ball__rosidl_typesupport_introspection_c.h
[1.195s] -- Up-to-date symlink: /workspace/hsl-player/install/vision_interface/include/vision_interface/vision_interface/msg/detail/cal_param__rosidl_typesupport_introspection_c.h
[1.195s] -- Up-to-date symlink: /workspace/hsl-player/install/vision_interface/include/vision_interface/vision_interface/msg/detail/detected_object__rosidl_typesupport_introspection_c.h
[1.195s] -- Up-to-date symlink: /workspace/hsl-player/install/vision_interface/include/vision_interface/vision_interface/msg/detail/detections__rosidl_typesupport_introspection_c.h
[1.195s] -- Up-to-date symlink: /workspace/hsl-player/install/vision_interface/include/vision_interface/vision_interface/msg/detail/detections_track__rosidl_typesupport_introspection_c.h
[1.195s] -- Up-to-date symlink: /workspace/hsl-player/install/vision_interface/include/vision_interface/vision_interface/msg/detail/image_head_position__rosidl_typesupport_introspection_c.h
[1.196s] -- Up-to-date symlink: /workspace/hsl-player/install/vision_interface/include/vision_interface/vision_interface/msg/detail/line_segments__rosidl_typesupport_introspection_c.h
[1.196s] -- Up-to-date symlink: /workspace/hsl-player/install/vision_interface/include/vision_interface/vision_interface/msg/detail/segmentation_line__rosidl_typesupport_introspection_c.h
[1.196s] -- Up-to-date symlink: /workspace/hsl-player/install/vision_interface/include/vision_interface/vision_interface/msg/detail/segmentation_point__rosidl_typesupport_introspection_c.h
[1.196s] -- Up-to-date symlink: /workspace/hsl-player/install/vision_interface/include/vision_interface/vision_interface/msg/detail/segmentation_result__rosidl_typesupport_introspection_c.h
[1.196s] -- Up-to-date symlink: /workspace/hsl-player/install/vision_interface/include/vision_interface/vision_interface/msg/rosidl_typesupport_introspection_c__visibility_control.h
[1.196s] -- Up-to-date symlink: /workspace/hsl-player/install/vision_interface/include/vision_interface/vision_interface/msg/detail/ball__rosidl_typesupport_introspection_cpp.hpp
[1.196s] -- Up-to-date symlink: /workspace/hsl-player/install/vision_interface/include/vision_interface/vision_interface/msg/detail/cal_param__rosidl_typesupport_introspection_cpp.hpp
[1.196s] -- Up-to-date symlink: /workspace/hsl-player/install/vision_interface/include/vision_interface/vision_interface/msg/detail/detected_object__rosidl_typesupport_introspection_cpp.hpp
[1.196s] -- Up-to-date symlink: /workspace/hsl-player/install/vision_interface/include/vision_interface/vision_interface/msg/detail/detections__rosidl_typesupport_introspection_cpp.hpp
[1.196s] -- Up-to-date symlink: /workspace/hsl-player/install/vision_interface/include/vision_interface/vision_interface/msg/detail/detections_track__rosidl_typesupport_introspection_cpp.hpp
[1.196s] -- Up-to-date symlink: /workspace/hsl-player/install/vision_interface/include/vision_interface/vision_interface/msg/detail/image_head_position__rosidl_typesupport_introspection_cpp.hpp
[1.196s] -- Up-to-date symlink: /workspace/hsl-player/install/vision_interface/include/vision_interface/vision_interface/msg/detail/line_segments__rosidl_typesupport_introspection_cpp.hpp
[1.196s] -- Up-to-date symlink: /workspace/hsl-player/install/vision_interface/include/vision_interface/vision_interface/msg/detail/segmentation_line__rosidl_typesupport_introspection_cpp.hpp
[1.197s] -- Up-to-date symlink: /workspace/hsl-player/install/vision_interface/include/vision_interface/vision_interface/msg/detail/segmentation_point__rosidl_typesupport_introspection_cpp.hpp
[1.197s] -- Up-to-date symlink: /workspace/hsl-player/install/vision_interface/include/vision_interface/vision_interface/msg/detail/segmentation_result__rosidl_typesupport_introspection_cpp.hpp
[1.197s] -- Up-to-date symlink: /workspace/hsl-player/install/vision_interface/share/vision_interface/environment/pythonpath.sh
[1.197s] -- Up-to-date symlink: /workspace/hsl-player/install/vision_interface/share/vision_interface/environment/pythonpath.dsv
[1.197s] -- Up-to-date symlink: /workspace/hsl-player/install/vision_interface/local/lib/python3.10/dist-packages/vision_interface-1.0.0-py3.10.egg-info/PKG-INFO
[1.197s] -- Up-to-date symlink: /workspace/hsl-player/install/vision_interface/local/lib/python3.10/dist-packages/vision_interface-1.0.0-py3.10.egg-info/SOURCES.txt
[1.197s] -- Up-to-date symlink: /workspace/hsl-player/install/vision_interface/local/lib/python3.10/dist-packages/vision_interface-1.0.0-py3.10.egg-info/dependency_links.txt
[1.197s] -- Up-to-date symlink: /workspace/hsl-player/install/vision_interface/local/lib/python3.10/dist-packages/vision_interface-1.0.0-py3.10.egg-info/top_level.txt
[1.197s] -- Up-to-date symlink: /workspace/hsl-player/install/vision_interface/local/lib/python3.10/dist-packages/vision_interface/__init__.py
[1.197s] -- Up-to-date symlink: /workspace/hsl-player/install/vision_interface/local/lib/python3.10/dist-packages/vision_interface/_vision_interface_s.ep.rosidl_typesupport_c.c
[1.197s] -- Up-to-date symlink: /workspace/hsl-player/install/vision_interface/local/lib/python3.10/dist-packages/vision_interface/_vision_interface_s.ep.rosidl_typesupport_fastrtps_c.c
[1.197s] -- Up-to-date symlink: /workspace/hsl-player/install/vision_interface/local/lib/python3.10/dist-packages/vision_interface/_vision_interface_s.ep.rosidl_typesupport_introspection_c.c
[1.197s] -- Up-to-date symlink: /workspace/hsl-player/install/vision_interface/local/lib/python3.10/dist-packages/vision_interface/libvision_interface__rosidl_generator_py.so
[1.197s] -- Up-to-date symlink: /workspace/hsl-player/install/vision_interface/local/lib/python3.10/dist-packages/vision_interface/msg/__init__.py
[1.197s] -- Up-to-date symlink: /workspace/hsl-player/install/vision_interface/local/lib/python3.10/dist-packages/vision_interface/msg/_ball.py
[1.197s] -- Up-to-date symlink: /workspace/hsl-player/install/vision_interface/local/lib/python3.10/dist-packages/vision_interface/msg/_ball_s.c
[1.198s] -- Up-to-date symlink: /workspace/hsl-player/install/vision_interface/local/lib/python3.10/dist-packages/vision_interface/msg/_cal_param.py
[1.198s] -- Up-to-date symlink: /workspace/hsl-player/install/vision_interface/local/lib/python3.10/dist-packages/vision_interface/msg/_cal_param_s.c
[1.198s] -- Up-to-date symlink: /workspace/hsl-player/install/vision_interface/local/lib/python3.10/dist-packages/vision_interface/msg/_detected_object.py
[1.198s] -- Up-to-date symlink: /workspace/hsl-player/install/vision_interface/local/lib/python3.10/dist-packages/vision_interface/msg/_detected_object_s.c
[1.198s] -- Up-to-date symlink: /workspace/hsl-player/install/vision_interface/local/lib/python3.10/dist-packages/vision_interface/msg/_detections.py
[1.198s] -- Up-to-date symlink: /workspace/hsl-player/install/vision_interface/local/lib/python3.10/dist-packages/vision_interface/msg/_detections_s.c
[1.198s] -- Up-to-date symlink: /workspace/hsl-player/install/vision_interface/local/lib/python3.10/dist-packages/vision_interface/msg/_detections_track.py
[1.198s] -- Up-to-date symlink: /workspace/hsl-player/install/vision_interface/local/lib/python3.10/dist-packages/vision_interface/msg/_detections_track_s.c
[1.198s] -- Up-to-date symlink: /workspace/hsl-player/install/vision_interface/local/lib/python3.10/dist-packages/vision_interface/msg/_image_head_position.py
[1.198s] -- Up-to-date symlink: /workspace/hsl-player/install/vision_interface/local/lib/python3.10/dist-packages/vision_interface/msg/_image_head_position_s.c
[1.198s] -- Up-to-date symlink: /workspace/hsl-player/install/vision_interface/local/lib/python3.10/dist-packages/vision_interface/msg/_line_segments.py
[1.198s] -- Up-to-date symlink: /workspace/hsl-player/install/vision_interface/local/lib/python3.10/dist-packages/vision_interface/msg/_line_segments_s.c
[1.198s] -- Up-to-date symlink: /workspace/hsl-player/install/vision_interface/local/lib/python3.10/dist-packages/vision_interface/msg/_segmentation_line.py
[1.198s] -- Up-to-date symlink: /workspace/hsl-player/install/vision_interface/local/lib/python3.10/dist-packages/vision_interface/msg/_segmentation_line_s.c
[1.198s] -- Up-to-date symlink: /workspace/hsl-player/install/vision_interface/local/lib/python3.10/dist-packages/vision_interface/msg/_segmentation_point.py
[1.199s] -- Up-to-date symlink: /workspace/hsl-player/install/vision_interface/local/lib/python3.10/dist-packages/vision_interface/msg/_segmentation_point_s.c
[1.199s] -- Up-to-date symlink: /workspace/hsl-player/install/vision_interface/local/lib/python3.10/dist-packages/vision_interface/msg/_segmentation_result.py
[1.199s] -- Up-to-date symlink: /workspace/hsl-player/install/vision_interface/local/lib/python3.10/dist-packages/vision_interface/msg/_segmentation_result_s.c
[1.199s] -- Up-to-date symlink: /workspace/hsl-player/install/vision_interface/local/lib/python3.10/dist-packages/vision_interface/vision_interface_s__rosidl_typesupport_c.cpython-310-x86_64-linux-gnu.so
[1.199s] -- Up-to-date symlink: /workspace/hsl-player/install/vision_interface/local/lib/python3.10/dist-packages/vision_interface/vision_interface_s__rosidl_typesupport_fastrtps_c.cpython-310-x86_64-linux-gnu.so
[1.199s] -- Up-to-date symlink: /workspace/hsl-player/install/vision_interface/local/lib/python3.10/dist-packages/vision_interface/vision_interface_s__rosidl_typesupport_introspection_c.cpython-310-x86_64-linux-gnu.so
[1.199s] -- Up-to-date symlink: /workspace/hsl-player/install/vision_interface/local/lib/python3.10/dist-packages/vision_interface/vision_interface_s__rosidl_typesupport_fastrtps_c.cpython-310-x86_64-linux-gnu.so
[1.199s] -- Up-to-date symlink: /workspace/hsl-player/install/vision_interface/local/lib/python3.10/dist-packages/vision_interface/vision_interface_s__rosidl_typesupport_introspection_c.cpython-310-x86_64-linux-gnu.so
[1.199s] -- Up-to-date symlink: /workspace/hsl-player/install/vision_interface/local/lib/python3.10/dist-packages/vision_interface/vision_interface_s__rosidl_typesupport_c.cpython-310-x86_64-linux-gnu.so
[1.199s] -- Up-to-date symlink: /workspace/hsl-player/install/vision_interface/share/ament_index/resource_index/rust_packages/vision_interface
[1.199s] -- Up-to-date symlink: /workspace/hsl-player/install/vision_interface/share/vision_interface/rust/Cargo.toml
[1.199s] -- Up-to-date symlink: /workspace/hsl-player/install/vision_interface/share/vision_interface/rust/build.rs
[1.199s] -- Up-to-date symlink: /workspace/hsl-player/install/vision_interface/share/vision_interface/rust/src/lib.rs
[1.199s] -- Up-to-date symlink: /workspace/hsl-player/install/vision_interface/share/vision_interface/rust/src/msg.rs
[1.199s] -- Up-to-date symlink: /workspace/hsl-player/install/vision_interface/share/vision_interface/rust/src/msg/rmw.rs
[1.199s] -- Up-to-date symlink: /workspace/hsl-player/install/vision_interface/share/vision_interface/msg/DetectedObject.idl
[1.200s] -- Up-to-date symlink: /workspace/hsl-player/install/vision_interface/share/vision_interface/msg/Detections.idl
[1.200s] -- Up-to-date symlink: /workspace/hsl-player/install/vision_interface/share/vision_interface/msg/LineSegments.idl
[1.200s] -- Up-to-date symlink: /workspace/hsl-player/install/vision_interface/share/vision_interface/msg/CalParam.idl
[1.200s] -- Up-to-date symlink: /workspace/hsl-player/install/vision_interface/share/vision_interface/msg/DetectionsTrack.idl
[1.200s] -- Up-to-date symlink: /workspace/hsl-player/install/vision_interface/share/vision_interface/msg/SegmentationPoint.idl
[1.200s] -- Up-to-date symlink: /workspace/hsl-player/install/vision_interface/share/vision_interface/msg/SegmentationLine.idl
[1.200s] -- Up-to-date symlink: /workspace/hsl-player/install/vision_interface/share/vision_interface/msg/SegmentationResult.idl
[1.200s] -- Up-to-date symlink: /workspace/hsl-player/install/vision_interface/share/vision_interface/msg/ImageHeadPosition.idl
[1.200s] -- Up-to-date symlink: /workspace/hsl-player/install/vision_interface/share/vision_interface/msg/Ball.idl
[1.200s] -- Up-to-date symlink: /workspace/hsl-player/install/vision_interface/share/vision_interface/msg/DetectedObject.msg
[1.200s] -- Up-to-date symlink: /workspace/hsl-player/install/vision_interface/share/vision_interface/msg/Detections.msg
[1.200s] -- Up-to-date symlink: /workspace/hsl-player/install/vision_interface/share/vision_interface/msg/LineSegments.msg
[1.200s] -- Up-to-date symlink: /workspace/hsl-player/install/vision_interface/share/vision_interface/msg/CalParam.msg
[1.200s] -- Up-to-date symlink: /workspace/hsl-player/install/vision_interface/share/vision_interface/msg/DetectionsTrack.msg
[1.200s] -- Up-to-date symlink: /workspace/hsl-player/install/vision_interface/share/vision_interface/msg/SegmentationPoint.msg
[1.201s] -- Up-to-date symlink: /workspace/hsl-player/install/vision_interface/share/vision_interface/msg/SegmentationLine.msg
[1.201s] -- Up-to-date symlink: /workspace/hsl-player/install/vision_interface/share/vision_interface/msg/SegmentationResult.msg
[1.201s] -- Up-to-date symlink: /workspace/hsl-player/install/vision_interface/share/vision_interface/msg/ImageHeadPosition.msg
[1.201s] -- Up-to-date symlink: /workspace/hsl-player/install/vision_interface/share/vision_interface/msg/Ball.msg
[1.201s] -- Up-to-date symlink: /workspace/hsl-player/install/vision_interface/share/ament_index/resource_index/package_run_dependencies/vision_interface
[1.201s] -- Up-to-date symlink: /workspace/hsl-player/install/vision_interface/share/ament_index/resource_index/parent_prefix_path/vision_interface
[1.201s] -- Up-to-date symlink: /workspace/hsl-player/install/vision_interface/share/vision_interface/environment/ament_prefix_path.sh
[1.201s] -- Up-to-date symlink: /workspace/hsl-player/install/vision_interface/share/vision_interface/environment/ament_prefix_path.dsv
[1.201s] -- Up-to-date symlink: /workspace/hsl-player/install/vision_interface/share/vision_interface/environment/path.sh
[1.201s] -- Up-to-date symlink: /workspace/hsl-player/install/vision_interface/share/vision_interface/environment/path.dsv
[1.201s] -- Up-to-date symlink: /workspace/hsl-player/install/vision_interface/share/vision_interface/local_setup.bash
[1.201s] -- Up-to-date symlink: /workspace/hsl-player/install/vision_interface/share/vision_interface/local_setup.sh
[1.201s] -- Up-to-date symlink: /workspace/hsl-player/install/vision_interface/share/vision_interface/local_setup.zsh
[1.201s] -- Up-to-date symlink: /workspace/hsl-player/install/vision_interface/share/vision_interface/local_setup.dsv
[1.201s] -- Symlinking: /workspace/hsl-player/install/vision_interface/share/vision_interface/package.dsv
[1.204s] -- Up-to-date symlink: /workspace/hsl-player/install/vision_interface/share/ament_index/resource_index/packages/vision_interface
[1.204s] -- Up-to-date symlink: /workspace/hsl-player/install/vision_interface/share/vision_interface/cmake/rosidl_cmake-extras.cmake
[1.204s] -- Up-to-date symlink: /workspace/hsl-player/install/vision_interface/share/vision_interface/cmake/ament_cmake_export_dependencies-extras.cmake
[1.204s] -- Up-to-date symlink: /workspace/hsl-player/install/vision_interface/share/vision_interface/cmake/ament_cmake_export_include_directories-extras.cmake
[1.204s] -- Up-to-date symlink: /workspace/hsl-player/install/vision_interface/share/vision_interface/cmake/ament_cmake_export_libraries-extras.cmake
[1.205s] -- Up-to-date symlink: /workspace/hsl-player/install/vision_interface/share/vision_interface/cmake/ament_cmake_export_targets-extras.cmake
[1.205s] -- Up-to-date symlink: /workspace/hsl-player/install/vision_interface/share/vision_interface/cmake/rosidl_cmake_export_typesupport_targets-extras.cmake
[1.205s] -- Up-to-date symlink: /workspace/hsl-player/install/vision_interface/share/vision_interface/cmake/rosidl_cmake_export_typesupport_libraries-extras.cmake
[1.205s] -- Up-to-date symlink: /workspace/hsl-player/install/vision_interface/share/vision_interface/cmake/vision_interfaceConfig.cmake
[1.205s] -- Up-to-date symlink: /workspace/hsl-player/install/vision_interface/share/vision_interface/cmake/vision_interfaceConfig-version.cmake
[1.205s] -- Up-to-date symlink: /workspace/hsl-player/install/vision_interface/share/vision_interface/package.xml
[1.205s] -- Up-to-date: /workspace/hsl-player/install/vision_interface/lib/libvision_interface__rosidl_generator_c.so
[1.205s] -- Up-to-date: /workspace/hsl-player/install/vision_interface/lib/libvision_interface__rosidl_typesupport_fastrtps_c.so
[1.205s] -- Up-to-date: /workspace/hsl-player/install/vision_interface/lib/libvision_interface__rosidl_typesupport_fastrtps_cpp.so
[1.205s] -- Up-to-date: /workspace/hsl-player/install/vision_interface/lib/libvision_interface__rosidl_typesupport_introspection_c.so
[1.205s] -- Up-to-date: /workspace/hsl-player/install/vision_interface/lib/libvision_interface__rosidl_typesupport_c.so
[1.205s] -- Up-to-date: /workspace/hsl-player/install/vision_interface/lib/libvision_interface__rosidl_typesupport_introspection_cpp.so
[1.205s] -- Up-to-date: /workspace/hsl-player/install/vision_interface/lib/libvision_interface__rosidl_typesupport_cpp.so
[1.221s] Listing '/workspace/hsl-player/install/vision_interface/local/lib/python3.10/dist-packages/vision_interface'...
[1.221s] Compiling '/workspace/hsl-player/install/vision_interface/local/lib/python3.10/dist-packages/vision_interface/__init__.py'...
[1.221s] Listing '/workspace/hsl-player/install/vision_interface/local/lib/python3.10/dist-packages/vision_interface/msg'...
[1.223s] -- Up-to-date: /workspace/hsl-player/install/vision_interface/lib/libvision_interface__rosidl_generator_py.so
[1.223s] -- Up-to-date: /workspace/hsl-player/install/vision_interface/share/vision_interface/cmake/export_vision_interface__rosidl_generator_cExport.cmake
[1.223s] -- Up-to-date: /workspace/hsl-player/install/vision_interface/share/vision_interface/cmake/export_vision_interface__rosidl_generator_cExport-noconfig.cmake
[1.223s] -- Up-to-date: /workspace/hsl-player/install/vision_interface/share/vision_interface/cmake/export_vision_interface__rosidl_typesupport_fastrtps_cExport.cmake
[1.223s] -- Up-to-date: /workspace/hsl-player/install/vision_interface/share/vision_interface/cmake/export_vision_interface__rosidl_typesupport_fastrtps_cExport-noconfig.cmake
[1.224s] -- Up-to-date: /workspace/hsl-player/install/vision_interface/share/vision_interface/cmake/export_vision_interface__rosidl_generator_cppExport.cmake
[1.224s] -- Up-to-date: /workspace/hsl-player/install/vision_interface/share/vision_interface/cmake/export_vision_interface__rosidl_typesupport_fastrtps_cppExport.cmake
[1.224s] -- Up-to-date: /workspace/hsl-player/install/vision_interface/share/vision_interface/cmake/export_vision_interface__rosidl_typesupport_fastrtps_cppExport-noconfig.cmake
[1.224s] -- Up-to-date: /workspace/hsl-player/install/vision_interface/share/vision_interface/cmake/vision_interface__rosidl_typesupport_introspection_cExport.cmake
[1.224s] -- Up-to-date: /workspace/hsl-player/install/vision_interface/share/vision_interface/cmake/vision_interface__rosidl_typesupport_introspection_cExport-noconfig.cmake
[1.224s] -- Up-to-date: /workspace/hsl-player/install/vision_interface/share/vision_interface/cmake/vision_interface__rosidl_typesupport_cExport.cmake
[1.224s] -- Up-to-date: /workspace/hsl-player/install/vision_interface/share/vision_interface/cmake/vision_interface__rosidl_typesupport_cExport-noconfig.cmake
[1.224s] -- Up-to-date: /workspace/hsl-player/install/vision_interface/share/vision_interface/cmake/vision_interface__rosidl_typesupport_introspection_cppExport.cmake
[1.224s] -- Up-to-date: /workspace/hsl-player/install/vision_interface/share/vision_interface/cmake/vision_interface__rosidl_typesupport_introspection_cppExport-noconfig.cmake
[1.224s] -- Up-to-date: /workspace/hsl-player/install/vision_interface/share/vision_interface/cmake/vision_interface__rosidl_typesupport_cppExport.cmake
[1.224s] -- Up-to-date: /workspace/hsl-player/install/vision_interface/share/vision_interface/cmake/vision_interface__rosidl_typesupport_cppExport-noconfig.cmake
[1.224s] -- Up-to-date: /workspace/hsl-player/install/vision_interface/share/vision_interface/cmake/export_vision_interface__rosidl_generator_pyExport.cmake
[1.224s] -- Up-to-date: /workspace/hsl-player/install/vision_interface/share/vision_interface/cmake/export_vision_interface__rosidl_generator_pyExport-noconfig.cmake
[1.225s] Invoked command in '/workspace/hsl-player/build/vision_interface' returned '0': CMAKE_PREFIX_PATH=/opt/ros/humble PS1=\[\e]0;\u@\h: \w\a\]${debian_chroot:+($debian_chroot)}\u@\h:\w\$ /usr/bin/cmake --install /workspace/hsl-player/build/vision_interface
