-- The C compiler identification is GNU 11.4.0
-- The CXX compiler identification is GNU 11.4.0
-- Detecting C compiler ABI info
-- Detecting C compiler ABI info - done
-- Check for working C compiler: /usr/bin/cc - skipped
-- Detecting C compile features
-- Detecting C compile features - done
-- Detecting CXX compiler ABI info
-- Detecting CXX compiler ABI info - done
-- Check for working CXX compiler: /usr/bin/c++ - skipped
-- Detecting CXX compile features
-- Detecting CXX compile features - done
-- Found ament_cmake: 1.3.14 (/opt/ros/humble/share/ament_cmake/cmake)
-- Found Python3: /usr/bin/python3 (found version "3.10.12") found components: Interpreter 
-- Override CMake install command with custom implementation using symlinks instead of copying resources
-- Found rclcpp: 16.0.19 (/opt/ros/humble/share/rclcpp/cmake)
-- Found rosidl_generator_c: 3.1.8 (/opt/ros/humble/share/rosidl_generator_c/cmake)
-- Found rosidl_adapter: 3.1.8 (/opt/ros/humble/share/rosidl_adapter/cmake)
-- Found rosidl_generator_cpp: 3.1.8 (/opt/ros/humble/share/rosidl_generator_cpp/cmake)
-- Using all available rosidl_typesupport_c: rosidl_typesupport_fastrtps_c;rosidl_typesupport_introspection_c
-- Using all available rosidl_typesupport_cpp: rosidl_typesupport_fastrtps_cpp;rosidl_typesupport_introspection_cpp
-- Found rmw_implementation_cmake: 6.1.2 (/opt/ros/humble/share/rmw_implementation_cmake/cmake)
-- Found rmw_fastrtps_cpp: 6.2.10 (/opt/ros/humble/share/rmw_fastrtps_cpp/cmake)
-- Found OpenSSL: /usr/lib/x86_64-linux-gnu/libcrypto.so (found version "3.0.2")  
-- Found FastRTPS: /opt/ros/humble/include  
-- Using RMW implementation 'rmw_fastrtps_cpp' as default
-- Looking for pthread.h
-- Looking for pthread.h - found
-- Performing Test CMAKE_HAVE_LIBC_PTHREAD
-- Performing Test CMAKE_HAVE_LIBC_PTHREAD - Success
-- Found Threads: TRUE  
-- Found rosidl_default_generators: 1.2.1 (/opt/ros/humble/share/rosidl_default_generators/cmake)
-- Found ament_cmake_ros: 0.10.0 (/opt/ros/humble/share/ament_cmake_ros/cmake)
-- Using all available rosidl_typesupport_c: rosidl_typesupport_fastrtps_c;rosidl_typesupport_introspection_c
-- Using all available rosidl_typesupport_cpp: rosidl_typesupport_fastrtps_cpp;rosidl_typesupport_introspection_cpp
-- Found PythonInterp: /usr/bin/python3 (found suitable version "3.10.12", minimum required is "3.6") 
-- Found python_cmake_module: 0.10.0 (/opt/ros/humble/share/python_cmake_module/cmake)
-- Found PythonLibs: /usr/lib/x86_64-linux-gnu/libpython3.10.so (found suitable version "3.10.12", minimum required is "3.5") 
-- Using PYTHON_EXECUTABLE: /usr/bin/python3
-- Using PYTHON_INCLUDE_DIRS: /usr/include/python3.10
-- Using PYTHON_LIBRARIES: /usr/lib/x86_64-linux-gnu/libpython3.10.so
-- Found PythonExtra: .so  
-- Found ament_lint_auto: 0.12.15 (/opt/ros/humble/share/ament_lint_auto/cmake)
-- Added test 'lint_cmake' to check CMake code style
-- Added test 'xmllint' to check XML markup files
-- Configuring done
-- Generating done
-- Build files have been written to: /workspace/hsl-player/build/game_controller_interface
[  2%] [34m[1mGenerating C code for ROS interfaces[0m
[  4%] [34m[1mGenerating Rust code for ROS interfaces[0m
[  6%] [34m[1mGenerating C++ code for ROS interfaces[0m
[  6%] Built target ament_cmake_python_symlink_game_controller_interface
running egg_info
creating game_controller_interface.egg-info
writing game_controller_interface.egg-info/PKG-INFO
writing dependency_links to game_controller_interface.egg-info/dependency_links.txt
writing top-level names to game_controller_interface.egg-info/top_level.txt
writing manifest file 'game_controller_interface.egg-info/SOURCES.txt'
reading manifest file 'game_controller_interface.egg-info/SOURCES.txt'
writing manifest file 'game_controller_interface.egg-info/SOURCES.txt'
[  6%] Built target ament_cmake_python_build_game_controller_interface_egg
[  6%] Built target game_controller_interface__rs
[  8%] [32mBuilding C object CMakeFiles/game_controller_interface__rosidl_generator_c.dir/rosidl_generator_c/game_controller_interface/msg/detail/game_control_data__functions.c.o[0m
[ 10%] [32mBuilding C object CMakeFiles/game_controller_interface__rosidl_generator_c.dir/rosidl_generator_c/game_controller_interface/msg/detail/team_info__functions.c.o[0m
[ 12%] [32mBuilding C object CMakeFiles/game_controller_interface__rosidl_generator_c.dir/rosidl_generator_c/game_controller_interface/msg/detail/robot_info__functions.c.o[0m
[ 14%] [32m[1mLinking C shared library libgame_controller_interface__rosidl_generator_c.so[0m
[ 14%] Built target game_controller_interface__rosidl_generator_c
[ 20%] [34m[1mGenerating C type support dispatch for ROS interfaces[0m
[ 20%] [34m[1mGenerating C introspection for ROS interfaces[0m
[ 20%] [34m[1mGenerating C type support for eProsima Fast-RTPS[0m
[ 20%] Built target game_controller_interface__cpp
[ 22%] [34m[1mGenerating C++ type support for eProsima Fast-RTPS[0m
[ 27%] [34m[1mGenerating C++ introspection for ROS interfaces[0m
[ 27%] [34m[1mGenerating C++ type support dispatch for ROS interfaces[0m
[ 29%] [32mBuilding CXX object CMakeFiles/game_controller_interface__rosidl_typesupport_fastrtps_cpp.dir/rosidl_typesupport_fastrtps_cpp/game_controller_interface/msg/detail/dds_fastrtps/team_info__type_support.cpp.o[0m
[ 31%] [32mBuilding CXX object CMakeFiles/game_controller_interface__rosidl_typesupport_fastrtps_cpp.dir/rosidl_typesupport_fastrtps_cpp/game_controller_interface/msg/detail/dds_fastrtps/robot_info__type_support.cpp.o[0m
[ 33%] [32mBuilding CXX object CMakeFiles/game_controller_interface__rosidl_typesupport_fastrtps_cpp.dir/rosidl_typesupport_fastrtps_cpp/game_controller_interface/msg/detail/dds_fastrtps/game_control_data__type_support.cpp.o[0m
[ 35%] [32mBuilding CXX object CMakeFiles/game_controller_interface__rosidl_typesupport_cpp.dir/rosidl_typesupport_cpp/game_controller_interface/msg/robot_info__type_support.cpp.o[0m
[ 37%] [32mBuilding CXX object CMakeFiles/game_controller_interface__rosidl_typesupport_cpp.dir/rosidl_typesupport_cpp/game_controller_interface/msg/team_info__type_support.cpp.o[0m
[ 39%] [32mBuilding CXX object CMakeFiles/game_controller_interface__rosidl_typesupport_cpp.dir/rosidl_typesupport_cpp/game_controller_interface/msg/game_control_data__type_support.cpp.o[0m
[ 45%] [32mBuilding CXX object CMakeFiles/game_controller_interface__rosidl_typesupport_introspection_cpp.dir/rosidl_typesupport_introspection_cpp/game_controller_interface/msg/detail/robot_info__type_support.cpp.o[0m
[ 45%] [32mBuilding CXX object CMakeFiles/game_controller_interface__rosidl_typesupport_introspection_cpp.dir/rosidl_typesupport_introspection_cpp/game_controller_interface/msg/detail/team_info__type_support.cpp.o[0m
[ 45%] [32mBuilding CXX object CMakeFiles/game_controller_interface__rosidl_typesupport_introspection_cpp.dir/rosidl_typesupport_introspection_cpp/game_controller_interface/msg/detail/game_control_data__type_support.cpp.o[0m
[ 50%] [32mBuilding CXX object CMakeFiles/game_controller_interface__rosidl_typesupport_c.dir/rosidl_typesupport_c/game_controller_interface/msg/robot_info__type_support.cpp.o[0m
[ 50%] [32mBuilding CXX object CMakeFiles/game_controller_interface__rosidl_typesupport_c.dir/rosidl_typesupport_c/game_controller_interface/msg/game_control_data__type_support.cpp.o[0m
[ 52%] [32mBuilding CXX object CMakeFiles/game_controller_interface__rosidl_typesupport_c.dir/rosidl_typesupport_c/game_controller_interface/msg/team_info__type_support.cpp.o[0m
[ 54%] [32m[1mLinking CXX shared library libgame_controller_interface__rosidl_typesupport_c.so[0m
[ 56%] [32mBuilding C object CMakeFiles/game_controller_interface__rosidl_typesupport_introspection_c.dir/rosidl_typesupport_introspection_c/game_controller_interface/msg/detail/game_control_data__type_support.c.o[0m
[ 58%] [32mBuilding C object CMakeFiles/game_controller_interface__rosidl_typesupport_introspection_c.dir/rosidl_typesupport_introspection_c/game_controller_interface/msg/detail/robot_info__type_support.c.o[0m
[ 60%] [32mBuilding C object CMakeFiles/game_controller_interface__rosidl_typesupport_introspection_c.dir/rosidl_typesupport_introspection_c/game_controller_interface/msg/detail/team_info__type_support.c.o[0m
[ 62%] [32mBuilding CXX object CMakeFiles/game_controller_interface__rosidl_typesupport_fastrtps_c.dir/rosidl_typesupport_fastrtps_c/game_controller_interface/msg/detail/robot_info__type_support_c.cpp.o[0m
[ 64%] [32m[1mLinking CXX shared library libgame_controller_interface__rosidl_typesupport_cpp.so[0m
[ 66%] [32mBuilding CXX object CMakeFiles/game_controller_interface__rosidl_typesupport_fastrtps_c.dir/rosidl_typesupport_fastrtps_c/game_controller_interface/msg/detail/game_control_data__type_support_c.cpp.o[0m
[ 68%] [32mBuilding CXX object CMakeFiles/game_controller_interface__rosidl_typesupport_fastrtps_c.dir/rosidl_typesupport_fastrtps_c/game_controller_interface/msg/detail/team_info__type_support_c.cpp.o[0m
[ 68%] Built target game_controller_interface__rosidl_typesupport_c
[ 70%] [32m[1mLinking C shared library libgame_controller_interface__rosidl_typesupport_introspection_c.so[0m
[ 70%] Built target game_controller_interface__rosidl_typesupport_introspection_c
[ 70%] Built target game_controller_interface__rosidl_typesupport_cpp
[ 72%] [32m[1mLinking CXX shared library libgame_controller_interface__rosidl_typesupport_fastrtps_cpp.so[0m
[ 75%] [32m[1mLinking CXX shared library libgame_controller_interface__rosidl_typesupport_introspection_cpp.so[0m
[ 75%] Built target game_controller_interface__rosidl_typesupport_fastrtps_cpp
[ 75%] Built target game_controller_interface__rosidl_typesupport_introspection_cpp
[ 77%] [32m[1mLinking CXX shared library libgame_controller_interface__rosidl_typesupport_fastrtps_c.so[0m
[ 77%] Built target game_controller_interface__rosidl_typesupport_fastrtps_c
[ 77%] Built target game_controller_interface
[ 79%] [34m[1mGenerating Python code for ROS interfaces[0m
[ 79%] Built target game_controller_interface__py
[ 81%] [32mBuilding C object CMakeFiles/game_controller_interface__rosidl_generator_py.dir/rosidl_generator_py/game_controller_interface/msg/_game_control_data_s.c.o[0m
[ 83%] [32mBuilding C object CMakeFiles/game_controller_interface__rosidl_generator_py.dir/rosidl_generator_py/game_controller_interface/msg/_team_info_s.c.o[0m
[ 85%] [32mBuilding C object CMakeFiles/game_controller_interface__rosidl_generator_py.dir/rosidl_generator_py/game_controller_interface/msg/_robot_info_s.c.o[0m
[ 87%] [32m[1mLinking C shared library rosidl_generator_py/game_controller_interface/libgame_controller_interface__rosidl_generator_py.so[0m
[ 87%] Built target game_controller_interface__rosidl_generator_py
[ 91%] [32mBuilding C object CMakeFiles/game_controller_interface__rosidl_typesupport_fastrtps_c__pyext.dir/rosidl_generator_py/game_controller_interface/_game_controller_interface_s.ep.rosidl_typesupport_fastrtps_c.c.o[0m
[ 91%] [32mBuilding C object CMakeFiles/game_controller_interface__rosidl_typesupport_introspection_c__pyext.dir/rosidl_generator_py/game_controller_interface/_game_controller_interface_s.ep.rosidl_typesupport_introspection_c.c.o[0m
[ 93%] [32mBuilding C object CMakeFiles/game_controller_interface__rosidl_typesupport_c__pyext.dir/rosidl_generator_py/game_controller_interface/_game_controller_interface_s.ep.rosidl_typesupport_c.c.o[0m
[ 95%] [32m[1mLinking C shared library rosidl_generator_py/game_controller_interface/game_controller_interface_s__rosidl_typesupport_introspection_c.cpython-310-x86_64-linux-gnu.so[0m
[ 95%] Built target game_controller_interface__rosidl_typesupport_introspection_c__pyext
[ 97%] [32m[1mLinking C shared library rosidl_generator_py/game_controller_interface/game_controller_interface_s__rosidl_typesupport_c.cpython-310-x86_64-linux-gnu.so[0m
[ 97%] Built target game_controller_interface__rosidl_typesupport_c__pyext
[100%] [32m[1mLinking C shared library rosidl_generator_py/game_controller_interface/game_controller_interface_s__rosidl_typesupport_fastrtps_c.cpython-310-x86_64-linux-gnu.so[0m
[100%] Built target game_controller_interface__rosidl_typesupport_fastrtps_c__pyext
-- Install configuration: ""
-- Execute custom install script
-- Symlinking: /workspace/hsl-player/install/game_controller_interface/share/ament_index/resource_index/rosidl_interfaces/game_controller_interface
-- Symlinking: /workspace/hsl-player/install/game_controller_interface/include/game_controller_interface/game_controller_interface/msg/detail/game_control_data__functions.h
-- Symlinking: /workspace/hsl-player/install/game_controller_interface/include/game_controller_interface/game_controller_interface/msg/detail/game_control_data__struct.h
-- Symlinking: /workspace/hsl-player/install/game_controller_interface/include/game_controller_interface/game_controller_interface/msg/detail/game_control_data__type_support.h
-- Symlinking: /workspace/hsl-player/install/game_controller_interface/include/game_controller_interface/game_controller_interface/msg/detail/robot_info__functions.h
-- Symlinking: /workspace/hsl-player/install/game_controller_interface/include/game_controller_interface/game_controller_interface/msg/detail/robot_info__struct.h
-- Symlinking: /workspace/hsl-player/install/game_controller_interface/include/game_controller_interface/game_controller_interface/msg/detail/robot_info__type_support.h
-- Symlinking: /workspace/hsl-player/install/game_controller_interface/include/game_controller_interface/game_controller_interface/msg/detail/team_info__functions.h
-- Symlinking: /workspace/hsl-player/install/game_controller_interface/include/game_controller_interface/game_controller_interface/msg/detail/team_info__struct.h
-- Symlinking: /workspace/hsl-player/install/game_controller_interface/include/game_controller_interface/game_controller_interface/msg/detail/team_info__type_support.h
-- Symlinking: /workspace/hsl-player/install/game_controller_interface/include/game_controller_interface/game_controller_interface/msg/game_control_data.h
-- Symlinking: /workspace/hsl-player/install/game_controller_interface/include/game_controller_interface/game_controller_interface/msg/robot_info.h
-- Symlinking: /workspace/hsl-player/install/game_controller_interface/include/game_controller_interface/game_controller_interface/msg/rosidl_generator_c__visibility_control.h
-- Symlinking: /workspace/hsl-player/install/game_controller_interface/include/game_controller_interface/game_controller_interface/msg/team_info.h
-- Symlinking: /workspace/hsl-player/install/game_controller_interface/share/game_controller_interface/environment/library_path.sh
-- Symlinking: /workspace/hsl-player/install/game_controller_interface/share/game_controller_interface/environment/library_path.dsv
-- Symlinking: /workspace/hsl-player/install/game_controller_interface/include/game_controller_interface/game_controller_interface/msg/detail/game_control_data__rosidl_typesupport_fastrtps_c.h
-- Symlinking: /workspace/hsl-player/install/game_controller_interface/include/game_controller_interface/game_controller_interface/msg/detail/robot_info__rosidl_typesupport_fastrtps_c.h
-- Symlinking: /workspace/hsl-player/install/game_controller_interface/include/game_controller_interface/game_controller_interface/msg/detail/team_info__rosidl_typesupport_fastrtps_c.h
-- Symlinking: /workspace/hsl-player/install/game_controller_interface/include/game_controller_interface/game_controller_interface/msg/rosidl_typesupport_fastrtps_c__visibility_control.h
-- Symlinking: /workspace/hsl-player/install/game_controller_interface/include/game_controller_interface/game_controller_interface/msg/detail/game_control_data__builder.hpp
-- Symlinking: /workspace/hsl-player/install/game_controller_interface/include/game_controller_interface/game_controller_interface/msg/detail/game_control_data__struct.hpp
-- Symlinking: /workspace/hsl-player/install/game_controller_interface/include/game_controller_interface/game_controller_interface/msg/detail/game_control_data__traits.hpp
-- Symlinking: /workspace/hsl-player/install/game_controller_interface/include/game_controller_interface/game_controller_interface/msg/detail/game_control_data__type_support.hpp
-- Symlinking: /workspace/hsl-player/install/game_controller_interface/include/game_controller_interface/game_controller_interface/msg/detail/robot_info__builder.hpp
-- Symlinking: /workspace/hsl-player/install/game_controller_interface/include/game_controller_interface/game_controller_interface/msg/detail/robot_info__struct.hpp
-- Symlinking: /workspace/hsl-player/install/game_controller_interface/include/game_controller_interface/game_controller_interface/msg/detail/robot_info__traits.hpp
-- Symlinking: /workspace/hsl-player/install/game_controller_interface/include/game_controller_interface/game_controller_interface/msg/detail/robot_info__type_support.hpp
-- Symlinking: /workspace/hsl-player/install/game_controller_interface/include/game_controller_interface/game_controller_interface/msg/detail/team_info__builder.hpp
-- Symlinking: /workspace/hsl-player/install/game_controller_interface/include/game_controller_interface/game_controller_interface/msg/detail/team_info__struct.hpp
-- Symlinking: /workspace/hsl-player/install/game_controller_interface/include/game_controller_interface/game_controller_interface/msg/detail/team_info__traits.hpp
-- Symlinking: /workspace/hsl-player/install/game_controller_interface/include/game_controller_interface/game_controller_interface/msg/detail/team_info__type_support.hpp
-- Symlinking: /workspace/hsl-player/install/game_controller_interface/include/game_controller_interface/game_controller_interface/msg/game_control_data.hpp
-- Symlinking: /workspace/hsl-player/install/game_controller_interface/include/game_controller_interface/game_controller_interface/msg/robot_info.hpp
-- Symlinking: /workspace/hsl-player/install/game_controller_interface/include/game_controller_interface/game_controller_interface/msg/rosidl_generator_cpp__visibility_control.hpp
-- Symlinking: /workspace/hsl-player/install/game_controller_interface/include/game_controller_interface/game_controller_interface/msg/team_info.hpp
-- Symlinking: /workspace/hsl-player/install/game_controller_interface/include/game_controller_interface/game_controller_interface/msg/detail/game_control_data__rosidl_typesupport_fastrtps_cpp.hpp
-- Symlinking: /workspace/hsl-player/install/game_controller_interface/include/game_controller_interface/game_controller_interface/msg/detail/robot_info__rosidl_typesupport_fastrtps_cpp.hpp
-- Symlinking: /workspace/hsl-player/install/game_controller_interface/include/game_controller_interface/game_controller_interface/msg/detail/team_info__rosidl_typesupport_fastrtps_cpp.hpp
-- Symlinking: /workspace/hsl-player/install/game_controller_interface/include/game_controller_interface/game_controller_interface/msg/rosidl_typesupport_fastrtps_cpp__visibility_control.h
-- Symlinking: /workspace/hsl-player/install/game_controller_interface/include/game_controller_interface/game_controller_interface/msg/detail/game_control_data__rosidl_typesupport_introspection_c.h
-- Symlinking: /workspace/hsl-player/install/game_controller_interface/include/game_controller_interface/game_controller_interface/msg/detail/robot_info__rosidl_typesupport_introspection_c.h
-- Symlinking: /workspace/hsl-player/install/game_controller_interface/include/game_controller_interface/game_controller_interface/msg/detail/team_info__rosidl_typesupport_introspection_c.h
-- Symlinking: /workspace/hsl-player/install/game_controller_interface/include/game_controller_interface/game_controller_interface/msg/rosidl_typesupport_introspection_c__visibility_control.h
-- Symlinking: /workspace/hsl-player/install/game_controller_interface/include/game_controller_interface/game_controller_interface/msg/detail/game_control_data__rosidl_typesupport_introspection_cpp.hpp
-- Symlinking: /workspace/hsl-player/install/game_controller_interface/include/game_controller_interface/game_controller_interface/msg/detail/robot_info__rosidl_typesupport_introspection_cpp.hpp
-- Symlinking: /workspace/hsl-player/install/game_controller_interface/include/game_controller_interface/game_controller_interface/msg/detail/team_info__rosidl_typesupport_introspection_cpp.hpp
-- Symlinking: /workspace/hsl-player/install/game_controller_interface/share/game_controller_interface/environment/pythonpath.sh
-- Symlinking: /workspace/hsl-player/install/game_controller_interface/share/game_controller_interface/environment/pythonpath.dsv
-- Symlinking: /workspace/hsl-player/install/game_controller_interface/local/lib/python3.10/dist-packages/game_controller_interface-1.0.0-py3.10.egg-info/PKG-INFO
-- Symlinking: /workspace/hsl-player/install/game_controller_interface/local/lib/python3.10/dist-packages/game_controller_interface-1.0.0-py3.10.egg-info/SOURCES.txt
-- Symlinking: /workspace/hsl-player/install/game_controller_interface/local/lib/python3.10/dist-packages/game_controller_interface-1.0.0-py3.10.egg-info/dependency_links.txt
-- Symlinking: /workspace/hsl-player/install/game_controller_interface/local/lib/python3.10/dist-packages/game_controller_interface-1.0.0-py3.10.egg-info/top_level.txt
-- Symlinking: /workspace/hsl-player/install/game_controller_interface/local/lib/python3.10/dist-packages/game_controller_interface/__init__.py
-- Symlinking: /workspace/hsl-player/install/game_controller_interface/local/lib/python3.10/dist-packages/game_controller_interface/_game_controller_interface_s.ep.rosidl_typesupport_c.c
-- Symlinking: /workspace/hsl-player/install/game_controller_interface/local/lib/python3.10/dist-packages/game_controller_interface/_game_controller_interface_s.ep.rosidl_typesupport_fastrtps_c.c
-- Symlinking: /workspace/hsl-player/install/game_controller_interface/local/lib/python3.10/dist-packages/game_controller_interface/_game_controller_interface_s.ep.rosidl_typesupport_introspection_c.c
-- Symlinking: /workspace/hsl-player/install/game_controller_interface/local/lib/python3.10/dist-packages/game_controller_interface/game_controller_interface_s__rosidl_typesupport_c.cpython-310-x86_64-linux-gnu.so
-- Symlinking: /workspace/hsl-player/install/game_controller_interface/local/lib/python3.10/dist-packages/game_controller_interface/game_controller_interface_s__rosidl_typesupport_fastrtps_c.cpython-310-x86_64-linux-gnu.so
-- Symlinking: /workspace/hsl-player/install/game_controller_interface/local/lib/python3.10/dist-packages/game_controller_interface/game_controller_interface_s__rosidl_typesupport_introspection_c.cpython-310-x86_64-linux-gnu.so
-- Symlinking: /workspace/hsl-player/install/game_controller_interface/local/lib/python3.10/dist-packages/game_controller_interface/libgame_controller_interface__rosidl_generator_py.so
-- Symlinking: /workspace/hsl-player/install/game_controller_interface/local/lib/python3.10/dist-packages/game_controller_interface/msg/__init__.py
-- Symlinking: /workspace/hsl-player/install/game_controller_interface/local/lib/python3.10/dist-packages/game_controller_interface/msg/_game_control_data.py
-- Symlinking: /workspace/hsl-player/install/game_controller_interface/local/lib/python3.10/dist-packages/game_controller_interface/msg/_game_control_data_s.c
-- Symlinking: /workspace/hsl-player/install/game_controller_interface/local/lib/python3.10/dist-packages/game_controller_interface/msg/_robot_info.py
-- Symlinking: /workspace/hsl-player/install/game_controller_interface/local/lib/python3.10/dist-packages/game_controller_interface/msg/_robot_info_s.c
-- Symlinking: /workspace/hsl-player/install/game_controller_interface/local/lib/python3.10/dist-packages/game_controller_interface/msg/_team_info.py
-- Symlinking: /workspace/hsl-player/install/game_controller_interface/local/lib/python3.10/dist-packages/game_controller_interface/msg/_team_info_s.c
-- Up-to-date symlink: /workspace/hsl-player/install/game_controller_interface/local/lib/python3.10/dist-packages/game_controller_interface/game_controller_interface_s__rosidl_typesupport_fastrtps_c.cpython-310-x86_64-linux-gnu.so
-- Up-to-date symlink: /workspace/hsl-player/install/game_controller_interface/local/lib/python3.10/dist-packages/game_controller_interface/game_controller_interface_s__rosidl_typesupport_introspection_c.cpython-310-x86_64-linux-gnu.so
-- Up-to-date symlink: /workspace/hsl-player/install/game_controller_interface/local/lib/python3.10/dist-packages/game_controller_interface/game_controller_interface_s__rosidl_typesupport_c.cpython-310-x86_64-linux-gnu.so
-- Symlinking: /workspace/hsl-player/install/game_controller_interface/share/ament_index/resource_index/rust_packages/game_controller_interface
-- Symlinking: /workspace/hsl-player/install/game_controller_interface/share/game_controller_interface/rust/Cargo.toml
-- Symlinking: /workspace/hsl-player/install/game_controller_interface/share/game_controller_interface/rust/build.rs
-- Symlinking: /workspace/hsl-player/install/game_controller_interface/share/game_controller_interface/rust/src/lib.rs
-- Symlinking: /workspace/hsl-player/install/game_controller_interface/share/game_controller_interface/rust/src/msg.rs
-- Symlinking: /workspace/hsl-player/install/game_controller_interface/share/game_controller_interface/rust/src/msg/rmw.rs
-- Symlinking: /workspace/hsl-player/install/game_controller_interface/share/game_controller_interface/msg/GameControlData.idl
-- Symlinking: /workspace/hsl-player/install/game_controller_interface/share/game_controller_interface/msg/RobotInfo.idl
-- Symlinking: /workspace/hsl-player/install/game_controller_interface/share/game_controller_interface/msg/TeamInfo.idl
-- Symlinking: /workspace/hsl-player/install/game_controller_interface/share/game_controller_interface/msg/GameControlData.msg
-- Symlinking: /workspace/hsl-player/install/game_controller_interface/share/game_controller_interface/msg/RobotInfo.msg
-- Symlinking: /workspace/hsl-player/install/game_controller_interface/share/game_controller_interface/msg/TeamInfo.msg
-- Symlinking: /workspace/hsl-player/install/game_controller_interface/share/ament_index/resource_index/package_run_dependencies/game_controller_interface
-- Symlinking: /workspace/hsl-player/install/game_controller_interface/share/ament_index/resource_index/parent_prefix_path/game_controller_interface
-- Symlinking: /workspace/hsl-player/install/game_controller_interface/share/game_controller_interface/environment/ament_prefix_path.sh
-- Symlinking: /workspace/hsl-player/install/game_controller_interface/share/game_controller_interface/environment/ament_prefix_path.dsv
-- Symlinking: /workspace/hsl-player/install/game_controller_interface/share/game_controller_interface/environment/path.sh
-- Symlinking: /workspace/hsl-player/install/game_controller_interface/share/game_controller_interface/environment/path.dsv
-- Symlinking: /workspace/hsl-player/install/game_controller_interface/share/game_controller_interface/local_setup.bash
-- Symlinking: /workspace/hsl-player/install/game_controller_interface/share/game_controller_interface/local_setup.sh
-- Symlinking: /workspace/hsl-player/install/game_controller_interface/share/game_controller_interface/local_setup.zsh
-- Symlinking: /workspace/hsl-player/install/game_controller_interface/share/game_controller_interface/local_setup.dsv
-- Symlinking: /workspace/hsl-player/install/game_controller_interface/share/game_controller_interface/package.dsv
-- Symlinking: /workspace/hsl-player/install/game_controller_interface/share/ament_index/resource_index/packages/game_controller_interface
-- Symlinking: /workspace/hsl-player/install/game_controller_interface/share/game_controller_interface/cmake/rosidl_cmake-extras.cmake
-- Symlinking: /workspace/hsl-player/install/game_controller_interface/share/game_controller_interface/cmake/ament_cmake_export_include_directories-extras.cmake
-- Symlinking: /workspace/hsl-player/install/game_controller_interface/share/game_controller_interface/cmake/ament_cmake_export_libraries-extras.cmake
-- Symlinking: /workspace/hsl-player/install/game_controller_interface/share/game_controller_interface/cmake/ament_cmake_export_targets-extras.cmake
-- Symlinking: /workspace/hsl-player/install/game_controller_interface/share/game_controller_interface/cmake/rosidl_cmake_export_typesupport_targets-extras.cmake
-- Symlinking: /workspace/hsl-player/install/game_controller_interface/share/game_controller_interface/cmake/ament_cmake_export_dependencies-extras.cmake
-- Symlinking: /workspace/hsl-player/install/game_controller_interface/share/game_controller_interface/cmake/rosidl_cmake_export_typesupport_libraries-extras.cmake
-- Symlinking: /workspace/hsl-player/install/game_controller_interface/share/game_controller_interface/cmake/game_controller_interfaceConfig.cmake
-- Symlinking: /workspace/hsl-player/install/game_controller_interface/share/game_controller_interface/cmake/game_controller_interfaceConfig-version.cmake
-- Symlinking: /workspace/hsl-player/install/game_controller_interface/share/game_controller_interface/package.xml
-- Installing: /workspace/hsl-player/install/game_controller_interface/lib/libgame_controller_interface__rosidl_generator_c.so
-- Set runtime path of "/workspace/hsl-player/install/game_controller_interface/lib/libgame_controller_interface__rosidl_generator_c.so" to ""
-- Installing: /workspace/hsl-player/install/game_controller_interface/lib/libgame_controller_interface__rosidl_typesupport_fastrtps_c.so
-- Set runtime path of "/workspace/hsl-player/install/game_controller_interface/lib/libgame_controller_interface__rosidl_typesupport_fastrtps_c.so" to ""
-- Installing: /workspace/hsl-player/install/game_controller_interface/lib/libgame_controller_interface__rosidl_typesupport_fastrtps_cpp.so
-- Set runtime path of "/workspace/hsl-player/install/game_controller_interface/lib/libgame_controller_interface__rosidl_typesupport_fastrtps_cpp.so" to ""
-- Installing: /workspace/hsl-player/install/game_controller_interface/lib/libgame_controller_interface__rosidl_typesupport_introspection_c.so
-- Set runtime path of "/workspace/hsl-player/install/game_controller_interface/lib/libgame_controller_interface__rosidl_typesupport_introspection_c.so" to ""
-- Installing: /workspace/hsl-player/install/game_controller_interface/lib/libgame_controller_interface__rosidl_typesupport_c.so
-- Set runtime path of "/workspace/hsl-player/install/game_controller_interface/lib/libgame_controller_interface__rosidl_typesupport_c.so" to ""
-- Installing: /workspace/hsl-player/install/game_controller_interface/lib/libgame_controller_interface__rosidl_typesupport_introspection_cpp.so
-- Set runtime path of "/workspace/hsl-player/install/game_controller_interface/lib/libgame_controller_interface__rosidl_typesupport_introspection_cpp.so" to ""
-- Installing: /workspace/hsl-player/install/game_controller_interface/lib/libgame_controller_interface__rosidl_typesupport_cpp.so
-- Set runtime path of "/workspace/hsl-player/install/game_controller_interface/lib/libgame_controller_interface__rosidl_typesupport_cpp.so" to ""
Listing '/workspace/hsl-player/install/game_controller_interface/local/lib/python3.10/dist-packages/game_controller_interface'...
Compiling '/workspace/hsl-player/install/game_controller_interface/local/lib/python3.10/dist-packages/game_controller_interface/__init__.py'...
Listing '/workspace/hsl-player/install/game_controller_interface/local/lib/python3.10/dist-packages/game_controller_interface/msg'...
Compiling '/workspace/hsl-player/install/game_controller_interface/local/lib/python3.10/dist-packages/game_controller_interface/msg/__init__.py'...
Compiling '/workspace/hsl-player/install/game_controller_interface/local/lib/python3.10/dist-packages/game_controller_interface/msg/_game_control_data.py'...
Compiling '/workspace/hsl-player/install/game_controller_interface/local/lib/python3.10/dist-packages/game_controller_interface/msg/_robot_info.py'...
Compiling '/workspace/hsl-player/install/game_controller_interface/local/lib/python3.10/dist-packages/game_controller_interface/msg/_team_info.py'...
-- Installing: /workspace/hsl-player/install/game_controller_interface/lib/libgame_controller_interface__rosidl_generator_py.so
-- Set runtime path of "/workspace/hsl-player/install/game_controller_interface/lib/libgame_controller_interface__rosidl_generator_py.so" to ""
-- Installing: /workspace/hsl-player/install/game_controller_interface/share/game_controller_interface/cmake/export_game_controller_interface__rosidl_generator_cExport.cmake
-- Installing: /workspace/hsl-player/install/game_controller_interface/share/game_controller_interface/cmake/export_game_controller_interface__rosidl_generator_cExport-noconfig.cmake
-- Installing: /workspace/hsl-player/install/game_controller_interface/share/game_controller_interface/cmake/export_game_controller_interface__rosidl_typesupport_fastrtps_cExport.cmake
-- Installing: /workspace/hsl-player/install/game_controller_interface/share/game_controller_interface/cmake/export_game_controller_interface__rosidl_typesupport_fastrtps_cExport-noconfig.cmake
-- Installing: /workspace/hsl-player/install/game_controller_interface/share/game_controller_interface/cmake/export_game_controller_interface__rosidl_generator_cppExport.cmake
-- Installing: /workspace/hsl-player/install/game_controller_interface/share/game_controller_interface/cmake/export_game_controller_interface__rosidl_typesupport_fastrtps_cppExport.cmake
-- Installing: /workspace/hsl-player/install/game_controller_interface/share/game_controller_interface/cmake/export_game_controller_interface__rosidl_typesupport_fastrtps_cppExport-noconfig.cmake
-- Installing: /workspace/hsl-player/install/game_controller_interface/share/game_controller_interface/cmake/game_controller_interface__rosidl_typesupport_introspection_cExport.cmake
-- Installing: /workspace/hsl-player/install/game_controller_interface/share/game_controller_interface/cmake/game_controller_interface__rosidl_typesupport_introspection_cExport-noconfig.cmake
-- Installing: /workspace/hsl-player/install/game_controller_interface/share/game_controller_interface/cmake/game_controller_interface__rosidl_typesupport_cExport.cmake
-- Installing: /workspace/hsl-player/install/game_controller_interface/share/game_controller_interface/cmake/game_controller_interface__rosidl_typesupport_cExport-noconfig.cmake
-- Installing: /workspace/hsl-player/install/game_controller_interface/share/game_controller_interface/cmake/game_controller_interface__rosidl_typesupport_introspection_cppExport.cmake
-- Installing: /workspace/hsl-player/install/game_controller_interface/share/game_controller_interface/cmake/game_controller_interface__rosidl_typesupport_introspection_cppExport-noconfig.cmake
-- Installing: /workspace/hsl-player/install/game_controller_interface/share/game_controller_interface/cmake/game_controller_interface__rosidl_typesupport_cppExport.cmake
-- Installing: /workspace/hsl-player/install/game_controller_interface/share/game_controller_interface/cmake/game_controller_interface__rosidl_typesupport_cppExport-noconfig.cmake
-- Installing: /workspace/hsl-player/install/game_controller_interface/share/game_controller_interface/cmake/export_game_controller_interface__rosidl_generator_pyExport.cmake
-- Installing: /workspace/hsl-player/install/game_controller_interface/share/game_controller_interface/cmake/export_game_controller_interface__rosidl_generator_pyExport-noconfig.cmake
