[0.062s] DEBUG:colcon:Command line arguments: ['/usr/bin/colcon', 'build', '--symlink-install', '--packages-select', 'brain', '--cmake-args', '-DCMAKE_BUILD_TYPE=Release']
[0.062s] DEBUG:colcon:Parsed command line arguments: Namespace(log_base=None, log_level=None, verb_name='build', build_base='build', install_base='install', merge_install=False, symlink_install=True, test_result_base=None, continue_on_error=False, executor='parallel', parallel_workers=20, event_handlers=None, ignore_user_meta=False, metas=['./colcon.meta'], base_paths=['.'], packages_ignore=None, packages_ignore_regex=None, paths=None, packages_up_to=None, packages_up_to_regex=None, packages_above=None, packages_above_and_dependencies=None, packages_above_depth=None, packages_select_by_dep=None, packages_skip_by_dep=None, packages_skip_up_to=None, packages_select_build_failed=False, packages_skip_build_finished=False, packages_select_test_failures=False, packages_skip_test_passed=False, packages_select=['brain'], packages_skip=None, packages_select_regex=None, packages_skip_regex=None, packages_start=None, packages_end=None, cmake_args=['-DCMAKE_BUILD_TYPE=Release'], cmake_target=None, cmake_target_skip_unavailable=False, cmake_clean_cache=False, cmake_clean_first=False, cmake_force_configure=False, ament_cmake_args=None, catkin_cmake_args=None, catkin_skip_building_tests=False, mixin_files=None, mixin=None, verb_parser=<colcon_mixin.mixin.mixin_argument.MixinArgumentDecorator object at 0x7cd8fb899600>, verb_extension=<colcon_core.verb.build.BuildVerb object at 0x7cd8fba86170>, main=<bound method BuildVerb.main of <colcon_core.verb.build.BuildVerb object at 0x7cd8fba86170>>, mixin_verb=('build',))
[0.136s] Level 1:colcon.colcon_core.package_discovery:discover_packages(colcon_meta) check parameters
[0.136s] INFO:colcon.colcon_metadata.package_discovery.colcon_meta:Using configuration from '/root/.colcon/metadata/default/Gazebo.meta'
[0.137s] INFO:colcon.colcon_metadata.package_discovery.colcon_meta:Using configuration from '/root/.colcon/metadata/default/fastdds.meta'
[0.137s] INFO:colcon.colcon_metadata.package_discovery.colcon_meta:Using configuration from '/root/.colcon/metadata/default/fastrtps.meta'
[0.137s] Level 1:colcon.colcon_core.package_discovery:discover_packages(recursive) check parameters
[0.137s] Level 1:colcon.colcon_core.package_discovery:discover_packages(ignore) check parameters
[0.137s] Level 1:colcon.colcon_core.package_discovery:discover_packages(path) check parameters
[0.137s] Level 1:colcon.colcon_core.package_discovery:discover_packages(colcon_meta) discover
[0.137s] Level 1:colcon.colcon_core.package_discovery:discover_packages(recursive) discover
[0.137s] INFO:colcon.colcon_core.package_discovery:Crawling recursively for packages in '/workspace/hsl-player'
[0.137s] Level 1:colcon.colcon_core.package_identification:_identify(.) by extensions ['ignore', 'ignore_ament_install']
[0.137s] Level 1:colcon.colcon_core.package_identification:_identify(.) by extension 'ignore'
[0.137s] Level 1:colcon.colcon_core.package_identification:_identify(.) by extension 'ignore_ament_install'
[0.137s] Level 1:colcon.colcon_core.package_identification:_identify(.) by extensions ['colcon_pkg']
[0.137s] Level 1:colcon.colcon_core.package_identification:_identify(.) by extension 'colcon_pkg'
[0.137s] Level 1:colcon.colcon_core.package_identification:_identify(.) by extensions ['colcon_meta']
[0.137s] Level 1:colcon.colcon_core.package_identification:_identify(.) by extension 'colcon_meta'
[0.137s] Level 1:colcon.colcon_core.package_identification:_identify(.) by extensions ['ros']
[0.137s] Level 1:colcon.colcon_core.package_identification:_identify(.) by extension 'ros'
[0.143s] Level 1:colcon.colcon_core.package_identification:_identify(.) by extensions ['cmake', 'python']
[0.143s] Level 1:colcon.colcon_core.package_identification:_identify(.) by extension 'cmake'
[0.143s] Level 1:colcon.colcon_core.package_identification:_identify(.) by extension 'python'
[0.143s] Level 1:colcon.colcon_core.package_identification:_identify(.) by extensions ['python_setup_py']
[0.143s] Level 1:colcon.colcon_core.package_identification:_identify(.) by extension 'python_setup_py'
[0.143s] Level 1:colcon.colcon_core.package_identification:_identify(build) by extensions ['ignore', 'ignore_ament_install']
[0.143s] Level 1:colcon.colcon_core.package_identification:_identify(build) by extension 'ignore'
[0.143s] Level 1:colcon.colcon_core.package_identification:_identify(build) ignored
[0.144s] Level 1:colcon.colcon_core.package_identification:_identify(configs) by extensions ['ignore', 'ignore_ament_install']
[0.144s] Level 1:colcon.colcon_core.package_identification:_identify(configs) by extension 'ignore'
[0.144s] Level 1:colcon.colcon_core.package_identification:_identify(configs) by extension 'ignore_ament_install'
[0.144s] Level 1:colcon.colcon_core.package_identification:_identify(configs) by extensions ['colcon_pkg']
[0.144s] Level 1:colcon.colcon_core.package_identification:_identify(configs) by extension 'colcon_pkg'
[0.144s] Level 1:colcon.colcon_core.package_identification:_identify(configs) by extensions ['colcon_meta']
[0.144s] Level 1:colcon.colcon_core.package_identification:_identify(configs) by extension 'colcon_meta'
[0.144s] Level 1:colcon.colcon_core.package_identification:_identify(configs) by extensions ['ros']
[0.144s] Level 1:colcon.colcon_core.package_identification:_identify(configs) by extension 'ros'
[0.144s] Level 1:colcon.colcon_core.package_identification:_identify(configs) by extensions ['cmake', 'python']
[0.144s] Level 1:colcon.colcon_core.package_identification:_identify(configs) by extension 'cmake'
[0.144s] Level 1:colcon.colcon_core.package_identification:_identify(configs) by extension 'python'
[0.144s] Level 1:colcon.colcon_core.package_identification:_identify(configs) by extensions ['python_setup_py']
[0.144s] Level 1:colcon.colcon_core.package_identification:_identify(configs) by extension 'python_setup_py'
[0.144s] Level 1:colcon.colcon_core.package_identification:_identify(distribution) by extensions ['ignore', 'ignore_ament_install']
[0.144s] Level 1:colcon.colcon_core.package_identification:_identify(distribution) by extension 'ignore'
[0.144s] Level 1:colcon.colcon_core.package_identification:_identify(distribution) by extension 'ignore_ament_install'
[0.144s] Level 1:colcon.colcon_core.package_identification:_identify(distribution) by extensions ['colcon_pkg']
[0.144s] Level 1:colcon.colcon_core.package_identification:_identify(distribution) by extension 'colcon_pkg'
[0.144s] Level 1:colcon.colcon_core.package_identification:_identify(distribution) by extensions ['colcon_meta']
[0.144s] Level 1:colcon.colcon_core.package_identification:_identify(distribution) by extension 'colcon_meta'
[0.144s] Level 1:colcon.colcon_core.package_identification:_identify(distribution) by extensions ['ros']
[0.144s] Level 1:colcon.colcon_core.package_identification:_identify(distribution) by extension 'ros'
[0.144s] Level 1:colcon.colcon_core.package_identification:_identify(distribution) by extensions ['cmake', 'python']
[0.144s] Level 1:colcon.colcon_core.package_identification:_identify(distribution) by extension 'cmake'
[0.144s] Level 1:colcon.colcon_core.package_identification:_identify(distribution) by extension 'python'
[0.144s] Level 1:colcon.colcon_core.package_identification:_identify(distribution) by extensions ['python_setup_py']
[0.144s] Level 1:colcon.colcon_core.package_identification:_identify(distribution) by extension 'python_setup_py'
[0.144s] Level 1:colcon.colcon_core.package_identification:_identify(install) by extensions ['ignore', 'ignore_ament_install']
[0.144s] Level 1:colcon.colcon_core.package_identification:_identify(install) by extension 'ignore'
[0.144s] Level 1:colcon.colcon_core.package_identification:_identify(install) ignored
[0.144s] Level 1:colcon.colcon_core.package_identification:_identify(log) by extensions ['ignore', 'ignore_ament_install']
[0.144s] Level 1:colcon.colcon_core.package_identification:_identify(log) by extension 'ignore'
[0.144s] Level 1:colcon.colcon_core.package_identification:_identify(log) ignored
[0.144s] Level 1:colcon.colcon_core.package_identification:_identify(scripts) by extensions ['ignore', 'ignore_ament_install']
[0.144s] Level 1:colcon.colcon_core.package_identification:_identify(scripts) by extension 'ignore'
[0.144s] Level 1:colcon.colcon_core.package_identification:_identify(scripts) by extension 'ignore_ament_install'
[0.144s] Level 1:colcon.colcon_core.package_identification:_identify(scripts) by extensions ['colcon_pkg']
[0.144s] Level 1:colcon.colcon_core.package_identification:_identify(scripts) by extension 'colcon_pkg'
[0.144s] Level 1:colcon.colcon_core.package_identification:_identify(scripts) by extensions ['colcon_meta']
[0.144s] Level 1:colcon.colcon_core.package_identification:_identify(scripts) by extension 'colcon_meta'
[0.144s] Level 1:colcon.colcon_core.package_identification:_identify(scripts) by extensions ['ros']
[0.144s] Level 1:colcon.colcon_core.package_identification:_identify(scripts) by extension 'ros'
[0.144s] Level 1:colcon.colcon_core.package_identification:_identify(scripts) by extensions ['cmake', 'python']
[0.144s] Level 1:colcon.colcon_core.package_identification:_identify(scripts) by extension 'cmake'
[0.144s] Level 1:colcon.colcon_core.package_identification:_identify(scripts) by extension 'python'
[0.144s] Level 1:colcon.colcon_core.package_identification:_identify(scripts) by extensions ['python_setup_py']
[0.144s] Level 1:colcon.colcon_core.package_identification:_identify(scripts) by extension 'python_setup_py'
[0.144s] Level 1:colcon.colcon_core.package_identification:_identify(src) by extensions ['ignore', 'ignore_ament_install']
[0.144s] Level 1:colcon.colcon_core.package_identification:_identify(src) by extension 'ignore'
[0.144s] Level 1:colcon.colcon_core.package_identification:_identify(src) by extension 'ignore_ament_install'
[0.144s] Level 1:colcon.colcon_core.package_identification:_identify(src) by extensions ['colcon_pkg']
[0.145s] Level 1:colcon.colcon_core.package_identification:_identify(src) by extension 'colcon_pkg'
[0.145s] Level 1:colcon.colcon_core.package_identification:_identify(src) by extensions ['colcon_meta']
[0.145s] Level 1:colcon.colcon_core.package_identification:_identify(src) by extension 'colcon_meta'
[0.145s] Level 1:colcon.colcon_core.package_identification:_identify(src) by extensions ['ros']
[0.145s] Level 1:colcon.colcon_core.package_identification:_identify(src) by extension 'ros'
[0.145s] Level 1:colcon.colcon_core.package_identification:_identify(src) by extensions ['cmake', 'python']
[0.145s] Level 1:colcon.colcon_core.package_identification:_identify(src) by extension 'cmake'
[0.145s] Level 1:colcon.colcon_core.package_identification:_identify(src) by extension 'python'
[0.145s] Level 1:colcon.colcon_core.package_identification:_identify(src) by extensions ['python_setup_py']
[0.145s] Level 1:colcon.colcon_core.package_identification:_identify(src) by extension 'python_setup_py'
[0.145s] Level 1:colcon.colcon_core.package_identification:_identify(src/booster_msgs) by extensions ['ignore', 'ignore_ament_install']
[0.145s] Level 1:colcon.colcon_core.package_identification:_identify(src/booster_msgs) by extension 'ignore'
[0.145s] Level 1:colcon.colcon_core.package_identification:_identify(src/booster_msgs) by extension 'ignore_ament_install'
[0.145s] Level 1:colcon.colcon_core.package_identification:_identify(src/booster_msgs) by extensions ['colcon_pkg']
[0.145s] Level 1:colcon.colcon_core.package_identification:_identify(src/booster_msgs) by extension 'colcon_pkg'
[0.145s] Level 1:colcon.colcon_core.package_identification:_identify(src/booster_msgs) by extensions ['colcon_meta']
[0.145s] Level 1:colcon.colcon_core.package_identification:_identify(src/booster_msgs) by extension 'colcon_meta'
[0.145s] Level 1:colcon.colcon_core.package_identification:_identify(src/booster_msgs) by extensions ['ros']
[0.145s] Level 1:colcon.colcon_core.package_identification:_identify(src/booster_msgs) by extension 'ros'
[0.146s] DEBUG:colcon.colcon_core.package_identification:Package 'src/booster_msgs' with type 'ros.ament_cmake' and name 'booster_msgs'
[0.146s] Level 1:colcon.colcon_core.package_identification:_identify(src/booster_ros2_interface) by extensions ['ignore', 'ignore_ament_install']
[0.146s] Level 1:colcon.colcon_core.package_identification:_identify(src/booster_ros2_interface) by extension 'ignore'
[0.146s] Level 1:colcon.colcon_core.package_identification:_identify(src/booster_ros2_interface) by extension 'ignore_ament_install'
[0.146s] Level 1:colcon.colcon_core.package_identification:_identify(src/booster_ros2_interface) by extensions ['colcon_pkg']
[0.146s] Level 1:colcon.colcon_core.package_identification:_identify(src/booster_ros2_interface) by extension 'colcon_pkg'
[0.146s] Level 1:colcon.colcon_core.package_identification:_identify(src/booster_ros2_interface) by extensions ['colcon_meta']
[0.146s] Level 1:colcon.colcon_core.package_identification:_identify(src/booster_ros2_interface) by extension 'colcon_meta'
[0.146s] Level 1:colcon.colcon_core.package_identification:_identify(src/booster_ros2_interface) by extensions ['ros']
[0.146s] Level 1:colcon.colcon_core.package_identification:_identify(src/booster_ros2_interface) by extension 'ros'
[0.147s] DEBUG:colcon.colcon_core.package_identification:Package 'src/booster_ros2_interface' with type 'ros.ament_cmake' and name 'booster_interface'
[0.147s] Level 1:colcon.colcon_core.package_identification:_identify(src/brain) by extensions ['ignore', 'ignore_ament_install']
[0.147s] Level 1:colcon.colcon_core.package_identification:_identify(src/brain) by extension 'ignore'
[0.147s] Level 1:colcon.colcon_core.package_identification:_identify(src/brain) by extension 'ignore_ament_install'
[0.147s] Level 1:colcon.colcon_core.package_identification:_identify(src/brain) by extensions ['colcon_pkg']
[0.147s] Level 1:colcon.colcon_core.package_identification:_identify(src/brain) by extension 'colcon_pkg'
[0.147s] Level 1:colcon.colcon_core.package_identification:_identify(src/brain) by extensions ['colcon_meta']
[0.147s] Level 1:colcon.colcon_core.package_identification:_identify(src/brain) by extension 'colcon_meta'
[0.147s] Level 1:colcon.colcon_core.package_identification:_identify(src/brain) by extensions ['ros']
[0.147s] Level 1:colcon.colcon_core.package_identification:_identify(src/brain) by extension 'ros'
[0.147s] DEBUG:colcon.colcon_core.package_identification:Package 'src/brain' with type 'ros.ament_cmake' and name 'brain'
[0.147s] Level 1:colcon.colcon_core.package_identification:_identify(src/game_controller) by extensions ['ignore', 'ignore_ament_install']
[0.147s] Level 1:colcon.colcon_core.package_identification:_identify(src/game_controller) by extension 'ignore'
[0.147s] Level 1:colcon.colcon_core.package_identification:_identify(src/game_controller) by extension 'ignore_ament_install'
[0.147s] Level 1:colcon.colcon_core.package_identification:_identify(src/game_controller) by extensions ['colcon_pkg']
[0.147s] Level 1:colcon.colcon_core.package_identification:_identify(src/game_controller) by extension 'colcon_pkg'
[0.147s] Level 1:colcon.colcon_core.package_identification:_identify(src/game_controller) by extensions ['colcon_meta']
[0.147s] Level 1:colcon.colcon_core.package_identification:_identify(src/game_controller) by extension 'colcon_meta'
[0.148s] Level 1:colcon.colcon_core.package_identification:_identify(src/game_controller) by extensions ['ros']
[0.148s] Level 1:colcon.colcon_core.package_identification:_identify(src/game_controller) by extension 'ros'
[0.148s] DEBUG:colcon.colcon_core.package_identification:Package 'src/game_controller' with type 'ros.ament_cmake' and name 'game_controller'
[0.148s] Level 1:colcon.colcon_core.package_identification:_identify(src/robocup_ros2_interface) by extensions ['ignore', 'ignore_ament_install']
[0.148s] Level 1:colcon.colcon_core.package_identification:_identify(src/robocup_ros2_interface) by extension 'ignore'
[0.148s] Level 1:colcon.colcon_core.package_identification:_identify(src/robocup_ros2_interface) by extension 'ignore_ament_install'
[0.148s] Level 1:colcon.colcon_core.package_identification:_identify(src/robocup_ros2_interface) by extensions ['colcon_pkg']
[0.148s] Level 1:colcon.colcon_core.package_identification:_identify(src/robocup_ros2_interface) by extension 'colcon_pkg'
[0.148s] Level 1:colcon.colcon_core.package_identification:_identify(src/robocup_ros2_interface) by extensions ['colcon_meta']
[0.148s] Level 1:colcon.colcon_core.package_identification:_identify(src/robocup_ros2_interface) by extension 'colcon_meta'
[0.148s] Level 1:colcon.colcon_core.package_identification:_identify(src/robocup_ros2_interface) by extensions ['ros']
[0.148s] Level 1:colcon.colcon_core.package_identification:_identify(src/robocup_ros2_interface) by extension 'ros'
[0.148s] Level 1:colcon.colcon_core.package_identification:_identify(src/robocup_ros2_interface) by extensions ['cmake', 'python']
[0.148s] Level 1:colcon.colcon_core.package_identification:_identify(src/robocup_ros2_interface) by extension 'cmake'
[0.148s] Level 1:colcon.colcon_core.package_identification:_identify(src/robocup_ros2_interface) by extension 'python'
[0.148s] Level 1:colcon.colcon_core.package_identification:_identify(src/robocup_ros2_interface) by extensions ['python_setup_py']
[0.148s] Level 1:colcon.colcon_core.package_identification:_identify(src/robocup_ros2_interface) by extension 'python_setup_py'
[0.148s] Level 1:colcon.colcon_core.package_identification:_identify(src/robocup_ros2_interface/src) by extensions ['ignore', 'ignore_ament_install']
[0.148s] Level 1:colcon.colcon_core.package_identification:_identify(src/robocup_ros2_interface/src) by extension 'ignore'
[0.148s] Level 1:colcon.colcon_core.package_identification:_identify(src/robocup_ros2_interface/src) by extension 'ignore_ament_install'
[0.148s] Level 1:colcon.colcon_core.package_identification:_identify(src/robocup_ros2_interface/src) by extensions ['colcon_pkg']
[0.148s] Level 1:colcon.colcon_core.package_identification:_identify(src/robocup_ros2_interface/src) by extension 'colcon_pkg'
[0.148s] Level 1:colcon.colcon_core.package_identification:_identify(src/robocup_ros2_interface/src) by extensions ['colcon_meta']
[0.148s] Level 1:colcon.colcon_core.package_identification:_identify(src/robocup_ros2_interface/src) by extension 'colcon_meta'
[0.148s] Level 1:colcon.colcon_core.package_identification:_identify(src/robocup_ros2_interface/src) by extensions ['ros']
[0.148s] Level 1:colcon.colcon_core.package_identification:_identify(src/robocup_ros2_interface/src) by extension 'ros'
[0.148s] Level 1:colcon.colcon_core.package_identification:_identify(src/robocup_ros2_interface/src) by extensions ['cmake', 'python']
[0.148s] Level 1:colcon.colcon_core.package_identification:_identify(src/robocup_ros2_interface/src) by extension 'cmake'
[0.148s] Level 1:colcon.colcon_core.package_identification:_identify(src/robocup_ros2_interface/src) by extension 'python'
[0.148s] Level 1:colcon.colcon_core.package_identification:_identify(src/robocup_ros2_interface/src) by extensions ['python_setup_py']
[0.148s] Level 1:colcon.colcon_core.package_identification:_identify(src/robocup_ros2_interface/src) by extension 'python_setup_py'
[0.148s] Level 1:colcon.colcon_core.package_identification:_identify(src/robocup_ros2_interface/src/game_controller_interface) by extensions ['ignore', 'ignore_ament_install']
[0.148s] Level 1:colcon.colcon_core.package_identification:_identify(src/robocup_ros2_interface/src/game_controller_interface) by extension 'ignore'
[0.148s] Level 1:colcon.colcon_core.package_identification:_identify(src/robocup_ros2_interface/src/game_controller_interface) by extension 'ignore_ament_install'
[0.148s] Level 1:colcon.colcon_core.package_identification:_identify(src/robocup_ros2_interface/src/game_controller_interface) by extensions ['colcon_pkg']
[0.148s] Level 1:colcon.colcon_core.package_identification:_identify(src/robocup_ros2_interface/src/game_controller_interface) by extension 'colcon_pkg'
[0.148s] Level 1:colcon.colcon_core.package_identification:_identify(src/robocup_ros2_interface/src/game_controller_interface) by extensions ['colcon_meta']
[0.148s] Level 1:colcon.colcon_core.package_identification:_identify(src/robocup_ros2_interface/src/game_controller_interface) by extension 'colcon_meta'
[0.149s] Level 1:colcon.colcon_core.package_identification:_identify(src/robocup_ros2_interface/src/game_controller_interface) by extensions ['ros']
[0.149s] Level 1:colcon.colcon_core.package_identification:_identify(src/robocup_ros2_interface/src/game_controller_interface) by extension 'ros'
[0.149s] DEBUG:colcon.colcon_core.package_identification:Package 'src/robocup_ros2_interface/src/game_controller_interface' with type 'ros.ament_cmake' and name 'game_controller_interface'
[0.149s] Level 1:colcon.colcon_core.package_identification:_identify(src/robocup_ros2_interface/src/vision_interface) by extensions ['ignore', 'ignore_ament_install']
[0.149s] Level 1:colcon.colcon_core.package_identification:_identify(src/robocup_ros2_interface/src/vision_interface) by extension 'ignore'
[0.149s] Level 1:colcon.colcon_core.package_identification:_identify(src/robocup_ros2_interface/src/vision_interface) by extension 'ignore_ament_install'
[0.149s] Level 1:colcon.colcon_core.package_identification:_identify(src/robocup_ros2_interface/src/vision_interface) by extensions ['colcon_pkg']
[0.149s] Level 1:colcon.colcon_core.package_identification:_identify(src/robocup_ros2_interface/src/vision_interface) by extension 'colcon_pkg'
[0.149s] Level 1:colcon.colcon_core.package_identification:_identify(src/robocup_ros2_interface/src/vision_interface) by extensions ['colcon_meta']
[0.149s] Level 1:colcon.colcon_core.package_identification:_identify(src/robocup_ros2_interface/src/vision_interface) by extension 'colcon_meta'
[0.149s] Level 1:colcon.colcon_core.package_identification:_identify(src/robocup_ros2_interface/src/vision_interface) by extensions ['ros']
[0.149s] Level 1:colcon.colcon_core.package_identification:_identify(src/robocup_ros2_interface/src/vision_interface) by extension 'ros'
[0.149s] DEBUG:colcon.colcon_core.package_identification:Package 'src/robocup_ros2_interface/src/vision_interface' with type 'ros.ament_cmake' and name 'vision_interface'
[0.149s] Level 1:colcon.colcon_core.package_identification:_identify(src/sound_play) by extensions ['ignore', 'ignore_ament_install']
[0.149s] Level 1:colcon.colcon_core.package_identification:_identify(src/sound_play) by extension 'ignore'
[0.149s] Level 1:colcon.colcon_core.package_identification:_identify(src/sound_play) by extension 'ignore_ament_install'
[0.149s] Level 1:colcon.colcon_core.package_identification:_identify(src/sound_play) by extensions ['colcon_pkg']
[0.149s] Level 1:colcon.colcon_core.package_identification:_identify(src/sound_play) by extension 'colcon_pkg'
[0.149s] Level 1:colcon.colcon_core.package_identification:_identify(src/sound_play) by extensions ['colcon_meta']
[0.149s] Level 1:colcon.colcon_core.package_identification:_identify(src/sound_play) by extension 'colcon_meta'
[0.149s] Level 1:colcon.colcon_core.package_identification:_identify(src/sound_play) by extensions ['ros']
[0.149s] Level 1:colcon.colcon_core.package_identification:_identify(src/sound_play) by extension 'ros'
[0.150s] DEBUG:colcon.colcon_core.package_identification:Package 'src/sound_play' with type 'ros.ament_python' and name 'sound_play'
[0.150s] Level 1:colcon.colcon_core.package_identification:_identify(src/vision) by extensions ['ignore', 'ignore_ament_install']
[0.150s] Level 1:colcon.colcon_core.package_identification:_identify(src/vision) by extension 'ignore'
[0.150s] Level 1:colcon.colcon_core.package_identification:_identify(src/vision) by extension 'ignore_ament_install'
[0.150s] Level 1:colcon.colcon_core.package_identification:_identify(src/vision) by extensions ['colcon_pkg']
[0.150s] Level 1:colcon.colcon_core.package_identification:_identify(src/vision) by extension 'colcon_pkg'
[0.150s] Level 1:colcon.colcon_core.package_identification:_identify(src/vision) by extensions ['colcon_meta']
[0.150s] Level 1:colcon.colcon_core.package_identification:_identify(src/vision) by extension 'colcon_meta'
[0.150s] Level 1:colcon.colcon_core.package_identification:_identify(src/vision) by extensions ['ros']
[0.150s] Level 1:colcon.colcon_core.package_identification:_identify(src/vision) by extension 'ros'
[0.150s] DEBUG:colcon.colcon_core.package_identification:Package 'src/vision' with type 'ros.ament_cmake' and name 'vision'
[0.151s] Level 1:colcon.colcon_core.package_identification:_identify(utils) by extensions ['ignore', 'ignore_ament_install']
[0.151s] Level 1:colcon.colcon_core.package_identification:_identify(utils) by extension 'ignore'
[0.151s] Level 1:colcon.colcon_core.package_identification:_identify(utils) by extension 'ignore_ament_install'
[0.151s] Level 1:colcon.colcon_core.package_identification:_identify(utils) by extensions ['colcon_pkg']
[0.151s] Level 1:colcon.colcon_core.package_identification:_identify(utils) by extension 'colcon_pkg'
[0.151s] Level 1:colcon.colcon_core.package_identification:_identify(utils) by extensions ['colcon_meta']
[0.151s] Level 1:colcon.colcon_core.package_identification:_identify(utils) by extension 'colcon_meta'
[0.151s] Level 1:colcon.colcon_core.package_identification:_identify(utils) by extensions ['ros']
[0.151s] Level 1:colcon.colcon_core.package_identification:_identify(utils) by extension 'ros'
[0.151s] Level 1:colcon.colcon_core.package_identification:_identify(utils) by extensions ['cmake', 'python']
[0.151s] Level 1:colcon.colcon_core.package_identification:_identify(utils) by extension 'cmake'
[0.151s] Level 1:colcon.colcon_core.package_identification:_identify(utils) by extension 'python'
[0.151s] Level 1:colcon.colcon_core.package_identification:_identify(utils) by extensions ['python_setup_py']
[0.151s] Level 1:colcon.colcon_core.package_identification:_identify(utils) by extension 'python_setup_py'
[0.151s] Level 1:colcon.colcon_core.package_identification:_identify(utils/service) by extensions ['ignore', 'ignore_ament_install']
[0.151s] Level 1:colcon.colcon_core.package_identification:_identify(utils/service) by extension 'ignore'
[0.151s] Level 1:colcon.colcon_core.package_identification:_identify(utils/service) by extension 'ignore_ament_install'
[0.151s] Level 1:colcon.colcon_core.package_identification:_identify(utils/service) by extensions ['colcon_pkg']
[0.151s] Level 1:colcon.colcon_core.package_identification:_identify(utils/service) by extension 'colcon_pkg'
[0.151s] Level 1:colcon.colcon_core.package_identification:_identify(utils/service) by extensions ['colcon_meta']
[0.151s] Level 1:colcon.colcon_core.package_identification:_identify(utils/service) by extension 'colcon_meta'
[0.151s] Level 1:colcon.colcon_core.package_identification:_identify(utils/service) by extensions ['ros']
[0.151s] Level 1:colcon.colcon_core.package_identification:_identify(utils/service) by extension 'ros'
[0.151s] Level 1:colcon.colcon_core.package_identification:_identify(utils/service) by extensions ['cmake', 'python']
[0.151s] Level 1:colcon.colcon_core.package_identification:_identify(utils/service) by extension 'cmake'
[0.151s] Level 1:colcon.colcon_core.package_identification:_identify(utils/service) by extension 'python'
[0.151s] Level 1:colcon.colcon_core.package_identification:_identify(utils/service) by extensions ['python_setup_py']
[0.151s] Level 1:colcon.colcon_core.package_identification:_identify(utils/service) by extension 'python_setup_py'
[0.151s] Level 1:colcon.colcon_core.package_discovery:discover_packages(recursive) using defaults
[0.151s] Level 1:colcon.colcon_core.package_discovery:discover_packages(ignore) discover
[0.151s] Level 1:colcon.colcon_core.package_discovery:discover_packages(ignore) using defaults
[0.151s] Level 1:colcon.colcon_core.package_discovery:discover_packages(path) discover
[0.152s] Level 1:colcon.colcon_core.package_discovery:discover_packages(path) using defaults
[0.165s] INFO:colcon.colcon_core.package_selection:Skipping not selected package 'booster_interface' in 'src/booster_ros2_interface'
[0.165s] INFO:colcon.colcon_core.package_selection:Skipping not selected package 'booster_msgs' in 'src/booster_msgs'
[0.165s] INFO:colcon.colcon_core.package_selection:Skipping not selected package 'game_controller_interface' in 'src/robocup_ros2_interface/src/game_controller_interface'
[0.165s] INFO:colcon.colcon_core.package_selection:Skipping not selected package 'sound_play' in 'src/sound_play'
[0.165s] INFO:colcon.colcon_core.package_selection:Skipping not selected package 'vision_interface' in 'src/robocup_ros2_interface/src/vision_interface'
[0.165s] INFO:colcon.colcon_core.package_selection:Skipping not selected package 'game_controller' in 'src/game_controller'
[0.165s] INFO:colcon.colcon_core.package_selection:Skipping not selected package 'vision' in 'src/vision'
[0.165s] Level 5:colcon.colcon_core.verb:set package 'brain' build argument 'cmake_args' from command line to '['-DCMAKE_BUILD_TYPE=Release']'
[0.165s] Level 5:colcon.colcon_core.verb:set package 'brain' build argument 'cmake_target' from command line to 'None'
[0.165s] Level 5:colcon.colcon_core.verb:set package 'brain' build argument 'cmake_target_skip_unavailable' from command line to 'False'
[0.165s] Level 5:colcon.colcon_core.verb:set package 'brain' build argument 'cmake_clean_cache' from command line to 'False'
[0.165s] Level 5:colcon.colcon_core.verb:set package 'brain' build argument 'cmake_clean_first' from command line to 'False'
[0.165s] Level 5:colcon.colcon_core.verb:set package 'brain' build argument 'cmake_force_configure' from command line to 'False'
[0.165s] Level 5:colcon.colcon_core.verb:set package 'brain' build argument 'ament_cmake_args' from command line to 'None'
[0.165s] Level 5:colcon.colcon_core.verb:set package 'brain' build argument 'catkin_cmake_args' from command line to 'None'
[0.165s] Level 5:colcon.colcon_core.verb:set package 'brain' build argument 'catkin_skip_building_tests' from command line to 'False'
[0.165s] DEBUG:colcon.colcon_core.verb:Building package 'brain' with the following arguments: {'ament_cmake_args': None, 'build_base': '/workspace/hsl-player/build/brain', 'catkin_cmake_args': None, 'catkin_skip_building_tests': False, 'cmake_args': ['-DCMAKE_BUILD_TYPE=Release'], 'cmake_clean_cache': False, 'cmake_clean_first': False, 'cmake_force_configure': False, 'cmake_target': None, 'cmake_target_skip_unavailable': False, 'install_base': '/workspace/hsl-player/install/brain', 'merge_install': False, 'path': '/workspace/hsl-player/src/brain', 'symlink_install': True, 'test_result_base': None}
[0.165s] INFO:colcon.colcon_core.executor:Executing jobs using 'parallel' executor
[0.166s] DEBUG:colcon.colcon_parallel_executor.executor.parallel:run_until_complete
[0.166s] INFO:colcon.colcon_ros.task.ament_cmake.build:Building ROS package in '/workspace/hsl-player/src/brain' with build type 'ament_cmake'
[0.166s] INFO:colcon.colcon_cmake.task.cmake.build:Building CMake package in '/workspace/hsl-player/src/brain'
[0.167s] INFO:colcon.colcon_core.plugin_system:Skipping extension 'colcon_core.shell.bat': Not used on non-Windows systems
[0.167s] INFO:colcon.colcon_core.shell:Skip shell extension 'powershell' for command environment: Not usable outside of PowerShell
[0.167s] DEBUG:colcon.colcon_core.shell:Skip shell extension 'dsv' for command environment
[0.185s] DEBUG:colcon.colcon_core.event_handler.log_command:Invoking command in '/workspace/hsl-player/build/brain': CMAKE_PREFIX_PATH=/workspace/hsl-player/install/vision_interface:/workspace/hsl-player/install/game_controller_interface:/workspace/hsl-player/install/booster_msgs:/workspace/hsl-player/install/booster_interface:/workspace/hsl-player/install/brain:/workspace/hsl-player/install/game_controller:/workspace/hsl-player/install/sound_play:/opt/ros/humble LD_LIBRARY_PATH=/workspace/hsl-player/install/vision_interface/lib:/workspace/hsl-player/install/game_controller_interface/lib:/workspace/hsl-player/install/booster_msgs/lib:/workspace/hsl-player/install/booster_interface/lib:/workspace/hsl-player/install/brain/lib:/opt/ros/humble/opt/rviz_ogre_vendor/lib:/opt/ros/humble/lib/x86_64-linux-gnu:/opt/ros/humble/lib PS1=\[\e]0;\u@\h: \w\a\]${debian_chroot:+($debian_chroot)}\u@\h:\w\$ /usr/bin/cmake --build /workspace/hsl-player/build/brain -- -j20 -l20
[31.485s] DEBUG:colcon.colcon_core.event_handler.log_command:Invoked command in '/workspace/hsl-player/build/brain' returned '0': CMAKE_PREFIX_PATH=/workspace/hsl-player/install/vision_interface:/workspace/hsl-player/install/game_controller_interface:/workspace/hsl-player/install/booster_msgs:/workspace/hsl-player/install/booster_interface:/workspace/hsl-player/install/brain:/workspace/hsl-player/install/game_controller:/workspace/hsl-player/install/sound_play:/opt/ros/humble LD_LIBRARY_PATH=/workspace/hsl-player/install/vision_interface/lib:/workspace/hsl-player/install/game_controller_interface/lib:/workspace/hsl-player/install/booster_msgs/lib:/workspace/hsl-player/install/booster_interface/lib:/workspace/hsl-player/install/brain/lib:/opt/ros/humble/opt/rviz_ogre_vendor/lib:/opt/ros/humble/lib/x86_64-linux-gnu:/opt/ros/humble/lib PS1=\[\e]0;\u@\h: \w\a\]${debian_chroot:+($debian_chroot)}\u@\h:\w\$ /usr/bin/cmake --build /workspace/hsl-player/build/brain -- -j20 -l20
[31.493s] DEBUG:colcon.colcon_core.event_handler.log_command:Invoking command in '/workspace/hsl-player/build/brain': CMAKE_PREFIX_PATH=/workspace/hsl-player/install/vision_interface:/workspace/hsl-player/install/game_controller_interface:/workspace/hsl-player/install/booster_msgs:/workspace/hsl-player/install/booster_interface:/workspace/hsl-player/install/brain:/workspace/hsl-player/install/game_controller:/workspace/hsl-player/install/sound_play:/opt/ros/humble LD_LIBRARY_PATH=/workspace/hsl-player/install/vision_interface/lib:/workspace/hsl-player/install/game_controller_interface/lib:/workspace/hsl-player/install/booster_msgs/lib:/workspace/hsl-player/install/booster_interface/lib:/workspace/hsl-player/install/brain/lib:/opt/ros/humble/opt/rviz_ogre_vendor/lib:/opt/ros/humble/lib/x86_64-linux-gnu:/opt/ros/humble/lib PS1=\[\e]0;\u@\h: \w\a\]${debian_chroot:+($debian_chroot)}\u@\h:\w\$ /usr/bin/cmake --install /workspace/hsl-player/build/brain
[31.552s] Level 1:colcon.colcon_core.environment:create_environment_scripts_only(brain)
[31.553s] DEBUG:colcon.colcon_core.event_handler.log_command:Invoked command in '/workspace/hsl-player/build/brain' returned '0': CMAKE_PREFIX_PATH=/workspace/hsl-player/install/vision_interface:/workspace/hsl-player/install/game_controller_interface:/workspace/hsl-player/install/booster_msgs:/workspace/hsl-player/install/booster_interface:/workspace/hsl-player/install/brain:/workspace/hsl-player/install/game_controller:/workspace/hsl-player/install/sound_play:/opt/ros/humble LD_LIBRARY_PATH=/workspace/hsl-player/install/vision_interface/lib:/workspace/hsl-player/install/game_controller_interface/lib:/workspace/hsl-player/install/booster_msgs/lib:/workspace/hsl-player/install/booster_interface/lib:/workspace/hsl-player/install/brain/lib:/opt/ros/humble/opt/rviz_ogre_vendor/lib:/opt/ros/humble/lib/x86_64-linux-gnu:/opt/ros/humble/lib PS1=\[\e]0;\u@\h: \w\a\]${debian_chroot:+($debian_chroot)}\u@\h:\w\$ /usr/bin/cmake --install /workspace/hsl-player/build/brain
[31.554s] Level 1:colcon.colcon_core.environment:checking '/workspace/hsl-player/install/brain' for CMake module files
[31.554s] Level 1:colcon.colcon_core.environment:checking '/workspace/hsl-player/install/brain' for CMake config files
[31.554s] Level 1:colcon.colcon_core.shell:create_environment_hook('brain', 'cmake_prefix_path')
[31.554s] INFO:colcon.colcon_core.shell:Creating environment hook '/workspace/hsl-player/install/brain/share/brain/hook/cmake_prefix_path.ps1'
[31.556s] INFO:colcon.colcon_core.shell:Creating environment descriptor '/workspace/hsl-player/install/brain/share/brain/hook/cmake_prefix_path.dsv'
[31.556s] INFO:colcon.colcon_core.shell:Creating environment hook '/workspace/hsl-player/install/brain/share/brain/hook/cmake_prefix_path.sh'
[31.557s] Level 1:colcon.colcon_core.environment:checking '/workspace/hsl-player/install/brain/lib'
[31.558s] Level 1:colcon.colcon_core.shell:create_environment_hook('brain', 'ld_library_path_lib')
[31.559s] INFO:colcon.colcon_core.shell:Creating environment hook '/workspace/hsl-player/install/brain/share/brain/hook/ld_library_path_lib.ps1'
[31.560s] INFO:colcon.colcon_core.shell:Creating environment descriptor '/workspace/hsl-player/install/brain/share/brain/hook/ld_library_path_lib.dsv'
[31.560s] INFO:colcon.colcon_core.shell:Creating environment hook '/workspace/hsl-player/install/brain/share/brain/hook/ld_library_path_lib.sh'
[31.560s] Level 1:colcon.colcon_core.environment:checking '/workspace/hsl-player/install/brain/bin'
[31.560s] Level 1:colcon.colcon_core.environment:checking '/workspace/hsl-player/install/brain/lib/pkgconfig/brain.pc'
[31.562s] Level 1:colcon.colcon_core.environment:checking '/workspace/hsl-player/install/brain/lib/python3.10/site-packages'
[31.562s] Level 1:colcon.colcon_core.environment:checking '/workspace/hsl-player/install/brain/bin'
[31.562s] INFO:colcon.colcon_core.shell:Creating package script '/workspace/hsl-player/install/brain/share/brain/package.ps1'
[31.563s] INFO:colcon.colcon_core.shell:Creating package descriptor '/workspace/hsl-player/install/brain/share/brain/package.dsv'
[31.563s] INFO:colcon.colcon_core.shell:Creating package script '/workspace/hsl-player/install/brain/share/brain/package.sh'
[31.563s] INFO:colcon.colcon_core.shell:Creating package script '/workspace/hsl-player/install/brain/share/brain/package.bash'
[31.563s] INFO:colcon.colcon_core.shell:Creating package script '/workspace/hsl-player/install/brain/share/brain/package.zsh'
[31.564s] Level 1:colcon.colcon_core.environment:create_file_with_runtime_dependencies(/workspace/hsl-player/install/brain/share/colcon-core/packages/brain)
[31.564s] Level 1:colcon.colcon_core.environment:create_environment_scripts_only(brain)
[31.564s] Level 1:colcon.colcon_core.environment:checking '/workspace/hsl-player/install/brain' for CMake module files
[31.564s] Level 1:colcon.colcon_core.environment:checking '/workspace/hsl-player/install/brain' for CMake config files
[31.565s] Level 1:colcon.colcon_core.shell:create_environment_hook('brain', 'cmake_prefix_path')
[31.565s] INFO:colcon.colcon_core.shell:Creating environment hook '/workspace/hsl-player/install/brain/share/brain/hook/cmake_prefix_path.ps1'
[31.565s] INFO:colcon.colcon_core.shell:Creating environment descriptor '/workspace/hsl-player/install/brain/share/brain/hook/cmake_prefix_path.dsv'
[31.565s] INFO:colcon.colcon_core.shell:Creating environment hook '/workspace/hsl-player/install/brain/share/brain/hook/cmake_prefix_path.sh'
[31.565s] Level 1:colcon.colcon_core.environment:checking '/workspace/hsl-player/install/brain/lib'
[31.565s] Level 1:colcon.colcon_core.shell:create_environment_hook('brain', 'ld_library_path_lib')
[31.565s] INFO:colcon.colcon_core.shell:Creating environment hook '/workspace/hsl-player/install/brain/share/brain/hook/ld_library_path_lib.ps1'
[31.566s] INFO:colcon.colcon_core.shell:Creating environment descriptor '/workspace/hsl-player/install/brain/share/brain/hook/ld_library_path_lib.dsv'
[31.573s] INFO:colcon.colcon_core.shell:Creating environment hook '/workspace/hsl-player/install/brain/share/brain/hook/ld_library_path_lib.sh'
[31.573s] Level 1:colcon.colcon_core.environment:checking '/workspace/hsl-player/install/brain/bin'
[31.573s] Level 1:colcon.colcon_core.environment:checking '/workspace/hsl-player/install/brain/lib/pkgconfig/brain.pc'
[31.573s] Level 1:colcon.colcon_core.environment:checking '/workspace/hsl-player/install/brain/lib/python3.10/site-packages'
[31.573s] Level 1:colcon.colcon_core.environment:checking '/workspace/hsl-player/install/brain/bin'
[31.573s] INFO:colcon.colcon_core.shell:Creating package script '/workspace/hsl-player/install/brain/share/brain/package.ps1'
[31.574s] INFO:colcon.colcon_core.shell:Creating package descriptor '/workspace/hsl-player/install/brain/share/brain/package.dsv'
[31.574s] INFO:colcon.colcon_core.shell:Creating package script '/workspace/hsl-player/install/brain/share/brain/package.sh'
[31.574s] INFO:colcon.colcon_core.shell:Creating package script '/workspace/hsl-player/install/brain/share/brain/package.bash'
[31.574s] INFO:colcon.colcon_core.shell:Creating package script '/workspace/hsl-player/install/brain/share/brain/package.zsh'
[31.574s] Level 1:colcon.colcon_core.environment:create_file_with_runtime_dependencies(/workspace/hsl-player/install/brain/share/colcon-core/packages/brain)
[31.574s] DEBUG:colcon.colcon_parallel_executor.executor.parallel:closing loop
[31.574s] DEBUG:colcon.colcon_parallel_executor.executor.parallel:loop closed
[31.574s] DEBUG:colcon.colcon_parallel_executor.executor.parallel:run_until_complete finished with '0'
[31.575s] DEBUG:colcon.colcon_core.event_reactor:joining thread
[31.581s] INFO:colcon.colcon_core.plugin_system:Skipping extension 'colcon_notification.desktop_notification.notify_send': Could not find 'notify-send'
[31.582s] INFO:colcon.colcon_core.plugin_system:Skipping extension 'colcon_notification.desktop_notification.terminal_notifier': Not used on non-Darwin systems
[31.582s] INFO:colcon.colcon_core.plugin_system:Skipping extension 'colcon_notification.desktop_notification.win32': Not used on non-Windows systems
[31.582s] INFO:colcon.colcon_notification.desktop_notification:Sending desktop notification using 'notify2'
[31.583s] DEBUG:colcon.colcon_notification.desktop_notification.notify2:Failed to initialize notify2: org.freedesktop.DBus.Error.Spawn.ExecFailed: /usr/bin/dbus-launch terminated abnormally without any error message
[31.583s] DEBUG:colcon.colcon_core.event_reactor:joined thread
[31.584s] INFO:colcon.colcon_core.shell:Creating prefix script '/workspace/hsl-player/install/local_setup.ps1'
[31.584s] INFO:colcon.colcon_core.shell:Creating prefix util module '/workspace/hsl-player/install/_local_setup_util_ps1.py'
[31.585s] INFO:colcon.colcon_core.shell:Creating prefix chain script '/workspace/hsl-player/install/setup.ps1'
[31.586s] INFO:colcon.colcon_core.shell:Creating prefix script '/workspace/hsl-player/install/local_setup.sh'
[31.586s] INFO:colcon.colcon_core.shell:Creating prefix util module '/workspace/hsl-player/install/_local_setup_util_sh.py'
[31.586s] INFO:colcon.colcon_core.shell:Creating prefix chain script '/workspace/hsl-player/install/setup.sh'
[31.587s] INFO:colcon.colcon_core.shell:Creating prefix script '/workspace/hsl-player/install/local_setup.bash'
[31.587s] INFO:colcon.colcon_core.shell:Creating prefix chain script '/workspace/hsl-player/install/setup.bash'
[31.587s] INFO:colcon.colcon_core.shell:Creating prefix script '/workspace/hsl-player/install/local_setup.zsh'
[31.587s] INFO:colcon.colcon_core.shell:Creating prefix chain script '/workspace/hsl-player/install/setup.zsh'
