[0.013s] Invoking command in '/workspace/hsl-player/build/game_controller_interface': CMAKE_PREFIX_PATH=${CMAKE_PREFIX_PATH}:/workspace/hsl-player/install/sound_play:/opt/ros/humble PS1=\[\e]0;\u@\h: \w\a\]${debian_chroot:+($debian_chroot)}\u@\h:\w\$ /usr/bin/cmake /workspace/hsl-player/src/robocup_ros2_interface/src/game_controller_interface -DCMAKE_BUILD_TYPE=Release -DAMENT_CMAKE_SYMLINK_INSTALL=1 -DCMAKE_INSTALL_PREFIX=/workspace/hsl-player/install/game_controller_interface
[0.022s] -- Found ament_cmake: 1.3.14 (/opt/ros/humble/share/ament_cmake/cmake)
[0.087s] -- Override CMake install command with custom implementation using symlinks instead of copying resources
[0.091s] -- Found rclcpp: 16.0.19 (/opt/ros/humble/share/rclcpp/cmake)
[0.105s] -- Found rosidl_generator_c: 3.1.8 (/opt/ros/humble/share/rosidl_generator_c/cmake)
[0.106s] -- Found rosidl_adapter: 3.1.8 (/opt/ros/humble/share/rosidl_adapter/cmake)
[0.109s] -- Found rosidl_generator_cpp: 3.1.8 (/opt/ros/humble/share/rosidl_generator_cpp/cmake)
[0.113s] -- Using all available rosidl_typesupport_c: rosidl_typesupport_fastrtps_c;rosidl_typesupport_introspection_c
[0.119s] -- Using all available rosidl_typesupport_cpp: rosidl_typesupport_fastrtps_cpp;rosidl_typesupport_introspection_cpp
[0.135s] -- Found rmw_implementation_cmake: 6.1.2 (/opt/ros/humble/share/rmw_implementation_cmake/cmake)
[0.136s] -- Found rmw_fastrtps_cpp: 6.2.10 (/opt/ros/humble/share/rmw_fastrtps_cpp/cmake)
[0.196s] -- Using RMW implementation 'rmw_fastrtps_cpp' as default
[0.224s] -- Found rosidl_default_generators: 1.2.1 (/opt/ros/humble/share/rosidl_default_generators/cmake)
[0.380s] -- Found ament_cmake_ros: 0.10.0 (/opt/ros/humble/share/ament_cmake_ros/cmake)
[0.551s] -- Using all available rosidl_typesupport_c: rosidl_typesupport_fastrtps_c;rosidl_typesupport_introspection_c
[0.624s] -- Using all available rosidl_typesupport_cpp: rosidl_typesupport_fastrtps_cpp;rosidl_typesupport_introspection_cpp
[0.638s] -- Found python_cmake_module: 0.10.0 (/opt/ros/humble/share/python_cmake_module/cmake)
[0.658s] -- Using PYTHON_EXECUTABLE: /usr/bin/python3
[0.658s] -- Using PYTHON_INCLUDE_DIRS: /usr/include/python3.10
[0.658s] -- Using PYTHON_LIBRARIES: /usr/lib/x86_64-linux-gnu/libpython3.10.so
[0.728s] -- Found ament_lint_auto: 0.12.15 (/opt/ros/humble/share/ament_lint_auto/cmake)
[0.738s] -- Added test 'lint_cmake' to check CMake code style
[0.739s] -- Added test 'xmllint' to check XML markup files
[0.741s] -- Configuring done
[0.771s] -- Generating done
[0.783s] -- Build files have been written to: /workspace/hsl-player/build/game_controller_interface
[0.793s] Invoked command in '/workspace/hsl-player/build/game_controller_interface' returned '0': CMAKE_PREFIX_PATH=${CMAKE_PREFIX_PATH}:/workspace/hsl-player/install/sound_play:/opt/ros/humble PS1=\[\e]0;\u@\h: \w\a\]${debian_chroot:+($debian_chroot)}\u@\h:\w\$ /usr/bin/cmake /workspace/hsl-player/src/robocup_ros2_interface/src/game_controller_interface -DCMAKE_BUILD_TYPE=Release -DAMENT_CMAKE_SYMLINK_INSTALL=1 -DCMAKE_INSTALL_PREFIX=/workspace/hsl-player/install/game_controller_interface
[0.793s] Invoking command in '/workspace/hsl-player/build/game_controller_interface': CMAKE_PREFIX_PATH=${CMAKE_PREFIX_PATH}:/workspace/hsl-player/install/sound_play:/opt/ros/humble PS1=\[\e]0;\u@\h: \w\a\]${debian_chroot:+($debian_chroot)}\u@\h:\w\$ /usr/bin/cmake --build /workspace/hsl-player/build/game_controller_interface -- -j20 -l20
[0.829s] [35m[1mConsolidate compiler generated dependencies of target game_controller_interface__rosidl_generator_c[0m
[0.837s] [  2%] Built target game_controller_interface__cpp
[0.837s] [  4%] [32mBuilding C object CMakeFiles/game_controller_interface__rosidl_generator_c.dir/rosidl_generator_c/game_controller_interface/msg/detail/robot_info__functions.c.o[0m
[0.838s] [  6%] [32mBuilding C object CMakeFiles/game_controller_interface__rosidl_generator_c.dir/rosidl_generator_c/game_controller_interface/msg/detail/team_info__functions.c.o[0m
[0.840s] [  8%] [32mBuilding C object CMakeFiles/game_controller_interface__rosidl_generator_c.dir/rosidl_generator_c/game_controller_interface/msg/detail/game_control_data__functions.c.o[0m
[0.840s] [ 10%] Built target game_controller_interface__rs
[0.843s] [ 10%] Built target ament_cmake_python_symlink_game_controller_interface
[0.850s] [35m[1mConsolidate compiler generated dependencies of target game_controller_interface__rosidl_typesupport_cpp[0m
[0.851s] [35m[1mConsolidate compiler generated dependencies of target game_controller_interface__rosidl_typesupport_introspection_cpp[0m
[0.851s] [35m[1mConsolidate compiler generated dependencies of target game_controller_interface__rosidl_typesupport_fastrtps_cpp[0m
[0.861s] [ 12%] [32mBuilding CXX object CMakeFiles/game_controller_interface__rosidl_typesupport_cpp.dir/rosidl_typesupport_cpp/game_controller_interface/msg/game_control_data__type_support.cpp.o[0m
[0.865s] [ 14%] [32mBuilding CXX object CMakeFiles/game_controller_interface__rosidl_typesupport_introspection_cpp.dir/rosidl_typesupport_introspection_cpp/game_controller_interface/msg/detail/game_control_data__type_support.cpp.o[0m
[0.865s] [ 20%] [32mBuilding CXX object CMakeFiles/game_controller_interface__rosidl_typesupport_fastrtps_cpp.dir/rosidl_typesupport_fastrtps_cpp/game_controller_interface/msg/detail/dds_fastrtps/robot_info__type_support.cpp.o[0m
[0.865s] [ 20%] [32mBuilding CXX object CMakeFiles/game_controller_interface__rosidl_typesupport_introspection_cpp.dir/rosidl_typesupport_introspection_cpp/game_controller_interface/msg/detail/robot_info__type_support.cpp.o[0m
[0.866s] [ 20%] [32mBuilding CXX object CMakeFiles/game_controller_interface__rosidl_typesupport_fastrtps_cpp.dir/rosidl_typesupport_fastrtps_cpp/game_controller_interface/msg/detail/dds_fastrtps/game_control_data__type_support.cpp.o[0m
[0.866s] [ 22%] [32mBuilding CXX object CMakeFiles/game_controller_interface__rosidl_typesupport_introspection_cpp.dir/rosidl_typesupport_introspection_cpp/game_controller_interface/msg/detail/team_info__type_support.cpp.o[0m
[0.870s] [ 25%] [32mBuilding CXX object CMakeFiles/game_controller_interface__rosidl_typesupport_cpp.dir/rosidl_typesupport_cpp/game_controller_interface/msg/team_info__type_support.cpp.o[0m
[0.871s] [ 27%] [32mBuilding CXX object CMakeFiles/game_controller_interface__rosidl_typesupport_fastrtps_cpp.dir/rosidl_typesupport_fastrtps_cpp/game_controller_interface/msg/detail/dds_fastrtps/team_info__type_support.cpp.o[0m
[0.872s] [ 29%] [32mBuilding CXX object CMakeFiles/game_controller_interface__rosidl_typesupport_cpp.dir/rosidl_typesupport_cpp/game_controller_interface/msg/robot_info__type_support.cpp.o[0m
[0.928s] [ 31%] [32m[1mLinking C shared library libgame_controller_interface__rosidl_generator_c.so[0m
[0.953s] [ 33%] Built target game_controller_interface__rosidl_generator_c
[0.962s] [35m[1mConsolidate compiler generated dependencies of target game_controller_interface__rosidl_typesupport_fastrtps_c[0m
[0.962s] [35m[1mConsolidate compiler generated dependencies of target game_controller_interface__rosidl_typesupport_c[0m
[0.962s] [35m[1mConsolidate compiler generated dependencies of target game_controller_interface__rosidl_typesupport_introspection_c[0m
[0.972s] [ 35%] [32mBuilding CXX object CMakeFiles/game_controller_interface__rosidl_typesupport_fastrtps_c.dir/rosidl_typesupport_fastrtps_c/game_controller_interface/msg/detail/game_control_data__type_support_c.cpp.o[0m
[0.972s] [ 37%] [32mBuilding CXX object CMakeFiles/game_controller_interface__rosidl_typesupport_c.dir/rosidl_typesupport_c/game_controller_interface/msg/game_control_data__type_support.cpp.o[0m
[0.974s] [ 39%] [32mBuilding C object CMakeFiles/game_controller_interface__rosidl_typesupport_introspection_c.dir/rosidl_typesupport_introspection_c/game_controller_interface/msg/detail/game_control_data__type_support.c.o[0m
[0.975s] [ 43%] [32mBuilding C object CMakeFiles/game_controller_interface__rosidl_typesupport_introspection_c.dir/rosidl_typesupport_introspection_c/game_controller_interface/msg/detail/robot_info__type_support.c.o[0m
[0.975s] [ 43%] [32mBuilding CXX object CMakeFiles/game_controller_interface__rosidl_typesupport_c.dir/rosidl_typesupport_c/game_controller_interface/msg/robot_info__type_support.cpp.o[0m
[0.976s] [ 45%] [32mBuilding CXX object CMakeFiles/game_controller_interface__rosidl_typesupport_fastrtps_c.dir/rosidl_typesupport_fastrtps_c/game_controller_interface/msg/detail/robot_info__type_support_c.cpp.o[0m
[0.982s] [ 47%] [32mBuilding C object CMakeFiles/game_controller_interface__rosidl_typesupport_introspection_c.dir/rosidl_typesupport_introspection_c/game_controller_interface/msg/detail/team_info__type_support.c.o[0m
[0.982s] [ 50%] [32mBuilding CXX object CMakeFiles/game_controller_interface__rosidl_typesupport_c.dir/rosidl_typesupport_c/game_controller_interface/msg/team_info__type_support.cpp.o[0m
[0.982s] [ 52%] [32mBuilding CXX object CMakeFiles/game_controller_interface__rosidl_typesupport_fastrtps_c.dir/rosidl_typesupport_fastrtps_c/game_controller_interface/msg/detail/team_info__type_support_c.cpp.o[0m
[1.040s] [ 54%] [32m[1mLinking CXX shared library libgame_controller_interface__rosidl_typesupport_c.so[0m
[1.065s] [ 56%] [32m[1mLinking C shared library libgame_controller_interface__rosidl_typesupport_introspection_c.so[0m
[1.086s] [ 58%] [32m[1mLinking CXX shared library libgame_controller_interface__rosidl_typesupport_cpp.so[0m
[1.086s] [ 60%] Built target game_controller_interface__rosidl_typesupport_c
[1.087s] [ 62%] Built target game_controller_interface__rosidl_typesupport_introspection_c
[1.132s] [ 64%] Built target game_controller_interface__rosidl_typesupport_cpp
[1.167s] running egg_info
[1.168s] writing game_controller_interface.egg-info/PKG-INFO
[1.168s] writing dependency_links to game_controller_interface.egg-info/dependency_links.txt
[1.169s] writing top-level names to game_controller_interface.egg-info/top_level.txt
[1.170s] reading manifest file 'game_controller_interface.egg-info/SOURCES.txt'
[1.171s] writing manifest file 'game_controller_interface.egg-info/SOURCES.txt'
[1.234s] [ 64%] Built target ament_cmake_python_build_game_controller_interface_egg
[1.314s] [ 66%] [32m[1mLinking CXX shared library libgame_controller_interface__rosidl_typesupport_fastrtps_c.so[0m
[1.342s] [ 68%] [32m[1mLinking CXX shared library libgame_controller_interface__rosidl_typesupport_introspection_cpp.so[0m
[1.385s] [ 70%] [32m[1mLinking CXX shared library libgame_controller_interface__rosidl_typesupport_fastrtps_cpp.so[0m
[1.442s] [ 72%] Built target game_controller_interface__rosidl_typesupport_fastrtps_c
[1.490s] [ 75%] Built target game_controller_interface__rosidl_typesupport_introspection_cpp
[1.705s] [ 77%] Built target game_controller_interface__rosidl_typesupport_fastrtps_cpp
[1.735s] [ 77%] Built target game_controller_interface
[1.771s] [ 79%] Built target game_controller_interface__py
[1.794s] [35m[1mConsolidate compiler generated dependencies of target game_controller_interface__rosidl_generator_py[0m
[1.825s] [ 81%] [32mBuilding C object CMakeFiles/game_controller_interface__rosidl_generator_py.dir/rosidl_generator_py/game_controller_interface/msg/_game_control_data_s.c.o[0m
[1.840s] [ 83%] [32mBuilding C object CMakeFiles/game_controller_interface__rosidl_generator_py.dir/rosidl_generator_py/game_controller_interface/msg/_robot_info_s.c.o[0m
[1.840s] [ 85%] [32mBuilding C object CMakeFiles/game_controller_interface__rosidl_generator_py.dir/rosidl_generator_py/game_controller_interface/msg/_team_info_s.c.o[0m
[2.114s] [ 87%] [32m[1mLinking C shared library rosidl_generator_py/game_controller_interface/libgame_controller_interface__rosidl_generator_py.so[0m
[2.202s] [ 87%] Built target game_controller_interface__rosidl_generator_py
[2.222s] [35m[1mConsolidate compiler generated dependencies of target game_controller_interface__rosidl_typesupport_c__pyext[0m
[2.222s] [35m[1mConsolidate compiler generated dependencies of target game_controller_interface__rosidl_typesupport_introspection_c__pyext[0m
[2.223s] [35m[1mConsolidate compiler generated dependencies of target game_controller_interface__rosidl_typesupport_fastrtps_c__pyext[0m
[2.260s] [ 89%] [32mBuilding C object CMakeFiles/game_controller_interface__rosidl_typesupport_introspection_c__pyext.dir/rosidl_generator_py/game_controller_interface/_game_controller_interface_s.ep.rosidl_typesupport_introspection_c.c.o[0m
[2.262s] [ 91%] [32mBuilding C object CMakeFiles/game_controller_interface__rosidl_typesupport_fastrtps_c__pyext.dir/rosidl_generator_py/game_controller_interface/_game_controller_interface_s.ep.rosidl_typesupport_fastrtps_c.c.o[0m
[2.267s] [ 93%] [32mBuilding C object CMakeFiles/game_controller_interface__rosidl_typesupport_c__pyext.dir/rosidl_generator_py/game_controller_interface/_game_controller_interface_s.ep.rosidl_typesupport_c.c.o[0m
[2.431s] [ 95%] [32m[1mLinking C shared library rosidl_generator_py/game_controller_interface/game_controller_interface_s__rosidl_typesupport_introspection_c.cpython-310-x86_64-linux-gnu.so[0m
[2.511s] [ 95%] Built target game_controller_interface__rosidl_typesupport_introspection_c__pyext
[2.535s] [ 97%] [32m[1mLinking C shared library rosidl_generator_py/game_controller_interface/game_controller_interface_s__rosidl_typesupport_c.cpython-310-x86_64-linux-gnu.so[0m
[2.624s] [100%] [32m[1mLinking C shared library rosidl_generator_py/game_controller_interface/game_controller_interface_s__rosidl_typesupport_fastrtps_c.cpython-310-x86_64-linux-gnu.so[0m
[2.626s] [100%] Built target game_controller_interface__rosidl_typesupport_c__pyext
[2.697s] [100%] Built target game_controller_interface__rosidl_typesupport_fastrtps_c__pyext
[2.735s] Invoked command in '/workspace/hsl-player/build/game_controller_interface' returned '0': CMAKE_PREFIX_PATH=${CMAKE_PREFIX_PATH}:/workspace/hsl-player/install/sound_play:/opt/ros/humble PS1=\[\e]0;\u@\h: \w\a\]${debian_chroot:+($debian_chroot)}\u@\h:\w\$ /usr/bin/cmake --build /workspace/hsl-player/build/game_controller_interface -- -j20 -l20
[2.736s] Invoking command in '/workspace/hsl-player/build/game_controller_interface': CMAKE_PREFIX_PATH=${CMAKE_PREFIX_PATH}:/workspace/hsl-player/install/sound_play:/opt/ros/humble PS1=\[\e]0;\u@\h: \w\a\]${debian_chroot:+($debian_chroot)}\u@\h:\w\$ /usr/bin/cmake --install /workspace/hsl-player/build/game_controller_interface
[2.753s] -- Install configuration: "Release"
[2.753s] -- Execute custom install script
[2.753s] -- Up-to-date symlink: /workspace/hsl-player/install/game_controller_interface/share/ament_index/resource_index/rosidl_interfaces/game_controller_interface
[2.753s] -- Up-to-date symlink: /workspace/hsl-player/install/game_controller_interface/include/game_controller_interface/game_controller_interface/msg/detail/game_control_data__functions.h
[2.753s] -- Up-to-date symlink: /workspace/hsl-player/install/game_controller_interface/include/game_controller_interface/game_controller_interface/msg/detail/game_control_data__struct.h
[2.753s] -- Up-to-date symlink: /workspace/hsl-player/install/game_controller_interface/include/game_controller_interface/game_controller_interface/msg/detail/game_control_data__type_support.h
[2.753s] -- Up-to-date symlink: /workspace/hsl-player/install/game_controller_interface/include/game_controller_interface/game_controller_interface/msg/detail/robot_info__functions.h
[2.754s] -- Up-to-date symlink: /workspace/hsl-player/install/game_controller_interface/include/game_controller_interface/game_controller_interface/msg/detail/robot_info__struct.h
[2.754s] -- Up-to-date symlink: /workspace/hsl-player/install/game_controller_interface/include/game_controller_interface/game_controller_interface/msg/detail/robot_info__type_support.h
[2.754s] -- Up-to-date symlink: /workspace/hsl-player/install/game_controller_interface/include/game_controller_interface/game_controller_interface/msg/detail/team_info__functions.h
[2.754s] -- Up-to-date symlink: /workspace/hsl-player/install/game_controller_interface/include/game_controller_interface/game_controller_interface/msg/detail/team_info__struct.h
[2.754s] -- Up-to-date symlink: /workspace/hsl-player/install/game_controller_interface/include/game_controller_interface/game_controller_interface/msg/detail/team_info__type_support.h
[2.754s] -- Up-to-date symlink: /workspace/hsl-player/install/game_controller_interface/include/game_controller_interface/game_controller_interface/msg/game_control_data.h
[2.754s] -- Up-to-date symlink: /workspace/hsl-player/install/game_controller_interface/include/game_controller_interface/game_controller_interface/msg/robot_info.h
[2.754s] -- Up-to-date symlink: /workspace/hsl-player/install/game_controller_interface/include/game_controller_interface/game_controller_interface/msg/rosidl_generator_c__visibility_control.h
[2.754s] -- Up-to-date symlink: /workspace/hsl-player/install/game_controller_interface/include/game_controller_interface/game_controller_interface/msg/team_info.h
[2.754s] -- Up-to-date symlink: /workspace/hsl-player/install/game_controller_interface/share/game_controller_interface/environment/library_path.sh
[2.754s] -- Up-to-date symlink: /workspace/hsl-player/install/game_controller_interface/share/game_controller_interface/environment/library_path.dsv
[2.754s] -- Up-to-date symlink: /workspace/hsl-player/install/game_controller_interface/include/game_controller_interface/game_controller_interface/msg/detail/game_control_data__rosidl_typesupport_fastrtps_c.h
[2.754s] -- Up-to-date symlink: /workspace/hsl-player/install/game_controller_interface/include/game_controller_interface/game_controller_interface/msg/detail/robot_info__rosidl_typesupport_fastrtps_c.h
[2.754s] -- Up-to-date symlink: /workspace/hsl-player/install/game_controller_interface/include/game_controller_interface/game_controller_interface/msg/detail/team_info__rosidl_typesupport_fastrtps_c.h
[2.754s] -- Up-to-date symlink: /workspace/hsl-player/install/game_controller_interface/include/game_controller_interface/game_controller_interface/msg/rosidl_typesupport_fastrtps_c__visibility_control.h
[2.756s] -- Up-to-date symlink: /workspace/hsl-player/install/game_controller_interface/include/game_controller_interface/game_controller_interface/msg/detail/game_control_data__builder.hpp
[2.756s] -- Up-to-date symlink: /workspace/hsl-player/install/game_controller_interface/include/game_controller_interface/game_controller_interface/msg/detail/game_control_data__struct.hpp
[2.757s] -- Up-to-date symlink: /workspace/hsl-player/install/game_controller_interface/include/game_controller_interface/game_controller_interface/msg/detail/game_control_data__traits.hpp
[2.757s] -- Up-to-date symlink: /workspace/hsl-player/install/game_controller_interface/include/game_controller_interface/game_controller_interface/msg/detail/game_control_data__type_support.hpp
[2.757s] -- Up-to-date symlink: /workspace/hsl-player/install/game_controller_interface/include/game_controller_interface/game_controller_interface/msg/detail/robot_info__builder.hpp
[2.757s] -- Up-to-date symlink: /workspace/hsl-player/install/game_controller_interface/include/game_controller_interface/game_controller_interface/msg/detail/robot_info__struct.hpp
[2.757s] -- Up-to-date symlink: /workspace/hsl-player/install/game_controller_interface/include/game_controller_interface/game_controller_interface/msg/detail/robot_info__traits.hpp
[2.757s] -- Up-to-date symlink: /workspace/hsl-player/install/game_controller_interface/include/game_controller_interface/game_controller_interface/msg/detail/robot_info__type_support.hpp
[2.757s] -- Up-to-date symlink: /workspace/hsl-player/install/game_controller_interface/include/game_controller_interface/game_controller_interface/msg/detail/team_info__builder.hpp
[2.758s] -- Up-to-date symlink: /workspace/hsl-player/install/game_controller_interface/include/game_controller_interface/game_controller_interface/msg/detail/team_info__struct.hpp
[2.758s] -- Up-to-date symlink: /workspace/hsl-player/install/game_controller_interface/include/game_controller_interface/game_controller_interface/msg/detail/team_info__traits.hpp
[2.758s] -- Up-to-date symlink: /workspace/hsl-player/install/game_controller_interface/include/game_controller_interface/game_controller_interface/msg/detail/team_info__type_support.hpp
[2.758s] -- Up-to-date symlink: /workspace/hsl-player/install/game_controller_interface/include/game_controller_interface/game_controller_interface/msg/game_control_data.hpp
[2.758s] -- Up-to-date symlink: /workspace/hsl-player/install/game_controller_interface/include/game_controller_interface/game_controller_interface/msg/robot_info.hpp
[2.758s] -- Up-to-date symlink: /workspace/hsl-player/install/game_controller_interface/include/game_controller_interface/game_controller_interface/msg/rosidl_generator_cpp__visibility_control.hpp
[2.758s] -- Up-to-date symlink: /workspace/hsl-player/install/game_controller_interface/include/game_controller_interface/game_controller_interface/msg/team_info.hpp
[2.758s] -- Up-to-date symlink: /workspace/hsl-player/install/game_controller_interface/include/game_controller_interface/game_controller_interface/msg/detail/game_control_data__rosidl_typesupport_fastrtps_cpp.hpp
[2.758s] -- Up-to-date symlink: /workspace/hsl-player/install/game_controller_interface/include/game_controller_interface/game_controller_interface/msg/detail/robot_info__rosidl_typesupport_fastrtps_cpp.hpp
[2.758s] -- Up-to-date symlink: /workspace/hsl-player/install/game_controller_interface/include/game_controller_interface/game_controller_interface/msg/detail/team_info__rosidl_typesupport_fastrtps_cpp.hpp
[2.758s] -- Up-to-date symlink: /workspace/hsl-player/install/game_controller_interface/include/game_controller_interface/game_controller_interface/msg/rosidl_typesupport_fastrtps_cpp__visibility_control.h
[2.764s] -- Up-to-date symlink: /workspace/hsl-player/install/game_controller_interface/include/game_controller_interface/game_controller_interface/msg/detail/game_control_data__rosidl_typesupport_introspection_c.h
[2.764s] -- Up-to-date symlink: /workspace/hsl-player/install/game_controller_interface/include/game_controller_interface/game_controller_interface/msg/detail/robot_info__rosidl_typesupport_introspection_c.h
[2.764s] -- Up-to-date symlink: /workspace/hsl-player/install/game_controller_interface/include/game_controller_interface/game_controller_interface/msg/detail/team_info__rosidl_typesupport_introspection_c.h
[2.764s] -- Up-to-date symlink: /workspace/hsl-player/install/game_controller_interface/include/game_controller_interface/game_controller_interface/msg/rosidl_typesupport_introspection_c__visibility_control.h
[2.764s] -- Up-to-date symlink: /workspace/hsl-player/install/game_controller_interface/include/game_controller_interface/game_controller_interface/msg/detail/game_control_data__rosidl_typesupport_introspection_cpp.hpp
[2.764s] -- Up-to-date symlink: /workspace/hsl-player/install/game_controller_interface/include/game_controller_interface/game_controller_interface/msg/detail/robot_info__rosidl_typesupport_introspection_cpp.hpp
[2.767s] -- Up-to-date symlink: /workspace/hsl-player/install/game_controller_interface/include/game_controller_interface/game_controller_interface/msg/detail/team_info__rosidl_typesupport_introspection_cpp.hpp
[2.768s] -- Up-to-date symlink: /workspace/hsl-player/install/game_controller_interface/share/game_controller_interface/environment/pythonpath.sh
[2.768s] -- Up-to-date symlink: /workspace/hsl-player/install/game_controller_interface/share/game_controller_interface/environment/pythonpath.dsv
[2.768s] -- Up-to-date symlink: /workspace/hsl-player/install/game_controller_interface/local/lib/python3.10/dist-packages/game_controller_interface-1.0.0-py3.10.egg-info/PKG-INFO
[2.768s] -- Up-to-date symlink: /workspace/hsl-player/install/game_controller_interface/local/lib/python3.10/dist-packages/game_controller_interface-1.0.0-py3.10.egg-info/SOURCES.txt
[2.768s] -- Up-to-date symlink: /workspace/hsl-player/install/game_controller_interface/local/lib/python3.10/dist-packages/game_controller_interface-1.0.0-py3.10.egg-info/dependency_links.txt
[2.768s] -- Up-to-date symlink: /workspace/hsl-player/install/game_controller_interface/local/lib/python3.10/dist-packages/game_controller_interface-1.0.0-py3.10.egg-info/top_level.txt
[2.768s] -- Up-to-date symlink: /workspace/hsl-player/install/game_controller_interface/local/lib/python3.10/dist-packages/game_controller_interface/__init__.py
[2.768s] -- Up-to-date symlink: /workspace/hsl-player/install/game_controller_interface/local/lib/python3.10/dist-packages/game_controller_interface/_game_controller_interface_s.ep.rosidl_typesupport_c.c
[2.768s] -- Up-to-date symlink: /workspace/hsl-player/install/game_controller_interface/local/lib/python3.10/dist-packages/game_controller_interface/_game_controller_interface_s.ep.rosidl_typesupport_fastrtps_c.c
[2.768s] -- Up-to-date symlink: /workspace/hsl-player/install/game_controller_interface/local/lib/python3.10/dist-packages/game_controller_interface/_game_controller_interface_s.ep.rosidl_typesupport_introspection_c.c
[2.768s] -- Up-to-date symlink: /workspace/hsl-player/install/game_controller_interface/local/lib/python3.10/dist-packages/game_controller_interface/game_controller_interface_s__rosidl_typesupport_c.cpython-310-x86_64-linux-gnu.so
[2.768s] -- Up-to-date symlink: /workspace/hsl-player/install/game_controller_interface/local/lib/python3.10/dist-packages/game_controller_interface/game_controller_interface_s__rosidl_typesupport_fastrtps_c.cpython-310-x86_64-linux-gnu.so
[2.768s] -- Up-to-date symlink: /workspace/hsl-player/install/game_controller_interface/local/lib/python3.10/dist-packages/game_controller_interface/game_controller_interface_s__rosidl_typesupport_introspection_c.cpython-310-x86_64-linux-gnu.so
[2.768s] -- Up-to-date symlink: /workspace/hsl-player/install/game_controller_interface/local/lib/python3.10/dist-packages/game_controller_interface/libgame_controller_interface__rosidl_generator_py.so
[2.768s] -- Up-to-date symlink: /workspace/hsl-player/install/game_controller_interface/local/lib/python3.10/dist-packages/game_controller_interface/msg/__init__.py
[2.769s] -- Up-to-date symlink: /workspace/hsl-player/install/game_controller_interface/local/lib/python3.10/dist-packages/game_controller_interface/msg/_game_control_data.py
[2.769s] -- Up-to-date symlink: /workspace/hsl-player/install/game_controller_interface/local/lib/python3.10/dist-packages/game_controller_interface/msg/_game_control_data_s.c
[2.769s] -- Up-to-date symlink: /workspace/hsl-player/install/game_controller_interface/local/lib/python3.10/dist-packages/game_controller_interface/msg/_robot_info.py
[2.769s] -- Up-to-date symlink: /workspace/hsl-player/install/game_controller_interface/local/lib/python3.10/dist-packages/game_controller_interface/msg/_robot_info_s.c
[2.773s] -- Up-to-date symlink: /workspace/hsl-player/install/game_controller_interface/local/lib/python3.10/dist-packages/game_controller_interface/msg/_team_info.py
[2.773s] -- Up-to-date symlink: /workspace/hsl-player/install/game_controller_interface/local/lib/python3.10/dist-packages/game_controller_interface/msg/_team_info_s.c
[2.773s] -- Up-to-date symlink: /workspace/hsl-player/install/game_controller_interface/local/lib/python3.10/dist-packages/game_controller_interface/game_controller_interface_s__rosidl_typesupport_fastrtps_c.cpython-310-x86_64-linux-gnu.so
[2.778s] -- Up-to-date symlink: /workspace/hsl-player/install/game_controller_interface/local/lib/python3.10/dist-packages/game_controller_interface/game_controller_interface_s__rosidl_typesupport_introspection_c.cpython-310-x86_64-linux-gnu.so
[2.778s] -- Up-to-date symlink: /workspace/hsl-player/install/game_controller_interface/local/lib/python3.10/dist-packages/game_controller_interface/game_controller_interface_s__rosidl_typesupport_c.cpython-310-x86_64-linux-gnu.so
[2.778s] -- Up-to-date symlink: /workspace/hsl-player/install/game_controller_interface/share/ament_index/resource_index/rust_packages/game_controller_interface
[2.778s] -- Up-to-date symlink: /workspace/hsl-player/install/game_controller_interface/share/game_controller_interface/rust/Cargo.toml
[2.778s] -- Up-to-date symlink: /workspace/hsl-player/install/game_controller_interface/share/game_controller_interface/rust/build.rs
[2.778s] -- Up-to-date symlink: /workspace/hsl-player/install/game_controller_interface/share/game_controller_interface/rust/src/lib.rs
[2.778s] -- Up-to-date symlink: /workspace/hsl-player/install/game_controller_interface/share/game_controller_interface/rust/src/msg.rs
[2.778s] -- Up-to-date symlink: /workspace/hsl-player/install/game_controller_interface/share/game_controller_interface/rust/src/msg/rmw.rs
[2.778s] -- Up-to-date symlink: /workspace/hsl-player/install/game_controller_interface/share/game_controller_interface/msg/GameControlData.idl
[2.778s] -- Up-to-date symlink: /workspace/hsl-player/install/game_controller_interface/share/game_controller_interface/msg/RobotInfo.idl
[2.778s] -- Up-to-date symlink: /workspace/hsl-player/install/game_controller_interface/share/game_controller_interface/msg/TeamInfo.idl
[2.778s] -- Up-to-date symlink: /workspace/hsl-player/install/game_controller_interface/share/game_controller_interface/msg/GameControlData.msg
[2.778s] -- Up-to-date symlink: /workspace/hsl-player/install/game_controller_interface/share/game_controller_interface/msg/RobotInfo.msg
[2.778s] -- Up-to-date symlink: /workspace/hsl-player/install/game_controller_interface/share/game_controller_interface/msg/TeamInfo.msg
[2.778s] -- Up-to-date symlink: /workspace/hsl-player/install/game_controller_interface/share/ament_index/resource_index/package_run_dependencies/game_controller_interface
[2.779s] -- Up-to-date symlink: /workspace/hsl-player/install/game_controller_interface/share/ament_index/resource_index/parent_prefix_path/game_controller_interface
[2.779s] -- Up-to-date symlink: /workspace/hsl-player/install/game_controller_interface/share/game_controller_interface/environment/ament_prefix_path.sh
[2.779s] -- Up-to-date symlink: /workspace/hsl-player/install/game_controller_interface/share/game_controller_interface/environment/ament_prefix_path.dsv
[2.779s] -- Up-to-date symlink: /workspace/hsl-player/install/game_controller_interface/share/game_controller_interface/environment/path.sh
[2.779s] -- Up-to-date symlink: /workspace/hsl-player/install/game_controller_interface/share/game_controller_interface/environment/path.dsv
[2.779s] -- Up-to-date symlink: /workspace/hsl-player/install/game_controller_interface/share/game_controller_interface/local_setup.bash
[2.779s] -- Up-to-date symlink: /workspace/hsl-player/install/game_controller_interface/share/game_controller_interface/local_setup.sh
[2.779s] -- Up-to-date symlink: /workspace/hsl-player/install/game_controller_interface/share/game_controller_interface/local_setup.zsh
[2.783s] -- Up-to-date symlink: /workspace/hsl-player/install/game_controller_interface/share/game_controller_interface/local_setup.dsv
[2.783s] -- Symlinking: /workspace/hsl-player/install/game_controller_interface/share/game_controller_interface/package.dsv
[2.795s] -- Up-to-date symlink: /workspace/hsl-player/install/game_controller_interface/share/ament_index/resource_index/packages/game_controller_interface
[2.795s] -- Up-to-date symlink: /workspace/hsl-player/install/game_controller_interface/share/game_controller_interface/cmake/rosidl_cmake-extras.cmake
[2.795s] -- Up-to-date symlink: /workspace/hsl-player/install/game_controller_interface/share/game_controller_interface/cmake/ament_cmake_export_include_directories-extras.cmake
[2.796s] -- Up-to-date symlink: /workspace/hsl-player/install/game_controller_interface/share/game_controller_interface/cmake/ament_cmake_export_libraries-extras.cmake
[2.796s] -- Up-to-date symlink: /workspace/hsl-player/install/game_controller_interface/share/game_controller_interface/cmake/ament_cmake_export_targets-extras.cmake
[2.796s] -- Up-to-date symlink: /workspace/hsl-player/install/game_controller_interface/share/game_controller_interface/cmake/rosidl_cmake_export_typesupport_targets-extras.cmake
[2.796s] -- Up-to-date symlink: /workspace/hsl-player/install/game_controller_interface/share/game_controller_interface/cmake/ament_cmake_export_dependencies-extras.cmake
[2.796s] -- Up-to-date symlink: /workspace/hsl-player/install/game_controller_interface/share/game_controller_interface/cmake/rosidl_cmake_export_typesupport_libraries-extras.cmake
[2.796s] -- Up-to-date symlink: /workspace/hsl-player/install/game_controller_interface/share/game_controller_interface/cmake/game_controller_interfaceConfig.cmake
[2.796s] -- Up-to-date symlink: /workspace/hsl-player/install/game_controller_interface/share/game_controller_interface/cmake/game_controller_interfaceConfig-version.cmake
[2.797s] -- Up-to-date symlink: /workspace/hsl-player/install/game_controller_interface/share/game_controller_interface/package.xml
[2.797s] -- Installing: /workspace/hsl-player/install/game_controller_interface/lib/libgame_controller_interface__rosidl_generator_c.so
[2.797s] -- Set runtime path of "/workspace/hsl-player/install/game_controller_interface/lib/libgame_controller_interface__rosidl_generator_c.so" to ""
[2.797s] -- Installing: /workspace/hsl-player/install/game_controller_interface/lib/libgame_controller_interface__rosidl_typesupport_fastrtps_c.so
[2.797s] -- Set runtime path of "/workspace/hsl-player/install/game_controller_interface/lib/libgame_controller_interface__rosidl_typesupport_fastrtps_c.so" to ""
[2.797s] -- Installing: /workspace/hsl-player/install/game_controller_interface/lib/libgame_controller_interface__rosidl_typesupport_fastrtps_cpp.so
[2.797s] -- Set runtime path of "/workspace/hsl-player/install/game_controller_interface/lib/libgame_controller_interface__rosidl_typesupport_fastrtps_cpp.so" to ""
[2.798s] -- Installing: /workspace/hsl-player/install/game_controller_interface/lib/libgame_controller_interface__rosidl_typesupport_introspection_c.so
[2.798s] -- Set runtime path of "/workspace/hsl-player/install/game_controller_interface/lib/libgame_controller_interface__rosidl_typesupport_introspection_c.so" to ""
[2.799s] -- Installing: /workspace/hsl-player/install/game_controller_interface/lib/libgame_controller_interface__rosidl_typesupport_c.so
[2.799s] -- Set runtime path of "/workspace/hsl-player/install/game_controller_interface/lib/libgame_controller_interface__rosidl_typesupport_c.so" to ""
[2.799s] -- Installing: /workspace/hsl-player/install/game_controller_interface/lib/libgame_controller_interface__rosidl_typesupport_introspection_cpp.so
[2.804s] -- Set runtime path of "/workspace/hsl-player/install/game_controller_interface/lib/libgame_controller_interface__rosidl_typesupport_introspection_cpp.so" to ""
[2.804s] -- Installing: /workspace/hsl-player/install/game_controller_interface/lib/libgame_controller_interface__rosidl_typesupport_cpp.so
[2.804s] -- Set runtime path of "/workspace/hsl-player/install/game_controller_interface/lib/libgame_controller_interface__rosidl_typesupport_cpp.so" to ""
[2.865s] Listing '/workspace/hsl-player/install/game_controller_interface/local/lib/python3.10/dist-packages/game_controller_interface'...
[2.865s] Compiling '/workspace/hsl-player/install/game_controller_interface/local/lib/python3.10/dist-packages/game_controller_interface/__init__.py'...
[2.865s] Listing '/workspace/hsl-player/install/game_controller_interface/local/lib/python3.10/dist-packages/game_controller_interface/msg'...
[2.875s] -- Installing: /workspace/hsl-player/install/game_controller_interface/lib/libgame_controller_interface__rosidl_generator_py.so
[2.876s] -- Set runtime path of "/workspace/hsl-player/install/game_controller_interface/lib/libgame_controller_interface__rosidl_generator_py.so" to ""
[2.876s] -- Up-to-date: /workspace/hsl-player/install/game_controller_interface/share/game_controller_interface/cmake/export_game_controller_interface__rosidl_generator_cExport.cmake
[2.876s] -- Installing: /workspace/hsl-player/install/game_controller_interface/share/game_controller_interface/cmake/export_game_controller_interface__rosidl_generator_cExport-release.cmake
[2.876s] -- Up-to-date: /workspace/hsl-player/install/game_controller_interface/share/game_controller_interface/cmake/export_game_controller_interface__rosidl_typesupport_fastrtps_cExport.cmake
[2.876s] -- Installing: /workspace/hsl-player/install/game_controller_interface/share/game_controller_interface/cmake/export_game_controller_interface__rosidl_typesupport_fastrtps_cExport-release.cmake
[2.876s] -- Up-to-date: /workspace/hsl-player/install/game_controller_interface/share/game_controller_interface/cmake/export_game_controller_interface__rosidl_generator_cppExport.cmake
[2.876s] -- Up-to-date: /workspace/hsl-player/install/game_controller_interface/share/game_controller_interface/cmake/export_game_controller_interface__rosidl_typesupport_fastrtps_cppExport.cmake
[2.876s] -- Installing: /workspace/hsl-player/install/game_controller_interface/share/game_controller_interface/cmake/export_game_controller_interface__rosidl_typesupport_fastrtps_cppExport-release.cmake
[2.876s] -- Up-to-date: /workspace/hsl-player/install/game_controller_interface/share/game_controller_interface/cmake/game_controller_interface__rosidl_typesupport_introspection_cExport.cmake
[2.876s] -- Installing: /workspace/hsl-player/install/game_controller_interface/share/game_controller_interface/cmake/game_controller_interface__rosidl_typesupport_introspection_cExport-release.cmake
[2.876s] -- Up-to-date: /workspace/hsl-player/install/game_controller_interface/share/game_controller_interface/cmake/game_controller_interface__rosidl_typesupport_cExport.cmake
[2.876s] -- Installing: /workspace/hsl-player/install/game_controller_interface/share/game_controller_interface/cmake/game_controller_interface__rosidl_typesupport_cExport-release.cmake
[2.876s] -- Up-to-date: /workspace/hsl-player/install/game_controller_interface/share/game_controller_interface/cmake/game_controller_interface__rosidl_typesupport_introspection_cppExport.cmake
[2.876s] -- Installing: /workspace/hsl-player/install/game_controller_interface/share/game_controller_interface/cmake/game_controller_interface__rosidl_typesupport_introspection_cppExport-release.cmake
[2.877s] -- Up-to-date: /workspace/hsl-player/install/game_controller_interface/share/game_controller_interface/cmake/game_controller_interface__rosidl_typesupport_cppExport.cmake
[2.877s] -- Installing: /workspace/hsl-player/install/game_controller_interface/share/game_controller_interface/cmake/game_controller_interface__rosidl_typesupport_cppExport-release.cmake
[2.878s] -- Up-to-date: /workspace/hsl-player/install/game_controller_interface/share/game_controller_interface/cmake/export_game_controller_interface__rosidl_generator_pyExport.cmake
[2.878s] -- Installing: /workspace/hsl-player/install/game_controller_interface/share/game_controller_interface/cmake/export_game_controller_interface__rosidl_generator_pyExport-release.cmake
[2.892s] Invoked command in '/workspace/hsl-player/build/game_controller_interface' returned '0': CMAKE_PREFIX_PATH=${CMAKE_PREFIX_PATH}:/workspace/hsl-player/install/sound_play:/opt/ros/humble PS1=\[\e]0;\u@\h: \w\a\]${debian_chroot:+($debian_chroot)}\u@\h:\w\$ /usr/bin/cmake --install /workspace/hsl-player/build/game_controller_interface
