[0.010s] Invoking command in '/workspace/hsl-player/build/brain': CMAKE_PREFIX_PATH=/workspace/hsl-player/install/vision_interface:/workspace/hsl-player/install/game_controller_interface:/workspace/hsl-player/install/booster_msgs:/workspace/hsl-player/install/booster_interface:/workspace/hsl-player/install/game_controller:/workspace/hsl-player/install/sound_play:/opt/ros/humble PS1=\[\e]0;\u@\h: \w\a\]${debian_chroot:+($debian_chroot)}\u@\h:\w\$ /usr/bin/cmake --build /workspace/hsl-player/build/brain -- -j20 -l20
[0.036s] [35m[1mConsolidate compiler generated dependencies of target brain__rosidl_generator_c[0m
[0.042s] [  7%] Built target brain__rosidl_generator_c
[0.043s] [  9%] Built target brain__rs
[0.044s] [ 11%] Built target brain__cpp
[0.044s] [ 11%] Built target ament_cmake_python_symlink_brain
[0.047s] [35m[1mConsolidate compiler generated dependencies of target brain__rosidl_typesupport_introspection_c[0m
[0.047s] [35m[1mConsolidate compiler generated dependencies of target brain__rosidl_typesupport_fastrtps_c[0m
[0.049s] [35m[1mConsolidate compiler generated dependencies of target brain__rosidl_typesupport_c[0m
[0.049s] [35m[1mConsolidate compiler generated dependencies of target brain__rosidl_typesupport_cpp[0m
[0.052s] [ 19%] Built target brain__rosidl_typesupport_introspection_c
[0.052s] [35m[1mConsolidate compiler generated dependencies of target brain__rosidl_typesupport_introspection_cpp[0m
[0.052s] [35m[1mConsolidate compiler generated dependencies of target brain__rosidl_typesupport_fastrtps_cpp[0m
[0.052s] [ 26%] Built target brain__rosidl_typesupport_fastrtps_c
[0.055s] [ 33%] Built target brain__rosidl_typesupport_c
[0.055s] [ 40%] Built target brain__rosidl_typesupport_cpp
[0.061s] [ 54%] Built target brain__rosidl_typesupport_fastrtps_cpp
[0.061s] [ 54%] Built target brain__rosidl_typesupport_introspection_cpp
[0.062s] [35m[1mConsolidate compiler generated dependencies of target brain_node[0m
[0.072s] [ 54%] Built target brain
[0.072s] [ 57%] [32mBuilding CXX object CMakeFiles/brain_node.dir/src/locator.cpp.o[0m
[0.072s] [ 59%] [32mBuilding CXX object CMakeFiles/brain_node.dir/src/main.cpp.o[0m
[0.073s] [ 61%] [32mBuilding CXX object CMakeFiles/brain_node.dir/src/robot_client.cpp.o[0m
[0.073s] [ 66%] [32mBuilding CXX object CMakeFiles/brain_node.dir/src/brain_communication.cpp.o[0m
[0.073s] [ 66%] [32mBuilding CXX object CMakeFiles/brain_node.dir/src/brain.cpp.o[0m
[0.074s] [ 69%] [32mBuilding CXX object CMakeFiles/brain_node.dir/src/brain_log.cpp.o[0m
[0.074s] [ 71%] [32mBuilding CXX object CMakeFiles/brain_node.dir/src/brain_tree.cpp.o[0m
[0.083s] [ 73%] Built target brain__py
[0.088s] [35m[1mConsolidate compiler generated dependencies of target brain__rosidl_generator_py[0m
[0.096s] [ 78%] Built target brain__rosidl_generator_py
[0.102s] [01m[K/workspace/hsl-player/src/brain/src/robot_client.cpp:2:10:[m[K [01;31m[Kfatal error: [m[Kbooster_internal/robot/b1/b1_loco_internal_api.hpp: No such file or directory
[0.102s]     2 | #include [01;31m[K<booster_internal/robot/b1/b1_loco_internal_api.hpp>[m[K
[0.102s]       |          [01;31m[K^~~~~~~~~~~~~~~~~~~~~~~~~~~~~~~~~~~~~~~~~~~~~~~~~~~~[m[K
[0.102s] compilation terminated.
[0.102s] gmake[2]: *** [CMakeFiles/brain_node.dir/build.make:188: CMakeFiles/brain_node.dir/src/robot_client.cpp.o] Error 1
[0.102s] gmake[2]: *** Waiting for unfinished jobs....
[0.104s] [35m[1mConsolidate compiler generated dependencies of target brain__rosidl_typesupport_fastrtps_c__pyext[0m
[0.104s] [35m[1mConsolidate compiler generated dependencies of target brain__rosidl_typesupport_introspection_c__pyext[0m
[0.104s] [35m[1mConsolidate compiler generated dependencies of target brain__rosidl_typesupport_c__pyext[0m
[0.111s] [ 83%] Built target brain__rosidl_typesupport_introspection_c__pyext
[0.112s] [ 88%] Built target brain__rosidl_typesupport_fastrtps_c__pyext
[0.113s] [ 92%] Built target brain__rosidl_typesupport_c__pyext
[0.183s] running egg_info
[0.184s] writing brain.egg-info/PKG-INFO
[0.184s] writing dependency_links to brain.egg-info/dependency_links.txt
[0.184s] writing top-level names to brain.egg-info/top_level.txt
[0.185s] reading manifest file 'brain.egg-info/SOURCES.txt'
[0.185s] writing manifest file 'brain.egg-info/SOURCES.txt'
[0.202s] [ 92%] Built target ament_cmake_python_build_brain_egg
[0.374s] In file included from [01m[K/workspace/hsl-player/src/brain/include/brain.h:41[m[K,
[0.374s]                  from [01m[K/workspace/hsl-player/src/brain/src/main.cpp:6[m[K:
[0.374s] [01m[K/workspace/hsl-player/src/brain/include/robot_client.h:10:10:[m[K [01;31m[Kfatal error: [m[Kbooster_internal/robot/b1/b1_loco_internal_api.hpp: No such file or directory
[0.374s]    10 | #include [01;31m[K"booster_internal/robot/b1/b1_loco_internal_api.hpp"[m[K
[0.374s]       |          [01;31m[K^~~~~~~~~~~~~~~~~~~~~~~~~~~~~~~~~~~~~~~~~~~~~~~~~~~~[m[K
[0.374s] compilation terminated.
[0.374s] In file included from [01m[K/workspace/hsl-player/src/brain/include/brain.h:41[m[K,
[0.374s]                  from [01m[K/workspace/hsl-player/src/brain/src/brain_communication.cpp:1[m[K:
[0.375s] [01m[K/workspace/hsl-player/src/brain/include/robot_client.h:10:10:[m[K [01;31m[Kfatal error: [m[Kbooster_internal/robot/b1/b1_loco_internal_api.hpp: No such file or directory
[0.375s]    10 | #include [01;31m[K"booster_internal/robot/b1/b1_loco_internal_api.hpp"[m[K
[0.375s]       |          [01;31m[K^~~~~~~~~~~~~~~~~~~~~~~~~~~~~~~~~~~~~~~~~~~~~~~~~~~~[m[K
[0.375s] compilation terminated.
[0.379s] gmake[2]: *** [CMakeFiles/brain_node.dir/build.make:174: CMakeFiles/brain_node.dir/src/main.cpp.o] Error 1
[0.379s] gmake[2]: *** [CMakeFiles/brain_node.dir/build.make:90: CMakeFiles/brain_node.dir/src/brain_communication.cpp.o] Error 1
[0.390s] In file included from [01m[K/workspace/hsl-player/src/brain/include/brain.h:41[m[K,
[0.390s]                  from [01m[K/workspace/hsl-player/src/brain/src/brain.cpp:6[m[K:
[0.390s] [01m[K/workspace/hsl-player/src/brain/include/robot_client.h:10:10:[m[K [01;31m[Kfatal error: [m[Kbooster_internal/robot/b1/b1_loco_internal_api.hpp: No such file or directory
[0.391s]    10 | #include [01;31m[K"booster_internal/robot/b1/b1_loco_internal_api.hpp"[m[K
[0.391s]       |          [01;31m[K^~~~~~~~~~~~~~~~~~~~~~~~~~~~~~~~~~~~~~~~~~~~~~~~~~~~[m[K
[0.391s] compilation terminated.
[0.393s] gmake[2]: *** [CMakeFiles/brain_node.dir/build.make:76: CMakeFiles/brain_node.dir/src/brain.cpp.o] Error 1
[0.393s] In file included from [01m[K/workspace/hsl-player/src/brain/include/brain.h:41[m[K,
[0.393s]                  from [01m[K/workspace/hsl-player/src/brain/src/locator.cpp:4[m[K:
[0.393s] [01m[K/workspace/hsl-player/src/brain/include/robot_client.h:10:10:[m[K [01;31m[Kfatal error: [m[Kbooster_internal/robot/b1/b1_loco_internal_api.hpp: No such file or directory
[0.393s]    10 | #include [01;31m[K"booster_internal/robot/b1/b1_loco_internal_api.hpp"[m[K
[0.393s]       |          [01;31m[K^~~~~~~~~~~~~~~~~~~~~~~~~~~~~~~~~~~~~~~~~~~~~~~~~~~~[m[K
[0.393s] compilation terminated.
[0.395s] gmake[2]: *** [CMakeFiles/brain_node.dir/build.make:160: CMakeFiles/brain_node.dir/src/locator.cpp.o] Error 1
[0.399s] In file included from [01m[K/workspace/hsl-player/src/brain/include/brain.h:41[m[K,
[0.399s]                  from [01m[K/workspace/hsl-player/src/brain/src/brain_log.cpp:2[m[K:
[0.399s] [01m[K/workspace/hsl-player/src/brain/include/robot_client.h:10:10:[m[K [01;31m[Kfatal error: [m[Kbooster_internal/robot/b1/b1_loco_internal_api.hpp: No such file or directory
[0.399s]    10 | #include [01;31m[K"booster_internal/robot/b1/b1_loco_internal_api.hpp"[m[K
[0.399s]       |          [01;31m[K^~~~~~~~~~~~~~~~~~~~~~~~~~~~~~~~~~~~~~~~~~~~~~~~~~~~[m[K
[0.399s] compilation terminated.
[0.401s] gmake[2]: *** [CMakeFiles/brain_node.dir/build.make:132: CMakeFiles/brain_node.dir/src/brain_log.cpp.o] Error 1
[0.438s] In file included from [01m[K/workspace/hsl-player/src/brain/include/brain.h:41[m[K,
[0.438s]                  from [01m[K/workspace/hsl-player/src/brain/src/brain_tree.cpp:2[m[K:
[0.438s] [01m[K/workspace/hsl-player/src/brain/include/robot_client.h:10:10:[m[K [01;31m[Kfatal error: [m[Kbooster_internal/robot/b1/b1_loco_internal_api.hpp: No such file or directory
[0.438s]    10 | #include [01;31m[K"booster_internal/robot/b1/b1_loco_internal_api.hpp"[m[K
[0.438s]       |          [01;31m[K^~~~~~~~~~~~~~~~~~~~~~~~~~~~~~~~~~~~~~~~~~~~~~~~~~~~[m[K
[0.438s] compilation terminated.
[0.440s] gmake[2]: *** [CMakeFiles/brain_node.dir/build.make:146: CMakeFiles/brain_node.dir/src/brain_tree.cpp.o] Error 1
[0.441s] gmake[1]: *** [CMakeFiles/Makefile2:612: CMakeFiles/brain_node.dir/all] Error 2
[0.441s] gmake: *** [Makefile:146: all] Error 2
[0.442s] Invoked command in '/workspace/hsl-player/build/brain' returned '2': CMAKE_PREFIX_PATH=/workspace/hsl-player/install/vision_interface:/workspace/hsl-player/install/game_controller_interface:/workspace/hsl-player/install/booster_msgs:/workspace/hsl-player/install/booster_interface:/workspace/hsl-player/install/game_controller:/workspace/hsl-player/install/sound_play:/opt/ros/humble PS1=\[\e]0;\u@\h: \w\a\]${debian_chroot:+($debian_chroot)}\u@\h:\w\$ /usr/bin/cmake --build /workspace/hsl-player/build/brain -- -j20 -l20
