[0.054s] DEBUG:colcon:Command line arguments: ['/usr/bin/colcon', 'build', '--symlink-install', '--packages-skip', 'vision', '--cmake-args', '-DCMAKE_BUILD_TYPE=Release', '--parallel-workers', '20']
[0.054s] DEBUG:colcon:Parsed command line arguments: Namespace(log_base=None, log_level=None, verb_name='build', build_base='build', install_base='install', merge_install=False, symlink_install=True, test_result_base=None, continue_on_error=False, executor='parallel', parallel_workers=20, event_handlers=None, ignore_user_meta=False, metas=['./colcon.meta'], base_paths=['.'], packages_ignore=None, packages_ignore_regex=None, paths=None, packages_up_to=None, packages_up_to_regex=None, packages_above=None, packages_above_and_dependencies=None, packages_above_depth=None, packages_select_by_dep=None, packages_skip_by_dep=None, packages_skip_up_to=None, packages_select_build_failed=False, packages_skip_build_finished=False, packages_select_test_failures=False, packages_skip_test_passed=False, packages_select=None, packages_skip=['vision'], packages_select_regex=None, packages_skip_regex=None, packages_start=None, packages_end=None, cmake_args=['-DCMAKE_BUILD_TYPE=Release'], cmake_target=None, cmake_target_skip_unavailable=False, cmake_clean_cache=False, cmake_clean_first=False, cmake_force_configure=False, ament_cmake_args=None, catkin_cmake_args=None, catkin_skip_building_tests=False, mixin_files=None, mixin=None, verb_parser=<colcon_mixin.mixin.mixin_argument.MixinArgumentDecorator object at 0x7bff76b55390>, verb_extension=<colcon_core.verb.build.BuildVerb object at 0x7bff76d49f00>, main=<bound method BuildVerb.main of <colcon_core.verb.build.BuildVerb object at 0x7bff76d49f00>>, mixin_verb=('build',))
[0.114s] Level 1:colcon.colcon_core.package_discovery:discover_packages(colcon_meta) check parameters
[0.114s] INFO:colcon.colcon_metadata.package_discovery.colcon_meta:Using configuration from '/root/.colcon/metadata/default/Gazebo.meta'
[0.115s] INFO:colcon.colcon_metadata.package_discovery.colcon_meta:Using configuration from '/root/.colcon/metadata/default/fastdds.meta'
[0.115s] INFO:colcon.colcon_metadata.package_discovery.colcon_meta:Using configuration from '/root/.colcon/metadata/default/fastrtps.meta'
[0.115s] Level 1:colcon.colcon_core.package_discovery:discover_packages(recursive) check parameters
[0.115s] Level 1:colcon.colcon_core.package_discovery:discover_packages(ignore) check parameters
[0.115s] Level 1:colcon.colcon_core.package_discovery:discover_packages(path) check parameters
[0.115s] Level 1:colcon.colcon_core.package_discovery:discover_packages(colcon_meta) discover
[0.115s] Level 1:colcon.colcon_core.package_discovery:discover_packages(recursive) discover
[0.115s] INFO:colcon.colcon_core.package_discovery:Crawling recursively for packages in '/workspace/hsl-player'
[0.115s] Level 1:colcon.colcon_core.package_identification:_identify(.) by extensions ['ignore', 'ignore_ament_install']
[0.115s] Level 1:colcon.colcon_core.package_identification:_identify(.) by extension 'ignore'
[0.115s] Level 1:colcon.colcon_core.package_identification:_identify(.) by extension 'ignore_ament_install'
[0.115s] Level 1:colcon.colcon_core.package_identification:_identify(.) by extensions ['colcon_pkg']
[0.115s] Level 1:colcon.colcon_core.package_identification:_identify(.) by extension 'colcon_pkg'
[0.115s] Level 1:colcon.colcon_core.package_identification:_identify(.) by extensions ['colcon_meta']
[0.115s] Level 1:colcon.colcon_core.package_identification:_identify(.) by extension 'colcon_meta'
[0.115s] Level 1:colcon.colcon_core.package_identification:_identify(.) by extensions ['ros']
[0.115s] Level 1:colcon.colcon_core.package_identification:_identify(.) by extension 'ros'
[0.120s] Level 1:colcon.colcon_core.package_identification:_identify(.) by extensions ['cmake', 'python']
[0.121s] Level 1:colcon.colcon_core.package_identification:_identify(.) by extension 'cmake'
[0.121s] Level 1:colcon.colcon_core.package_identification:_identify(.) by extension 'python'
[0.121s] Level 1:colcon.colcon_core.package_identification:_identify(.) by extensions ['python_setup_py']
[0.121s] Level 1:colcon.colcon_core.package_identification:_identify(.) by extension 'python_setup_py'
[0.121s] Level 1:colcon.colcon_core.package_identification:_identify(build) by extensions ['ignore', 'ignore_ament_install']
[0.121s] Level 1:colcon.colcon_core.package_identification:_identify(build) by extension 'ignore'
[0.121s] Level 1:colcon.colcon_core.package_identification:_identify(build) ignored
[0.121s] Level 1:colcon.colcon_core.package_identification:_identify(configs) by extensions ['ignore', 'ignore_ament_install']
[0.121s] Level 1:colcon.colcon_core.package_identification:_identify(configs) by extension 'ignore'
[0.121s] Level 1:colcon.colcon_core.package_identification:_identify(configs) by extension 'ignore_ament_install'
[0.121s] Level 1:colcon.colcon_core.package_identification:_identify(configs) by extensions ['colcon_pkg']
[0.121s] Level 1:colcon.colcon_core.package_identification:_identify(configs) by extension 'colcon_pkg'
[0.121s] Level 1:colcon.colcon_core.package_identification:_identify(configs) by extensions ['colcon_meta']
[0.121s] Level 1:colcon.colcon_core.package_identification:_identify(configs) by extension 'colcon_meta'
[0.121s] Level 1:colcon.colcon_core.package_identification:_identify(configs) by extensions ['ros']
[0.121s] Level 1:colcon.colcon_core.package_identification:_identify(configs) by extension 'ros'
[0.121s] Level 1:colcon.colcon_core.package_identification:_identify(configs) by extensions ['cmake', 'python']
[0.121s] Level 1:colcon.colcon_core.package_identification:_identify(configs) by extension 'cmake'
[0.121s] Level 1:colcon.colcon_core.package_identification:_identify(configs) by extension 'python'
[0.121s] Level 1:colcon.colcon_core.package_identification:_identify(configs) by extensions ['python_setup_py']
[0.121s] Level 1:colcon.colcon_core.package_identification:_identify(configs) by extension 'python_setup_py'
[0.121s] Level 1:colcon.colcon_core.package_identification:_identify(distribution) by extensions ['ignore', 'ignore_ament_install']
[0.121s] Level 1:colcon.colcon_core.package_identification:_identify(distribution) by extension 'ignore'
[0.121s] Level 1:colcon.colcon_core.package_identification:_identify(distribution) by extension 'ignore_ament_install'
[0.121s] Level 1:colcon.colcon_core.package_identification:_identify(distribution) by extensions ['colcon_pkg']
[0.121s] Level 1:colcon.colcon_core.package_identification:_identify(distribution) by extension 'colcon_pkg'
[0.121s] Level 1:colcon.colcon_core.package_identification:_identify(distribution) by extensions ['colcon_meta']
[0.121s] Level 1:colcon.colcon_core.package_identification:_identify(distribution) by extension 'colcon_meta'
[0.121s] Level 1:colcon.colcon_core.package_identification:_identify(distribution) by extensions ['ros']
[0.121s] Level 1:colcon.colcon_core.package_identification:_identify(distribution) by extension 'ros'
[0.121s] Level 1:colcon.colcon_core.package_identification:_identify(distribution) by extensions ['cmake', 'python']
[0.121s] Level 1:colcon.colcon_core.package_identification:_identify(distribution) by extension 'cmake'
[0.121s] Level 1:colcon.colcon_core.package_identification:_identify(distribution) by extension 'python'
[0.121s] Level 1:colcon.colcon_core.package_identification:_identify(distribution) by extensions ['python_setup_py']
[0.121s] Level 1:colcon.colcon_core.package_identification:_identify(distribution) by extension 'python_setup_py'
[0.121s] Level 1:colcon.colcon_core.package_identification:_identify(install) by extensions ['ignore', 'ignore_ament_install']
[0.121s] Level 1:colcon.colcon_core.package_identification:_identify(install) by extension 'ignore'
[0.121s] Level 1:colcon.colcon_core.package_identification:_identify(install) ignored
[0.121s] Level 1:colcon.colcon_core.package_identification:_identify(log) by extensions ['ignore', 'ignore_ament_install']
[0.121s] Level 1:colcon.colcon_core.package_identification:_identify(log) by extension 'ignore'
[0.121s] Level 1:colcon.colcon_core.package_identification:_identify(log) ignored
[0.121s] Level 1:colcon.colcon_core.package_identification:_identify(scripts) by extensions ['ignore', 'ignore_ament_install']
[0.121s] Level 1:colcon.colcon_core.package_identification:_identify(scripts) by extension 'ignore'
[0.121s] Level 1:colcon.colcon_core.package_identification:_identify(scripts) by extension 'ignore_ament_install'
[0.121s] Level 1:colcon.colcon_core.package_identification:_identify(scripts) by extensions ['colcon_pkg']
[0.121s] Level 1:colcon.colcon_core.package_identification:_identify(scripts) by extension 'colcon_pkg'
[0.121s] Level 1:colcon.colcon_core.package_identification:_identify(scripts) by extensions ['colcon_meta']
[0.121s] Level 1:colcon.colcon_core.package_identification:_identify(scripts) by extension 'colcon_meta'
[0.122s] Level 1:colcon.colcon_core.package_identification:_identify(scripts) by extensions ['ros']
[0.122s] Level 1:colcon.colcon_core.package_identification:_identify(scripts) by extension 'ros'
[0.122s] Level 1:colcon.colcon_core.package_identification:_identify(scripts) by extensions ['cmake', 'python']
[0.122s] Level 1:colcon.colcon_core.package_identification:_identify(scripts) by extension 'cmake'
[0.122s] Level 1:colcon.colcon_core.package_identification:_identify(scripts) by extension 'python'
[0.122s] Level 1:colcon.colcon_core.package_identification:_identify(scripts) by extensions ['python_setup_py']
[0.122s] Level 1:colcon.colcon_core.package_identification:_identify(scripts) by extension 'python_setup_py'
[0.122s] Level 1:colcon.colcon_core.package_identification:_identify(src) by extensions ['ignore', 'ignore_ament_install']
[0.122s] Level 1:colcon.colcon_core.package_identification:_identify(src) by extension 'ignore'
[0.122s] Level 1:colcon.colcon_core.package_identification:_identify(src) by extension 'ignore_ament_install'
[0.122s] Level 1:colcon.colcon_core.package_identification:_identify(src) by extensions ['colcon_pkg']
[0.122s] Level 1:colcon.colcon_core.package_identification:_identify(src) by extension 'colcon_pkg'
[0.122s] Level 1:colcon.colcon_core.package_identification:_identify(src) by extensions ['colcon_meta']
[0.122s] Level 1:colcon.colcon_core.package_identification:_identify(src) by extension 'colcon_meta'
[0.122s] Level 1:colcon.colcon_core.package_identification:_identify(src) by extensions ['ros']
[0.122s] Level 1:colcon.colcon_core.package_identification:_identify(src) by extension 'ros'
[0.122s] Level 1:colcon.colcon_core.package_identification:_identify(src) by extensions ['cmake', 'python']
[0.122s] Level 1:colcon.colcon_core.package_identification:_identify(src) by extension 'cmake'
[0.122s] Level 1:colcon.colcon_core.package_identification:_identify(src) by extension 'python'
[0.122s] Level 1:colcon.colcon_core.package_identification:_identify(src) by extensions ['python_setup_py']
[0.122s] Level 1:colcon.colcon_core.package_identification:_identify(src) by extension 'python_setup_py'
[0.122s] Level 1:colcon.colcon_core.package_identification:_identify(src/booster_msgs) by extensions ['ignore', 'ignore_ament_install']
[0.122s] Level 1:colcon.colcon_core.package_identification:_identify(src/booster_msgs) by extension 'ignore'
[0.122s] Level 1:colcon.colcon_core.package_identification:_identify(src/booster_msgs) by extension 'ignore_ament_install'
[0.122s] Level 1:colcon.colcon_core.package_identification:_identify(src/booster_msgs) by extensions ['colcon_pkg']
[0.122s] Level 1:colcon.colcon_core.package_identification:_identify(src/booster_msgs) by extension 'colcon_pkg'
[0.122s] Level 1:colcon.colcon_core.package_identification:_identify(src/booster_msgs) by extensions ['colcon_meta']
[0.122s] Level 1:colcon.colcon_core.package_identification:_identify(src/booster_msgs) by extension 'colcon_meta'
[0.122s] Level 1:colcon.colcon_core.package_identification:_identify(src/booster_msgs) by extensions ['ros']
[0.122s] Level 1:colcon.colcon_core.package_identification:_identify(src/booster_msgs) by extension 'ros'
[0.123s] DEBUG:colcon.colcon_core.package_identification:Package 'src/booster_msgs' with type 'ros.ament_cmake' and name 'booster_msgs'
[0.123s] Level 1:colcon.colcon_core.package_identification:_identify(src/booster_ros2_interface) by extensions ['ignore', 'ignore_ament_install']
[0.123s] Level 1:colcon.colcon_core.package_identification:_identify(src/booster_ros2_interface) by extension 'ignore'
[0.123s] Level 1:colcon.colcon_core.package_identification:_identify(src/booster_ros2_interface) by extension 'ignore_ament_install'
[0.123s] Level 1:colcon.colcon_core.package_identification:_identify(src/booster_ros2_interface) by extensions ['colcon_pkg']
[0.123s] Level 1:colcon.colcon_core.package_identification:_identify(src/booster_ros2_interface) by extension 'colcon_pkg'
[0.123s] Level 1:colcon.colcon_core.package_identification:_identify(src/booster_ros2_interface) by extensions ['colcon_meta']
[0.123s] Level 1:colcon.colcon_core.package_identification:_identify(src/booster_ros2_interface) by extension 'colcon_meta'
[0.123s] Level 1:colcon.colcon_core.package_identification:_identify(src/booster_ros2_interface) by extensions ['ros']
[0.123s] Level 1:colcon.colcon_core.package_identification:_identify(src/booster_ros2_interface) by extension 'ros'
[0.124s] DEBUG:colcon.colcon_core.package_identification:Package 'src/booster_ros2_interface' with type 'ros.ament_cmake' and name 'booster_interface'
[0.124s] Level 1:colcon.colcon_core.package_identification:_identify(src/brain) by extensions ['ignore', 'ignore_ament_install']
[0.124s] Level 1:colcon.colcon_core.package_identification:_identify(src/brain) by extension 'ignore'
[0.124s] Level 1:colcon.colcon_core.package_identification:_identify(src/brain) by extension 'ignore_ament_install'
[0.124s] Level 1:colcon.colcon_core.package_identification:_identify(src/brain) by extensions ['colcon_pkg']
[0.124s] Level 1:colcon.colcon_core.package_identification:_identify(src/brain) by extension 'colcon_pkg'
[0.124s] Level 1:colcon.colcon_core.package_identification:_identify(src/brain) by extensions ['colcon_meta']
[0.124s] Level 1:colcon.colcon_core.package_identification:_identify(src/brain) by extension 'colcon_meta'
[0.124s] Level 1:colcon.colcon_core.package_identification:_identify(src/brain) by extensions ['ros']
[0.124s] Level 1:colcon.colcon_core.package_identification:_identify(src/brain) by extension 'ros'
[0.124s] DEBUG:colcon.colcon_core.package_identification:Package 'src/brain' with type 'ros.ament_cmake' and name 'brain'
[0.125s] Level 1:colcon.colcon_core.package_identification:_identify(src/game_controller) by extensions ['ignore', 'ignore_ament_install']
[0.125s] Level 1:colcon.colcon_core.package_identification:_identify(src/game_controller) by extension 'ignore'
[0.125s] Level 1:colcon.colcon_core.package_identification:_identify(src/game_controller) by extension 'ignore_ament_install'
[0.125s] Level 1:colcon.colcon_core.package_identification:_identify(src/game_controller) by extensions ['colcon_pkg']
[0.125s] Level 1:colcon.colcon_core.package_identification:_identify(src/game_controller) by extension 'colcon_pkg'
[0.125s] Level 1:colcon.colcon_core.package_identification:_identify(src/game_controller) by extensions ['colcon_meta']
[0.125s] Level 1:colcon.colcon_core.package_identification:_identify(src/game_controller) by extension 'colcon_meta'
[0.125s] Level 1:colcon.colcon_core.package_identification:_identify(src/game_controller) by extensions ['ros']
[0.125s] Level 1:colcon.colcon_core.package_identification:_identify(src/game_controller) by extension 'ros'
[0.125s] DEBUG:colcon.colcon_core.package_identification:Package 'src/game_controller' with type 'ros.ament_cmake' and name 'game_controller'
[0.125s] Level 1:colcon.colcon_core.package_identification:_identify(src/robocup_ros2_interface) by extensions ['ignore', 'ignore_ament_install']
[0.125s] Level 1:colcon.colcon_core.package_identification:_identify(src/robocup_ros2_interface) by extension 'ignore'
[0.125s] Level 1:colcon.colcon_core.package_identification:_identify(src/robocup_ros2_interface) by extension 'ignore_ament_install'
[0.125s] Level 1:colcon.colcon_core.package_identification:_identify(src/robocup_ros2_interface) by extensions ['colcon_pkg']
[0.125s] Level 1:colcon.colcon_core.package_identification:_identify(src/robocup_ros2_interface) by extension 'colcon_pkg'
[0.125s] Level 1:colcon.colcon_core.package_identification:_identify(src/robocup_ros2_interface) by extensions ['colcon_meta']
[0.125s] Level 1:colcon.colcon_core.package_identification:_identify(src/robocup_ros2_interface) by extension 'colcon_meta'
[0.125s] Level 1:colcon.colcon_core.package_identification:_identify(src/robocup_ros2_interface) by extensions ['ros']
[0.125s] Level 1:colcon.colcon_core.package_identification:_identify(src/robocup_ros2_interface) by extension 'ros'
[0.125s] Level 1:colcon.colcon_core.package_identification:_identify(src/robocup_ros2_interface) by extensions ['cmake', 'python']
[0.125s] Level 1:colcon.colcon_core.package_identification:_identify(src/robocup_ros2_interface) by extension 'cmake'
[0.125s] Level 1:colcon.colcon_core.package_identification:_identify(src/robocup_ros2_interface) by extension 'python'
[0.125s] Level 1:colcon.colcon_core.package_identification:_identify(src/robocup_ros2_interface) by extensions ['python_setup_py']
[0.125s] Level 1:colcon.colcon_core.package_identification:_identify(src/robocup_ros2_interface) by extension 'python_setup_py'
[0.125s] Level 1:colcon.colcon_core.package_identification:_identify(src/robocup_ros2_interface/src) by extensions ['ignore', 'ignore_ament_install']
[0.125s] Level 1:colcon.colcon_core.package_identification:_identify(src/robocup_ros2_interface/src) by extension 'ignore'
[0.125s] Level 1:colcon.colcon_core.package_identification:_identify(src/robocup_ros2_interface/src) by extension 'ignore_ament_install'
[0.125s] Level 1:colcon.colcon_core.package_identification:_identify(src/robocup_ros2_interface/src) by extensions ['colcon_pkg']
[0.125s] Level 1:colcon.colcon_core.package_identification:_identify(src/robocup_ros2_interface/src) by extension 'colcon_pkg'
[0.125s] Level 1:colcon.colcon_core.package_identification:_identify(src/robocup_ros2_interface/src) by extensions ['colcon_meta']
[0.125s] Level 1:colcon.colcon_core.package_identification:_identify(src/robocup_ros2_interface/src) by extension 'colcon_meta'
[0.125s] Level 1:colcon.colcon_core.package_identification:_identify(src/robocup_ros2_interface/src) by extensions ['ros']
[0.125s] Level 1:colcon.colcon_core.package_identification:_identify(src/robocup_ros2_interface/src) by extension 'ros'
[0.125s] Level 1:colcon.colcon_core.package_identification:_identify(src/robocup_ros2_interface/src) by extensions ['cmake', 'python']
[0.125s] Level 1:colcon.colcon_core.package_identification:_identify(src/robocup_ros2_interface/src) by extension 'cmake'
[0.125s] Level 1:colcon.colcon_core.package_identification:_identify(src/robocup_ros2_interface/src) by extension 'python'
[0.125s] Level 1:colcon.colcon_core.package_identification:_identify(src/robocup_ros2_interface/src) by extensions ['python_setup_py']
[0.125s] Level 1:colcon.colcon_core.package_identification:_identify(src/robocup_ros2_interface/src) by extension 'python_setup_py'
[0.125s] Level 1:colcon.colcon_core.package_identification:_identify(src/robocup_ros2_interface/src/game_controller_interface) by extensions ['ignore', 'ignore_ament_install']
[0.125s] Level 1:colcon.colcon_core.package_identification:_identify(src/robocup_ros2_interface/src/game_controller_interface) by extension 'ignore'
[0.126s] Level 1:colcon.colcon_core.package_identification:_identify(src/robocup_ros2_interface/src/game_controller_interface) by extension 'ignore_ament_install'
[0.126s] Level 1:colcon.colcon_core.package_identification:_identify(src/robocup_ros2_interface/src/game_controller_interface) by extensions ['colcon_pkg']
[0.126s] Level 1:colcon.colcon_core.package_identification:_identify(src/robocup_ros2_interface/src/game_controller_interface) by extension 'colcon_pkg'
[0.126s] Level 1:colcon.colcon_core.package_identification:_identify(src/robocup_ros2_interface/src/game_controller_interface) by extensions ['colcon_meta']
[0.126s] Level 1:colcon.colcon_core.package_identification:_identify(src/robocup_ros2_interface/src/game_controller_interface) by extension 'colcon_meta'
[0.126s] Level 1:colcon.colcon_core.package_identification:_identify(src/robocup_ros2_interface/src/game_controller_interface) by extensions ['ros']
[0.126s] Level 1:colcon.colcon_core.package_identification:_identify(src/robocup_ros2_interface/src/game_controller_interface) by extension 'ros'
[0.126s] DEBUG:colcon.colcon_core.package_identification:Package 'src/robocup_ros2_interface/src/game_controller_interface' with type 'ros.ament_cmake' and name 'game_controller_interface'
[0.126s] Level 1:colcon.colcon_core.package_identification:_identify(src/robocup_ros2_interface/src/vision_interface) by extensions ['ignore', 'ignore_ament_install']
[0.126s] Level 1:colcon.colcon_core.package_identification:_identify(src/robocup_ros2_interface/src/vision_interface) by extension 'ignore'
[0.126s] Level 1:colcon.colcon_core.package_identification:_identify(src/robocup_ros2_interface/src/vision_interface) by extension 'ignore_ament_install'
[0.126s] Level 1:colcon.colcon_core.package_identification:_identify(src/robocup_ros2_interface/src/vision_interface) by extensions ['colcon_pkg']
[0.126s] Level 1:colcon.colcon_core.package_identification:_identify(src/robocup_ros2_interface/src/vision_interface) by extension 'colcon_pkg'
[0.126s] Level 1:colcon.colcon_core.package_identification:_identify(src/robocup_ros2_interface/src/vision_interface) by extensions ['colcon_meta']
[0.126s] Level 1:colcon.colcon_core.package_identification:_identify(src/robocup_ros2_interface/src/vision_interface) by extension 'colcon_meta'
[0.126s] Level 1:colcon.colcon_core.package_identification:_identify(src/robocup_ros2_interface/src/vision_interface) by extensions ['ros']
[0.126s] Level 1:colcon.colcon_core.package_identification:_identify(src/robocup_ros2_interface/src/vision_interface) by extension 'ros'
[0.126s] DEBUG:colcon.colcon_core.package_identification:Package 'src/robocup_ros2_interface/src/vision_interface' with type 'ros.ament_cmake' and name 'vision_interface'
[0.126s] Level 1:colcon.colcon_core.package_identification:_identify(src/sound_play) by extensions ['ignore', 'ignore_ament_install']
[0.126s] Level 1:colcon.colcon_core.package_identification:_identify(src/sound_play) by extension 'ignore'
[0.126s] Level 1:colcon.colcon_core.package_identification:_identify(src/sound_play) by extension 'ignore_ament_install'
[0.126s] Level 1:colcon.colcon_core.package_identification:_identify(src/sound_play) by extensions ['colcon_pkg']
[0.126s] Level 1:colcon.colcon_core.package_identification:_identify(src/sound_play) by extension 'colcon_pkg'
[0.126s] Level 1:colcon.colcon_core.package_identification:_identify(src/sound_play) by extensions ['colcon_meta']
[0.126s] Level 1:colcon.colcon_core.package_identification:_identify(src/sound_play) by extension 'colcon_meta'
[0.126s] Level 1:colcon.colcon_core.package_identification:_identify(src/sound_play) by extensions ['ros']
[0.127s] Level 1:colcon.colcon_core.package_identification:_identify(src/sound_play) by extension 'ros'
[0.127s] DEBUG:colcon.colcon_core.package_identification:Package 'src/sound_play' with type 'ros.ament_python' and name 'sound_play'
[0.127s] Level 1:colcon.colcon_core.package_identification:_identify(src/vision) by extensions ['ignore', 'ignore_ament_install']
[0.127s] Level 1:colcon.colcon_core.package_identification:_identify(src/vision) by extension 'ignore'
[0.127s] Level 1:colcon.colcon_core.package_identification:_identify(src/vision) by extension 'ignore_ament_install'
[0.127s] Level 1:colcon.colcon_core.package_identification:_identify(src/vision) by extensions ['colcon_pkg']
[0.127s] Level 1:colcon.colcon_core.package_identification:_identify(src/vision) by extension 'colcon_pkg'
[0.127s] Level 1:colcon.colcon_core.package_identification:_identify(src/vision) by extensions ['colcon_meta']
[0.127s] Level 1:colcon.colcon_core.package_identification:_identify(src/vision) by extension 'colcon_meta'
[0.127s] Level 1:colcon.colcon_core.package_identification:_identify(src/vision) by extensions ['ros']
[0.127s] Level 1:colcon.colcon_core.package_identification:_identify(src/vision) by extension 'ros'
[0.127s] DEBUG:colcon.colcon_core.package_identification:Package 'src/vision' with type 'ros.ament_cmake' and name 'vision'
[0.127s] Level 1:colcon.colcon_core.package_identification:_identify(utils) by extensions ['ignore', 'ignore_ament_install']
[0.128s] Level 1:colcon.colcon_core.package_identification:_identify(utils) by extension 'ignore'
[0.128s] Level 1:colcon.colcon_core.package_identification:_identify(utils) by extension 'ignore_ament_install'
[0.128s] Level 1:colcon.colcon_core.package_identification:_identify(utils) by extensions ['colcon_pkg']
[0.128s] Level 1:colcon.colcon_core.package_identification:_identify(utils) by extension 'colcon_pkg'
[0.128s] Level 1:colcon.colcon_core.package_identification:_identify(utils) by extensions ['colcon_meta']
[0.128s] Level 1:colcon.colcon_core.package_identification:_identify(utils) by extension 'colcon_meta'
[0.128s] Level 1:colcon.colcon_core.package_identification:_identify(utils) by extensions ['ros']
[0.128s] Level 1:colcon.colcon_core.package_identification:_identify(utils) by extension 'ros'
[0.128s] Level 1:colcon.colcon_core.package_identification:_identify(utils) by extensions ['cmake', 'python']
[0.128s] Level 1:colcon.colcon_core.package_identification:_identify(utils) by extension 'cmake'
[0.128s] Level 1:colcon.colcon_core.package_identification:_identify(utils) by extension 'python'
[0.128s] Level 1:colcon.colcon_core.package_identification:_identify(utils) by extensions ['python_setup_py']
[0.128s] Level 1:colcon.colcon_core.package_identification:_identify(utils) by extension 'python_setup_py'
[0.128s] Level 1:colcon.colcon_core.package_identification:_identify(utils/service) by extensions ['ignore', 'ignore_ament_install']
[0.128s] Level 1:colcon.colcon_core.package_identification:_identify(utils/service) by extension 'ignore'
[0.128s] Level 1:colcon.colcon_core.package_identification:_identify(utils/service) by extension 'ignore_ament_install'
[0.128s] Level 1:colcon.colcon_core.package_identification:_identify(utils/service) by extensions ['colcon_pkg']
[0.128s] Level 1:colcon.colcon_core.package_identification:_identify(utils/service) by extension 'colcon_pkg'
[0.128s] Level 1:colcon.colcon_core.package_identification:_identify(utils/service) by extensions ['colcon_meta']
[0.128s] Level 1:colcon.colcon_core.package_identification:_identify(utils/service) by extension 'colcon_meta'
[0.128s] Level 1:colcon.colcon_core.package_identification:_identify(utils/service) by extensions ['ros']
[0.128s] Level 1:colcon.colcon_core.package_identification:_identify(utils/service) by extension 'ros'
[0.128s] Level 1:colcon.colcon_core.package_identification:_identify(utils/service) by extensions ['cmake', 'python']
[0.128s] Level 1:colcon.colcon_core.package_identification:_identify(utils/service) by extension 'cmake'
[0.128s] Level 1:colcon.colcon_core.package_identification:_identify(utils/service) by extension 'python'
[0.128s] Level 1:colcon.colcon_core.package_identification:_identify(utils/service) by extensions ['python_setup_py']
[0.128s] Level 1:colcon.colcon_core.package_identification:_identify(utils/service) by extension 'python_setup_py'
[0.128s] Level 1:colcon.colcon_core.package_discovery:discover_packages(recursive) using defaults
[0.128s] Level 1:colcon.colcon_core.package_discovery:discover_packages(ignore) discover
[0.128s] Level 1:colcon.colcon_core.package_discovery:discover_packages(ignore) using defaults
[0.128s] Level 1:colcon.colcon_core.package_discovery:discover_packages(path) discover
[0.128s] Level 1:colcon.colcon_core.package_discovery:discover_packages(path) using defaults
[0.138s] INFO:colcon.colcon_core.package_selection:Skipping package 'vision' in 'src/vision'
[0.138s] Level 5:colcon.colcon_core.verb:set package 'booster_interface' build argument 'cmake_args' from command line to '['-DCMAKE_BUILD_TYPE=Release']'
[0.138s] Level 5:colcon.colcon_core.verb:set package 'booster_interface' build argument 'cmake_target' from command line to 'None'
[0.138s] Level 5:colcon.colcon_core.verb:set package 'booster_interface' build argument 'cmake_target_skip_unavailable' from command line to 'False'
[0.138s] Level 5:colcon.colcon_core.verb:set package 'booster_interface' build argument 'cmake_clean_cache' from command line to 'False'
[0.138s] Level 5:colcon.colcon_core.verb:set package 'booster_interface' build argument 'cmake_clean_first' from command line to 'False'
[0.138s] Level 5:colcon.colcon_core.verb:set package 'booster_interface' build argument 'cmake_force_configure' from command line to 'False'
[0.138s] Level 5:colcon.colcon_core.verb:set package 'booster_interface' build argument 'ament_cmake_args' from command line to 'None'
[0.138s] Level 5:colcon.colcon_core.verb:set package 'booster_interface' build argument 'catkin_cmake_args' from command line to 'None'
[0.138s] Level 5:colcon.colcon_core.verb:set package 'booster_interface' build argument 'catkin_skip_building_tests' from command line to 'False'
[0.138s] DEBUG:colcon.colcon_core.verb:Building package 'booster_interface' with the following arguments: {'ament_cmake_args': None, 'build_base': '/workspace/hsl-player/build/booster_interface', 'catkin_cmake_args': None, 'catkin_skip_building_tests': False, 'cmake_args': ['-DCMAKE_BUILD_TYPE=Release'], 'cmake_clean_cache': False, 'cmake_clean_first': False, 'cmake_force_configure': False, 'cmake_target': None, 'cmake_target_skip_unavailable': False, 'install_base': '/workspace/hsl-player/install/booster_interface', 'merge_install': False, 'path': '/workspace/hsl-player/src/booster_ros2_interface', 'symlink_install': True, 'test_result_base': None}
[0.138s] Level 5:colcon.colcon_core.verb:set package 'booster_msgs' build argument 'cmake_args' from command line to '['-DCMAKE_BUILD_TYPE=Release']'
[0.138s] Level 5:colcon.colcon_core.verb:set package 'booster_msgs' build argument 'cmake_target' from command line to 'None'
[0.138s] Level 5:colcon.colcon_core.verb:set package 'booster_msgs' build argument 'cmake_target_skip_unavailable' from command line to 'False'
[0.138s] Level 5:colcon.colcon_core.verb:set package 'booster_msgs' build argument 'cmake_clean_cache' from command line to 'False'
[0.138s] Level 5:colcon.colcon_core.verb:set package 'booster_msgs' build argument 'cmake_clean_first' from command line to 'False'
[0.138s] Level 5:colcon.colcon_core.verb:set package 'booster_msgs' build argument 'cmake_force_configure' from command line to 'False'
[0.138s] Level 5:colcon.colcon_core.verb:set package 'booster_msgs' build argument 'ament_cmake_args' from command line to 'None'
[0.138s] Level 5:colcon.colcon_core.verb:set package 'booster_msgs' build argument 'catkin_cmake_args' from command line to 'None'
[0.138s] Level 5:colcon.colcon_core.verb:set package 'booster_msgs' build argument 'catkin_skip_building_tests' from command line to 'False'
[0.138s] DEBUG:colcon.colcon_core.verb:Building package 'booster_msgs' with the following arguments: {'ament_cmake_args': None, 'build_base': '/workspace/hsl-player/build/booster_msgs', 'catkin_cmake_args': None, 'catkin_skip_building_tests': False, 'cmake_args': ['-DCMAKE_BUILD_TYPE=Release'], 'cmake_clean_cache': False, 'cmake_clean_first': False, 'cmake_force_configure': False, 'cmake_target': None, 'cmake_target_skip_unavailable': False, 'install_base': '/workspace/hsl-player/install/booster_msgs', 'merge_install': False, 'path': '/workspace/hsl-player/src/booster_msgs', 'symlink_install': True, 'test_result_base': None}
[0.138s] Level 5:colcon.colcon_core.verb:set package 'game_controller_interface' build argument 'cmake_args' from command line to '['-DCMAKE_BUILD_TYPE=Release']'
[0.139s] Level 5:colcon.colcon_core.verb:set package 'game_controller_interface' build argument 'cmake_target' from command line to 'None'
[0.139s] Level 5:colcon.colcon_core.verb:set package 'game_controller_interface' build argument 'cmake_target_skip_unavailable' from command line to 'False'
[0.139s] Level 5:colcon.colcon_core.verb:set package 'game_controller_interface' build argument 'cmake_clean_cache' from command line to 'False'
[0.139s] Level 5:colcon.colcon_core.verb:set package 'game_controller_interface' build argument 'cmake_clean_first' from command line to 'False'
[0.139s] Level 5:colcon.colcon_core.verb:set package 'game_controller_interface' build argument 'cmake_force_configure' from command line to 'False'
[0.139s] Level 5:colcon.colcon_core.verb:set package 'game_controller_interface' build argument 'ament_cmake_args' from command line to 'None'
[0.139s] Level 5:colcon.colcon_core.verb:set package 'game_controller_interface' build argument 'catkin_cmake_args' from command line to 'None'
[0.139s] Level 5:colcon.colcon_core.verb:set package 'game_controller_interface' build argument 'catkin_skip_building_tests' from command line to 'False'
[0.139s] DEBUG:colcon.colcon_core.verb:Building package 'game_controller_interface' with the following arguments: {'ament_cmake_args': None, 'build_base': '/workspace/hsl-player/build/game_controller_interface', 'catkin_cmake_args': None, 'catkin_skip_building_tests': False, 'cmake_args': ['-DCMAKE_BUILD_TYPE=Release'], 'cmake_clean_cache': False, 'cmake_clean_first': False, 'cmake_force_configure': False, 'cmake_target': None, 'cmake_target_skip_unavailable': False, 'install_base': '/workspace/hsl-player/install/game_controller_interface', 'merge_install': False, 'path': '/workspace/hsl-player/src/robocup_ros2_interface/src/game_controller_interface', 'symlink_install': True, 'test_result_base': None}
[0.139s] Level 5:colcon.colcon_core.verb:set package 'sound_play' build argument 'cmake_args' from command line to '['-DCMAKE_BUILD_TYPE=Release']'
[0.139s] Level 5:colcon.colcon_core.verb:set package 'sound_play' build argument 'cmake_target' from command line to 'None'
[0.139s] Level 5:colcon.colcon_core.verb:set package 'sound_play' build argument 'cmake_target_skip_unavailable' from command line to 'False'
[0.139s] Level 5:colcon.colcon_core.verb:set package 'sound_play' build argument 'cmake_clean_cache' from command line to 'False'
[0.139s] Level 5:colcon.colcon_core.verb:set package 'sound_play' build argument 'cmake_clean_first' from command line to 'False'
[0.139s] Level 5:colcon.colcon_core.verb:set package 'sound_play' build argument 'cmake_force_configure' from command line to 'False'
[0.139s] Level 5:colcon.colcon_core.verb:set package 'sound_play' build argument 'ament_cmake_args' from command line to 'None'
[0.139s] Level 5:colcon.colcon_core.verb:set package 'sound_play' build argument 'catkin_cmake_args' from command line to 'None'
[0.139s] Level 5:colcon.colcon_core.verb:set package 'sound_play' build argument 'catkin_skip_building_tests' from command line to 'False'
[0.139s] DEBUG:colcon.colcon_core.verb:Building package 'sound_play' with the following arguments: {'ament_cmake_args': None, 'build_base': '/workspace/hsl-player/build/sound_play', 'catkin_cmake_args': None, 'catkin_skip_building_tests': False, 'cmake_args': ['-DCMAKE_BUILD_TYPE=Release'], 'cmake_clean_cache': False, 'cmake_clean_first': False, 'cmake_force_configure': False, 'cmake_target': None, 'cmake_target_skip_unavailable': False, 'install_base': '/workspace/hsl-player/install/sound_play', 'merge_install': False, 'path': '/workspace/hsl-player/src/sound_play', 'symlink_install': True, 'test_result_base': None}
[0.139s] Level 5:colcon.colcon_core.verb:set package 'vision_interface' build argument 'cmake_args' from command line to '['-DCMAKE_BUILD_TYPE=Release']'
[0.139s] Level 5:colcon.colcon_core.verb:set package 'vision_interface' build argument 'cmake_target' from command line to 'None'
[0.139s] Level 5:colcon.colcon_core.verb:set package 'vision_interface' build argument 'cmake_target_skip_unavailable' from command line to 'False'
[0.139s] Level 5:colcon.colcon_core.verb:set package 'vision_interface' build argument 'cmake_clean_cache' from command line to 'False'
[0.139s] Level 5:colcon.colcon_core.verb:set package 'vision_interface' build argument 'cmake_clean_first' from command line to 'False'
[0.139s] Level 5:colcon.colcon_core.verb:set package 'vision_interface' build argument 'cmake_force_configure' from command line to 'False'
[0.139s] Level 5:colcon.colcon_core.verb:set package 'vision_interface' build argument 'ament_cmake_args' from command line to 'None'
[0.139s] Level 5:colcon.colcon_core.verb:set package 'vision_interface' build argument 'catkin_cmake_args' from command line to 'None'
[0.139s] Level 5:colcon.colcon_core.verb:set package 'vision_interface' build argument 'catkin_skip_building_tests' from command line to 'False'
[0.139s] DEBUG:colcon.colcon_core.verb:Building package 'vision_interface' with the following arguments: {'ament_cmake_args': None, 'build_base': '/workspace/hsl-player/build/vision_interface', 'catkin_cmake_args': None, 'catkin_skip_building_tests': False, 'cmake_args': ['-DCMAKE_BUILD_TYPE=Release'], 'cmake_clean_cache': False, 'cmake_clean_first': False, 'cmake_force_configure': False, 'cmake_target': None, 'cmake_target_skip_unavailable': False, 'install_base': '/workspace/hsl-player/install/vision_interface', 'merge_install': False, 'path': '/workspace/hsl-player/src/robocup_ros2_interface/src/vision_interface', 'symlink_install': True, 'test_result_base': None}
[0.139s] Level 5:colcon.colcon_core.verb:set package 'brain' build argument 'cmake_args' from command line to '['-DCMAKE_BUILD_TYPE=Release']'
[0.139s] Level 5:colcon.colcon_core.verb:set package 'brain' build argument 'cmake_target' from command line to 'None'
[0.139s] Level 5:colcon.colcon_core.verb:set package 'brain' build argument 'cmake_target_skip_unavailable' from command line to 'False'
[0.139s] Level 5:colcon.colcon_core.verb:set package 'brain' build argument 'cmake_clean_cache' from command line to 'False'
[0.139s] Level 5:colcon.colcon_core.verb:set package 'brain' build argument 'cmake_clean_first' from command line to 'False'
[0.139s] Level 5:colcon.colcon_core.verb:set package 'brain' build argument 'cmake_force_configure' from command line to 'False'
[0.139s] Level 5:colcon.colcon_core.verb:set package 'brain' build argument 'ament_cmake_args' from command line to 'None'
[0.139s] Level 5:colcon.colcon_core.verb:set package 'brain' build argument 'catkin_cmake_args' from command line to 'None'
[0.139s] Level 5:colcon.colcon_core.verb:set package 'brain' build argument 'catkin_skip_building_tests' from command line to 'False'
[0.139s] DEBUG:colcon.colcon_core.verb:Building package 'brain' with the following arguments: {'ament_cmake_args': None, 'build_base': '/workspace/hsl-player/build/brain', 'catkin_cmake_args': None, 'catkin_skip_building_tests': False, 'cmake_args': ['-DCMAKE_BUILD_TYPE=Release'], 'cmake_clean_cache': False, 'cmake_clean_first': False, 'cmake_force_configure': False, 'cmake_target': None, 'cmake_target_skip_unavailable': False, 'install_base': '/workspace/hsl-player/install/brain', 'merge_install': False, 'path': '/workspace/hsl-player/src/brain', 'symlink_install': True, 'test_result_base': None}
[0.139s] Level 5:colcon.colcon_core.verb:set package 'game_controller' build argument 'cmake_args' from command line to '['-DCMAKE_BUILD_TYPE=Release']'
[0.139s] Level 5:colcon.colcon_core.verb:set package 'game_controller' build argument 'cmake_target' from command line to 'None'
[0.139s] Level 5:colcon.colcon_core.verb:set package 'game_controller' build argument 'cmake_target_skip_unavailable' from command line to 'False'
[0.139s] Level 5:colcon.colcon_core.verb:set package 'game_controller' build argument 'cmake_clean_cache' from command line to 'False'
[0.139s] Level 5:colcon.colcon_core.verb:set package 'game_controller' build argument 'cmake_clean_first' from command line to 'False'
[0.139s] Level 5:colcon.colcon_core.verb:set package 'game_controller' build argument 'cmake_force_configure' from command line to 'False'
[0.139s] Level 5:colcon.colcon_core.verb:set package 'game_controller' build argument 'ament_cmake_args' from command line to 'None'
[0.139s] Level 5:colcon.colcon_core.verb:set package 'game_controller' build argument 'catkin_cmake_args' from command line to 'None'
[0.139s] Level 5:colcon.colcon_core.verb:set package 'game_controller' build argument 'catkin_skip_building_tests' from command line to 'False'
[0.139s] DEBUG:colcon.colcon_core.verb:Building package 'game_controller' with the following arguments: {'ament_cmake_args': None, 'build_base': '/workspace/hsl-player/build/game_controller', 'catkin_cmake_args': None, 'catkin_skip_building_tests': False, 'cmake_args': ['-DCMAKE_BUILD_TYPE=Release'], 'cmake_clean_cache': False, 'cmake_clean_first': False, 'cmake_force_configure': False, 'cmake_target': None, 'cmake_target_skip_unavailable': False, 'install_base': '/workspace/hsl-player/install/game_controller', 'merge_install': False, 'path': '/workspace/hsl-player/src/game_controller', 'symlink_install': True, 'test_result_base': None}
[0.139s] INFO:colcon.colcon_core.executor:Executing jobs using 'parallel' executor
[0.140s] DEBUG:colcon.colcon_parallel_executor.executor.parallel:run_until_complete
[0.140s] INFO:colcon.colcon_ros.task.ament_cmake.build:Building ROS package in '/workspace/hsl-player/src/robocup_ros2_interface/src/game_controller_interface' with build type 'ament_cmake'
[0.140s] INFO:colcon.colcon_cmake.task.cmake.build:Building CMake package in '/workspace/hsl-player/src/robocup_ros2_interface/src/game_controller_interface'
[0.141s] INFO:colcon.colcon_core.plugin_system:Skipping extension 'colcon_core.shell.bat': Not used on non-Windows systems
[0.142s] INFO:colcon.colcon_core.shell:Skip shell extension 'powershell' for command environment: Not usable outside of PowerShell
[0.142s] DEBUG:colcon.colcon_core.shell:Skip shell extension 'dsv' for command environment
[0.144s] INFO:colcon.colcon_ros.task.ament_cmake.build:Building ROS package in '/workspace/hsl-player/src/booster_ros2_interface' with build type 'ament_cmake'
[0.144s] INFO:colcon.colcon_cmake.task.cmake.build:Building CMake package in '/workspace/hsl-player/src/booster_ros2_interface'
[0.144s] INFO:colcon.colcon_core.shell:Skip shell extension 'powershell' for command environment: Not usable outside of PowerShell
[0.144s] DEBUG:colcon.colcon_core.shell:Skip shell extension 'dsv' for command environment
[0.146s] INFO:colcon.colcon_ros.task.ament_cmake.build:Building ROS package in '/workspace/hsl-player/src/booster_msgs' with build type 'ament_cmake'
[0.146s] INFO:colcon.colcon_cmake.task.cmake.build:Building CMake package in '/workspace/hsl-player/src/booster_msgs'
[0.146s] INFO:colcon.colcon_core.shell:Skip shell extension 'powershell' for command environment: Not usable outside of PowerShell
[0.146s] DEBUG:colcon.colcon_core.shell:Skip shell extension 'dsv' for command environment
[0.147s] INFO:colcon.colcon_ros.task.ament_cmake.build:Building ROS package in '/workspace/hsl-player/src/robocup_ros2_interface/src/vision_interface' with build type 'ament_cmake'
[0.147s] INFO:colcon.colcon_cmake.task.cmake.build:Building CMake package in '/workspace/hsl-player/src/robocup_ros2_interface/src/vision_interface'
[0.147s] INFO:colcon.colcon_core.shell:Skip shell extension 'powershell' for command environment: Not usable outside of PowerShell
[0.147s] DEBUG:colcon.colcon_core.shell:Skip shell extension 'dsv' for command environment
[0.149s] INFO:colcon.colcon_ros.task.ament_python.build:Building ROS package in '/workspace/hsl-player/src/sound_play' with build type 'ament_python'
[0.149s] Level 1:colcon.colcon_core.shell:create_environment_hook('sound_play', 'ament_prefix_path')
[0.149s] INFO:colcon.colcon_core.shell:Creating environment hook '/workspace/hsl-player/install/sound_play/share/sound_play/hook/ament_prefix_path.ps1'
[0.150s] INFO:colcon.colcon_core.shell:Creating environment descriptor '/workspace/hsl-player/install/sound_play/share/sound_play/hook/ament_prefix_path.dsv'
[0.150s] INFO:colcon.colcon_core.shell:Creating environment hook '/workspace/hsl-player/install/sound_play/share/sound_play/hook/ament_prefix_path.sh'
[0.150s] INFO:colcon.colcon_core.shell:Skip shell extension 'powershell' for command environment: Not usable outside of PowerShell
[0.150s] DEBUG:colcon.colcon_core.shell:Skip shell extension 'dsv' for command environment
[0.153s] DEBUG:colcon.colcon_core.event_handler.log_command:Invoking command in '/workspace/hsl-player/build/game_controller_interface': CMAKE_PREFIX_PATH=${CMAKE_PREFIX_PATH}:/workspace/hsl-player/install/sound_play:/opt/ros/humble PS1=\[\e]0;\u@\h: \w\a\]${debian_chroot:+($debian_chroot)}\u@\h:\w\$ /usr/bin/cmake --build /workspace/hsl-player/build/game_controller_interface -- -j20 -l20
[0.155s] DEBUG:colcon.colcon_core.event_handler.log_command:Invoking command in '/workspace/hsl-player/build/booster_interface': CMAKE_PREFIX_PATH=${CMAKE_PREFIX_PATH}:/workspace/hsl-player/install/sound_play:/opt/ros/humble PS1=\[\e]0;\u@\h: \w\a\]${debian_chroot:+($debian_chroot)}\u@\h:\w\$ /usr/bin/cmake --build /workspace/hsl-player/build/booster_interface -- -j20 -l20
[0.155s] DEBUG:colcon.colcon_core.event_handler.log_command:Invoking command in '/workspace/hsl-player/build/booster_msgs': CMAKE_PREFIX_PATH=${CMAKE_PREFIX_PATH}:/workspace/hsl-player/install/sound_play:/opt/ros/humble PS1=\[\e]0;\u@\h: \w\a\]${debian_chroot:+($debian_chroot)}\u@\h:\w\$ /usr/bin/cmake --build /workspace/hsl-player/build/booster_msgs -- -j20 -l20
[0.162s] DEBUG:colcon.colcon_core.event_handler.log_command:Invoking command in '/workspace/hsl-player/build/vision_interface': CMAKE_PREFIX_PATH=${CMAKE_PREFIX_PATH}:/workspace/hsl-player/install/sound_play:/opt/ros/humble PS1=\[\e]0;\u@\h: \w\a\]${debian_chroot:+($debian_chroot)}\u@\h:\w\$ /usr/bin/cmake --build /workspace/hsl-player/build/vision_interface -- -j20 -l20
[0.338s] INFO:colcon.colcon_core.task.python.build:Building Python package in '/workspace/hsl-player/src/sound_play'
[0.338s] INFO:colcon.colcon_core.shell:Skip shell extension 'powershell' for command environment: Not usable outside of PowerShell
[0.338s] DEBUG:colcon.colcon_core.shell:Skip shell extension 'dsv' for command environment
[0.369s] DEBUG:colcon.colcon_core.event_handler.log_command:Invoked command in '/workspace/hsl-player/build/game_controller_interface' returned '0': CMAKE_PREFIX_PATH=${CMAKE_PREFIX_PATH}:/workspace/hsl-player/install/sound_play:/opt/ros/humble PS1=\[\e]0;\u@\h: \w\a\]${debian_chroot:+($debian_chroot)}\u@\h:\w\$ /usr/bin/cmake --build /workspace/hsl-player/build/game_controller_interface -- -j20 -l20
[0.376s] DEBUG:colcon.colcon_core.event_handler.log_command:Invoking command in '/workspace/hsl-player/build/game_controller_interface': CMAKE_PREFIX_PATH=${CMAKE_PREFIX_PATH}:/workspace/hsl-player/install/sound_play:/opt/ros/humble PS1=\[\e]0;\u@\h: \w\a\]${debian_chroot:+($debian_chroot)}\u@\h:\w\$ /usr/bin/cmake --install /workspace/hsl-player/build/game_controller_interface
[0.377s] DEBUG:colcon.colcon_core.event_handler.log_command:Invoked command in '/workspace/hsl-player/build/booster_interface' returned '0': CMAKE_PREFIX_PATH=${CMAKE_PREFIX_PATH}:/workspace/hsl-player/install/sound_play:/opt/ros/humble PS1=\[\e]0;\u@\h: \w\a\]${debian_chroot:+($debian_chroot)}\u@\h:\w\$ /usr/bin/cmake --build /workspace/hsl-player/build/booster_interface -- -j20 -l20
[0.378s] DEBUG:colcon.colcon_core.event_handler.log_command:Invoking command in '/workspace/hsl-player/build/booster_interface': CMAKE_PREFIX_PATH=${CMAKE_PREFIX_PATH}:/workspace/hsl-player/install/sound_play:/opt/ros/humble PS1=\[\e]0;\u@\h: \w\a\]${debian_chroot:+($debian_chroot)}\u@\h:\w\$ /usr/bin/cmake --install /workspace/hsl-player/build/booster_interface
[0.381s] DEBUG:colcon.colcon_core.event_handler.log_command:Invoked command in '/workspace/hsl-player/build/vision_interface' returned '0': CMAKE_PREFIX_PATH=${CMAKE_PREFIX_PATH}:/workspace/hsl-player/install/sound_play:/opt/ros/humble PS1=\[\e]0;\u@\h: \w\a\]${debian_chroot:+($debian_chroot)}\u@\h:\w\$ /usr/bin/cmake --build /workspace/hsl-player/build/vision_interface -- -j20 -l20
[0.382s] DEBUG:colcon.colcon_core.event_handler.log_command:Invoking command in '/workspace/hsl-player/build/vision_interface': CMAKE_PREFIX_PATH=${CMAKE_PREFIX_PATH}:/workspace/hsl-player/install/sound_play:/opt/ros/humble PS1=\[\e]0;\u@\h: \w\a\]${debian_chroot:+($debian_chroot)}\u@\h:\w\$ /usr/bin/cmake --install /workspace/hsl-player/build/vision_interface
[0.405s] DEBUG:colcon.colcon_core.event_handler.log_command:Invoked command in '/workspace/hsl-player/build/booster_msgs' returned '0': CMAKE_PREFIX_PATH=${CMAKE_PREFIX_PATH}:/workspace/hsl-player/install/sound_play:/opt/ros/humble PS1=\[\e]0;\u@\h: \w\a\]${debian_chroot:+($debian_chroot)}\u@\h:\w\$ /usr/bin/cmake --build /workspace/hsl-player/build/booster_msgs -- -j20 -l20
[0.406s] DEBUG:colcon.colcon_core.event_handler.log_command:Invoking command in '/workspace/hsl-player/build/booster_msgs': CMAKE_PREFIX_PATH=${CMAKE_PREFIX_PATH}:/workspace/hsl-player/install/sound_play:/opt/ros/humble PS1=\[\e]0;\u@\h: \w\a\]${debian_chroot:+($debian_chroot)}\u@\h:\w\$ /usr/bin/cmake --install /workspace/hsl-player/build/booster_msgs
[0.415s] Level 1:colcon.colcon_core.environment:create_environment_scripts_only(game_controller_interface)
[0.415s] DEBUG:colcon.colcon_core.event_handler.log_command:Invoked command in '/workspace/hsl-player/build/game_controller_interface' returned '0': CMAKE_PREFIX_PATH=${CMAKE_PREFIX_PATH}:/workspace/hsl-player/install/sound_play:/opt/ros/humble PS1=\[\e]0;\u@\h: \w\a\]${debian_chroot:+($debian_chroot)}\u@\h:\w\$ /usr/bin/cmake --install /workspace/hsl-player/build/game_controller_interface
[0.417s] Level 1:colcon.colcon_core.environment:checking '/workspace/hsl-player/install/game_controller_interface' for CMake module files
[0.417s] Level 1:colcon.colcon_core.environment:checking '/workspace/hsl-player/install/game_controller_interface' for CMake config files
[0.418s] Level 1:colcon.colcon_core.shell:create_environment_hook('game_controller_interface', 'cmake_prefix_path')
[0.418s] INFO:colcon.colcon_core.shell:Creating environment hook '/workspace/hsl-player/install/game_controller_interface/share/game_controller_interface/hook/cmake_prefix_path.ps1'
[0.418s] INFO:colcon.colcon_core.shell:Creating environment descriptor '/workspace/hsl-player/install/game_controller_interface/share/game_controller_interface/hook/cmake_prefix_path.dsv'
[0.418s] INFO:colcon.colcon_core.shell:Creating environment hook '/workspace/hsl-player/install/game_controller_interface/share/game_controller_interface/hook/cmake_prefix_path.sh'
[0.419s] Level 1:colcon.colcon_core.environment:checking '/workspace/hsl-player/install/game_controller_interface/lib'
[0.419s] Level 1:colcon.colcon_core.shell:create_environment_hook('game_controller_interface', 'ld_library_path_lib')
[0.419s] INFO:colcon.colcon_core.shell:Creating environment hook '/workspace/hsl-player/install/game_controller_interface/share/game_controller_interface/hook/ld_library_path_lib.ps1'
[0.419s] INFO:colcon.colcon_core.shell:Creating environment descriptor '/workspace/hsl-player/install/game_controller_interface/share/game_controller_interface/hook/ld_library_path_lib.dsv'
[0.419s] INFO:colcon.colcon_core.shell:Creating environment hook '/workspace/hsl-player/install/game_controller_interface/share/game_controller_interface/hook/ld_library_path_lib.sh'
[0.419s] Level 1:colcon.colcon_core.environment:checking '/workspace/hsl-player/install/game_controller_interface/bin'
[0.419s] Level 1:colcon.colcon_core.environment:checking '/workspace/hsl-player/install/game_controller_interface/lib/pkgconfig/game_controller_interface.pc'
[0.419s] Level 1:colcon.colcon_core.environment:checking '/workspace/hsl-player/install/game_controller_interface/lib/python3.10/site-packages'
[0.419s] Level 1:colcon.colcon_core.environment:checking '/workspace/hsl-player/install/game_controller_interface/bin'
[0.420s] INFO:colcon.colcon_core.shell:Creating package script '/workspace/hsl-player/install/game_controller_interface/share/game_controller_interface/package.ps1'
[0.421s] INFO:colcon.colcon_core.shell:Creating package descriptor '/workspace/hsl-player/install/game_controller_interface/share/game_controller_interface/package.dsv'
[0.421s] INFO:colcon.colcon_core.shell:Creating package script '/workspace/hsl-player/install/game_controller_interface/share/game_controller_interface/package.sh'
[0.422s] INFO:colcon.colcon_core.shell:Creating package script '/workspace/hsl-player/install/game_controller_interface/share/game_controller_interface/package.bash'
[0.423s] INFO:colcon.colcon_core.shell:Creating package script '/workspace/hsl-player/install/game_controller_interface/share/game_controller_interface/package.zsh'
[0.425s] Level 1:colcon.colcon_core.environment:create_file_with_runtime_dependencies(/workspace/hsl-player/install/game_controller_interface/share/colcon-core/packages/game_controller_interface)
[0.425s] Level 1:colcon.colcon_core.environment:create_environment_scripts_only(game_controller_interface)
[0.425s] Level 1:colcon.colcon_core.environment:checking '/workspace/hsl-player/install/game_controller_interface' for CMake module files
[0.426s] Level 1:colcon.colcon_core.environment:checking '/workspace/hsl-player/install/game_controller_interface' for CMake config files
[0.427s] Level 1:colcon.colcon_core.shell:create_environment_hook('game_controller_interface', 'cmake_prefix_path')
[0.427s] INFO:colcon.colcon_core.shell:Creating environment hook '/workspace/hsl-player/install/game_controller_interface/share/game_controller_interface/hook/cmake_prefix_path.ps1'
[0.427s] INFO:colcon.colcon_core.shell:Creating environment descriptor '/workspace/hsl-player/install/game_controller_interface/share/game_controller_interface/hook/cmake_prefix_path.dsv'
[0.427s] INFO:colcon.colcon_core.shell:Creating environment hook '/workspace/hsl-player/install/game_controller_interface/share/game_controller_interface/hook/cmake_prefix_path.sh'
[0.427s] Level 1:colcon.colcon_core.environment:checking '/workspace/hsl-player/install/game_controller_interface/lib'
[0.427s] Level 1:colcon.colcon_core.shell:create_environment_hook('game_controller_interface', 'ld_library_path_lib')
[0.427s] INFO:colcon.colcon_core.shell:Creating environment hook '/workspace/hsl-player/install/game_controller_interface/share/game_controller_interface/hook/ld_library_path_lib.ps1'
[0.428s] INFO:colcon.colcon_core.shell:Creating environment descriptor '/workspace/hsl-player/install/game_controller_interface/share/game_controller_interface/hook/ld_library_path_lib.dsv'
[0.428s] INFO:colcon.colcon_core.shell:Creating environment hook '/workspace/hsl-player/install/game_controller_interface/share/game_controller_interface/hook/ld_library_path_lib.sh'
[0.428s] Level 1:colcon.colcon_core.environment:checking '/workspace/hsl-player/install/game_controller_interface/bin'
[0.428s] Level 1:colcon.colcon_core.environment:checking '/workspace/hsl-player/install/game_controller_interface/lib/pkgconfig/game_controller_interface.pc'
[0.428s] Level 1:colcon.colcon_core.environment:checking '/workspace/hsl-player/install/game_controller_interface/lib/python3.10/site-packages'
[0.428s] Level 1:colcon.colcon_core.environment:checking '/workspace/hsl-player/install/game_controller_interface/bin'
[0.428s] INFO:colcon.colcon_core.shell:Creating package script '/workspace/hsl-player/install/game_controller_interface/share/game_controller_interface/package.ps1'
[0.428s] INFO:colcon.colcon_core.shell:Creating package descriptor '/workspace/hsl-player/install/game_controller_interface/share/game_controller_interface/package.dsv'
[0.429s] INFO:colcon.colcon_core.shell:Creating package script '/workspace/hsl-player/install/game_controller_interface/share/game_controller_interface/package.sh'
[0.429s] INFO:colcon.colcon_core.shell:Creating package script '/workspace/hsl-player/install/game_controller_interface/share/game_controller_interface/package.bash'
[0.429s] INFO:colcon.colcon_core.shell:Creating package script '/workspace/hsl-player/install/game_controller_interface/share/game_controller_interface/package.zsh'
[0.429s] Level 1:colcon.colcon_core.environment:create_file_with_runtime_dependencies(/workspace/hsl-player/install/game_controller_interface/share/colcon-core/packages/game_controller_interface)
[0.429s] INFO:colcon.colcon_ros.task.ament_cmake.build:Building ROS package in '/workspace/hsl-player/src/game_controller' with build type 'ament_cmake'
[0.429s] INFO:colcon.colcon_cmake.task.cmake.build:Building CMake package in '/workspace/hsl-player/src/game_controller'
[0.430s] INFO:colcon.colcon_core.shell:Skip shell extension 'powershell' for command environment: Not usable outside of PowerShell
[0.430s] DEBUG:colcon.colcon_core.shell:Skip shell extension 'dsv' for command environment
[0.432s] Level 1:colcon.colcon_core.environment:create_environment_scripts_only(vision_interface)
[0.432s] DEBUG:colcon.colcon_core.event_handler.log_command:Invoked command in '/workspace/hsl-player/build/vision_interface' returned '0': CMAKE_PREFIX_PATH=${CMAKE_PREFIX_PATH}:/workspace/hsl-player/install/sound_play:/opt/ros/humble PS1=\[\e]0;\u@\h: \w\a\]${debian_chroot:+($debian_chroot)}\u@\h:\w\$ /usr/bin/cmake --install /workspace/hsl-player/build/vision_interface
[0.432s] Level 1:colcon.colcon_core.environment:checking '/workspace/hsl-player/install/vision_interface' for CMake module files
[0.432s] Level 1:colcon.colcon_core.environment:checking '/workspace/hsl-player/install/vision_interface' for CMake config files
[0.432s] Level 1:colcon.colcon_core.shell:create_environment_hook('vision_interface', 'cmake_prefix_path')
[0.433s] INFO:colcon.colcon_core.shell:Creating environment hook '/workspace/hsl-player/install/vision_interface/share/vision_interface/hook/cmake_prefix_path.ps1'
[0.433s] INFO:colcon.colcon_core.shell:Creating environment descriptor '/workspace/hsl-player/install/vision_interface/share/vision_interface/hook/cmake_prefix_path.dsv'
[0.433s] INFO:colcon.colcon_core.shell:Creating environment hook '/workspace/hsl-player/install/vision_interface/share/vision_interface/hook/cmake_prefix_path.sh'
[0.433s] Level 1:colcon.colcon_core.environment:checking '/workspace/hsl-player/install/vision_interface/lib'
[0.433s] Level 1:colcon.colcon_core.shell:create_environment_hook('vision_interface', 'ld_library_path_lib')
[0.433s] INFO:colcon.colcon_core.shell:Creating environment hook '/workspace/hsl-player/install/vision_interface/share/vision_interface/hook/ld_library_path_lib.ps1'
[0.433s] INFO:colcon.colcon_core.shell:Creating environment descriptor '/workspace/hsl-player/install/vision_interface/share/vision_interface/hook/ld_library_path_lib.dsv'
[0.433s] INFO:colcon.colcon_core.shell:Creating environment hook '/workspace/hsl-player/install/vision_interface/share/vision_interface/hook/ld_library_path_lib.sh'
[0.434s] Level 1:colcon.colcon_core.environment:checking '/workspace/hsl-player/install/vision_interface/bin'
[0.434s] Level 1:colcon.colcon_core.environment:checking '/workspace/hsl-player/install/vision_interface/lib/pkgconfig/vision_interface.pc'
[0.434s] Level 1:colcon.colcon_core.environment:checking '/workspace/hsl-player/install/vision_interface/lib/python3.10/site-packages'
[0.434s] Level 1:colcon.colcon_core.environment:checking '/workspace/hsl-player/install/vision_interface/bin'
[0.434s] INFO:colcon.colcon_core.shell:Creating package script '/workspace/hsl-player/install/vision_interface/share/vision_interface/package.ps1'
[0.434s] INFO:colcon.colcon_core.shell:Creating package descriptor '/workspace/hsl-player/install/vision_interface/share/vision_interface/package.dsv'
[0.434s] INFO:colcon.colcon_core.shell:Creating package script '/workspace/hsl-player/install/vision_interface/share/vision_interface/package.sh'
[0.435s] INFO:colcon.colcon_core.shell:Creating package script '/workspace/hsl-player/install/vision_interface/share/vision_interface/package.bash'
[0.435s] INFO:colcon.colcon_core.shell:Creating package script '/workspace/hsl-player/install/vision_interface/share/vision_interface/package.zsh'
[0.435s] Level 1:colcon.colcon_core.environment:create_file_with_runtime_dependencies(/workspace/hsl-player/install/vision_interface/share/colcon-core/packages/vision_interface)
[0.435s] Level 1:colcon.colcon_core.environment:create_environment_scripts_only(vision_interface)
[0.435s] Level 1:colcon.colcon_core.environment:checking '/workspace/hsl-player/install/vision_interface' for CMake module files
[0.436s] Level 1:colcon.colcon_core.environment:checking '/workspace/hsl-player/install/vision_interface' for CMake config files
[0.436s] Level 1:colcon.colcon_core.shell:create_environment_hook('vision_interface', 'cmake_prefix_path')
[0.436s] INFO:colcon.colcon_core.shell:Creating environment hook '/workspace/hsl-player/install/vision_interface/share/vision_interface/hook/cmake_prefix_path.ps1'
[0.436s] INFO:colcon.colcon_core.shell:Creating environment descriptor '/workspace/hsl-player/install/vision_interface/share/vision_interface/hook/cmake_prefix_path.dsv'
[0.436s] INFO:colcon.colcon_core.shell:Creating environment hook '/workspace/hsl-player/install/vision_interface/share/vision_interface/hook/cmake_prefix_path.sh'
[0.437s] Level 1:colcon.colcon_core.environment:checking '/workspace/hsl-player/install/vision_interface/lib'
[0.437s] Level 1:colcon.colcon_core.shell:create_environment_hook('vision_interface', 'ld_library_path_lib')
[0.437s] INFO:colcon.colcon_core.shell:Creating environment hook '/workspace/hsl-player/install/vision_interface/share/vision_interface/hook/ld_library_path_lib.ps1'
[0.437s] INFO:colcon.colcon_core.shell:Creating environment descriptor '/workspace/hsl-player/install/vision_interface/share/vision_interface/hook/ld_library_path_lib.dsv'
[0.437s] INFO:colcon.colcon_core.shell:Creating environment hook '/workspace/hsl-player/install/vision_interface/share/vision_interface/hook/ld_library_path_lib.sh'
[0.437s] Level 1:colcon.colcon_core.environment:checking '/workspace/hsl-player/install/vision_interface/bin'
[0.437s] Level 1:colcon.colcon_core.environment:checking '/workspace/hsl-player/install/vision_interface/lib/pkgconfig/vision_interface.pc'
[0.437s] Level 1:colcon.colcon_core.environment:checking '/workspace/hsl-player/install/vision_interface/lib/python3.10/site-packages'
[0.437s] Level 1:colcon.colcon_core.environment:checking '/workspace/hsl-player/install/vision_interface/bin'
[0.438s] INFO:colcon.colcon_core.shell:Creating package script '/workspace/hsl-player/install/vision_interface/share/vision_interface/package.ps1'
[0.438s] INFO:colcon.colcon_core.shell:Creating package descriptor '/workspace/hsl-player/install/vision_interface/share/vision_interface/package.dsv'
[0.438s] INFO:colcon.colcon_core.shell:Creating package script '/workspace/hsl-player/install/vision_interface/share/vision_interface/package.sh'
[0.438s] INFO:colcon.colcon_core.shell:Creating package script '/workspace/hsl-player/install/vision_interface/share/vision_interface/package.bash'
[0.438s] INFO:colcon.colcon_core.shell:Creating package script '/workspace/hsl-player/install/vision_interface/share/vision_interface/package.zsh'
[0.438s] Level 1:colcon.colcon_core.environment:create_file_with_runtime_dependencies(/workspace/hsl-player/install/vision_interface/share/colcon-core/packages/vision_interface)
[0.439s] Level 1:colcon.colcon_core.environment:create_environment_scripts_only(booster_interface)
[0.439s] Level 1:colcon.colcon_core.environment:checking '/workspace/hsl-player/install/booster_interface' for CMake module files
[0.439s] DEBUG:colcon.colcon_core.event_handler.log_command:Invoked command in '/workspace/hsl-player/build/booster_interface' returned '0': CMAKE_PREFIX_PATH=${CMAKE_PREFIX_PATH}:/workspace/hsl-player/install/sound_play:/opt/ros/humble PS1=\[\e]0;\u@\h: \w\a\]${debian_chroot:+($debian_chroot)}\u@\h:\w\$ /usr/bin/cmake --install /workspace/hsl-player/build/booster_interface
[0.440s] Level 1:colcon.colcon_core.environment:checking '/workspace/hsl-player/install/booster_interface' for CMake config files
[0.440s] Level 1:colcon.colcon_core.shell:create_environment_hook('booster_interface', 'cmake_prefix_path')
[0.441s] INFO:colcon.colcon_core.shell:Creating environment hook '/workspace/hsl-player/install/booster_interface/share/booster_interface/hook/cmake_prefix_path.ps1'
[0.441s] INFO:colcon.colcon_core.shell:Creating environment descriptor '/workspace/hsl-player/install/booster_interface/share/booster_interface/hook/cmake_prefix_path.dsv'
[0.441s] INFO:colcon.colcon_core.shell:Creating environment hook '/workspace/hsl-player/install/booster_interface/share/booster_interface/hook/cmake_prefix_path.sh'
[0.441s] Level 1:colcon.colcon_core.environment:checking '/workspace/hsl-player/install/booster_interface/lib'
[0.441s] Level 1:colcon.colcon_core.shell:create_environment_hook('booster_interface', 'ld_library_path_lib')
[0.441s] INFO:colcon.colcon_core.shell:Creating environment hook '/workspace/hsl-player/install/booster_interface/share/booster_interface/hook/ld_library_path_lib.ps1'
[0.441s] INFO:colcon.colcon_core.shell:Creating environment descriptor '/workspace/hsl-player/install/booster_interface/share/booster_interface/hook/ld_library_path_lib.dsv'
[0.441s] INFO:colcon.colcon_core.shell:Creating environment hook '/workspace/hsl-player/install/booster_interface/share/booster_interface/hook/ld_library_path_lib.sh'
[0.442s] Level 1:colcon.colcon_core.environment:checking '/workspace/hsl-player/install/booster_interface/bin'
[0.442s] Level 1:colcon.colcon_core.environment:checking '/workspace/hsl-player/install/booster_interface/lib/pkgconfig/booster_interface.pc'
[0.442s] Level 1:colcon.colcon_core.environment:checking '/workspace/hsl-player/install/booster_interface/lib/python3.10/site-packages'
[0.442s] Level 1:colcon.colcon_core.environment:checking '/workspace/hsl-player/install/booster_interface/bin'
[0.442s] INFO:colcon.colcon_core.shell:Creating package script '/workspace/hsl-player/install/booster_interface/share/booster_interface/package.ps1'
[0.442s] INFO:colcon.colcon_core.shell:Creating package descriptor '/workspace/hsl-player/install/booster_interface/share/booster_interface/package.dsv'
[0.443s] INFO:colcon.colcon_core.shell:Creating package script '/workspace/hsl-player/install/booster_interface/share/booster_interface/package.sh'
[0.443s] INFO:colcon.colcon_core.shell:Creating package script '/workspace/hsl-player/install/booster_interface/share/booster_interface/package.bash'
[0.443s] INFO:colcon.colcon_core.shell:Creating package script '/workspace/hsl-player/install/booster_interface/share/booster_interface/package.zsh'
[0.444s] Level 1:colcon.colcon_core.environment:create_file_with_runtime_dependencies(/workspace/hsl-player/install/booster_interface/share/colcon-core/packages/booster_interface)
[0.444s] Level 1:colcon.colcon_core.environment:create_environment_scripts_only(booster_interface)
[0.444s] Level 1:colcon.colcon_core.environment:checking '/workspace/hsl-player/install/booster_interface' for CMake module files
[0.445s] Level 1:colcon.colcon_core.environment:checking '/workspace/hsl-player/install/booster_interface' for CMake config files
[0.446s] Level 1:colcon.colcon_core.shell:create_environment_hook('booster_interface', 'cmake_prefix_path')
[0.446s] INFO:colcon.colcon_core.shell:Creating environment hook '/workspace/hsl-player/install/booster_interface/share/booster_interface/hook/cmake_prefix_path.ps1'
[0.446s] INFO:colcon.colcon_core.shell:Creating environment descriptor '/workspace/hsl-player/install/booster_interface/share/booster_interface/hook/cmake_prefix_path.dsv'
[0.446s] INFO:colcon.colcon_core.shell:Creating environment hook '/workspace/hsl-player/install/booster_interface/share/booster_interface/hook/cmake_prefix_path.sh'
[0.446s] Level 1:colcon.colcon_core.environment:checking '/workspace/hsl-player/install/booster_interface/lib'
[0.446s] Level 1:colcon.colcon_core.shell:create_environment_hook('booster_interface', 'ld_library_path_lib')
[0.446s] INFO:colcon.colcon_core.shell:Creating environment hook '/workspace/hsl-player/install/booster_interface/share/booster_interface/hook/ld_library_path_lib.ps1'
[0.447s] INFO:colcon.colcon_core.shell:Creating environment descriptor '/workspace/hsl-player/install/booster_interface/share/booster_interface/hook/ld_library_path_lib.dsv'
[0.447s] INFO:colcon.colcon_core.shell:Creating environment hook '/workspace/hsl-player/install/booster_interface/share/booster_interface/hook/ld_library_path_lib.sh'
[0.447s] Level 1:colcon.colcon_core.environment:checking '/workspace/hsl-player/install/booster_interface/bin'
[0.447s] Level 1:colcon.colcon_core.environment:checking '/workspace/hsl-player/install/booster_interface/lib/pkgconfig/booster_interface.pc'
[0.447s] Level 1:colcon.colcon_core.environment:checking '/workspace/hsl-player/install/booster_interface/lib/python3.10/site-packages'
[0.447s] Level 1:colcon.colcon_core.environment:checking '/workspace/hsl-player/install/booster_interface/bin'
[0.447s] INFO:colcon.colcon_core.shell:Creating package script '/workspace/hsl-player/install/booster_interface/share/booster_interface/package.ps1'
[0.448s] INFO:colcon.colcon_core.shell:Creating package descriptor '/workspace/hsl-player/install/booster_interface/share/booster_interface/package.dsv'
[0.448s] INFO:colcon.colcon_core.shell:Creating package script '/workspace/hsl-player/install/booster_interface/share/booster_interface/package.sh'
[0.448s] INFO:colcon.colcon_core.shell:Creating package script '/workspace/hsl-player/install/booster_interface/share/booster_interface/package.bash'
[0.448s] INFO:colcon.colcon_core.shell:Creating package script '/workspace/hsl-player/install/booster_interface/share/booster_interface/package.zsh'
[0.448s] Level 1:colcon.colcon_core.environment:create_file_with_runtime_dependencies(/workspace/hsl-player/install/booster_interface/share/colcon-core/packages/booster_interface)
[0.450s] Level 1:colcon.colcon_core.environment:create_environment_scripts_only(booster_msgs)
[0.450s] Level 1:colcon.colcon_core.environment:checking '/workspace/hsl-player/install/booster_msgs' for CMake module files
[0.450s] DEBUG:colcon.colcon_core.event_handler.log_command:Invoking command in '/workspace/hsl-player/build/game_controller': CMAKE_PREFIX_PATH=/workspace/hsl-player/install/game_controller_interface:/workspace/hsl-player/install/vision_interface:/workspace/hsl-player/install/game_controller:/workspace/hsl-player/install/booster_msgs:/workspace/hsl-player/install/booster_interface:/workspace/hsl-player/install/sound_play:/opt/ros/humble LD_LIBRARY_PATH=/workspace/hsl-player/install/game_controller_interface/lib:/workspace/hsl-player/install/vision_interface/lib:/workspace/hsl-player/install/booster_msgs/lib:/workspace/hsl-player/install/booster_interface/lib:/opt/ros/humble/opt/rviz_ogre_vendor/lib:/opt/ros/humble/lib/x86_64-linux-gnu:/opt/ros/humble/lib PS1=\[\e]0;\u@\h: \w\a\]${debian_chroot:+($debian_chroot)}\u@\h:\w\$ /usr/bin/cmake --build /workspace/hsl-player/build/game_controller -- -j20 -l20
[0.451s] DEBUG:colcon.colcon_core.event_handler.log_command:Invoked command in '/workspace/hsl-player/build/booster_msgs' returned '0': CMAKE_PREFIX_PATH=${CMAKE_PREFIX_PATH}:/workspace/hsl-player/install/sound_play:/opt/ros/humble PS1=\[\e]0;\u@\h: \w\a\]${debian_chroot:+($debian_chroot)}\u@\h:\w\$ /usr/bin/cmake --install /workspace/hsl-player/build/booster_msgs
[0.451s] Level 1:colcon.colcon_core.environment:checking '/workspace/hsl-player/install/booster_msgs' for CMake config files
[0.451s] Level 1:colcon.colcon_core.shell:create_environment_hook('booster_msgs', 'cmake_prefix_path')
[0.451s] INFO:colcon.colcon_core.shell:Creating environment hook '/workspace/hsl-player/install/booster_msgs/share/booster_msgs/hook/cmake_prefix_path.ps1'
[0.451s] INFO:colcon.colcon_core.shell:Creating environment descriptor '/workspace/hsl-player/install/booster_msgs/share/booster_msgs/hook/cmake_prefix_path.dsv'
[0.451s] INFO:colcon.colcon_core.shell:Creating environment hook '/workspace/hsl-player/install/booster_msgs/share/booster_msgs/hook/cmake_prefix_path.sh'
[0.452s] Level 1:colcon.colcon_core.environment:checking '/workspace/hsl-player/install/booster_msgs/lib'
[0.452s] Level 1:colcon.colcon_core.shell:create_environment_hook('booster_msgs', 'ld_library_path_lib')
[0.452s] INFO:colcon.colcon_core.shell:Creating environment hook '/workspace/hsl-player/install/booster_msgs/share/booster_msgs/hook/ld_library_path_lib.ps1'
[0.452s] INFO:colcon.colcon_core.shell:Creating environment descriptor '/workspace/hsl-player/install/booster_msgs/share/booster_msgs/hook/ld_library_path_lib.dsv'
[0.452s] INFO:colcon.colcon_core.shell:Creating environment hook '/workspace/hsl-player/install/booster_msgs/share/booster_msgs/hook/ld_library_path_lib.sh'
[0.452s] Level 1:colcon.colcon_core.environment:checking '/workspace/hsl-player/install/booster_msgs/bin'
[0.452s] Level 1:colcon.colcon_core.environment:checking '/workspace/hsl-player/install/booster_msgs/lib/pkgconfig/booster_msgs.pc'
[0.452s] Level 1:colcon.colcon_core.environment:checking '/workspace/hsl-player/install/booster_msgs/lib/python3.10/site-packages'
[0.452s] Level 1:colcon.colcon_core.environment:checking '/workspace/hsl-player/install/booster_msgs/bin'
[0.453s] INFO:colcon.colcon_core.shell:Creating package script '/workspace/hsl-player/install/booster_msgs/share/booster_msgs/package.ps1'
[0.453s] INFO:colcon.colcon_core.shell:Creating package descriptor '/workspace/hsl-player/install/booster_msgs/share/booster_msgs/package.dsv'
[0.453s] INFO:colcon.colcon_core.shell:Creating package script '/workspace/hsl-player/install/booster_msgs/share/booster_msgs/package.sh'
[0.453s] INFO:colcon.colcon_core.shell:Creating package script '/workspace/hsl-player/install/booster_msgs/share/booster_msgs/package.bash'
[0.453s] INFO:colcon.colcon_core.shell:Creating package script '/workspace/hsl-player/install/booster_msgs/share/booster_msgs/package.zsh'
[0.453s] Level 1:colcon.colcon_core.environment:create_file_with_runtime_dependencies(/workspace/hsl-player/install/booster_msgs/share/colcon-core/packages/booster_msgs)
[0.454s] Level 1:colcon.colcon_core.environment:create_environment_scripts_only(booster_msgs)
[0.454s] Level 1:colcon.colcon_core.environment:checking '/workspace/hsl-player/install/booster_msgs' for CMake module files
[0.454s] Level 1:colcon.colcon_core.environment:checking '/workspace/hsl-player/install/booster_msgs' for CMake config files
[0.454s] Level 1:colcon.colcon_core.shell:create_environment_hook('booster_msgs', 'cmake_prefix_path')
[0.454s] INFO:colcon.colcon_core.shell:Creating environment hook '/workspace/hsl-player/install/booster_msgs/share/booster_msgs/hook/cmake_prefix_path.ps1'
[0.455s] INFO:colcon.colcon_core.shell:Creating environment descriptor '/workspace/hsl-player/install/booster_msgs/share/booster_msgs/hook/cmake_prefix_path.dsv'
[0.455s] INFO:colcon.colcon_core.shell:Creating environment hook '/workspace/hsl-player/install/booster_msgs/share/booster_msgs/hook/cmake_prefix_path.sh'
[0.455s] Level 1:colcon.colcon_core.environment:checking '/workspace/hsl-player/install/booster_msgs/lib'
[0.455s] Level 1:colcon.colcon_core.shell:create_environment_hook('booster_msgs', 'ld_library_path_lib')
[0.455s] INFO:colcon.colcon_core.shell:Creating environment hook '/workspace/hsl-player/install/booster_msgs/share/booster_msgs/hook/ld_library_path_lib.ps1'
[0.456s] INFO:colcon.colcon_core.shell:Creating environment descriptor '/workspace/hsl-player/install/booster_msgs/share/booster_msgs/hook/ld_library_path_lib.dsv'
[0.456s] INFO:colcon.colcon_core.shell:Creating environment hook '/workspace/hsl-player/install/booster_msgs/share/booster_msgs/hook/ld_library_path_lib.sh'
[0.456s] Level 1:colcon.colcon_core.environment:checking '/workspace/hsl-player/install/booster_msgs/bin'
[0.456s] Level 1:colcon.colcon_core.environment:checking '/workspace/hsl-player/install/booster_msgs/lib/pkgconfig/booster_msgs.pc'
[0.456s] Level 1:colcon.colcon_core.environment:checking '/workspace/hsl-player/install/booster_msgs/lib/python3.10/site-packages'
[0.456s] Level 1:colcon.colcon_core.environment:checking '/workspace/hsl-player/install/booster_msgs/bin'
[0.456s] INFO:colcon.colcon_core.shell:Creating package script '/workspace/hsl-player/install/booster_msgs/share/booster_msgs/package.ps1'
[0.456s] INFO:colcon.colcon_core.shell:Creating package descriptor '/workspace/hsl-player/install/booster_msgs/share/booster_msgs/package.dsv'
[0.457s] INFO:colcon.colcon_core.shell:Creating package script '/workspace/hsl-player/install/booster_msgs/share/booster_msgs/package.sh'
[0.457s] INFO:colcon.colcon_core.shell:Creating package script '/workspace/hsl-player/install/booster_msgs/share/booster_msgs/package.bash'
[0.457s] INFO:colcon.colcon_core.shell:Creating package script '/workspace/hsl-player/install/booster_msgs/share/booster_msgs/package.zsh'
[0.457s] Level 1:colcon.colcon_core.environment:create_file_with_runtime_dependencies(/workspace/hsl-player/install/booster_msgs/share/colcon-core/packages/booster_msgs)
[0.457s] INFO:colcon.colcon_ros.task.ament_cmake.build:Building ROS package in '/workspace/hsl-player/src/brain' with build type 'ament_cmake'
[0.457s] INFO:colcon.colcon_cmake.task.cmake.build:Building CMake package in '/workspace/hsl-player/src/brain'
[0.457s] INFO:colcon.colcon_core.shell:Skip shell extension 'powershell' for command environment: Not usable outside of PowerShell
[0.457s] DEBUG:colcon.colcon_core.shell:Skip shell extension 'dsv' for command environment
[0.468s] DEBUG:colcon.colcon_core.event_handler.log_command:Invoking command in '/workspace/hsl-player/build/brain': CMAKE_PREFIX_PATH=/workspace/hsl-player/install/vision_interface:/workspace/hsl-player/install/game_controller_interface:/workspace/hsl-player/install/booster_msgs:/workspace/hsl-player/install/booster_interface:/workspace/hsl-player/install/game_controller:/workspace/hsl-player/install/sound_play:/opt/ros/humble PS1=\[\e]0;\u@\h: \w\a\]${debian_chroot:+($debian_chroot)}\u@\h:\w\$ /usr/bin/cmake --build /workspace/hsl-player/build/brain -- -j20 -l20
[0.492s] DEBUG:colcon.colcon_core.event_handler.log_command:Invoked command in '/workspace/hsl-player/build/game_controller' returned '0': CMAKE_PREFIX_PATH=/workspace/hsl-player/install/game_controller_interface:/workspace/hsl-player/install/vision_interface:/workspace/hsl-player/install/game_controller:/workspace/hsl-player/install/booster_msgs:/workspace/hsl-player/install/booster_interface:/workspace/hsl-player/install/sound_play:/opt/ros/humble LD_LIBRARY_PATH=/workspace/hsl-player/install/game_controller_interface/lib:/workspace/hsl-player/install/vision_interface/lib:/workspace/hsl-player/install/booster_msgs/lib:/workspace/hsl-player/install/booster_interface/lib:/opt/ros/humble/opt/rviz_ogre_vendor/lib:/opt/ros/humble/lib/x86_64-linux-gnu:/opt/ros/humble/lib PS1=\[\e]0;\u@\h: \w\a\]${debian_chroot:+($debian_chroot)}\u@\h:\w\$ /usr/bin/cmake --build /workspace/hsl-player/build/game_controller -- -j20 -l20
[0.493s] DEBUG:colcon.colcon_core.event_handler.log_command:Invoking command in '/workspace/hsl-player/build/game_controller': CMAKE_PREFIX_PATH=/workspace/hsl-player/install/game_controller_interface:/workspace/hsl-player/install/vision_interface:/workspace/hsl-player/install/game_controller:/workspace/hsl-player/install/booster_msgs:/workspace/hsl-player/install/booster_interface:/workspace/hsl-player/install/sound_play:/opt/ros/humble LD_LIBRARY_PATH=/workspace/hsl-player/install/game_controller_interface/lib:/workspace/hsl-player/install/vision_interface/lib:/workspace/hsl-player/install/booster_msgs/lib:/workspace/hsl-player/install/booster_interface/lib:/opt/ros/humble/opt/rviz_ogre_vendor/lib:/opt/ros/humble/lib/x86_64-linux-gnu:/opt/ros/humble/lib PS1=\[\e]0;\u@\h: \w\a\]${debian_chroot:+($debian_chroot)}\u@\h:\w\$ /usr/bin/cmake --install /workspace/hsl-player/build/game_controller
[0.505s] Level 1:colcon.colcon_core.environment:create_environment_scripts_only(game_controller)
[0.505s] Level 1:colcon.colcon_core.environment:checking '/workspace/hsl-player/install/game_controller' for CMake module files
[0.506s] DEBUG:colcon.colcon_core.event_handler.log_command:Invoked command in '/workspace/hsl-player/build/game_controller' returned '0': CMAKE_PREFIX_PATH=/workspace/hsl-player/install/game_controller_interface:/workspace/hsl-player/install/vision_interface:/workspace/hsl-player/install/game_controller:/workspace/hsl-player/install/booster_msgs:/workspace/hsl-player/install/booster_interface:/workspace/hsl-player/install/sound_play:/opt/ros/humble LD_LIBRARY_PATH=/workspace/hsl-player/install/game_controller_interface/lib:/workspace/hsl-player/install/vision_interface/lib:/workspace/hsl-player/install/booster_msgs/lib:/workspace/hsl-player/install/booster_interface/lib:/opt/ros/humble/opt/rviz_ogre_vendor/lib:/opt/ros/humble/lib/x86_64-linux-gnu:/opt/ros/humble/lib PS1=\[\e]0;\u@\h: \w\a\]${debian_chroot:+($debian_chroot)}\u@\h:\w\$ /usr/bin/cmake --install /workspace/hsl-player/build/game_controller
[0.506s] Level 1:colcon.colcon_core.environment:checking '/workspace/hsl-player/install/game_controller' for CMake config files
[0.506s] Level 1:colcon.colcon_core.shell:create_environment_hook('game_controller', 'cmake_prefix_path')
[0.506s] INFO:colcon.colcon_core.shell:Creating environment hook '/workspace/hsl-player/install/game_controller/share/game_controller/hook/cmake_prefix_path.ps1'
[0.507s] INFO:colcon.colcon_core.shell:Creating environment descriptor '/workspace/hsl-player/install/game_controller/share/game_controller/hook/cmake_prefix_path.dsv'
[0.507s] INFO:colcon.colcon_core.shell:Creating environment hook '/workspace/hsl-player/install/game_controller/share/game_controller/hook/cmake_prefix_path.sh'
[0.508s] Level 1:colcon.colcon_core.environment:checking '/workspace/hsl-player/install/game_controller/lib'
[0.508s] Level 1:colcon.colcon_core.environment:checking '/workspace/hsl-player/install/game_controller/bin'
[0.508s] Level 1:colcon.colcon_core.environment:checking '/workspace/hsl-player/install/game_controller/lib/pkgconfig/game_controller.pc'
[0.508s] Level 1:colcon.colcon_core.environment:checking '/workspace/hsl-player/install/game_controller/lib/python3.10/site-packages'
[0.508s] Level 1:colcon.colcon_core.environment:checking '/workspace/hsl-player/install/game_controller/bin'
[0.508s] INFO:colcon.colcon_core.shell:Creating package script '/workspace/hsl-player/install/game_controller/share/game_controller/package.ps1'
[0.509s] INFO:colcon.colcon_core.shell:Creating package descriptor '/workspace/hsl-player/install/game_controller/share/game_controller/package.dsv'
[0.509s] INFO:colcon.colcon_core.shell:Creating package script '/workspace/hsl-player/install/game_controller/share/game_controller/package.sh'
[0.509s] INFO:colcon.colcon_core.shell:Creating package script '/workspace/hsl-player/install/game_controller/share/game_controller/package.bash'
[0.509s] INFO:colcon.colcon_core.shell:Creating package script '/workspace/hsl-player/install/game_controller/share/game_controller/package.zsh'
[0.509s] Level 1:colcon.colcon_core.environment:create_file_with_runtime_dependencies(/workspace/hsl-player/install/game_controller/share/colcon-core/packages/game_controller)
[0.510s] Level 1:colcon.colcon_core.environment:create_environment_scripts_only(game_controller)
[0.510s] Level 1:colcon.colcon_core.environment:checking '/workspace/hsl-player/install/game_controller' for CMake module files
[0.510s] Level 1:colcon.colcon_core.environment:checking '/workspace/hsl-player/install/game_controller' for CMake config files
[0.511s] Level 1:colcon.colcon_core.shell:create_environment_hook('game_controller', 'cmake_prefix_path')
[0.511s] INFO:colcon.colcon_core.shell:Creating environment hook '/workspace/hsl-player/install/game_controller/share/game_controller/hook/cmake_prefix_path.ps1'
[0.511s] INFO:colcon.colcon_core.shell:Creating environment descriptor '/workspace/hsl-player/install/game_controller/share/game_controller/hook/cmake_prefix_path.dsv'
[0.511s] INFO:colcon.colcon_core.shell:Creating environment hook '/workspace/hsl-player/install/game_controller/share/game_controller/hook/cmake_prefix_path.sh'
[0.511s] Level 1:colcon.colcon_core.environment:checking '/workspace/hsl-player/install/game_controller/lib'
[0.511s] Level 1:colcon.colcon_core.environment:checking '/workspace/hsl-player/install/game_controller/bin'
[0.511s] Level 1:colcon.colcon_core.environment:checking '/workspace/hsl-player/install/game_controller/lib/pkgconfig/game_controller.pc'
[0.512s] Level 1:colcon.colcon_core.environment:checking '/workspace/hsl-player/install/game_controller/lib/python3.10/site-packages'
[0.512s] Level 1:colcon.colcon_core.environment:checking '/workspace/hsl-player/install/game_controller/bin'
[0.512s] INFO:colcon.colcon_core.shell:Creating package script '/workspace/hsl-player/install/game_controller/share/game_controller/package.ps1'
[0.512s] INFO:colcon.colcon_core.shell:Creating package descriptor '/workspace/hsl-player/install/game_controller/share/game_controller/package.dsv'
[0.513s] INFO:colcon.colcon_core.shell:Creating package script '/workspace/hsl-player/install/game_controller/share/game_controller/package.sh'
[0.513s] INFO:colcon.colcon_core.shell:Creating package script '/workspace/hsl-player/install/game_controller/share/game_controller/package.bash'
[0.514s] INFO:colcon.colcon_core.shell:Creating package script '/workspace/hsl-player/install/game_controller/share/game_controller/package.zsh'
[0.514s] Level 1:colcon.colcon_core.environment:create_file_with_runtime_dependencies(/workspace/hsl-player/install/game_controller/share/colcon-core/packages/game_controller)
[0.526s] DEBUG:colcon.colcon_core.event_handler.log_command:Invoking command in '/workspace/hsl-player/build/sound_play': PS1=\[\e]0;\u@\h: \w\a\]${debian_chroot:+($debian_chroot)}\u@\h:\w\$ PYTHONPATH=/workspace/hsl-player/build/sound_play/prefix_override:/usr/lib/python3/dist-packages/colcon_core/task/python/colcon_distutils_commands:/workspace/hsl-player/install/sound_play/lib/python3.10/site-packages:${PYTHONPATH} /usr/bin/python3 -W ignore:setup.py install is deprecated -W ignore:easy_install command is deprecated setup.py develop --editable --build-directory /workspace/hsl-player/build/sound_play/build --no-deps symlink_data
[0.890s] Level 1:colcon.colcon_core.shell:create_environment_hook('sound_play', 'pythonpath_develop')
[0.891s] INFO:colcon.colcon_core.shell:Creating environment hook '/workspace/hsl-player/build/sound_play/share/sound_play/hook/pythonpath_develop.ps1'
[0.891s] DEBUG:colcon.colcon_core.event_handler.log_command:Invoked command in '/workspace/hsl-player/build/sound_play' returned '0': PS1=\[\e]0;\u@\h: \w\a\]${debian_chroot:+($debian_chroot)}\u@\h:\w\$ PYTHONPATH=/workspace/hsl-player/build/sound_play/prefix_override:/usr/lib/python3/dist-packages/colcon_core/task/python/colcon_distutils_commands:/workspace/hsl-player/install/sound_play/lib/python3.10/site-packages:${PYTHONPATH} /usr/bin/python3 -W ignore:setup.py install is deprecated -W ignore:easy_install command is deprecated setup.py develop --editable --build-directory /workspace/hsl-player/build/sound_play/build --no-deps symlink_data
[0.891s] INFO:colcon.colcon_core.shell:Creating environment descriptor '/workspace/hsl-player/build/sound_play/share/sound_play/hook/pythonpath_develop.dsv'
[0.891s] INFO:colcon.colcon_core.shell:Creating environment hook '/workspace/hsl-player/build/sound_play/share/sound_play/hook/pythonpath_develop.sh'
[0.891s] Level 1:colcon.colcon_core.environment:checking '/workspace/hsl-player/install/sound_play' for CMake module files
[0.892s] Level 1:colcon.colcon_core.environment:checking '/workspace/hsl-player/install/sound_play' for CMake config files
[0.892s] Level 1:colcon.colcon_core.environment:checking '/workspace/hsl-player/install/sound_play/lib'
[0.892s] Level 1:colcon.colcon_core.environment:checking '/workspace/hsl-player/install/sound_play/bin'
[0.892s] Level 1:colcon.colcon_core.environment:checking '/workspace/hsl-player/install/sound_play/lib/pkgconfig/sound_play.pc'
[0.892s] Level 1:colcon.colcon_core.environment:checking '/workspace/hsl-player/install/sound_play/lib/python3.10/site-packages'
[0.892s] Level 1:colcon.colcon_core.shell:create_environment_hook('sound_play', 'pythonpath')
[0.892s] INFO:colcon.colcon_core.shell:Creating environment hook '/workspace/hsl-player/install/sound_play/share/sound_play/hook/pythonpath.ps1'
[0.892s] INFO:colcon.colcon_core.shell:Creating environment descriptor '/workspace/hsl-player/install/sound_play/share/sound_play/hook/pythonpath.dsv'
[0.893s] INFO:colcon.colcon_core.shell:Creating environment hook '/workspace/hsl-player/install/sound_play/share/sound_play/hook/pythonpath.sh'
[0.893s] Level 1:colcon.colcon_core.environment:checking '/workspace/hsl-player/install/sound_play/bin'
[0.893s] Level 1:colcon.colcon_core.environment:create_environment_scripts_only(sound_play)
[0.893s] INFO:colcon.colcon_core.shell:Creating package script '/workspace/hsl-player/install/sound_play/share/sound_play/package.ps1'
[0.893s] INFO:colcon.colcon_core.shell:Creating package descriptor '/workspace/hsl-player/install/sound_play/share/sound_play/package.dsv'
[0.893s] INFO:colcon.colcon_core.shell:Creating package script '/workspace/hsl-player/install/sound_play/share/sound_play/package.sh'
[0.894s] INFO:colcon.colcon_core.shell:Creating package script '/workspace/hsl-player/install/sound_play/share/sound_play/package.bash'
[0.894s] INFO:colcon.colcon_core.shell:Creating package script '/workspace/hsl-player/install/sound_play/share/sound_play/package.zsh'
[0.894s] Level 1:colcon.colcon_core.environment:create_file_with_runtime_dependencies(/workspace/hsl-player/install/sound_play/share/colcon-core/packages/sound_play)
[0.900s] DEBUG:colcon.colcon_core.event_handler.log_command:Invoked command in '/workspace/hsl-player/build/brain' returned '2': CMAKE_PREFIX_PATH=/workspace/hsl-player/install/vision_interface:/workspace/hsl-player/install/game_controller_interface:/workspace/hsl-player/install/booster_msgs:/workspace/hsl-player/install/booster_interface:/workspace/hsl-player/install/game_controller:/workspace/hsl-player/install/sound_play:/opt/ros/humble PS1=\[\e]0;\u@\h: \w\a\]${debian_chroot:+($debian_chroot)}\u@\h:\w\$ /usr/bin/cmake --build /workspace/hsl-player/build/brain -- -j20 -l20
[0.901s] Level 1:colcon.colcon_core.environment:create_environment_scripts_only(brain)
[0.901s] Level 1:colcon.colcon_core.environment:checking '/workspace/hsl-player/install/brain' for CMake module files
[0.901s] Level 1:colcon.colcon_core.environment:checking '/workspace/hsl-player/install/brain' for CMake config files
[0.901s] Level 1:colcon.colcon_core.environment:checking '/workspace/hsl-player/install/brain/bin'
[0.901s] Level 1:colcon.colcon_core.environment:checking '/workspace/hsl-player/install/brain/lib/pkgconfig/brain.pc'
[0.901s] Level 1:colcon.colcon_core.environment:checking '/workspace/hsl-player/install/brain/lib/python3.10/site-packages'
[0.901s] Level 1:colcon.colcon_core.environment:checking '/workspace/hsl-player/install/brain/bin'
[0.902s] INFO:colcon.colcon_core.shell:Creating package script '/workspace/hsl-player/install/brain/share/brain/package.ps1'
[0.902s] INFO:colcon.colcon_core.shell:Creating package descriptor '/workspace/hsl-player/install/brain/share/brain/package.dsv'
[0.902s] INFO:colcon.colcon_core.shell:Creating package script '/workspace/hsl-player/install/brain/share/brain/package.sh'
[0.902s] INFO:colcon.colcon_core.shell:Creating package script '/workspace/hsl-player/install/brain/share/brain/package.bash'
[0.902s] INFO:colcon.colcon_core.shell:Creating package script '/workspace/hsl-player/install/brain/share/brain/package.zsh'
[0.902s] Level 1:colcon.colcon_core.environment:create_file_with_runtime_dependencies(/workspace/hsl-player/install/brain/share/colcon-core/packages/brain)
[0.913s] DEBUG:colcon.colcon_parallel_executor.executor.parallel:closing loop
[0.913s] DEBUG:colcon.colcon_parallel_executor.executor.parallel:loop closed
[0.913s] DEBUG:colcon.colcon_parallel_executor.executor.parallel:run_until_complete finished with '2'
[0.913s] DEBUG:colcon.colcon_core.event_reactor:joining thread
[0.917s] INFO:colcon.colcon_core.plugin_system:Skipping extension 'colcon_notification.desktop_notification.notify_send': Could not find 'notify-send'
[0.917s] INFO:colcon.colcon_core.plugin_system:Skipping extension 'colcon_notification.desktop_notification.terminal_notifier': Not used on non-Darwin systems
[0.917s] INFO:colcon.colcon_core.plugin_system:Skipping extension 'colcon_notification.desktop_notification.win32': Not used on non-Windows systems
[0.917s] INFO:colcon.colcon_notification.desktop_notification:Sending desktop notification using 'notify2'
[0.918s] DEBUG:colcon.colcon_notification.desktop_notification.notify2:Failed to initialize notify2: org.freedesktop.DBus.Error.Spawn.ExecFailed: /usr/bin/dbus-launch terminated abnormally without any error message
[0.919s] DEBUG:colcon.colcon_core.event_reactor:joined thread
[0.919s] INFO:colcon.colcon_core.shell:Creating prefix script '/workspace/hsl-player/install/local_setup.ps1'
[0.920s] INFO:colcon.colcon_core.shell:Creating prefix util module '/workspace/hsl-player/install/_local_setup_util_ps1.py'
[0.920s] INFO:colcon.colcon_core.shell:Creating prefix chain script '/workspace/hsl-player/install/setup.ps1'
[0.921s] INFO:colcon.colcon_core.shell:Creating prefix script '/workspace/hsl-player/install/local_setup.sh'
[0.922s] INFO:colcon.colcon_core.shell:Creating prefix util module '/workspace/hsl-player/install/_local_setup_util_sh.py'
[0.922s] INFO:colcon.colcon_core.shell:Creating prefix chain script '/workspace/hsl-player/install/setup.sh'
[0.923s] INFO:colcon.colcon_core.shell:Creating prefix script '/workspace/hsl-player/install/local_setup.bash'
[0.923s] INFO:colcon.colcon_core.shell:Creating prefix chain script '/workspace/hsl-player/install/setup.bash'
[0.924s] INFO:colcon.colcon_core.shell:Creating prefix script '/workspace/hsl-player/install/local_setup.zsh'
[0.925s] INFO:colcon.colcon_core.shell:Creating prefix chain script '/workspace/hsl-player/install/setup.zsh'
