[0.022s] Invoking command in '/workspace/hsl-player/build/game_controller': CMAKE_PREFIX_PATH=/workspace/hsl-player/install/game_controller_interface:/workspace/hsl-player/install/vision_interface:/workspace/hsl-player/install/game_controller:/workspace/hsl-player/install/booster_msgs:/workspace/hsl-player/install/booster_interface:/workspace/hsl-player/install/sound_play:/opt/ros/humble LD_LIBRARY_PATH=/workspace/hsl-player/install/game_controller_interface/lib:/workspace/hsl-player/install/vision_interface/lib:/workspace/hsl-player/install/booster_msgs/lib:/workspace/hsl-player/install/booster_interface/lib:/opt/ros/humble/opt/rviz_ogre_vendor/lib:/opt/ros/humble/lib/x86_64-linux-gnu:/opt/ros/humble/lib PS1=\[\e]0;\u@\h: \w\a\]${debian_chroot:+($debian_chroot)}\u@\h:\w\$ /usr/bin/cmake /workspace/hsl-player/src/game_controller -DCMAKE_BUILD_TYPE=Release -DAMENT_CMAKE_SYMLINK_INSTALL=1 -DCMAKE_INSTALL_PREFIX=/workspace/hsl-player/install/game_controller
[0.047s] -- Found ament_cmake: 1.3.14 (/opt/ros/humble/share/ament_cmake/cmake)
[0.210s] -- Override CMake install command with custom implementation using symlinks instead of copying resources
[0.219s] -- Found rclcpp: 16.0.19 (/opt/ros/humble/share/rclcpp/cmake)
[0.269s] -- Found rosidl_generator_c: 3.1.8 (/opt/ros/humble/share/rosidl_generator_c/cmake)
[0.275s] -- Found rosidl_adapter: 3.1.8 (/opt/ros/humble/share/rosidl_adapter/cmake)
[0.287s] -- Found rosidl_generator_cpp: 3.1.8 (/opt/ros/humble/share/rosidl_generator_cpp/cmake)
[0.305s] -- Using all available rosidl_typesupport_c: rosidl_typesupport_fastrtps_c;rosidl_typesupport_introspection_c
[0.332s] -- Using all available rosidl_typesupport_cpp: rosidl_typesupport_fastrtps_cpp;rosidl_typesupport_introspection_cpp
[0.381s] -- Found rmw_implementation_cmake: 6.1.2 (/opt/ros/humble/share/rmw_implementation_cmake/cmake)
[0.383s] -- Found rmw_fastrtps_cpp: 6.2.10 (/opt/ros/humble/share/rmw_fastrtps_cpp/cmake)
[0.478s] -- Using RMW implementation 'rmw_fastrtps_cpp' as default
[0.509s] -- Found game_controller_interface: 1.0.0 (/workspace/hsl-player/install/game_controller_interface/share/game_controller_interface/cmake)
[0.550s] -- Configuring done
[0.554s] -- Generating done
[0.556s] -- Build files have been written to: /workspace/hsl-player/build/game_controller
[0.559s] Invoked command in '/workspace/hsl-player/build/game_controller' returned '0': CMAKE_PREFIX_PATH=/workspace/hsl-player/install/game_controller_interface:/workspace/hsl-player/install/vision_interface:/workspace/hsl-player/install/game_controller:/workspace/hsl-player/install/booster_msgs:/workspace/hsl-player/install/booster_interface:/workspace/hsl-player/install/sound_play:/opt/ros/humble LD_LIBRARY_PATH=/workspace/hsl-player/install/game_controller_interface/lib:/workspace/hsl-player/install/vision_interface/lib:/workspace/hsl-player/install/booster_msgs/lib:/workspace/hsl-player/install/booster_interface/lib:/opt/ros/humble/opt/rviz_ogre_vendor/lib:/opt/ros/humble/lib/x86_64-linux-gnu:/opt/ros/humble/lib PS1=\[\e]0;\u@\h: \w\a\]${debian_chroot:+($debian_chroot)}\u@\h:\w\$ /usr/bin/cmake /workspace/hsl-player/src/game_controller -DCMAKE_BUILD_TYPE=Release -DAMENT_CMAKE_SYMLINK_INSTALL=1 -DCMAKE_INSTALL_PREFIX=/workspace/hsl-player/install/game_controller
[0.560s] Invoking command in '/workspace/hsl-player/build/game_controller': CMAKE_PREFIX_PATH=/workspace/hsl-player/install/game_controller_interface:/workspace/hsl-player/install/vision_interface:/workspace/hsl-player/install/game_controller:/workspace/hsl-player/install/booster_msgs:/workspace/hsl-player/install/booster_interface:/workspace/hsl-player/install/sound_play:/opt/ros/humble LD_LIBRARY_PATH=/workspace/hsl-player/install/game_controller_interface/lib:/workspace/hsl-player/install/vision_interface/lib:/workspace/hsl-player/install/booster_msgs/lib:/workspace/hsl-player/install/booster_interface/lib:/opt/ros/humble/opt/rviz_ogre_vendor/lib:/opt/ros/humble/lib/x86_64-linux-gnu:/opt/ros/humble/lib PS1=\[\e]0;\u@\h: \w\a\]${debian_chroot:+($debian_chroot)}\u@\h:\w\$ /usr/bin/cmake --build /workspace/hsl-player/build/game_controller -- -j20 -l20
[0.589s] [35m[1mConsolidate compiler generated dependencies of target game_controller_node[0m
[0.599s] [ 66%] [32mBuilding CXX object CMakeFiles/game_controller_node.dir/src/main.cpp.o[0m
[0.599s] [ 66%] [32mBuilding CXX object CMakeFiles/game_controller_node.dir/src/game_controller_node.cpp.o[0m
[3.177s] [100%] [32m[1mLinking CXX executable game_controller_node[0m
[3.241s] [100%] Built target game_controller_node
[3.247s] Invoked command in '/workspace/hsl-player/build/game_controller' returned '0': CMAKE_PREFIX_PATH=/workspace/hsl-player/install/game_controller_interface:/workspace/hsl-player/install/vision_interface:/workspace/hsl-player/install/game_controller:/workspace/hsl-player/install/booster_msgs:/workspace/hsl-player/install/booster_interface:/workspace/hsl-player/install/sound_play:/opt/ros/humble LD_LIBRARY_PATH=/workspace/hsl-player/install/game_controller_interface/lib:/workspace/hsl-player/install/vision_interface/lib:/workspace/hsl-player/install/booster_msgs/lib:/workspace/hsl-player/install/booster_interface/lib:/opt/ros/humble/opt/rviz_ogre_vendor/lib:/opt/ros/humble/lib/x86_64-linux-gnu:/opt/ros/humble/lib PS1=\[\e]0;\u@\h: \w\a\]${debian_chroot:+($debian_chroot)}\u@\h:\w\$ /usr/bin/cmake --build /workspace/hsl-player/build/game_controller -- -j20 -l20
[3.248s] Invoking command in '/workspace/hsl-player/build/game_controller': CMAKE_PREFIX_PATH=/workspace/hsl-player/install/game_controller_interface:/workspace/hsl-player/install/vision_interface:/workspace/hsl-player/install/game_controller:/workspace/hsl-player/install/booster_msgs:/workspace/hsl-player/install/booster_interface:/workspace/hsl-player/install/sound_play:/opt/ros/humble LD_LIBRARY_PATH=/workspace/hsl-player/install/game_controller_interface/lib:/workspace/hsl-player/install/vision_interface/lib:/workspace/hsl-player/install/booster_msgs/lib:/workspace/hsl-player/install/booster_interface/lib:/opt/ros/humble/opt/rviz_ogre_vendor/lib:/opt/ros/humble/lib/x86_64-linux-gnu:/opt/ros/humble/lib PS1=\[\e]0;\u@\h: \w\a\]${debian_chroot:+($debian_chroot)}\u@\h:\w\$ /usr/bin/cmake --install /workspace/hsl-player/build/game_controller
[3.253s] -- Install configuration: "Release"
[3.253s] -- Execute custom install script
[3.254s] -- Up-to-date symlink: /workspace/hsl-player/install/game_controller/share/game_controller/launch/launch.py
[3.254s] -- Up-to-date symlink: /workspace/hsl-player/install/game_controller/lib/game_controller/game_controller_node
[3.254s] -- Up-to-date symlink: /workspace/hsl-player/install/game_controller/share/ament_index/resource_index/package_run_dependencies/game_controller
[3.254s] -- Up-to-date symlink: /workspace/hsl-player/install/game_controller/share/ament_index/resource_index/parent_prefix_path/game_controller
[3.254s] -- Up-to-date symlink: /workspace/hsl-player/install/game_controller/share/game_controller/environment/ament_prefix_path.sh
[3.254s] -- Up-to-date symlink: /workspace/hsl-player/install/game_controller/share/game_controller/environment/ament_prefix_path.dsv
[3.254s] -- Up-to-date symlink: /workspace/hsl-player/install/game_controller/share/game_controller/environment/path.sh
[3.255s] -- Up-to-date symlink: /workspace/hsl-player/install/game_controller/share/game_controller/environment/path.dsv
[3.255s] -- Up-to-date symlink: /workspace/hsl-player/install/game_controller/share/game_controller/local_setup.bash
[3.255s] -- Up-to-date symlink: /workspace/hsl-player/install/game_controller/share/game_controller/local_setup.sh
[3.255s] -- Up-to-date symlink: /workspace/hsl-player/install/game_controller/share/game_controller/local_setup.zsh
[3.255s] -- Up-to-date symlink: /workspace/hsl-player/install/game_controller/share/game_controller/local_setup.dsv
[3.255s] -- Symlinking: /workspace/hsl-player/install/game_controller/share/game_controller/package.dsv
[3.261s] -- Up-to-date symlink: /workspace/hsl-player/install/game_controller/share/ament_index/resource_index/packages/game_controller
[3.261s] -- Up-to-date symlink: /workspace/hsl-player/install/game_controller/share/game_controller/cmake/game_controllerConfig.cmake
[3.261s] -- Up-to-date symlink: /workspace/hsl-player/install/game_controller/share/game_controller/cmake/game_controllerConfig-version.cmake
[3.261s] -- Up-to-date symlink: /workspace/hsl-player/install/game_controller/share/game_controller/package.xml
[3.262s] Invoked command in '/workspace/hsl-player/build/game_controller' returned '0': CMAKE_PREFIX_PATH=/workspace/hsl-player/install/game_controller_interface:/workspace/hsl-player/install/vision_interface:/workspace/hsl-player/install/game_controller:/workspace/hsl-player/install/booster_msgs:/workspace/hsl-player/install/booster_interface:/workspace/hsl-player/install/sound_play:/opt/ros/humble LD_LIBRARY_PATH=/workspace/hsl-player/install/game_controller_interface/lib:/workspace/hsl-player/install/vision_interface/lib:/workspace/hsl-player/install/booster_msgs/lib:/workspace/hsl-player/install/booster_interface/lib:/opt/ros/humble/opt/rviz_ogre_vendor/lib:/opt/ros/humble/lib/x86_64-linux-gnu:/opt/ros/humble/lib PS1=\[\e]0;\u@\h: \w\a\]${debian_chroot:+($debian_chroot)}\u@\h:\w\$ /usr/bin/cmake --install /workspace/hsl-player/build/game_controller
