[0.010s] Invoking command in '/workspace/hsl-player/build/vision_interface': CMAKE_PREFIX_PATH=/opt/ros/humble PS1=\[\e]0;\u@\h: \w\a\]${debian_chroot:+($debian_chroot)}\u@\h:\w\$ /usr/bin/cmake /workspace/hsl-player/src/robocup_ros2_interface/src/vision_interface -DAMENT_CMAKE_SYMLINK_INSTALL=1 -DCMAKE_INSTALL_PREFIX=/workspace/hsl-player/install/vision_interface
[0.071s] -- The C compiler identification is GNU 11.4.0
[0.109s] -- The CXX compiler identification is GNU 11.4.0
[0.113s] -- Detecting C compiler ABI info
[0.154s] -- Detecting C compiler ABI info - done
[0.160s] -- Check for working C compiler: /usr/bin/cc - skipped
[0.160s] -- Detecting C compile features
[0.160s] -- Detecting C compile features - done
[0.163s] -- Detecting CXX compiler ABI info
[0.210s] -- Detecting CXX compiler ABI info - done
[0.213s] -- Check for working CXX compiler: /usr/bin/c++ - skipped
[0.213s] -- Detecting CXX compile features
[0.214s] -- Detecting CXX compile features - done
[0.215s] -- Found ament_cmake: 1.3.14 (/opt/ros/humble/share/ament_cmake/cmake)
[0.301s] -- Found Python3: /usr/bin/python3 (found version "3.10.12") found components: Interpreter 
[0.333s] -- Override CMake install command with custom implementation using symlinks instead of copying resources
[0.348s] -- Found rclcpp: 16.0.19 (/opt/ros/humble/share/rclcpp/cmake)
[0.376s] -- Found rosidl_generator_c: 3.1.8 (/opt/ros/humble/share/rosidl_generator_c/cmake)
[0.380s] -- Found rosidl_adapter: 3.1.8 (/opt/ros/humble/share/rosidl_adapter/cmake)
[0.386s] -- Found rosidl_generator_cpp: 3.1.8 (/opt/ros/humble/share/rosidl_generator_cpp/cmake)
[0.392s] -- Using all available rosidl_typesupport_c: rosidl_typesupport_fastrtps_c;rosidl_typesupport_introspection_c
[0.400s] -- Using all available rosidl_typesupport_cpp: rosidl_typesupport_fastrtps_cpp;rosidl_typesupport_introspection_cpp
[0.421s] -- Found rmw_implementation_cmake: 6.1.2 (/opt/ros/humble/share/rmw_implementation_cmake/cmake)
[0.422s] -- Found rmw_fastrtps_cpp: 6.2.10 (/opt/ros/humble/share/rmw_fastrtps_cpp/cmake)
[0.468s] -- Found OpenSSL: /usr/lib/x86_64-linux-gnu/libcrypto.so (found version "3.0.2")  
[0.482s] -- Found FastRTPS: /opt/ros/humble/include  
[0.504s] -- Using RMW implementation 'rmw_fastrtps_cpp' as default
[0.508s] -- Looking for pthread.h
[0.550s] -- Looking for pthread.h - found
[0.550s] -- Performing Test CMAKE_HAVE_LIBC_PTHREAD
[0.593s] -- Performing Test CMAKE_HAVE_LIBC_PTHREAD - Success
[0.593s] -- Found Threads: TRUE  
[0.618s] -- Found rosidl_default_generators: 1.2.1 (/opt/ros/humble/share/rosidl_default_generators/cmake)
[0.625s] -- Found geometry_msgs: 4.9.1 (/opt/ros/humble/share/geometry_msgs/cmake)
[0.631s] -- Found sensor_msgs: 4.9.1 (/opt/ros/humble/share/sensor_msgs/cmake)
[0.816s] -- Found ament_cmake_ros: 0.10.0 (/opt/ros/humble/share/ament_cmake_ros/cmake)
[1.080s] -- Using all available rosidl_typesupport_c: rosidl_typesupport_fastrtps_c;rosidl_typesupport_introspection_c
[1.185s] -- Using all available rosidl_typesupport_cpp: rosidl_typesupport_fastrtps_cpp;rosidl_typesupport_introspection_cpp
[1.199s] -- Found PythonInterp: /usr/bin/python3 (found suitable version "3.10.12", minimum required is "3.6") 
[1.200s] -- Found python_cmake_module: 0.10.0 (/opt/ros/humble/share/python_cmake_module/cmake)
[1.215s] -- Found PythonLibs: /usr/lib/x86_64-linux-gnu/libpython3.10.so (found suitable version "3.10.12", minimum required is "3.5") 
[1.215s] -- Using PYTHON_EXECUTABLE: /usr/bin/python3
[1.215s] -- Using PYTHON_INCLUDE_DIRS: /usr/include/python3.10
[1.215s] -- Using PYTHON_LIBRARIES: /usr/lib/x86_64-linux-gnu/libpython3.10.so
[1.231s] -- Found PythonExtra: .so  
[1.402s] -- Found ament_lint_auto: 0.12.15 (/opt/ros/humble/share/ament_lint_auto/cmake)
[1.433s] -- Added test 'lint_cmake' to check CMake code style
[1.434s] -- Added test 'xmllint' to check XML markup files
[1.443s] -- Configuring done
[1.558s] -- Generating done
[1.573s] -- Build files have been written to: /workspace/hsl-player/build/vision_interface
[1.591s] Invoked command in '/workspace/hsl-player/build/vision_interface' returned '0': CMAKE_PREFIX_PATH=/opt/ros/humble PS1=\[\e]0;\u@\h: \w\a\]${debian_chroot:+($debian_chroot)}\u@\h:\w\$ /usr/bin/cmake /workspace/hsl-player/src/robocup_ros2_interface/src/vision_interface -DAMENT_CMAKE_SYMLINK_INSTALL=1 -DCMAKE_INSTALL_PREFIX=/workspace/hsl-player/install/vision_interface
[1.591s] Invoking command in '/workspace/hsl-player/build/vision_interface': CMAKE_PREFIX_PATH=/opt/ros/humble PS1=\[\e]0;\u@\h: \w\a\]${debian_chroot:+($debian_chroot)}\u@\h:\w\$ /usr/bin/cmake --build /workspace/hsl-player/build/vision_interface -- -j20 -l20
[1.633s] [  1%] [34m[1mGenerating C code for ROS interfaces[0m
[1.640s] [  1%] [34m[1mGenerating C++ code for ROS interfaces[0m
[1.640s] [  2%] [34m[1mGenerating Rust code for ROS interfaces[0m
[1.647s] [  2%] Built target ament_cmake_python_symlink_vision_interface
[1.842s] running egg_info
[1.843s] creating vision_interface.egg-info
[1.843s] writing vision_interface.egg-info/PKG-INFO
[1.843s] writing dependency_links to vision_interface.egg-info/dependency_links.txt
[1.843s] writing top-level names to vision_interface.egg-info/top_level.txt
[1.843s] writing manifest file 'vision_interface.egg-info/SOURCES.txt'
[1.844s] reading manifest file 'vision_interface.egg-info/SOURCES.txt'
[1.844s] writing manifest file 'vision_interface.egg-info/SOURCES.txt'
[1.861s] [  2%] Built target ament_cmake_python_build_vision_interface_egg
[1.879s] [  2%] Built target vision_interface__rs
[2.346s] [  3%] [32mBuilding C object CMakeFiles/vision_interface__rosidl_generator_c.dir/rosidl_generator_c/vision_interface/msg/detail/detected_object__functions.c.o[0m
[2.350s] [  4%] [32mBuilding C object CMakeFiles/vision_interface__rosidl_generator_c.dir/rosidl_generator_c/vision_interface/msg/detail/detections__functions.c.o[0m
[2.360s] [  5%] [32mBuilding C object CMakeFiles/vision_interface__rosidl_generator_c.dir/rosidl_generator_c/vision_interface/msg/detail/segmentation_point__functions.c.o[0m
[2.361s] [  6%] [32mBuilding C object CMakeFiles/vision_interface__rosidl_generator_c.dir/rosidl_generator_c/vision_interface/msg/detail/cal_param__functions.c.o[0m
[2.362s] [  8%] [32mBuilding C object CMakeFiles/vision_interface__rosidl_generator_c.dir/rosidl_generator_c/vision_interface/msg/detail/segmentation_result__functions.c.o[0m
[2.363s] [  8%] [32mBuilding C object CMakeFiles/vision_interface__rosidl_generator_c.dir/rosidl_generator_c/vision_interface/msg/detail/line_segments__functions.c.o[0m
[2.372s] [  9%] [32mBuilding C object CMakeFiles/vision_interface__rosidl_generator_c.dir/rosidl_generator_c/vision_interface/msg/detail/detections_track__functions.c.o[0m
[2.372s] [ 10%] [32mBuilding C object CMakeFiles/vision_interface__rosidl_generator_c.dir/rosidl_generator_c/vision_interface/msg/detail/image_head_position__functions.c.o[0m
[2.373s] [ 11%] [32mBuilding C object CMakeFiles/vision_interface__rosidl_generator_c.dir/rosidl_generator_c/vision_interface/msg/detail/segmentation_line__functions.c.o[0m
[2.376s] [ 12%] [32mBuilding C object CMakeFiles/vision_interface__rosidl_generator_c.dir/rosidl_generator_c/vision_interface/msg/detail/ball__functions.c.o[0m
[2.428s] [ 12%] Built target vision_interface__cpp
[2.440s] [ 13%] [34m[1mGenerating C++ introspection for ROS interfaces[0m
[2.441s] [ 14%] [34m[1mGenerating C++ type support for eProsima Fast-RTPS[0m
[2.446s] [ 15%] [34m[1mGenerating C++ type support dispatch for ROS interfaces[0m
[2.470s] [ 16%] [32m[1mLinking C shared library libvision_interface__rosidl_generator_c.so[0m
[2.548s] [ 16%] Built target vision_interface__rosidl_generator_c
[2.562s] [ 17%] [34m[1mGenerating C type support dispatch for ROS interfaces[0m
[2.562s] [ 18%] [34m[1mGenerating C introspection for ROS interfaces[0m
[2.571s] [ 19%] [34m[1mGenerating C type support for eProsima Fast-RTPS[0m
[2.849s] [ 22%] [32mBuilding CXX object CMakeFiles/vision_interface__rosidl_typesupport_cpp.dir/rosidl_typesupport_cpp/vision_interface/msg/cal_param__type_support.cpp.o[0m
[2.849s] [ 22%] [32mBuilding CXX object CMakeFiles/vision_interface__rosidl_typesupport_cpp.dir/rosidl_typesupport_cpp/vision_interface/msg/line_segments__type_support.cpp.o[0m
[2.849s] [ 22%] [32mBuilding CXX object CMakeFiles/vision_interface__rosidl_typesupport_cpp.dir/rosidl_typesupport_cpp/vision_interface/msg/detected_object__type_support.cpp.o[0m
[2.849s] [ 23%] [32mBuilding CXX object CMakeFiles/vision_interface__rosidl_typesupport_cpp.dir/rosidl_typesupport_cpp/vision_interface/msg/segmentation_line__type_support.cpp.o[0m
[2.851s] [ 24%] [32mBuilding CXX object CMakeFiles/vision_interface__rosidl_typesupport_cpp.dir/rosidl_typesupport_cpp/vision_interface/msg/image_head_position__type_support.cpp.o[0m
[2.851s] [ 25%] [32mBuilding CXX object CMakeFiles/vision_interface__rosidl_typesupport_cpp.dir/rosidl_typesupport_cpp/vision_interface/msg/segmentation_result__type_support.cpp.o[0m
[2.852s] [ 26%] [32mBuilding CXX object CMakeFiles/vision_interface__rosidl_typesupport_cpp.dir/rosidl_typesupport_cpp/vision_interface/msg/ball__type_support.cpp.o[0m
[2.853s] [ 27%] [32mBuilding CXX object CMakeFiles/vision_interface__rosidl_typesupport_cpp.dir/rosidl_typesupport_cpp/vision_interface/msg/detections__type_support.cpp.o[0m
[2.854s] [ 28%] [32mBuilding CXX object CMakeFiles/vision_interface__rosidl_typesupport_cpp.dir/rosidl_typesupport_cpp/vision_interface/msg/segmentation_point__type_support.cpp.o[0m
[2.856s] [ 29%] [32mBuilding CXX object CMakeFiles/vision_interface__rosidl_typesupport_cpp.dir/rosidl_typesupport_cpp/vision_interface/msg/detections_track__type_support.cpp.o[0m
[2.983s] [ 30%] [32mBuilding CXX object CMakeFiles/vision_interface__rosidl_typesupport_fastrtps_cpp.dir/rosidl_typesupport_fastrtps_cpp/vision_interface/msg/detail/dds_fastrtps/detections__type_support.cpp.o[0m
[2.985s] [ 31%] [32mBuilding CXX object CMakeFiles/vision_interface__rosidl_typesupport_fastrtps_cpp.dir/rosidl_typesupport_fastrtps_cpp/vision_interface/msg/detail/dds_fastrtps/detected_object__type_support.cpp.o[0m
[3.001s] [ 32%] [32mBuilding CXX object CMakeFiles/vision_interface__rosidl_typesupport_fastrtps_cpp.dir/rosidl_typesupport_fastrtps_cpp/vision_interface/msg/detail/dds_fastrtps/line_segments__type_support.cpp.o[0m
[3.020s] [ 33%] [32mBuilding CXX object CMakeFiles/vision_interface__rosidl_typesupport_fastrtps_cpp.dir/rosidl_typesupport_fastrtps_cpp/vision_interface/msg/detail/dds_fastrtps/cal_param__type_support.cpp.o[0m
[3.089s] [ 34%] [32mBuilding CXX object CMakeFiles/vision_interface__rosidl_typesupport_fastrtps_cpp.dir/rosidl_typesupport_fastrtps_cpp/vision_interface/msg/detail/dds_fastrtps/detections_track__type_support.cpp.o[0m
[3.094s] [ 35%] [32mBuilding CXX object CMakeFiles/vision_interface__rosidl_typesupport_fastrtps_cpp.dir/rosidl_typesupport_fastrtps_cpp/vision_interface/msg/detail/dds_fastrtps/segmentation_point__type_support.cpp.o[0m
[3.106s] [ 36%] [32mBuilding CXX object CMakeFiles/vision_interface__rosidl_typesupport_fastrtps_cpp.dir/rosidl_typesupport_fastrtps_cpp/vision_interface/msg/detail/dds_fastrtps/segmentation_result__type_support.cpp.o[0m
[3.107s] [ 37%] [32mBuilding CXX object CMakeFiles/vision_interface__rosidl_typesupport_fastrtps_cpp.dir/rosidl_typesupport_fastrtps_cpp/vision_interface/msg/detail/dds_fastrtps/image_head_position__type_support.cpp.o[0m
[3.108s] [ 38%] [32mBuilding CXX object CMakeFiles/vision_interface__rosidl_typesupport_fastrtps_cpp.dir/rosidl_typesupport_fastrtps_cpp/vision_interface/msg/detail/dds_fastrtps/segmentation_line__type_support.cpp.o[0m
[3.115s] [ 38%] [32mBuilding CXX object CMakeFiles/vision_interface__rosidl_typesupport_c.dir/rosidl_typesupport_c/vision_interface/msg/detected_object__type_support.cpp.o[0m
[3.115s] [ 39%] [32mBuilding CXX object CMakeFiles/vision_interface__rosidl_typesupport_c.dir/rosidl_typesupport_c/vision_interface/msg/detections__type_support.cpp.o[0m
[3.116s] [ 40%] [32mBuilding CXX object CMakeFiles/vision_interface__rosidl_typesupport_fastrtps_cpp.dir/rosidl_typesupport_fastrtps_cpp/vision_interface/msg/detail/dds_fastrtps/ball__type_support.cpp.o[0m
[3.125s] [ 41%] [32mBuilding CXX object CMakeFiles/vision_interface__rosidl_typesupport_c.dir/rosidl_typesupport_c/vision_interface/msg/line_segments__type_support.cpp.o[0m
[3.138s] [ 42%] [32mBuilding CXX object CMakeFiles/vision_interface__rosidl_typesupport_c.dir/rosidl_typesupport_c/vision_interface/msg/cal_param__type_support.cpp.o[0m
[3.156s] [ 42%] [32mBuilding C object CMakeFiles/vision_interface__rosidl_typesupport_introspection_c.dir/rosidl_typesupport_introspection_c/vision_interface/msg/detail/detected_object__type_support.c.o[0m
[3.162s] [ 43%] [32mBuilding CXX object CMakeFiles/vision_interface__rosidl_typesupport_c.dir/rosidl_typesupport_c/vision_interface/msg/detections_track__type_support.cpp.o[0m
[3.162s] [ 44%] [32mBuilding CXX object CMakeFiles/vision_interface__rosidl_typesupport_c.dir/rosidl_typesupport_c/vision_interface/msg/segmentation_point__type_support.cpp.o[0m
[3.172s] [ 44%] [32mBuilding CXX object CMakeFiles/vision_interface__rosidl_typesupport_fastrtps_c.dir/rosidl_typesupport_fastrtps_c/vision_interface/msg/detail/detected_object__type_support_c.cpp.o[0m
[3.173s] [ 45%] [32mBuilding CXX object CMakeFiles/vision_interface__rosidl_typesupport_fastrtps_c.dir/rosidl_typesupport_fastrtps_c/vision_interface/msg/detail/detections__type_support_c.cpp.o[0m
[3.177s] [ 46%] [32mBuilding CXX object CMakeFiles/vision_interface__rosidl_typesupport_fastrtps_c.dir/rosidl_typesupport_fastrtps_c/vision_interface/msg/detail/line_segments__type_support_c.cpp.o[0m
[3.190s] [ 47%] [32mBuilding CXX object CMakeFiles/vision_interface__rosidl_typesupport_introspection_cpp.dir/rosidl_typesupport_introspection_cpp/vision_interface/msg/detail/detected_object__type_support.cpp.o[0m
[3.191s] [ 48%] [32mBuilding CXX object CMakeFiles/vision_interface__rosidl_typesupport_c.dir/rosidl_typesupport_c/vision_interface/msg/segmentation_line__type_support.cpp.o[0m
[3.206s] [ 49%] [32mBuilding CXX object CMakeFiles/vision_interface__rosidl_typesupport_introspection_cpp.dir/rosidl_typesupport_introspection_cpp/vision_interface/msg/detail/detections__type_support.cpp.o[0m
[3.213s] [ 50%] [32mBuilding CXX object CMakeFiles/vision_interface__rosidl_typesupport_fastrtps_c.dir/rosidl_typesupport_fastrtps_c/vision_interface/msg/detail/cal_param__type_support_c.cpp.o[0m
[3.223s] [ 51%] [32mBuilding CXX object CMakeFiles/vision_interface__rosidl_typesupport_introspection_cpp.dir/rosidl_typesupport_introspection_cpp/vision_interface/msg/detail/line_segments__type_support.cpp.o[0m
[3.231s] [ 52%] [32mBuilding C object CMakeFiles/vision_interface__rosidl_typesupport_introspection_c.dir/rosidl_typesupport_introspection_c/vision_interface/msg/detail/detections__type_support.c.o[0m
[3.233s] [ 53%] [32mBuilding CXX object CMakeFiles/vision_interface__rosidl_typesupport_c.dir/rosidl_typesupport_c/vision_interface/msg/segmentation_result__type_support.cpp.o[0m
[3.276s] [ 54%] [32m[1mLinking CXX shared library libvision_interface__rosidl_typesupport_cpp.so[0m
[3.281s] [ 55%] [32mBuilding CXX object CMakeFiles/vision_interface__rosidl_typesupport_c.dir/rosidl_typesupport_c/vision_interface/msg/image_head_position__type_support.cpp.o[0m
[3.312s] [ 56%] [32mBuilding C object CMakeFiles/vision_interface__rosidl_typesupport_introspection_c.dir/rosidl_typesupport_introspection_c/vision_interface/msg/detail/line_segments__type_support.c.o[0m
[3.348s] [ 56%] Built target vision_interface__rosidl_typesupport_cpp
[3.363s] [ 58%] [32mBuilding C object CMakeFiles/vision_interface__rosidl_typesupport_introspection_c.dir/rosidl_typesupport_introspection_c/vision_interface/msg/detail/cal_param__type_support.c.o[0m
[3.364s] [ 58%] [32mBuilding CXX object CMakeFiles/vision_interface__rosidl_typesupport_c.dir/rosidl_typesupport_c/vision_interface/msg/ball__type_support.cpp.o[0m
[3.371s] [ 59%] [32mBuilding CXX object CMakeFiles/vision_interface__rosidl_typesupport_introspection_cpp.dir/rosidl_typesupport_introspection_cpp/vision_interface/msg/detail/cal_param__type_support.cpp.o[0m
[3.399s] [ 60%] [32mBuilding C object CMakeFiles/vision_interface__rosidl_typesupport_introspection_c.dir/rosidl_typesupport_introspection_c/vision_interface/msg/detail/detections_track__type_support.c.o[0m
[3.430s] [ 61%] [32m[1mLinking CXX shared library libvision_interface__rosidl_typesupport_c.so[0m
[3.476s] [ 62%] [32mBuilding C object CMakeFiles/vision_interface__rosidl_typesupport_introspection_c.dir/rosidl_typesupport_introspection_c/vision_interface/msg/detail/segmentation_point__type_support.c.o[0m
[3.498s] [ 63%] [32mBuilding CXX object CMakeFiles/vision_interface__rosidl_typesupport_fastrtps_c.dir/rosidl_typesupport_fastrtps_c/vision_interface/msg/detail/detections_track__type_support_c.cpp.o[0m
[3.556s] [ 64%] [32mBuilding C object CMakeFiles/vision_interface__rosidl_typesupport_introspection_c.dir/rosidl_typesupport_introspection_c/vision_interface/msg/detail/segmentation_line__type_support.c.o[0m
[3.556s] [ 64%] Built target vision_interface__rosidl_typesupport_c
[3.579s] [ 65%] [32mBuilding CXX object CMakeFiles/vision_interface__rosidl_typesupport_introspection_cpp.dir/rosidl_typesupport_introspection_cpp/vision_interface/msg/detail/detections_track__type_support.cpp.o[0m
[3.596s] [ 66%] [32mBuilding C object CMakeFiles/vision_interface__rosidl_typesupport_introspection_c.dir/rosidl_typesupport_introspection_c/vision_interface/msg/detail/segmentation_result__type_support.c.o[0m
[3.605s] [ 67%] [32mBuilding CXX object CMakeFiles/vision_interface__rosidl_typesupport_introspection_cpp.dir/rosidl_typesupport_introspection_cpp/vision_interface/msg/detail/segmentation_point__type_support.cpp.o[0m
[3.608s] [ 68%] [32mBuilding CXX object CMakeFiles/vision_interface__rosidl_typesupport_fastrtps_c.dir/rosidl_typesupport_fastrtps_c/vision_interface/msg/detail/segmentation_point__type_support_c.cpp.o[0m
[3.632s] [ 69%] [32mBuilding CXX object CMakeFiles/vision_interface__rosidl_typesupport_introspection_cpp.dir/rosidl_typesupport_introspection_cpp/vision_interface/msg/detail/segmentation_line__type_support.cpp.o[0m
[3.692s] [ 70%] [32mBuilding CXX object CMakeFiles/vision_interface__rosidl_typesupport_introspection_cpp.dir/rosidl_typesupport_introspection_cpp/vision_interface/msg/detail/segmentation_result__type_support.cpp.o[0m
[3.713s] [ 71%] [32mBuilding C object CMakeFiles/vision_interface__rosidl_typesupport_introspection_c.dir/rosidl_typesupport_introspection_c/vision_interface/msg/detail/image_head_position__type_support.c.o[0m
[3.757s] [ 72%] [32mBuilding CXX object CMakeFiles/vision_interface__rosidl_typesupport_introspection_cpp.dir/rosidl_typesupport_introspection_cpp/vision_interface/msg/detail/image_head_position__type_support.cpp.o[0m
[3.764s] [ 73%] [32mBuilding CXX object CMakeFiles/vision_interface__rosidl_typesupport_fastrtps_c.dir/rosidl_typesupport_fastrtps_c/vision_interface/msg/detail/segmentation_line__type_support_c.cpp.o[0m
[3.772s] [ 74%] [32mBuilding C object CMakeFiles/vision_interface__rosidl_typesupport_introspection_c.dir/rosidl_typesupport_introspection_c/vision_interface/msg/detail/ball__type_support.c.o[0m
[3.787s] [ 75%] [32mBuilding CXX object CMakeFiles/vision_interface__rosidl_typesupport_fastrtps_c.dir/rosidl_typesupport_fastrtps_c/vision_interface/msg/detail/segmentation_result__type_support_c.cpp.o[0m
[3.799s] [ 76%] [32mBuilding CXX object CMakeFiles/vision_interface__rosidl_typesupport_introspection_cpp.dir/rosidl_typesupport_introspection_cpp/vision_interface/msg/detail/ball__type_support.cpp.o[0m
[3.820s] [ 77%] [32mBuilding CXX object CMakeFiles/vision_interface__rosidl_typesupport_fastrtps_c.dir/rosidl_typesupport_fastrtps_c/vision_interface/msg/detail/image_head_position__type_support_c.cpp.o[0m
[3.868s] [ 78%] [32mBuilding CXX object CMakeFiles/vision_interface__rosidl_typesupport_fastrtps_c.dir/rosidl_typesupport_fastrtps_c/vision_interface/msg/detail/ball__type_support_c.cpp.o[0m
[3.868s] [ 79%] [32m[1mLinking C shared library libvision_interface__rosidl_typesupport_introspection_c.so[0m
[3.969s] [ 80%] [32m[1mLinking CXX shared library libvision_interface__rosidl_typesupport_fastrtps_cpp.so[0m
[3.979s] [ 80%] Built target vision_interface__rosidl_typesupport_introspection_c
[4.181s] [ 80%] Built target vision_interface__rosidl_typesupport_fastrtps_cpp
[4.311s] [ 81%] [32m[1mLinking CXX shared library libvision_interface__rosidl_typesupport_fastrtps_c.so[0m
[4.388s] [ 82%] [32m[1mLinking CXX shared library libvision_interface__rosidl_typesupport_introspection_cpp.so[0m
[4.444s] [ 82%] Built target vision_interface__rosidl_typesupport_fastrtps_c
[4.526s] [ 82%] Built target vision_interface__rosidl_typesupport_introspection_cpp
[4.555s] [ 82%] Built target vision_interface
[4.577s] [ 83%] [34m[1mGenerating Python code for ROS interfaces[0m
[5.483s] [ 83%] Built target vision_interface__py
[5.494s] [ 84%] [32mBuilding C object CMakeFiles/vision_interface__rosidl_generator_py.dir/rosidl_generator_py/vision_interface/msg/_detected_object_s.c.o[0m
[5.496s] [ 85%] [32mBuilding C object CMakeFiles/vision_interface__rosidl_generator_py.dir/rosidl_generator_py/vision_interface/msg/_segmentation_line_s.c.o[0m
[5.496s] [ 86%] [32mBuilding C object CMakeFiles/vision_interface__rosidl_generator_py.dir/rosidl_generator_py/vision_interface/msg/_segmentation_result_s.c.o[0m
[5.497s] [ 87%] [32mBuilding C object CMakeFiles/vision_interface__rosidl_generator_py.dir/rosidl_generator_py/vision_interface/msg/_cal_param_s.c.o[0m
[5.497s] [ 88%] [32mBuilding C object CMakeFiles/vision_interface__rosidl_generator_py.dir/rosidl_generator_py/vision_interface/msg/_line_segments_s.c.o[0m
[5.498s] [ 90%] [32mBuilding C object CMakeFiles/vision_interface__rosidl_generator_py.dir/rosidl_generator_py/vision_interface/msg/_ball_s.c.o[0m
[5.498s] [ 90%] [32mBuilding C object CMakeFiles/vision_interface__rosidl_generator_py.dir/rosidl_generator_py/vision_interface/msg/_segmentation_point_s.c.o[0m
[5.499s] [ 91%] [32mBuilding C object CMakeFiles/vision_interface__rosidl_generator_py.dir/rosidl_generator_py/vision_interface/msg/_detections_s.c.o[0m
[5.499s] [ 92%] [32mBuilding C object CMakeFiles/vision_interface__rosidl_generator_py.dir/rosidl_generator_py/vision_interface/msg/_detections_track_s.c.o[0m
[5.501s] [ 93%] [32mBuilding C object CMakeFiles/vision_interface__rosidl_generator_py.dir/rosidl_generator_py/vision_interface/msg/_image_head_position_s.c.o[0m
[5.604s] [ 94%] [32m[1mLinking C shared library rosidl_generator_py/vision_interface/libvision_interface__rosidl_generator_py.so[0m
[5.632s] [ 94%] Built target vision_interface__rosidl_generator_py
[5.643s] [ 95%] [32mBuilding C object CMakeFiles/vision_interface__rosidl_typesupport_fastrtps_c__pyext.dir/rosidl_generator_py/vision_interface/_vision_interface_s.ep.rosidl_typesupport_fastrtps_c.c.o[0m
[5.644s] [ 96%] [32mBuilding C object CMakeFiles/vision_interface__rosidl_typesupport_c__pyext.dir/rosidl_generator_py/vision_interface/_vision_interface_s.ep.rosidl_typesupport_c.c.o[0m
[5.645s] [ 97%] [32mBuilding C object CMakeFiles/vision_interface__rosidl_typesupport_introspection_c__pyext.dir/rosidl_generator_py/vision_interface/_vision_interface_s.ep.rosidl_typesupport_introspection_c.c.o[0m
[5.706s] [ 98%] [32m[1mLinking C shared library rosidl_generator_py/vision_interface/vision_interface_s__rosidl_typesupport_c.cpython-310-x86_64-linux-gnu.so[0m
[5.708s] [ 99%] [32m[1mLinking C shared library rosidl_generator_py/vision_interface/vision_interface_s__rosidl_typesupport_fastrtps_c.cpython-310-x86_64-linux-gnu.so[0m
[5.736s] [ 99%] Built target vision_interface__rosidl_typesupport_c__pyext
[5.740s] [ 99%] Built target vision_interface__rosidl_typesupport_fastrtps_c__pyext
[5.743s] [100%] [32m[1mLinking C shared library rosidl_generator_py/vision_interface/vision_interface_s__rosidl_typesupport_introspection_c.cpython-310-x86_64-linux-gnu.so[0m
[5.766s] [100%] Built target vision_interface__rosidl_typesupport_introspection_c__pyext
[5.773s] Invoked command in '/workspace/hsl-player/build/vision_interface' returned '0': CMAKE_PREFIX_PATH=/opt/ros/humble PS1=\[\e]0;\u@\h: \w\a\]${debian_chroot:+($debian_chroot)}\u@\h:\w\$ /usr/bin/cmake --build /workspace/hsl-player/build/vision_interface -- -j20 -l20
[5.774s] Invoking command in '/workspace/hsl-player/build/vision_interface': CMAKE_PREFIX_PATH=/opt/ros/humble PS1=\[\e]0;\u@\h: \w\a\]${debian_chroot:+($debian_chroot)}\u@\h:\w\$ /usr/bin/cmake --install /workspace/hsl-player/build/vision_interface
[5.779s] -- Install configuration: ""
[5.780s] -- Execute custom install script
[5.780s] -- Symlinking: /workspace/hsl-player/install/vision_interface/share/ament_index/resource_index/rosidl_interfaces/vision_interface
[5.784s] -- Symlinking: /workspace/hsl-player/install/vision_interface/include/vision_interface/vision_interface/msg/ball.h
[5.787s] -- Symlinking: /workspace/hsl-player/install/vision_interface/include/vision_interface/vision_interface/msg/cal_param.h
[5.792s] -- Symlinking: /workspace/hsl-player/install/vision_interface/include/vision_interface/vision_interface/msg/detail/ball__functions.h
[5.798s] -- Symlinking: /workspace/hsl-player/install/vision_interface/include/vision_interface/vision_interface/msg/detail/ball__struct.h
[5.802s] -- Symlinking: /workspace/hsl-player/install/vision_interface/include/vision_interface/vision_interface/msg/detail/ball__type_support.h
[5.809s] -- Symlinking: /workspace/hsl-player/install/vision_interface/include/vision_interface/vision_interface/msg/detail/cal_param__functions.h
[5.813s] -- Symlinking: /workspace/hsl-player/install/vision_interface/include/vision_interface/vision_interface/msg/detail/cal_param__struct.h
[5.818s] -- Symlinking: /workspace/hsl-player/install/vision_interface/include/vision_interface/vision_interface/msg/detail/cal_param__type_support.h
[5.822s] -- Symlinking: /workspace/hsl-player/install/vision_interface/include/vision_interface/vision_interface/msg/detail/detected_object__functions.h
[5.826s] -- Symlinking: /workspace/hsl-player/install/vision_interface/include/vision_interface/vision_interface/msg/detail/detected_object__struct.h
[5.829s] -- Symlinking: /workspace/hsl-player/install/vision_interface/include/vision_interface/vision_interface/msg/detail/detected_object__type_support.h
[5.834s] -- Symlinking: /workspace/hsl-player/install/vision_interface/include/vision_interface/vision_interface/msg/detail/detections__functions.h
[5.839s] -- Symlinking: /workspace/hsl-player/install/vision_interface/include/vision_interface/vision_interface/msg/detail/detections__struct.h
[5.843s] -- Symlinking: /workspace/hsl-player/install/vision_interface/include/vision_interface/vision_interface/msg/detail/detections__type_support.h
[5.848s] -- Symlinking: /workspace/hsl-player/install/vision_interface/include/vision_interface/vision_interface/msg/detail/detections_track__functions.h
[5.853s] -- Symlinking: /workspace/hsl-player/install/vision_interface/include/vision_interface/vision_interface/msg/detail/detections_track__struct.h
[5.858s] -- Symlinking: /workspace/hsl-player/install/vision_interface/include/vision_interface/vision_interface/msg/detail/detections_track__type_support.h
[5.863s] -- Symlinking: /workspace/hsl-player/install/vision_interface/include/vision_interface/vision_interface/msg/detail/image_head_position__functions.h
[5.868s] -- Symlinking: /workspace/hsl-player/install/vision_interface/include/vision_interface/vision_interface/msg/detail/image_head_position__struct.h
[5.874s] -- Symlinking: /workspace/hsl-player/install/vision_interface/include/vision_interface/vision_interface/msg/detail/image_head_position__type_support.h
[5.879s] -- Symlinking: /workspace/hsl-player/install/vision_interface/include/vision_interface/vision_interface/msg/detail/line_segments__functions.h
[5.884s] -- Symlinking: /workspace/hsl-player/install/vision_interface/include/vision_interface/vision_interface/msg/detail/line_segments__struct.h
[5.888s] -- Symlinking: /workspace/hsl-player/install/vision_interface/include/vision_interface/vision_interface/msg/detail/line_segments__type_support.h
[5.892s] -- Symlinking: /workspace/hsl-player/install/vision_interface/include/vision_interface/vision_interface/msg/detail/segmentation_line__functions.h
[5.898s] -- Symlinking: /workspace/hsl-player/install/vision_interface/include/vision_interface/vision_interface/msg/detail/segmentation_line__struct.h
[5.902s] -- Symlinking: /workspace/hsl-player/install/vision_interface/include/vision_interface/vision_interface/msg/detail/segmentation_line__type_support.h
[5.905s] -- Symlinking: /workspace/hsl-player/install/vision_interface/include/vision_interface/vision_interface/msg/detail/segmentation_point__functions.h
[5.910s] -- Symlinking: /workspace/hsl-player/install/vision_interface/include/vision_interface/vision_interface/msg/detail/segmentation_point__struct.h
[5.913s] -- Symlinking: /workspace/hsl-player/install/vision_interface/include/vision_interface/vision_interface/msg/detail/segmentation_point__type_support.h
[5.919s] -- Symlinking: /workspace/hsl-player/install/vision_interface/include/vision_interface/vision_interface/msg/detail/segmentation_result__functions.h
[5.924s] -- Symlinking: /workspace/hsl-player/install/vision_interface/include/vision_interface/vision_interface/msg/detail/segmentation_result__struct.h
[5.930s] -- Symlinking: /workspace/hsl-player/install/vision_interface/include/vision_interface/vision_interface/msg/detail/segmentation_result__type_support.h
[5.934s] -- Symlinking: /workspace/hsl-player/install/vision_interface/include/vision_interface/vision_interface/msg/detected_object.h
[5.940s] -- Symlinking: /workspace/hsl-player/install/vision_interface/include/vision_interface/vision_interface/msg/detections.h
[5.944s] -- Symlinking: /workspace/hsl-player/install/vision_interface/include/vision_interface/vision_interface/msg/detections_track.h
[5.948s] -- Symlinking: /workspace/hsl-player/install/vision_interface/include/vision_interface/vision_interface/msg/image_head_position.h
[5.952s] -- Symlinking: /workspace/hsl-player/install/vision_interface/include/vision_interface/vision_interface/msg/line_segments.h
[5.958s] -- Symlinking: /workspace/hsl-player/install/vision_interface/include/vision_interface/vision_interface/msg/rosidl_generator_c__visibility_control.h
[5.963s] -- Symlinking: /workspace/hsl-player/install/vision_interface/include/vision_interface/vision_interface/msg/segmentation_line.h
[5.969s] -- Symlinking: /workspace/hsl-player/install/vision_interface/include/vision_interface/vision_interface/msg/segmentation_point.h
[5.973s] -- Symlinking: /workspace/hsl-player/install/vision_interface/include/vision_interface/vision_interface/msg/segmentation_result.h
[5.977s] -- Symlinking: /workspace/hsl-player/install/vision_interface/share/vision_interface/environment/library_path.sh
[5.981s] -- Symlinking: /workspace/hsl-player/install/vision_interface/share/vision_interface/environment/library_path.dsv
[5.985s] -- Symlinking: /workspace/hsl-player/install/vision_interface/include/vision_interface/vision_interface/msg/detail/ball__rosidl_typesupport_fastrtps_c.h
[5.988s] -- Symlinking: /workspace/hsl-player/install/vision_interface/include/vision_interface/vision_interface/msg/detail/cal_param__rosidl_typesupport_fastrtps_c.h
[5.993s] -- Symlinking: /workspace/hsl-player/install/vision_interface/include/vision_interface/vision_interface/msg/detail/detected_object__rosidl_typesupport_fastrtps_c.h
[5.997s] -- Symlinking: /workspace/hsl-player/install/vision_interface/include/vision_interface/vision_interface/msg/detail/detections__rosidl_typesupport_fastrtps_c.h
[6.001s] -- Symlinking: /workspace/hsl-player/install/vision_interface/include/vision_interface/vision_interface/msg/detail/detections_track__rosidl_typesupport_fastrtps_c.h
[6.005s] -- Symlinking: /workspace/hsl-player/install/vision_interface/include/vision_interface/vision_interface/msg/detail/image_head_position__rosidl_typesupport_fastrtps_c.h
[6.008s] -- Symlinking: /workspace/hsl-player/install/vision_interface/include/vision_interface/vision_interface/msg/detail/line_segments__rosidl_typesupport_fastrtps_c.h
[6.012s] -- Symlinking: /workspace/hsl-player/install/vision_interface/include/vision_interface/vision_interface/msg/detail/segmentation_line__rosidl_typesupport_fastrtps_c.h
[6.017s] -- Symlinking: /workspace/hsl-player/install/vision_interface/include/vision_interface/vision_interface/msg/detail/segmentation_point__rosidl_typesupport_fastrtps_c.h
[6.021s] -- Symlinking: /workspace/hsl-player/install/vision_interface/include/vision_interface/vision_interface/msg/detail/segmentation_result__rosidl_typesupport_fastrtps_c.h
[6.026s] -- Symlinking: /workspace/hsl-player/install/vision_interface/include/vision_interface/vision_interface/msg/rosidl_typesupport_fastrtps_c__visibility_control.h
[6.032s] -- Symlinking: /workspace/hsl-player/install/vision_interface/include/vision_interface/vision_interface/msg/ball.hpp
[6.037s] -- Symlinking: /workspace/hsl-player/install/vision_interface/include/vision_interface/vision_interface/msg/cal_param.hpp
[6.041s] -- Symlinking: /workspace/hsl-player/install/vision_interface/include/vision_interface/vision_interface/msg/detail/ball__builder.hpp
[6.046s] -- Symlinking: /workspace/hsl-player/install/vision_interface/include/vision_interface/vision_interface/msg/detail/ball__struct.hpp
[6.051s] -- Symlinking: /workspace/hsl-player/install/vision_interface/include/vision_interface/vision_interface/msg/detail/ball__traits.hpp
[6.056s] -- Symlinking: /workspace/hsl-player/install/vision_interface/include/vision_interface/vision_interface/msg/detail/ball__type_support.hpp
[6.061s] -- Symlinking: /workspace/hsl-player/install/vision_interface/include/vision_interface/vision_interface/msg/detail/cal_param__builder.hpp
[6.065s] -- Symlinking: /workspace/hsl-player/install/vision_interface/include/vision_interface/vision_interface/msg/detail/cal_param__struct.hpp
[6.068s] -- Symlinking: /workspace/hsl-player/install/vision_interface/include/vision_interface/vision_interface/msg/detail/cal_param__traits.hpp
[6.073s] -- Symlinking: /workspace/hsl-player/install/vision_interface/include/vision_interface/vision_interface/msg/detail/cal_param__type_support.hpp
[6.078s] -- Symlinking: /workspace/hsl-player/install/vision_interface/include/vision_interface/vision_interface/msg/detail/detected_object__builder.hpp
[6.082s] -- Symlinking: /workspace/hsl-player/install/vision_interface/include/vision_interface/vision_interface/msg/detail/detected_object__struct.hpp
[6.087s] -- Symlinking: /workspace/hsl-player/install/vision_interface/include/vision_interface/vision_interface/msg/detail/detected_object__traits.hpp
[6.092s] -- Symlinking: /workspace/hsl-player/install/vision_interface/include/vision_interface/vision_interface/msg/detail/detected_object__type_support.hpp
[6.098s] -- Symlinking: /workspace/hsl-player/install/vision_interface/include/vision_interface/vision_interface/msg/detail/detections__builder.hpp
[6.101s] -- Symlinking: /workspace/hsl-player/install/vision_interface/include/vision_interface/vision_interface/msg/detail/detections__struct.hpp
[6.107s] -- Symlinking: /workspace/hsl-player/install/vision_interface/include/vision_interface/vision_interface/msg/detail/detections__traits.hpp
[6.111s] -- Symlinking: /workspace/hsl-player/install/vision_interface/include/vision_interface/vision_interface/msg/detail/detections__type_support.hpp
[6.117s] -- Symlinking: /workspace/hsl-player/install/vision_interface/include/vision_interface/vision_interface/msg/detail/detections_track__builder.hpp
[6.121s] -- Symlinking: /workspace/hsl-player/install/vision_interface/include/vision_interface/vision_interface/msg/detail/detections_track__struct.hpp
[6.126s] -- Symlinking: /workspace/hsl-player/install/vision_interface/include/vision_interface/vision_interface/msg/detail/detections_track__traits.hpp
[6.132s] -- Symlinking: /workspace/hsl-player/install/vision_interface/include/vision_interface/vision_interface/msg/detail/detections_track__type_support.hpp
[6.137s] -- Symlinking: /workspace/hsl-player/install/vision_interface/include/vision_interface/vision_interface/msg/detail/image_head_position__builder.hpp
[6.141s] -- Symlinking: /workspace/hsl-player/install/vision_interface/include/vision_interface/vision_interface/msg/detail/image_head_position__struct.hpp
[6.146s] -- Symlinking: /workspace/hsl-player/install/vision_interface/include/vision_interface/vision_interface/msg/detail/image_head_position__traits.hpp
[6.151s] -- Symlinking: /workspace/hsl-player/install/vision_interface/include/vision_interface/vision_interface/msg/detail/image_head_position__type_support.hpp
[6.155s] -- Symlinking: /workspace/hsl-player/install/vision_interface/include/vision_interface/vision_interface/msg/detail/line_segments__builder.hpp
[6.160s] -- Symlinking: /workspace/hsl-player/install/vision_interface/include/vision_interface/vision_interface/msg/detail/line_segments__struct.hpp
[6.166s] -- Symlinking: /workspace/hsl-player/install/vision_interface/include/vision_interface/vision_interface/msg/detail/line_segments__traits.hpp
[6.170s] -- Symlinking: /workspace/hsl-player/install/vision_interface/include/vision_interface/vision_interface/msg/detail/line_segments__type_support.hpp
[6.176s] -- Symlinking: /workspace/hsl-player/install/vision_interface/include/vision_interface/vision_interface/msg/detail/segmentation_line__builder.hpp
[6.181s] -- Symlinking: /workspace/hsl-player/install/vision_interface/include/vision_interface/vision_interface/msg/detail/segmentation_line__struct.hpp
[6.187s] -- Symlinking: /workspace/hsl-player/install/vision_interface/include/vision_interface/vision_interface/msg/detail/segmentation_line__traits.hpp
[6.192s] -- Symlinking: /workspace/hsl-player/install/vision_interface/include/vision_interface/vision_interface/msg/detail/segmentation_line__type_support.hpp
[6.197s] -- Symlinking: /workspace/hsl-player/install/vision_interface/include/vision_interface/vision_interface/msg/detail/segmentation_point__builder.hpp
[6.203s] -- Symlinking: /workspace/hsl-player/install/vision_interface/include/vision_interface/vision_interface/msg/detail/segmentation_point__struct.hpp
[6.208s] -- Symlinking: /workspace/hsl-player/install/vision_interface/include/vision_interface/vision_interface/msg/detail/segmentation_point__traits.hpp
[6.214s] -- Symlinking: /workspace/hsl-player/install/vision_interface/include/vision_interface/vision_interface/msg/detail/segmentation_point__type_support.hpp
[6.218s] -- Symlinking: /workspace/hsl-player/install/vision_interface/include/vision_interface/vision_interface/msg/detail/segmentation_result__builder.hpp
[6.222s] -- Symlinking: /workspace/hsl-player/install/vision_interface/include/vision_interface/vision_interface/msg/detail/segmentation_result__struct.hpp
[6.228s] -- Symlinking: /workspace/hsl-player/install/vision_interface/include/vision_interface/vision_interface/msg/detail/segmentation_result__traits.hpp
[6.233s] -- Symlinking: /workspace/hsl-player/install/vision_interface/include/vision_interface/vision_interface/msg/detail/segmentation_result__type_support.hpp
[6.236s] -- Symlinking: /workspace/hsl-player/install/vision_interface/include/vision_interface/vision_interface/msg/detected_object.hpp
[6.241s] -- Symlinking: /workspace/hsl-player/install/vision_interface/include/vision_interface/vision_interface/msg/detections.hpp
[6.245s] -- Symlinking: /workspace/hsl-player/install/vision_interface/include/vision_interface/vision_interface/msg/detections_track.hpp
[6.248s] -- Symlinking: /workspace/hsl-player/install/vision_interface/include/vision_interface/vision_interface/msg/image_head_position.hpp
[6.253s] -- Symlinking: /workspace/hsl-player/install/vision_interface/include/vision_interface/vision_interface/msg/line_segments.hpp
[6.257s] -- Symlinking: /workspace/hsl-player/install/vision_interface/include/vision_interface/vision_interface/msg/rosidl_generator_cpp__visibility_control.hpp
[6.261s] -- Symlinking: /workspace/hsl-player/install/vision_interface/include/vision_interface/vision_interface/msg/segmentation_line.hpp
[6.266s] -- Symlinking: /workspace/hsl-player/install/vision_interface/include/vision_interface/vision_interface/msg/segmentation_point.hpp
[6.271s] -- Symlinking: /workspace/hsl-player/install/vision_interface/include/vision_interface/vision_interface/msg/segmentation_result.hpp
[6.276s] -- Symlinking: /workspace/hsl-player/install/vision_interface/include/vision_interface/vision_interface/msg/detail/ball__rosidl_typesupport_fastrtps_cpp.hpp
[6.279s] -- Symlinking: /workspace/hsl-player/install/vision_interface/include/vision_interface/vision_interface/msg/detail/cal_param__rosidl_typesupport_fastrtps_cpp.hpp
[6.284s] -- Symlinking: /workspace/hsl-player/install/vision_interface/include/vision_interface/vision_interface/msg/detail/detected_object__rosidl_typesupport_fastrtps_cpp.hpp
[6.289s] -- Symlinking: /workspace/hsl-player/install/vision_interface/include/vision_interface/vision_interface/msg/detail/detections__rosidl_typesupport_fastrtps_cpp.hpp
[6.295s] -- Symlinking: /workspace/hsl-player/install/vision_interface/include/vision_interface/vision_interface/msg/detail/detections_track__rosidl_typesupport_fastrtps_cpp.hpp
[6.300s] -- Symlinking: /workspace/hsl-player/install/vision_interface/include/vision_interface/vision_interface/msg/detail/image_head_position__rosidl_typesupport_fastrtps_cpp.hpp
[6.306s] -- Symlinking: /workspace/hsl-player/install/vision_interface/include/vision_interface/vision_interface/msg/detail/line_segments__rosidl_typesupport_fastrtps_cpp.hpp
[6.311s] -- Symlinking: /workspace/hsl-player/install/vision_interface/include/vision_interface/vision_interface/msg/detail/segmentation_line__rosidl_typesupport_fastrtps_cpp.hpp
[6.315s] -- Symlinking: /workspace/hsl-player/install/vision_interface/include/vision_interface/vision_interface/msg/detail/segmentation_point__rosidl_typesupport_fastrtps_cpp.hpp
[6.320s] -- Symlinking: /workspace/hsl-player/install/vision_interface/include/vision_interface/vision_interface/msg/detail/segmentation_result__rosidl_typesupport_fastrtps_cpp.hpp
[6.326s] -- Symlinking: /workspace/hsl-player/install/vision_interface/include/vision_interface/vision_interface/msg/rosidl_typesupport_fastrtps_cpp__visibility_control.h
[6.332s] -- Symlinking: /workspace/hsl-player/install/vision_interface/include/vision_interface/vision_interface/msg/detail/ball__rosidl_typesupport_introspection_c.h
[6.337s] -- Symlinking: /workspace/hsl-player/install/vision_interface/include/vision_interface/vision_interface/msg/detail/cal_param__rosidl_typesupport_introspection_c.h
[6.342s] -- Symlinking: /workspace/hsl-player/install/vision_interface/include/vision_interface/vision_interface/msg/detail/detected_object__rosidl_typesupport_introspection_c.h
[6.347s] -- Symlinking: /workspace/hsl-player/install/vision_interface/include/vision_interface/vision_interface/msg/detail/detections__rosidl_typesupport_introspection_c.h
[6.351s] -- Symlinking: /workspace/hsl-player/install/vision_interface/include/vision_interface/vision_interface/msg/detail/detections_track__rosidl_typesupport_introspection_c.h
[6.357s] -- Symlinking: /workspace/hsl-player/install/vision_interface/include/vision_interface/vision_interface/msg/detail/image_head_position__rosidl_typesupport_introspection_c.h
[6.362s] -- Symlinking: /workspace/hsl-player/install/vision_interface/include/vision_interface/vision_interface/msg/detail/line_segments__rosidl_typesupport_introspection_c.h
[6.368s] -- Symlinking: /workspace/hsl-player/install/vision_interface/include/vision_interface/vision_interface/msg/detail/segmentation_line__rosidl_typesupport_introspection_c.h
[6.372s] -- Symlinking: /workspace/hsl-player/install/vision_interface/include/vision_interface/vision_interface/msg/detail/segmentation_point__rosidl_typesupport_introspection_c.h
[6.378s] -- Symlinking: /workspace/hsl-player/install/vision_interface/include/vision_interface/vision_interface/msg/detail/segmentation_result__rosidl_typesupport_introspection_c.h
[6.381s] -- Symlinking: /workspace/hsl-player/install/vision_interface/include/vision_interface/vision_interface/msg/rosidl_typesupport_introspection_c__visibility_control.h
[6.385s] -- Symlinking: /workspace/hsl-player/install/vision_interface/include/vision_interface/vision_interface/msg/detail/ball__rosidl_typesupport_introspection_cpp.hpp
[6.390s] -- Symlinking: /workspace/hsl-player/install/vision_interface/include/vision_interface/vision_interface/msg/detail/cal_param__rosidl_typesupport_introspection_cpp.hpp
[6.396s] -- Symlinking: /workspace/hsl-player/install/vision_interface/include/vision_interface/vision_interface/msg/detail/detected_object__rosidl_typesupport_introspection_cpp.hpp
[6.401s] -- Symlinking: /workspace/hsl-player/install/vision_interface/include/vision_interface/vision_interface/msg/detail/detections__rosidl_typesupport_introspection_cpp.hpp
[6.405s] -- Symlinking: /workspace/hsl-player/install/vision_interface/include/vision_interface/vision_interface/msg/detail/detections_track__rosidl_typesupport_introspection_cpp.hpp
[6.411s] -- Symlinking: /workspace/hsl-player/install/vision_interface/include/vision_interface/vision_interface/msg/detail/image_head_position__rosidl_typesupport_introspection_cpp.hpp
[6.416s] -- Symlinking: /workspace/hsl-player/install/vision_interface/include/vision_interface/vision_interface/msg/detail/line_segments__rosidl_typesupport_introspection_cpp.hpp
[6.421s] -- Symlinking: /workspace/hsl-player/install/vision_interface/include/vision_interface/vision_interface/msg/detail/segmentation_line__rosidl_typesupport_introspection_cpp.hpp
[6.426s] -- Symlinking: /workspace/hsl-player/install/vision_interface/include/vision_interface/vision_interface/msg/detail/segmentation_point__rosidl_typesupport_introspection_cpp.hpp
[6.431s] -- Symlinking: /workspace/hsl-player/install/vision_interface/include/vision_interface/vision_interface/msg/detail/segmentation_result__rosidl_typesupport_introspection_cpp.hpp
[6.437s] -- Symlinking: /workspace/hsl-player/install/vision_interface/share/vision_interface/environment/pythonpath.sh
[6.442s] -- Symlinking: /workspace/hsl-player/install/vision_interface/share/vision_interface/environment/pythonpath.dsv
[6.450s] -- Symlinking: /workspace/hsl-player/install/vision_interface/local/lib/python3.10/dist-packages/vision_interface-1.0.0-py3.10.egg-info/PKG-INFO
[6.453s] -- Symlinking: /workspace/hsl-player/install/vision_interface/local/lib/python3.10/dist-packages/vision_interface-1.0.0-py3.10.egg-info/SOURCES.txt
[6.459s] -- Symlinking: /workspace/hsl-player/install/vision_interface/local/lib/python3.10/dist-packages/vision_interface-1.0.0-py3.10.egg-info/dependency_links.txt
[6.463s] -- Symlinking: /workspace/hsl-player/install/vision_interface/local/lib/python3.10/dist-packages/vision_interface-1.0.0-py3.10.egg-info/top_level.txt
[6.467s] -- Symlinking: /workspace/hsl-player/install/vision_interface/local/lib/python3.10/dist-packages/vision_interface/__init__.py
[6.473s] -- Symlinking: /workspace/hsl-player/install/vision_interface/local/lib/python3.10/dist-packages/vision_interface/_vision_interface_s.ep.rosidl_typesupport_c.c
[6.481s] -- Symlinking: /workspace/hsl-player/install/vision_interface/local/lib/python3.10/dist-packages/vision_interface/_vision_interface_s.ep.rosidl_typesupport_fastrtps_c.c
[6.488s] -- Symlinking: /workspace/hsl-player/install/vision_interface/local/lib/python3.10/dist-packages/vision_interface/_vision_interface_s.ep.rosidl_typesupport_introspection_c.c
[6.490s] -- Symlinking: /workspace/hsl-player/install/vision_interface/local/lib/python3.10/dist-packages/vision_interface/libvision_interface__rosidl_generator_py.so
[6.497s] -- Symlinking: /workspace/hsl-player/install/vision_interface/local/lib/python3.10/dist-packages/vision_interface/msg/__init__.py
[6.503s] -- Symlinking: /workspace/hsl-player/install/vision_interface/local/lib/python3.10/dist-packages/vision_interface/msg/_ball.py
[6.510s] -- Symlinking: /workspace/hsl-player/install/vision_interface/local/lib/python3.10/dist-packages/vision_interface/msg/_ball_s.c
[6.518s] -- Symlinking: /workspace/hsl-player/install/vision_interface/local/lib/python3.10/dist-packages/vision_interface/msg/_cal_param.py
[6.525s] -- Symlinking: /workspace/hsl-player/install/vision_interface/local/lib/python3.10/dist-packages/vision_interface/msg/_cal_param_s.c
[6.531s] -- Symlinking: /workspace/hsl-player/install/vision_interface/local/lib/python3.10/dist-packages/vision_interface/msg/_detected_object.py
[6.541s] -- Symlinking: /workspace/hsl-player/install/vision_interface/local/lib/python3.10/dist-packages/vision_interface/msg/_detected_object_s.c
[6.547s] -- Symlinking: /workspace/hsl-player/install/vision_interface/local/lib/python3.10/dist-packages/vision_interface/msg/_detections.py
[6.555s] -- Symlinking: /workspace/hsl-player/install/vision_interface/local/lib/python3.10/dist-packages/vision_interface/msg/_detections_s.c
[6.560s] -- Symlinking: /workspace/hsl-player/install/vision_interface/local/lib/python3.10/dist-packages/vision_interface/msg/_detections_track.py
[6.564s] -- Symlinking: /workspace/hsl-player/install/vision_interface/local/lib/python3.10/dist-packages/vision_interface/msg/_detections_track_s.c
[6.570s] -- Symlinking: /workspace/hsl-player/install/vision_interface/local/lib/python3.10/dist-packages/vision_interface/msg/_image_head_position.py
[6.574s] -- Symlinking: /workspace/hsl-player/install/vision_interface/local/lib/python3.10/dist-packages/vision_interface/msg/_image_head_position_s.c
[6.578s] -- Symlinking: /workspace/hsl-player/install/vision_interface/local/lib/python3.10/dist-packages/vision_interface/msg/_line_segments.py
[6.584s] -- Symlinking: /workspace/hsl-player/install/vision_interface/local/lib/python3.10/dist-packages/vision_interface/msg/_line_segments_s.c
[6.588s] -- Symlinking: /workspace/hsl-player/install/vision_interface/local/lib/python3.10/dist-packages/vision_interface/msg/_segmentation_line.py
[6.594s] -- Symlinking: /workspace/hsl-player/install/vision_interface/local/lib/python3.10/dist-packages/vision_interface/msg/_segmentation_line_s.c
[6.599s] -- Symlinking: /workspace/hsl-player/install/vision_interface/local/lib/python3.10/dist-packages/vision_interface/msg/_segmentation_point.py
[6.605s] -- Symlinking: /workspace/hsl-player/install/vision_interface/local/lib/python3.10/dist-packages/vision_interface/msg/_segmentation_point_s.c
[6.611s] -- Symlinking: /workspace/hsl-player/install/vision_interface/local/lib/python3.10/dist-packages/vision_interface/msg/_segmentation_result.py
[6.617s] -- Symlinking: /workspace/hsl-player/install/vision_interface/local/lib/python3.10/dist-packages/vision_interface/msg/_segmentation_result_s.c
[6.621s] -- Symlinking: /workspace/hsl-player/install/vision_interface/local/lib/python3.10/dist-packages/vision_interface/vision_interface_s__rosidl_typesupport_c.cpython-310-x86_64-linux-gnu.so
[6.627s] -- Symlinking: /workspace/hsl-player/install/vision_interface/local/lib/python3.10/dist-packages/vision_interface/vision_interface_s__rosidl_typesupport_fastrtps_c.cpython-310-x86_64-linux-gnu.so
[6.633s] -- Symlinking: /workspace/hsl-player/install/vision_interface/local/lib/python3.10/dist-packages/vision_interface/vision_interface_s__rosidl_typesupport_introspection_c.cpython-310-x86_64-linux-gnu.so
[6.638s] -- Up-to-date symlink: /workspace/hsl-player/install/vision_interface/local/lib/python3.10/dist-packages/vision_interface/vision_interface_s__rosidl_typesupport_fastrtps_c.cpython-310-x86_64-linux-gnu.so
[6.638s] -- Up-to-date symlink: /workspace/hsl-player/install/vision_interface/local/lib/python3.10/dist-packages/vision_interface/vision_interface_s__rosidl_typesupport_introspection_c.cpython-310-x86_64-linux-gnu.so
[6.639s] -- Up-to-date symlink: /workspace/hsl-player/install/vision_interface/local/lib/python3.10/dist-packages/vision_interface/vision_interface_s__rosidl_typesupport_c.cpython-310-x86_64-linux-gnu.so
[6.639s] -- Symlinking: /workspace/hsl-player/install/vision_interface/share/ament_index/resource_index/rust_packages/vision_interface
[6.643s] -- Symlinking: /workspace/hsl-player/install/vision_interface/share/vision_interface/rust/Cargo.toml
[6.646s] -- Symlinking: /workspace/hsl-player/install/vision_interface/share/vision_interface/rust/build.rs
[6.652s] -- Symlinking: /workspace/hsl-player/install/vision_interface/share/vision_interface/rust/src/lib.rs
[6.658s] -- Symlinking: /workspace/hsl-player/install/vision_interface/share/vision_interface/rust/src/msg.rs
[6.665s] -- Symlinking: /workspace/hsl-player/install/vision_interface/share/vision_interface/rust/src/msg/rmw.rs
[6.671s] -- Symlinking: /workspace/hsl-player/install/vision_interface/share/vision_interface/msg/DetectedObject.idl
[6.678s] -- Symlinking: /workspace/hsl-player/install/vision_interface/share/vision_interface/msg/Detections.idl
[6.684s] -- Symlinking: /workspace/hsl-player/install/vision_interface/share/vision_interface/msg/LineSegments.idl
[6.690s] -- Symlinking: /workspace/hsl-player/install/vision_interface/share/vision_interface/msg/CalParam.idl
[6.697s] -- Symlinking: /workspace/hsl-player/install/vision_interface/share/vision_interface/msg/DetectionsTrack.idl
[6.704s] -- Symlinking: /workspace/hsl-player/install/vision_interface/share/vision_interface/msg/SegmentationPoint.idl
[6.710s] -- Symlinking: /workspace/hsl-player/install/vision_interface/share/vision_interface/msg/SegmentationLine.idl
[6.717s] -- Symlinking: /workspace/hsl-player/install/vision_interface/share/vision_interface/msg/SegmentationResult.idl
[6.722s] -- Symlinking: /workspace/hsl-player/install/vision_interface/share/vision_interface/msg/ImageHeadPosition.idl
[6.725s] -- Symlinking: /workspace/hsl-player/install/vision_interface/share/vision_interface/msg/Ball.idl
[6.731s] -- Symlinking: /workspace/hsl-player/install/vision_interface/share/vision_interface/msg/DetectedObject.msg
[6.736s] -- Symlinking: /workspace/hsl-player/install/vision_interface/share/vision_interface/msg/Detections.msg
[6.740s] -- Symlinking: /workspace/hsl-player/install/vision_interface/share/vision_interface/msg/LineSegments.msg
[6.744s] -- Symlinking: /workspace/hsl-player/install/vision_interface/share/vision_interface/msg/CalParam.msg
[6.749s] -- Symlinking: /workspace/hsl-player/install/vision_interface/share/vision_interface/msg/DetectionsTrack.msg
[6.753s] -- Symlinking: /workspace/hsl-player/install/vision_interface/share/vision_interface/msg/SegmentationPoint.msg
[6.757s] -- Symlinking: /workspace/hsl-player/install/vision_interface/share/vision_interface/msg/SegmentationLine.msg
[6.763s] -- Symlinking: /workspace/hsl-player/install/vision_interface/share/vision_interface/msg/SegmentationResult.msg
[6.767s] -- Symlinking: /workspace/hsl-player/install/vision_interface/share/vision_interface/msg/ImageHeadPosition.msg
[6.771s] -- Symlinking: /workspace/hsl-player/install/vision_interface/share/vision_interface/msg/Ball.msg
[6.775s] -- Symlinking: /workspace/hsl-player/install/vision_interface/share/ament_index/resource_index/package_run_dependencies/vision_interface
[6.781s] -- Symlinking: /workspace/hsl-player/install/vision_interface/share/ament_index/resource_index/parent_prefix_path/vision_interface
[6.785s] -- Symlinking: /workspace/hsl-player/install/vision_interface/share/vision_interface/environment/ament_prefix_path.sh
[6.789s] -- Symlinking: /workspace/hsl-player/install/vision_interface/share/vision_interface/environment/ament_prefix_path.dsv
[6.793s] -- Symlinking: /workspace/hsl-player/install/vision_interface/share/vision_interface/environment/path.sh
[6.797s] -- Symlinking: /workspace/hsl-player/install/vision_interface/share/vision_interface/environment/path.dsv
[6.801s] -- Symlinking: /workspace/hsl-player/install/vision_interface/share/vision_interface/local_setup.bash
[6.807s] -- Symlinking: /workspace/hsl-player/install/vision_interface/share/vision_interface/local_setup.sh
[6.813s] -- Symlinking: /workspace/hsl-player/install/vision_interface/share/vision_interface/local_setup.zsh
[6.816s] -- Symlinking: /workspace/hsl-player/install/vision_interface/share/vision_interface/local_setup.dsv
[6.820s] -- Symlinking: /workspace/hsl-player/install/vision_interface/share/vision_interface/package.dsv
[6.826s] -- Symlinking: /workspace/hsl-player/install/vision_interface/share/ament_index/resource_index/packages/vision_interface
[6.833s] -- Symlinking: /workspace/hsl-player/install/vision_interface/share/vision_interface/cmake/rosidl_cmake-extras.cmake
[6.838s] -- Symlinking: /workspace/hsl-player/install/vision_interface/share/vision_interface/cmake/ament_cmake_export_dependencies-extras.cmake
[6.843s] -- Symlinking: /workspace/hsl-player/install/vision_interface/share/vision_interface/cmake/ament_cmake_export_include_directories-extras.cmake
[6.849s] -- Symlinking: /workspace/hsl-player/install/vision_interface/share/vision_interface/cmake/ament_cmake_export_libraries-extras.cmake
[6.854s] -- Symlinking: /workspace/hsl-player/install/vision_interface/share/vision_interface/cmake/ament_cmake_export_targets-extras.cmake
[6.858s] -- Symlinking: /workspace/hsl-player/install/vision_interface/share/vision_interface/cmake/rosidl_cmake_export_typesupport_targets-extras.cmake
[6.865s] -- Symlinking: /workspace/hsl-player/install/vision_interface/share/vision_interface/cmake/rosidl_cmake_export_typesupport_libraries-extras.cmake
[6.869s] -- Symlinking: /workspace/hsl-player/install/vision_interface/share/vision_interface/cmake/vision_interfaceConfig.cmake
[6.874s] -- Symlinking: /workspace/hsl-player/install/vision_interface/share/vision_interface/cmake/vision_interfaceConfig-version.cmake
[6.879s] -- Symlinking: /workspace/hsl-player/install/vision_interface/share/vision_interface/package.xml
[6.884s] -- Installing: /workspace/hsl-player/install/vision_interface/lib/libvision_interface__rosidl_generator_c.so
[6.884s] -- Set runtime path of "/workspace/hsl-player/install/vision_interface/lib/libvision_interface__rosidl_generator_c.so" to ""
[6.885s] -- Installing: /workspace/hsl-player/install/vision_interface/lib/libvision_interface__rosidl_typesupport_fastrtps_c.so
[6.885s] -- Set runtime path of "/workspace/hsl-player/install/vision_interface/lib/libvision_interface__rosidl_typesupport_fastrtps_c.so" to ""
[6.885s] -- Installing: /workspace/hsl-player/install/vision_interface/lib/libvision_interface__rosidl_typesupport_fastrtps_cpp.so
[6.885s] -- Set runtime path of "/workspace/hsl-player/install/vision_interface/lib/libvision_interface__rosidl_typesupport_fastrtps_cpp.so" to ""
[6.885s] -- Installing: /workspace/hsl-player/install/vision_interface/lib/libvision_interface__rosidl_typesupport_introspection_c.so
[6.886s] -- Set runtime path of "/workspace/hsl-player/install/vision_interface/lib/libvision_interface__rosidl_typesupport_introspection_c.so" to ""
[6.886s] -- Installing: /workspace/hsl-player/install/vision_interface/lib/libvision_interface__rosidl_typesupport_c.so
[6.886s] -- Set runtime path of "/workspace/hsl-player/install/vision_interface/lib/libvision_interface__rosidl_typesupport_c.so" to ""
[6.886s] -- Installing: /workspace/hsl-player/install/vision_interface/lib/libvision_interface__rosidl_typesupport_introspection_cpp.so
[6.886s] -- Set runtime path of "/workspace/hsl-player/install/vision_interface/lib/libvision_interface__rosidl_typesupport_introspection_cpp.so" to ""
[6.887s] -- Installing: /workspace/hsl-player/install/vision_interface/lib/libvision_interface__rosidl_typesupport_cpp.so
[6.887s] -- Set runtime path of "/workspace/hsl-player/install/vision_interface/lib/libvision_interface__rosidl_typesupport_cpp.so" to ""
[6.914s] Listing '/workspace/hsl-player/install/vision_interface/local/lib/python3.10/dist-packages/vision_interface'...
[6.914s] Compiling '/workspace/hsl-player/install/vision_interface/local/lib/python3.10/dist-packages/vision_interface/__init__.py'...
[6.914s] Listing '/workspace/hsl-player/install/vision_interface/local/lib/python3.10/dist-packages/vision_interface/msg'...
[6.914s] Compiling '/workspace/hsl-player/install/vision_interface/local/lib/python3.10/dist-packages/vision_interface/msg/__init__.py'...
[6.914s] Compiling '/workspace/hsl-player/install/vision_interface/local/lib/python3.10/dist-packages/vision_interface/msg/_ball.py'...
[6.914s] Compiling '/workspace/hsl-player/install/vision_interface/local/lib/python3.10/dist-packages/vision_interface/msg/_cal_param.py'...
[6.914s] Compiling '/workspace/hsl-player/install/vision_interface/local/lib/python3.10/dist-packages/vision_interface/msg/_detected_object.py'...
[6.915s] Compiling '/workspace/hsl-player/install/vision_interface/local/lib/python3.10/dist-packages/vision_interface/msg/_detections.py'...
[6.915s] Compiling '/workspace/hsl-player/install/vision_interface/local/lib/python3.10/dist-packages/vision_interface/msg/_detections_track.py'...
[6.915s] Compiling '/workspace/hsl-player/install/vision_interface/local/lib/python3.10/dist-packages/vision_interface/msg/_image_head_position.py'...
[6.915s] Compiling '/workspace/hsl-player/install/vision_interface/local/lib/python3.10/dist-packages/vision_interface/msg/_line_segments.py'...
[6.915s] Compiling '/workspace/hsl-player/install/vision_interface/local/lib/python3.10/dist-packages/vision_interface/msg/_segmentation_line.py'...
[6.915s] Compiling '/workspace/hsl-player/install/vision_interface/local/lib/python3.10/dist-packages/vision_interface/msg/_segmentation_point.py'...
[6.915s] Compiling '/workspace/hsl-player/install/vision_interface/local/lib/python3.10/dist-packages/vision_interface/msg/_segmentation_result.py'...
[6.917s] -- Installing: /workspace/hsl-player/install/vision_interface/lib/libvision_interface__rosidl_generator_py.so
[6.917s] -- Set runtime path of "/workspace/hsl-player/install/vision_interface/lib/libvision_interface__rosidl_generator_py.so" to ""
[6.917s] -- Installing: /workspace/hsl-player/install/vision_interface/share/vision_interface/cmake/export_vision_interface__rosidl_generator_cExport.cmake
[6.917s] -- Installing: /workspace/hsl-player/install/vision_interface/share/vision_interface/cmake/export_vision_interface__rosidl_generator_cExport-noconfig.cmake
[6.917s] -- Installing: /workspace/hsl-player/install/vision_interface/share/vision_interface/cmake/export_vision_interface__rosidl_typesupport_fastrtps_cExport.cmake
[6.917s] -- Installing: /workspace/hsl-player/install/vision_interface/share/vision_interface/cmake/export_vision_interface__rosidl_typesupport_fastrtps_cExport-noconfig.cmake
[6.917s] -- Installing: /workspace/hsl-player/install/vision_interface/share/vision_interface/cmake/export_vision_interface__rosidl_generator_cppExport.cmake
[6.917s] -- Installing: /workspace/hsl-player/install/vision_interface/share/vision_interface/cmake/export_vision_interface__rosidl_typesupport_fastrtps_cppExport.cmake
[6.917s] -- Installing: /workspace/hsl-player/install/vision_interface/share/vision_interface/cmake/export_vision_interface__rosidl_typesupport_fastrtps_cppExport-noconfig.cmake
[6.917s] -- Installing: /workspace/hsl-player/install/vision_interface/share/vision_interface/cmake/vision_interface__rosidl_typesupport_introspection_cExport.cmake
[6.918s] -- Installing: /workspace/hsl-player/install/vision_interface/share/vision_interface/cmake/vision_interface__rosidl_typesupport_introspection_cExport-noconfig.cmake
[6.918s] -- Installing: /workspace/hsl-player/install/vision_interface/share/vision_interface/cmake/vision_interface__rosidl_typesupport_cExport.cmake
[6.918s] -- Installing: /workspace/hsl-player/install/vision_interface/share/vision_interface/cmake/vision_interface__rosidl_typesupport_cExport-noconfig.cmake
[6.918s] -- Installing: /workspace/hsl-player/install/vision_interface/share/vision_interface/cmake/vision_interface__rosidl_typesupport_introspection_cppExport.cmake
[6.918s] -- Installing: /workspace/hsl-player/install/vision_interface/share/vision_interface/cmake/vision_interface__rosidl_typesupport_introspection_cppExport-noconfig.cmake
[6.918s] -- Installing: /workspace/hsl-player/install/vision_interface/share/vision_interface/cmake/vision_interface__rosidl_typesupport_cppExport.cmake
[6.918s] -- Installing: /workspace/hsl-player/install/vision_interface/share/vision_interface/cmake/vision_interface__rosidl_typesupport_cppExport-noconfig.cmake
[6.918s] -- Installing: /workspace/hsl-player/install/vision_interface/share/vision_interface/cmake/export_vision_interface__rosidl_generator_pyExport.cmake
[6.918s] -- Installing: /workspace/hsl-player/install/vision_interface/share/vision_interface/cmake/export_vision_interface__rosidl_generator_pyExport-noconfig.cmake
[6.919s] Invoked command in '/workspace/hsl-player/build/vision_interface' returned '0': CMAKE_PREFIX_PATH=/opt/ros/humble PS1=\[\e]0;\u@\h: \w\a\]${debian_chroot:+($debian_chroot)}\u@\h:\w\$ /usr/bin/cmake --install /workspace/hsl-player/build/vision_interface
